chr14:20818602:C/G
chr22:29130347:G/GT
chr3:30733044:T/A
chr17:7578190:T/C
chr16:3634746:C/A
chr20:9560633:C/T
chrX:70349947:A/C
chr12:25398284:C/A
chr1:16474839:AC/A
chr11:102207622:A/G
chr10:131506283:C/T
chr10:131506192:C/T
chr20:9560712:A/G
chr13:25052420:T/A
chr17:7578210:T/C
chr17:56448297:C/T
chr17:41245466:G/A
chr1:11288758:G/A
chr10:88683122:T/C
chr3:9793347:C/T
chr8:30933859:C/T
chr17:56438217:C/T
chr5:38953665:G/GA
chr20:9520142:G/A
chr2:209113192:G/A
chr3:189604149:T/G
chr1:158612236:A/G
chr20:57484326:C/G
chr20:57484241:C/T
chr15:41275014:T/G
chr2:148657117:G/A
37     0
480    0
238    0
684    0
46     0
      ..
271    4
408    4
420    4
419    4
106    5
Name: cluster_id, Length: 691, dtype: int64
check
Index(['MTOR p.Asn999=', 'EPHA2 intron_variant', 'SPTA1 p.Cys1568Arg',
       'ACVR2A p.Pro118=', 'IDH1 p.Gly105=', 'OGG1 intron_variant',
       'TGFBR2 p.Ser553Thr', 'TP63 intron_variant', 'RICTOR intron_variant',
       'WRN intron_variant', 'BMPR1A intron_variant', 'MGMT p.Leu53=',
       'MGMT p.Leu84Phe', 'BIRC3 intron_variant', 'KRAS p.Gly12Val',
       'PARP4 intron_variant', 'PARP2 intron_variant', 'INO80 intron_variant',
       'SLX4 intron_variant', 'TP53 p.Tyr220Cys', 'TP53 p.Arg213=',
       'BRCA1 p.Ser694=', 'RNF43 p.Trp259Ter', 'RNF43 p.Arg117His',
       'PAK5 p.Ile709=', 'PAK5 intron_variant', 'PAK5 intron_variant',
       'GNAS p.Ile828=', 'GNAS intron_variant', 'CHEK2 intron_variant',
       'MED12 p.Pro1310='],
      dtype='object')
==============
{'chr4:187538942:T/G': 'FAT1 p.Gln2933Pro', 'chr1:46521559:A/T': 'PIK3R3 p.Asn283Lys', 'chr1:46521517:G/A': 'PIK3R3 p.Ser297=', 'chr13:28883061:G/A': 'FLT1 p.Tyr1213=', 'chr20:31387954:C/G': 'DNMT3B intron_variant', 'chr15:59322829:A/G': 'RNF111 intron_variant', 'chr12:25368462:C/T': 'KRAS p.Arg161=', 'chr17:7579801:G/C': 'TP53 intron_variant', 'chr17:7578115:T/C': 'TP53 intron_variant', 'chr13:32913055:A/G': 'BRCA2 p.Leu1521=', 'chr3:52637486:C/G': 'PBRM1 intron_variant', 'chr13:25052261:C/T': 'PARP4 p.Ser534=', 'chr11:65481166:T/C': 'KAT5 intron_variant', 'chr17:41245466:G/A': 'BRCA1 p.Ser694=', 'chr17:7579472:G/C': 'TP53 p.Pro72Arg', 'chr1:11288758:G/A': 'MTOR p.Asn999=', 'chr10:88683122:T/C': 'BMPR1A intron_variant', 'chr11:65631167:C/T': 'MUS81 p.Ala312=', 'chr5:38953665:G/GA': 'RICTOR intron_variant', 'chr16:3634746:C/A': 'SLX4 intron_variant', 'chr2:148657117:G/A': 'ACVR2A p.Pro118=', 'chr20:9520142:G/A': 'PAK5 p.Ile709=', 'chr2:209113192:G/A': 'IDH1 p.Gly105=', 'chr22:29130347:G/GT': 'CHEK2 intron_variant', 'chr10:131506192:C/T': 'MGMT p.Leu53=', 'chr10:131506283:C/T': 'MGMT p.Leu84Phe', 'chr1:91859795:T/C': 'HFM1 p.Ile117Val', 'chr20:57484241:C/T': 'GNAS p.Ile828=', 'chr17:56448297:C/T': 'RNF43 p.Arg117His', 'chr20:57484326:C/G': 'GNAS intron_variant', 'chr20:9560633:C/T': 'PAK5 intron_variant', 'chr20:9560712:A/G': 'PAK5 intron_variant', 'chr3:189604149:T/G': 'TP63 intron_variant', 'chr9:21968199:C/G': 'CDKN2A 3_prime_UTR_variant', 'chr13:25052420:T/A': 'PARP4 intron_variant', 'chr14:20818602:C/G': 'PARP2 intron_variant', 'chr12:133252796:C/G': 'POLE intron_variant', 'chr1:16474839:AC/A': 'EPHA2 intron_variant', 'chr1:158612236:A/G': 'SPTA1 p.Cys1568Arg', 'chrX:70349947:A/C': 'MED12 p.Pro1310=', 'chr15:41275014:T/G': 'INO80 intron_variant', 'chr8:30933859:C/T': 'WRN intron_variant', 'chr17:7578210:T/C': 'TP53 p.Arg213=', 'chr3:9793347:C/T': 'OGG1 intron_variant', 'chr3:30733044:T/A': 'TGFBR2 p.Ser553Thr', 'chr17:56438217:C/T': 'RNF43 p.Trp259Ter', 'chr17:7578190:T/C': 'TP53 p.Tyr220Cys', 'chr12:25398284:C/A': 'KRAS p.Gly12Val', 'chr10:88635779:C/A': 'BMPR1A p.Pro2Thr', 'chr4:55980456:C/T': 'KDR intron_variant', 'chr12:49424235:G/A': 'KMT2D intron_variant', 'chr11:92577070:T/C': 'FAT3 intron_variant', 'chr12:49424235:G/T': 'KMT2D intron_variant', 'chr17:7801874:G/A': 'CHD3 p.Glu704=', 'chr12:49424234:G/A': 'KMT2D intron_variant', 'chr11:102207622:A/G': 'BIRC3 intron_variant'}
==============
MTOR p.Asn999=
EPHA2 intron_variant
SPTA1 p.Cys1568Arg
ACVR2A p.Pro118=
IDH1 p.Gly105=
OGG1 intron_variant
TGFBR2 p.Ser553Thr
TP63 intron_variant
RICTOR intron_variant
WRN intron_variant
BMPR1A intron_variant
MGMT p.Leu53=
MGMT p.Leu84Phe
BIRC3 intron_variant
KRAS p.Gly12Val
PARP4 intron_variant
PARP2 intron_variant
INO80 intron_variant
SLX4 intron_variant
TP53 p.Tyr220Cys
TP53 p.Arg213=
BRCA1 p.Ser694=
RNF43 p.Trp259Ter
RNF43 p.Arg117His
PAK5 p.Ile709=
PAK5 intron_variant
PAK5 intron_variant
GNAS p.Ile828=
GNAS intron_variant
CHEK2 intron_variant
MED12 p.Pro1310=
