[WARNING] subclonal mutations file not found. Proceeding without automatic subclonal mutation selection & refinement.
n = 4762, m = 39, p = 6
Set parameter WLSAccessID
Set parameter WLSSecret
Set parameter LicenseID to value 2416028
Academic license 2416028 - for non-commercial use only - registered to zh___@mskcc.org
Set parameter Threads to value 1
Set parameter Method to value 4
Set parameter IntFeasTol to value 1e-06
Gurobi Optimizer version 10.0.3 build v10.0.3rc0 (linux64)

CPU model: Intel(R) Xeon(R) Platinum 8352Y CPU @ 2.20GHz, instruction set [SSE2|AVX|AVX2|AVX512]
Thread count: 64 physical cores, 128 logical processors, using up to 1 threads

Academic license 2416028 - for non-commercial use only - registered to zh___@mskcc.org
Optimize a model with 127638 rows, 25740 columns and 383595 nonzeros
Model fingerprint: 0x47bbb72e
Variable types: 24804 continuous, 936 integer (936 binary)
Coefficient statistics:
  Matrix range     [1e+00, 1e+00]
  Objective range  [5e-01, 5e+04]
  Bounds range     [1e+00, 1e+00]
  RHS range        [1e+00, 2e+00]
Presolve removed 58988 rows and 14400 columns
Presolve time: 0.55s
Presolved: 68650 rows, 11340 columns, 205788 nonzeros
Variable types: 10800 continuous, 540 integer (540 binary)
Found heuristic solution: objective -675401.7317
Root relaxation presolved: 11340 rows, 79990 columns, 217128 nonzeros


Root relaxation: objective -5.707852e+05, 10665 iterations, 0.34 seconds (0.32 work units)

    Nodes    |    Current Node    |     Objective Bounds      |     Work
 Expl Unexpl |  Obj  Depth IntInf | Incumbent    BestBd   Gap | It/Node Time

*    0     0               0    -570785.2275 -570785.23  0.00%     -    1s

Explored 1 nodes (10665 simplex iterations) in 1.05 seconds (1.30 work units)
Thread count was 1 (of 128 available processors)

Solution count 2: -570785 -675402 
No other solutions better than -570785

Optimal solution found (tolerance 1.00e-04)
Best objective -5.707852274902e+05, best bound -5.707852274902e+05, gap 0.0000%
root
chr15:41275014:T/G_2
chr17:7577407:A/C_3
chr17:41245466:G/A_3
chr18:48575671:C/A_3
chr15:89858602:T/C_3
chr3:47079112:G/A_2
chr9:101908915:G/A_3
chr12:25398284:C/A_3
chr12:25398284:C/A_1
chr17:7577559:G/C_3
chr17:7577427:G/A_3
chr17:56435046:G/A_3
chr20:9520142:G/A_3
chr18:48575671:C/A_1
chr17:7577559:G/C_1
chr4:187538942:T/G_3
chr1:6257826:T/C_3
chr17:7579472:G/C_2
chr11:71940225:C/T_1
chr9:8465598:A/G_2
chr3:30713842:C/T_3
chr3:47079112:G/A_3
chr11:65631167:C/T_2
chr11:65631203:G/A_3
0
[]
1
[]
2
[]
3
[]
4
[]
5
[]
cluster_id
4    1948
2    1127
1     896
3     692
0      92
5       7
Name: count, dtype: int64
subclusters [1, 2, 3]
chr12:25398284:C/A_1 9
chr17:7577559:G/C_1 10
chr18:48575671:C/A_1 112
chr11:71940225:C/T_1 2584
Node 0: 92
Node 1: 896
Node 2: 1127
Node 3: 692
Node 4: 1948
Node 5: 7
Node chr12:25398284:C/A_1: 9
Node chr17:7577559:G/C_1: 10
Node chr18:48575671:C/A_1: 112
Node chr11:71940225:C/T_1: 2584
total cells 4762
[('root', 0)]
