Sender: LSF System <lsfadmin@lt11>
Subject: Job 8217049: <generate_ete_trees.patient=RA19_02> in cluster <lila> Done

Job <generate_ete_trees.patient=RA19_02> was submitted from host <lt03> by user <zhangh5> in cluster <lila> at Fri Jul 19 13:17:06 2024
Job was executed on host(s) <4*lt11>, in queue <cpuqueue>, as user <zhangh5> in cluster <lila> at Fri Jul 19 13:17:08 2024
</home/zhangh5> was used as the home directory.
</lila/data/iacobuzc/haochen/condor_pipeline_trial> was used as the working directory.
Started at Fri Jul 19 13:17:08 2024
Terminated at Fri Jul 19 13:17:42 2024
Results reported at Fri Jul 19 13:17:42 2024

Your job looked like:

------------------------------------------------------------
# LSBATCH: User input
/lila/data/iacobuzc/haochen/condor_pipeline_trial/.snakemake/tmp.e3awy4tj/snakejob.generate_ete_trees.84.sh
------------------------------------------------------------

Successfully completed.

Resource usage summary:

    CPU time :                                   18.27 sec.
    Max Memory :                                 -
    Average Memory :                             -
    Total Requested Memory :                     32.00 GB
    Delta Memory :                               -
    Max Swap :                                   -
    Max Processes :                              6
    Max Threads :                                11
    Run time :                                   35 sec.
    Turnaround time :                            36 sec.

The output (if any) follows:



PS:

Read file <logs/cluster/generate_ete_trees/patient=RA19_02/jobid84_582fe8b0-726b-42c8-ab5c-3039afff51e8.err> for stderr output of this job.

