Sender: LSF System <lsfadmin@lt04>
Subject: Job 8217038: <fast_condor.patient=BPA-4> in cluster <lila> Exited

Job <fast_condor.patient=BPA-4> was submitted from host <lt03> by user <zhangh5> in cluster <lila> at Fri Jul 19 13:16:19 2024
Job was executed on host(s) <4*lt04>, in queue <cpuqueue>, as user <zhangh5> in cluster <lila> at Fri Jul 19 13:16:21 2024
</home/zhangh5> was used as the home directory.
</lila/data/iacobuzc/haochen/condor_pipeline_trial> was used as the working directory.
Started at Fri Jul 19 13:16:21 2024
Terminated at Fri Jul 19 13:20:05 2024
Results reported at Fri Jul 19 13:20:05 2024

Your job looked like:

------------------------------------------------------------
# LSBATCH: User input
/lila/data/iacobuzc/haochen/condor_pipeline_trial/.snakemake/tmp.e3awy4tj/snakejob.fast_condor.47.sh
------------------------------------------------------------

TERM_MEMLIMIT: job killed after reaching LSF memory usage limit.
Exited with exit code 1.

Resource usage summary:

    CPU time :                                   214.79 sec.
    Max Memory :                                 4 GB
    Average Memory :                             0.86 GB
    Total Requested Memory :                     4.00 GB
    Delta Memory :                               0.00 GB
    Max Swap :                                   -
    Max Processes :                              7
    Max Threads :                                12
    Run time :                                   223 sec.
    Turnaround time :                            226 sec.

The output (if any) follows:



PS:

Read file <logs/cluster/fast_condor/patient=BPA-4/jobid47_428ce69c-955b-4509-a0fe-3dfcf6a44735.err> for stderr output of this job.

