Sender: LSF System <lsfadmin@ls09>
Subject: Job 8217008: <generate_pre_condor_sc_heatmaps.patient=RA19_21> in cluster <lila> Done

Job <generate_pre_condor_sc_heatmaps.patient=RA19_21> was submitted from host <lt03> by user <zhangh5> in cluster <lila> at Fri Jul 19 13:14:41 2024
Job was executed on host(s) <4*ls09>, in queue <cpuqueue>, as user <zhangh5> in cluster <lila> at Fri Jul 19 13:14:44 2024
</home/zhangh5> was used as the home directory.
</lila/data/iacobuzc/haochen/condor_pipeline_trial> was used as the working directory.
Started at Fri Jul 19 13:14:44 2024
Terminated at Fri Jul 19 13:16:00 2024
Results reported at Fri Jul 19 13:16:00 2024

Your job looked like:

------------------------------------------------------------
# LSBATCH: User input
/lila/data/iacobuzc/haochen/condor_pipeline_trial/.snakemake/tmp.e3awy4tj/snakejob.generate_pre_condor_sc_heatmaps.110.sh
------------------------------------------------------------

Successfully completed.

Resource usage summary:

    CPU time :                                   34.00 sec.
    Max Memory :                                 1 GB
    Average Memory :                             0.08 GB
    Total Requested Memory :                     32.00 GB
    Delta Memory :                               31.00 GB
    Max Swap :                                   -
    Max Processes :                              14
    Max Threads :                                72
    Run time :                                   77 sec.
    Turnaround time :                            79 sec.

The output (if any) follows:



PS:

Read file <logs/cluster/generate_pre_condor_sc_heatmaps/patient=RA19_21/jobid110_b8e6729e-5887-49f0-92b7-3e6f685ce7ae.err> for stderr output of this job.

