Sender: LSF System <lsfadmin@lt11>
Subject: Job 8216978: <condor_inputs.patient=BPA-4> in cluster <lila> Done

Job <condor_inputs.patient=BPA-4> was submitted from host <lt03> by user <zhangh5> in cluster <lila> at Fri Jul 19 13:14:28 2024
Job was executed on host(s) <4*lt11>, in queue <cpuqueue>, as user <zhangh5> in cluster <lila> at Fri Jul 19 13:14:32 2024
</home/zhangh5> was used as the home directory.
</lila/data/iacobuzc/haochen/condor_pipeline_trial> was used as the working directory.
Started at Fri Jul 19 13:14:32 2024
Terminated at Fri Jul 19 13:15:56 2024
Results reported at Fri Jul 19 13:15:56 2024

Your job looked like:

------------------------------------------------------------
# LSBATCH: User input
/lila/data/iacobuzc/haochen/condor_pipeline_trial/.snakemake/tmp.e3awy4tj/snakejob.condor_inputs.23.sh
------------------------------------------------------------

Successfully completed.

Resource usage summary:

    CPU time :                                   32.12 sec.
    Max Memory :                                 4 GB
    Average Memory :                             0.25 GB
    Total Requested Memory :                     32.00 GB
    Delta Memory :                               28.00 GB
    Max Swap :                                   -
    Max Processes :                              6
    Max Threads :                                16
    Run time :                                   84 sec.
    Turnaround time :                            88 sec.

The output (if any) follows:



PS:

Read file <logs/cluster/condor_inputs/patient=BPA-4/jobid23_8e9c5139-c47f-44d2-b125-35e112709508.err> for stderr output of this job.

