chr12:25398284:C/T
chr3:189604149:T/G
chr11:65631167:C/T
chr12:4662210:T/C
chr12:49434074:C/A
chr17:56492800:T/C
chr17:41245466:G/A
chr17:7577556:C/T
chr22:29130300:C/T
chr18:19751148:G/C
chr3:52637486:C/G
chr15:38545294:C/T
chr8:128750540:A/G
chr1:46521517:G/A
chr13:25052420:T/A
chr13:25052261:C/T
chr1:6257826:T/C
chr4:2210065:C/A
chr20:54959296:G/C
chr3:10085406:G/T
chr14:20818602:C/G
chr9:21968199:C/G
chr17:73627539:T/C
chr20:62303794:G/A
chr15:59322829:A/G
chr1:46521559:A/T
chr9:21968159:G/A
chr5:38953665:G/GA
chr19:1220321:T/C
chr1:158612236:A/G
chr1:6252946:G/A
chr17:7578183:C/T
chr7:2962753:G/A
chr3:38522770:T/C
70      0
3916    0
3918    0
1075    0
1076    0
       ..
1043    4
3       4
2       4
1       4
35      4
Name: cluster_id, Length: 3993, dtype: int64
check
Index(['RPL22 intron_variant', 'RPL22 intron_variant', 'PIK3R3 p.Ser297=',
       'PIK3R3 p.Asn283Lys', 'SPTA1 p.Cys1568Arg', 'FANCD2 intron_variant',
       'ACVR2B intron_variant', 'PBRM1 intron_variant', 'TP63 intron_variant',
       'POLN p.Gln121His', 'RICTOR intron_variant', 'CARD11 intron_variant',
       'MYC p.Asn26Ser', 'CDKN2A 3_prime_UTR_variant',
       'CDKN2A 3_prime_UTR_variant', 'MUS81 p.Ala312=', 'RAD51AP1 p.Ser223=',
       'KRAS p.Gly12Asp', 'KMT2D p.Gly2493=', 'PARP4 p.Ser534=',
       'PARP4 intron_variant', 'PARP2 intron_variant',
       'SPRED1 5_prime_UTR_variant', 'RNF111 intron_variant',
       'TP53 p.Cys242Tyr', 'TP53 p.Pro222=', 'BRCA1 p.Ser694=',
       'RNF43 p.Ile47Val', 'RECQL5 p.Asp480Gly', 'GATA6 p.Gly15Arg',
       'STK11 intron_variant', 'AURKA intron_variant', 'RTEL1 intron_variant',
       'CHEK2 intron_variant'],
      dtype='object')
==============
{'chr20:31387954:C/G': 'DNMT3B intron_variant', 'chr11:107879887:G/C': 'CUL5 5_prime_UTR_variant', 'chr11:65481166:T/C': 'KAT5 intron_variant', 'chr4:187538942:T/G': 'FAT1 p.Gln2933Pro', 'chr17:7578115:T/C': 'TP53 intron_variant', 'chr2:148657117:G/A': 'ACVR2A p.Pro118=', 'chr15:89858602:T/C': 'FANCI p.Gly1302=', 'chr1:11288758:G/A': 'MTOR p.Asn999=', 'chr1:158612236:A/G': 'SPTA1 p.Cys1568Arg', 'chr17:7578183:C/T': 'TP53 p.Pro222=', 'chr12:25368462:C/T': 'KRAS p.Arg161=', 'chr8:128750540:A/G': 'MYC p.Asn26Ser', 'chr14:36989419:C/A': 'NKX2-1 5_prime_UTR_variant', 'chr13:28883061:G/A': 'FLT1 p.Tyr1213=', 'chr12:4662210:T/C': 'RAD51AP1 p.Ser223=', 'chr12:49434074:C/A': 'KMT2D p.Gly2493=', 'chr6:80751780:G/A': 'TTK intron_variant', 'chr3:38522770:T/C': 'ACVR2B intron_variant', 'chr7:2962753:G/A': 'CARD11 intron_variant', 'chr20:62303794:G/A': 'RTEL1 intron_variant', 'chr4:2210065:C/A': 'POLN p.Gln121His', 'chr17:73627565:A/G': 'RECQL5 p.Tyr471=', 'chr1:46521559:A/T': 'PIK3R3 p.Asn283Lys', 'chr1:46521517:G/A': 'PIK3R3 p.Ser297=', 'chr19:5219829:T/G': 'PTPRS intron_variant', 'chr19:5219803:T/C': 'PTPRS intron_variant', 'chr13:25052261:C/T': 'PARP4 p.Ser534=', 'chr13:25052420:T/A': 'PARP4 intron_variant', 'chr1:11205058:C/T': 'MTOR p.Ala1577=', 'chr9:21968159:G/A': 'CDKN2A 3_prime_UTR_variant', 'chr9:21968199:C/G': 'CDKN2A 3_prime_UTR_variant', 'chr1:6257826:T/C': 'RPL22 intron_variant', 'chr3:189604149:T/G': 'TP63 intron_variant', 'chr15:59322829:A/G': 'RNF111 intron_variant', 'chr14:20818602:C/G': 'PARP2 intron_variant', 'chr1:6252946:G/A': 'RPL22 intron_variant', 'chr22:29130300:C/T': 'CHEK2 intron_variant', 'chr1:91859795:T/C': 'HFM1 p.Ile117Val', 'chr20:54959296:G/C': 'AURKA intron_variant', 'chr17:56492800:T/C': 'RNF43 p.Ile47Val', 'chr18:19751148:G/C': 'GATA6 p.Gly15Arg', 'chr17:7579472:G/C': 'TP53 p.Pro72Arg', 'chr3:52637486:C/G': 'PBRM1 intron_variant', 'chr5:38953665:G/GA': 'RICTOR intron_variant', 'chr14:105242966:T/C': 'AKT1 intron_variant', 'chr11:65631167:C/T': 'MUS81 p.Ala312=', 'chr17:7577556:C/T': 'TP53 p.Cys242Tyr', 'chr15:38545294:C/T': 'SPRED1 5_prime_UTR_variant', 'chr19:1220321:T/C': 'STK11 intron_variant', 'chr17:41245466:G/A': 'BRCA1 p.Ser694=', 'chr18:48584855:A/ATT': 'SMAD4 intron_variant', 'chr18:48584855:A/AT': 'SMAD4 intron_variant', 'chr7:151935730:T/C': 'KMT2C intron_variant', 'chr17:73627539:T/C': 'RECQL5 p.Asp480Gly', 'chr13:32913055:A/G': 'BRCA2 p.Leu1521=', 'chr12:25398284:C/T': 'KRAS p.Gly12Asp', 'chr18:48584804:G/T': 'SMAD4 p.Met294Ile', 'chr2:203384776:CT/C': 'BMPR2 intron_variant', 'chr18:48584855:A/ATTT': 'SMAD4 intron_variant', 'chr14:92537354:CCTG/C': 'ATXN3 p.Gln305del', 'chr11:92577070:T/C': 'FAT3 intron_variant', 'chr4:96073753:AAAT/A': 'BMPR1B intron_variant', 'chr3:10085406:G/T': 'FANCD2 intron_variant'}
==============
RPL22 intron_variant
RPL22 intron_variant
PIK3R3 p.Ser297=
PIK3R3 p.Asn283Lys
SPTA1 p.Cys1568Arg
FANCD2 intron_variant
ACVR2B intron_variant
PBRM1 intron_variant
TP63 intron_variant
POLN p.Gln121His
RICTOR intron_variant
CARD11 intron_variant
MYC p.Asn26Ser
CDKN2A 3_prime_UTR_variant
CDKN2A 3_prime_UTR_variant
MUS81 p.Ala312=
RAD51AP1 p.Ser223=
KRAS p.Gly12Asp
KMT2D p.Gly2493=
PARP4 p.Ser534=
PARP4 intron_variant
PARP2 intron_variant
SPRED1 5_prime_UTR_variant
RNF111 intron_variant
TP53 p.Cys242Tyr
TP53 p.Pro222=
BRCA1 p.Ser694=
RNF43 p.Ile47Val
RECQL5 p.Asp480Gly
GATA6 p.Gly15Arg
STK11 intron_variant
AURKA intron_variant
RTEL1 intron_variant
CHEK2 intron_variant
