chr1:46521559:A/T
chr1:158612236:A/G
chr3:30713126:T/A
chr13:25052420:T/A
chr16:3634746:C/A
chr11:94170484:TTC/T
chr3:30686414:A/G
chr12:25398284:C/T
chr15:89858602:T/C
chr20:46279860:GCAGCAA/G
chr12:49440207:C/A
chr20:46279857:GCAGCAGCAA/G
chr19:40741694:C/T
chr20:62303794:G/A
chr17:41246481:T/C
chr17:7579472:G/C
chr1:226578099:T/C
chr14:20818602:C/G
chr10:131506192:C/T
chr19:5219803:T/C
chr17:7578115:T/C
chr15:67457698:A/G
chr17:7576651:T/C
chr9:101908915:G/A
chr5:112175240:G/C
chr1:27099479:G/A
chr22:29130300:C/T
chr16:347257:G/T
chr1:46521517:G/A
chr20:9520142:G/A
chr20:31387954:C/G
chr17:7578231:CA/C
chr15:59322829:A/G
chr17:37879588:A/G
chr19:11096851:A/G
chr19:5219829:T/G
chr19:1220321:T/C
chr13:28883061:G/A
chr12:49434074:C/A
chr10:131506283:C/T
887     0
1647    0
1645    0
1643    0
1639    0
       ..
3502    7
3511    7
3497    7
3494    7
3507    7
Name: cluster_id, Length: 3529, dtype: int64
check
Index(['ARID1A splice_site_variant', 'PIK3R3 p.Ser297=', 'PIK3R3 p.Asn283Lys',
       'SPTA1 p.Cys1568Arg', 'PARP1 intron_variant', 'TGFBR2 intron_variant',
       'TGFBR2 intron_variant', 'APC p.Glu1317Gln', 'TGFBR1 intron_variant',
       'MGMT p.Leu53=', 'MGMT p.Leu84Phe', 'MRE11 intron_variant',
       'KRAS p.Gly12Asp', 'KMT2D p.Gly2493=', 'KMT2D p.Trp1473Cys',
       'PARP4 intron_variant', 'FLT1 p.Tyr1213=', 'PARP2 intron_variant',
       'RNF111 intron_variant', 'SMAD3 p.Ile170Val', 'FANCI p.Gly1302=',
       'AXIN1 intron_variant', 'SLX4 intron_variant', 'TP53 intron_variant',
       'TP53 intron_variant', 'TP53 p.Leu206TrpfsTer41', 'TP53 p.Pro72Arg',
       'ERBB2 p.Ile655Val', 'BRCA1 p.Gln356Arg', 'STK11 intron_variant',
       'PTPRS intron_variant', 'PTPRS intron_variant',
       'SMARCA4 intron_variant', 'AKT2 intron_variant', 'PAK5 p.Ile709=',
       'DNMT3B intron_variant', 'NCOA3 p.Gln1274_Gln1276del',
       'NCOA3 p.Gln1275_Gln1276del', 'RTEL1 intron_variant',
       'CHEK2 intron_variant'],
      dtype='object')
==============
{'chr6:26271241:G/A': 'H3C8 p.Asp124=', 'chr11:65481166:T/C': 'KAT5 intron_variant', 'chr4:187538942:T/G': 'FAT1 p.Gln2933Pro', 'chr11:107879887:G/C': 'CUL5 5_prime_UTR_variant', 'chr1:11288758:G/A': 'MTOR p.Asn999=', 'chr9:21968199:C/G': 'CDKN2A 3_prime_UTR_variant', 'chr9:8465598:A/G': 'PTPRD p.Ala1194=', 'chr1:16474839:AC/A': 'EPHA2 intron_variant', 'chr9:8470930:AG/A': 'PTPRD intron_variant', 'chr13:25052261:C/T': 'PARP4 p.Ser534=', 'chr1:158612236:A/G': 'SPTA1 p.Cys1568Arg', 'chr12:25368462:C/T': 'KRAS p.Arg161=', 'chr13:28883061:G/A': 'FLT1 p.Tyr1213=', 'chr17:7578115:T/C': 'TP53 intron_variant', 'chr17:73627565:A/G': 'RECQL5 p.Tyr471=', 'chr3:52637486:C/G': 'PBRM1 intron_variant', 'chr16:347184:A/G': 'AXIN1 p.Ala609=', 'chr19:40741694:C/T': 'AKT2 intron_variant', 'chr16:3634746:C/A': 'SLX4 intron_variant', 'chr3:30713126:T/A': 'TGFBR2 intron_variant', 'chr11:65631167:C/T': 'MUS81 p.Ala312=', 'chr13:25052420:T/A': 'PARP4 intron_variant', 'chr20:31387954:C/G': 'DNMT3B intron_variant', 'chr12:49434074:C/A': 'KMT2D p.Gly2493=', 'chr19:11096851:A/G': 'SMARCA4 intron_variant', 'chr15:89858602:T/C': 'FANCI p.Gly1302=', 'chr20:9520142:G/A': 'PAK5 p.Ile709=', 'chr1:11205058:C/T': 'MTOR p.Ala1577=', 'chr10:131506192:C/T': 'MGMT p.Leu53=', 'chr10:131506283:C/T': 'MGMT p.Leu84Phe', 'chr9:101908915:G/A': 'TGFBR1 intron_variant', 'chr1:91859795:T/C': 'HFM1 p.Ile117Val', 'chr17:41246481:T/C': 'BRCA1 p.Gln356Arg', 'chr14:20818602:C/G': 'PARP2 intron_variant', 'chr17:37879588:A/G': 'ERBB2 p.Ile655Val', 'chr20:62303794:G/A': 'RTEL1 intron_variant', 'chr11:94170484:TTC/T': 'MRE11 intron_variant', 'chr22:29130300:C/T': 'CHEK2 intron_variant', 'chr15:59322829:A/G': 'RNF111 intron_variant', 'chr5:112175240:G/C': 'APC p.Glu1317Gln', 'chr20:46279860:GCAGCAA/G': 'NCOA3 p.Gln1275_Gln1276del', 'chr1:226578099:T/C': 'PARP1 intron_variant', 'chr3:30686414:A/G': 'TGFBR2 intron_variant', 'chr11:64572557:A/G': 'MEN1 p.His433=', 'chr17:7579472:G/C': 'TP53 p.Pro72Arg', 'chr13:32913055:A/G': 'BRCA2 p.Leu1521=', 'chr19:5219803:T/C': 'PTPRS intron_variant', 'chr19:5219829:T/G': 'PTPRS intron_variant', 'chr17:7578231:CA/C': 'TP53 p.Leu206TrpfsTer41', 'chr1:46521517:G/A': 'PIK3R3 p.Ser297=', 'chr1:46521559:A/T': 'PIK3R3 p.Asn283Lys', 'chr19:1220321:T/C': 'STK11 intron_variant', 'chr16:347257:G/T': 'AXIN1 intron_variant', 'chr12:25398284:C/T': 'KRAS p.Gly12Asp', 'chr12:49440207:C/A': 'KMT2D p.Trp1473Cys', 'chr15:67457698:A/G': 'SMAD3 p.Ile170Val', 'chr1:27099479:G/A': 'ARID1A splice_site_variant', 'chr2:203384776:CT/C': 'BMPR2 intron_variant', 'chr9:101911436:A/AT': 'TGFBR1 intron_variant', 'chr17:7576651:T/C': 'TP53 intron_variant', 'chr18:48584804:G/T': 'SMAD4 p.Met294Ile', 'chr2:203384776:C/CTTT': 'BMPR2 intron_variant', 'chr20:46279857:GCAGCAGCAA/G': 'NCOA3 p.Gln1274_Gln1276del', 'chr15:90631744:C/T': 'IDH2 intron_variant', 'chr2:100055101:AT/A': 'REV1 p.Met392Ter', 'chr6:111628562:A/C': 'REV3L splice_site_variant'}
==============
ARID1A splice_site_variant
PIK3R3 p.Ser297=
PIK3R3 p.Asn283Lys
SPTA1 p.Cys1568Arg
PARP1 intron_variant
TGFBR2 intron_variant
TGFBR2 intron_variant
APC p.Glu1317Gln
TGFBR1 intron_variant
MGMT p.Leu53=
MGMT p.Leu84Phe
MRE11 intron_variant
KRAS p.Gly12Asp
KMT2D p.Gly2493=
KMT2D p.Trp1473Cys
PARP4 intron_variant
FLT1 p.Tyr1213=
PARP2 intron_variant
RNF111 intron_variant
SMAD3 p.Ile170Val
FANCI p.Gly1302=
AXIN1 intron_variant
SLX4 intron_variant
TP53 intron_variant
TP53 intron_variant
TP53 p.Leu206TrpfsTer41
TP53 p.Pro72Arg
ERBB2 p.Ile655Val
BRCA1 p.Gln356Arg
STK11 intron_variant
PTPRS intron_variant
PTPRS intron_variant
SMARCA4 intron_variant
AKT2 intron_variant
PAK5 p.Ile709=
DNMT3B intron_variant
NCOA3 p.Gln1274_Gln1276del
NCOA3 p.Gln1275_Gln1276del
RTEL1 intron_variant
CHEK2 intron_variant
