Sender: LSF System <lsfadmin@lt11>
Subject: Job 8217186: <condor_inputs.patient=BPA-5> in cluster <lila> Done

Job <condor_inputs.patient=BPA-5> was submitted from host <lu06> by user <zhangh5> in cluster <lila> at Fri Jul 19 13:23:47 2024
Job was executed on host(s) <4*lt11>, in queue <cpuqueue>, as user <zhangh5> in cluster <lila> at Fri Jul 19 13:23:50 2024
</home/zhangh5> was used as the home directory.
</lila/data/iacobuzc/haochen/condor_pipeline_trial> was used as the working directory.
Started at Fri Jul 19 13:23:50 2024
Terminated at Fri Jul 19 13:24:43 2024
Results reported at Fri Jul 19 13:24:43 2024

Your job looked like:

------------------------------------------------------------
# LSBATCH: User input
/lila/data/iacobuzc/haochen/condor_pipeline_trial/.snakemake/tmp.8wc02eyx/snakejob.condor_inputs.24.sh
------------------------------------------------------------

Successfully completed.

Resource usage summary:

    CPU time :                                   22.45 sec.
    Max Memory :                                 -
    Average Memory :                             -
    Total Requested Memory :                     32.00 GB
    Delta Memory :                               -
    Max Swap :                                   -
    Max Processes :                              6
    Max Threads :                                16
    Run time :                                   55 sec.
    Turnaround time :                            56 sec.

The output (if any) follows:



PS:

Read file <logs/cluster/condor_inputs/patient=BPA-5/jobid24_dbcb840a-a9c8-4b5f-93cf-2b46af3e9e2b.err> for stderr output of this job.

