[WARNING] subclonal mutations file not found. Proceeding without automatic subclonal mutation selection & refinement.
n = 6602, m = 28, p = 6
Set parameter WLSAccessID
Set parameter WLSSecret
Set parameter LicenseID to value 2416028
Academic license 2416028 - for non-commercial use only - registered to zh___@mskcc.org
Set parameter Threads to value 1
Set parameter Method to value 4
Set parameter IntFeasTol to value 1e-06
Gurobi Optimizer version 10.0.3 build v10.0.3rc0 (linux64)

CPU model: Intel(R) Xeon(R) Platinum 8352Y CPU @ 2.20GHz, instruction set [SSE2|AVX|AVX2|AVX512]
Thread count: 64 physical cores, 128 logical processors, using up to 1 threads

Academic license 2416028 - for non-commercial use only - registered to zh___@mskcc.org
Optimize a model with 65320 rows, 13552 columns and 196416 nonzeros
Model fingerprint: 0xf9b13afe
Variable types: 12880 continuous, 672 integer (672 binary)
Coefficient statistics:
  Matrix range     [1e+00, 1e+00]
  Objective range  [8e-01, 3e+04]
  Bounds range     [1e+00, 1e+00]
  RHS range        [1e+00, 2e+00]
Presolve removed 33276 rows and 8156 columns
Presolve time: 0.23s
Presolved: 32044 rows, 5396 columns, 95976 nonzeros
Variable types: 4536 continuous, 860 integer (860 binary)
Found heuristic solution: objective -696564.6767
Root relaxation presolved: 5396 rows, 37440 columns, 101372 nonzeros


Root relaxation: objective -6.658334e+05, 3820 iterations, 0.09 seconds (0.09 work units)

    Nodes    |    Current Node    |     Objective Bounds      |     Work
 Expl Unexpl |  Obj  Depth IntInf | Incumbent    BestBd   Gap | It/Node Time

*    0     0               0    -665833.3750 -665833.37  0.00%     -    0s

Explored 1 nodes (3820 simplex iterations) in 0.40 seconds (0.56 work units)
Thread count was 1 (of 128 available processors)

Solution count 2: -665833 -696565 
No other solutions better than -665833

Optimal solution found (tolerance 1.00e-04)
Best objective -6.658333749651e+05, best bound -6.658333749651e+05, gap 0.0000%
root
chr12:25398285:C/G_3
chr12:25398285:C/G_1
chr4:153247169:A/G_1
chr8:30933848:TA/T_2
chr20:9520133:G/A_2
chr16:89858759:C/T_3
chr11:94170484:TTC/T_2
chr1:6252946:G/A_3
chr1:11205058:C/T_3
chr5:112175211:T/A_3
chr1:11288758:G/A_3
chr8:30933848:TA/T_3
0
[]
1
[]
2
[]
3
[]
4
[]
5
[]
cluster_id
5    2006
2    1451
1    1373
4    1184
3     585
0       3
Name: count, dtype: int64
subclusters [0, 1, 5, 2, 3, 4]
chr4:153247169:A/G_1 85
chr12:25398285:C/G_1 6517
Node 0: 3
Node 1: 1373
Node 2: 1451
Node 3: 585
Node 4: 1184
Node 5: 2006
Node chr4:153247169:A/G_1: 85
Node chr12:25398285:C/G_1: 6517
total cells 6602
[('root', 0)]
