Sender: LSF System <lsfadmin@ls15>
Subject: Job 8217082: <generate_post_condor_sc_heatmaps.patient=BPA-2> in cluster <lila> Done

Job <generate_post_condor_sc_heatmaps.patient=BPA-2> was submitted from host <lt03> by user <zhangh5> in cluster <lila> at Fri Jul 19 13:17:57 2024
Job was executed on host(s) <4*ls15>, in queue <cpuqueue>, as user <zhangh5> in cluster <lila> at Fri Jul 19 13:18:01 2024
</home/zhangh5> was used as the home directory.
</lila/data/iacobuzc/haochen/condor_pipeline_trial> was used as the working directory.
Started at Fri Jul 19 13:18:01 2024
Terminated at Fri Jul 19 13:18:53 2024
Results reported at Fri Jul 19 13:18:53 2024

Your job looked like:

------------------------------------------------------------
# LSBATCH: User input
/lila/data/iacobuzc/haochen/condor_pipeline_trial/.snakemake/tmp.e3awy4tj/snakejob.generate_post_condor_sc_heatmaps.141.sh
------------------------------------------------------------

Successfully completed.

Resource usage summary:

    CPU time :                                   23.00 sec.
    Max Memory :                                 -
    Average Memory :                             -
    Total Requested Memory :                     32.00 GB
    Delta Memory :                               -
    Max Swap :                                   -
    Max Processes :                              14
    Max Threads :                                66
    Run time :                                   53 sec.
    Turnaround time :                            56 sec.

The output (if any) follows:



PS:

Read file <logs/cluster/generate_post_condor_sc_heatmaps/patient=BPA-2/jobid141_3e43cadb-20c3-4723-ae2f-6b8512485172.err> for stderr output of this job.

