Sender: LSF System <lsfadmin@lt07>
Subject: Job 8217081: <generate_post_condor_sc_heatmaps.patient=RA19_10> in cluster <lila> Done

Job <generate_post_condor_sc_heatmaps.patient=RA19_10> was submitted from host <lt03> by user <zhangh5> in cluster <lila> at Fri Jul 19 13:17:57 2024
Job was executed on host(s) <4*lt07>, in queue <cpuqueue>, as user <zhangh5> in cluster <lila> at Fri Jul 19 13:17:59 2024
</home/zhangh5> was used as the home directory.
</lila/data/iacobuzc/haochen/condor_pipeline_trial> was used as the working directory.
Started at Fri Jul 19 13:17:59 2024
Terminated at Fri Jul 19 13:18:53 2024
Results reported at Fri Jul 19 13:18:53 2024

Your job looked like:

------------------------------------------------------------
# LSBATCH: User input
/lila/data/iacobuzc/haochen/condor_pipeline_trial/.snakemake/tmp.e3awy4tj/snakejob.generate_post_condor_sc_heatmaps.133.sh
------------------------------------------------------------

Successfully completed.

Resource usage summary:

    CPU time :                                   35.00 sec.
    Max Memory :                                 1 GB
    Average Memory :                             0.14 GB
    Total Requested Memory :                     32.00 GB
    Delta Memory :                               31.00 GB
    Max Swap :                                   -
    Max Processes :                              14
    Max Threads :                                71
    Run time :                                   54 sec.
    Turnaround time :                            56 sec.

The output (if any) follows:



PS:

Read file <logs/cluster/generate_post_condor_sc_heatmaps/patient=RA19_10/jobid133_5b4cc653-d006-4d55-9444-73f12b23e4f9.err> for stderr output of this job.

