[WARNING] subclonal mutations file not found. Proceeding without automatic subclonal mutation selection & refinement.
n = 1047, m = 102, p = 8
Set parameter WLSAccessID
Set parameter WLSSecret
Set parameter LicenseID to value 2416028
Academic license 2416028 - for non-commercial use only - registered to zh___@mskcc.org
Set parameter Threads to value 1
Set parameter Method to value 4
Set parameter IntFeasTol to value 1e-06
Gurobi Optimizer version 10.0.3 build v10.0.3rc0 (linux64)

CPU model: Intel(R) Xeon(R) Gold 6230 CPU @ 2.10GHz, instruction set [SSE2|AVX|AVX2|AVX512]
Thread count: 40 physical cores, 80 logical processors, using up to 1 threads

Academic license 2416028 - for non-commercial use only - registered to zh___@mskcc.org
Optimize a model with 1161741 rows, 171360 columns and 3488565 nonzeros
Model fingerprint: 0x639e2dbd
Variable types: 168096 continuous, 3264 integer (3264 binary)
Coefficient statistics:
  Matrix range     [1e+00, 1e+00]
  Objective range  [2e-01, 1e+04]
  Bounds range     [1e+00, 1e+00]
  RHS range        [1e+00, 2e+00]
Presolve removed 196862 rows and 52718 columns (presolve time = 5s) ...
Presolve removed 197691 rows and 53528 columns (presolve time = 10s) ...
Presolve removed 197691 rows and 53528 columns
Presolve time: 13.52s
Presolved: 964050 rows, 117832 columns, 2891948 nonzeros
Variable types: 115587 continuous, 2245 integer (2245 binary)
Root relaxation presolved: 117832 rows, 1081881 columns, 3009776 nonzeros


Root simplex log...

Iteration    Objective       Primal Inf.    Dual Inf.      Time
       0   -1.9758480e+05   0.000000e+00   3.859100e+04     21s
   39586   -2.1031670e+05   0.000000e+00   0.000000e+00     22s
   39586   -2.1031670e+05   0.000000e+00   0.000000e+00     23s
   39586   -2.1031670e+05   0.000000e+00   0.000000e+00     23s

Root relaxation: objective -2.103167e+05, 39586 iterations, 6.90 seconds (5.32 work units)

    Nodes    |    Current Node    |     Objective Bounds      |     Work
 Expl Unexpl |  Obj  Depth IntInf | Incumbent    BestBd   Gap | It/Node Time

H    0     0                    -210316.7007 116602.233   155%     -   23s
     0     0          -    0      -210316.70 -210316.70  0.00%     -   23s

Explored 1 nodes (39598 simplex iterations) in 23.95 seconds (17.50 work units)
Thread count was 1 (of 80 available processors)

Solution count 1: -210317 
No other solutions better than -210317

Optimal solution found (tolerance 1.00e-04)
Best objective -2.103167006578e+05, best bound -2.103167006578e+05, gap 0.0000%
root
chr17:7577427:G/A_3
chr17:7577407:A/C_3
chr15:59322829:A/G_2
chr1:226578099:T/C_2
chr1:46521559:A/T_3
chr22:29130347:G/GT_2
chr17:56492800:T/C_3
chrX:47041666:G/C_2
chr17:7577018:C/A_3
chr12:25398285:C/G_1
chr17:7577018:C/A_1
chr17:7578115:T/C_3
chr22:29130347:G/GT_3
chr11:64572602:G/A_3
chr1:16245982:A/C_3
chr13:25052420:T/A_3
chr1:226578047:G/T_2
chr16:68857289:T/C_3
chr13:25052261:C/T_3
0
[]
1
['chr10:68280327:A/G']
2
['chr12:25398285:C/G', 'chr17:7577018:C/A']
3
[]
4
[]
5
[]
6
[]
7
[]
cluster_id
5    479
6    252
7    156
3    136
2     15
0      4
4      3
1      2
Name: count, dtype: int64
subclusters [3, 7]
chr17:7577018:C/A_1 9
chr12:25398285:C/G_1 283
Node 0: 4
Node 1: 1
Node 2: 15
Node 3: 136
Node 4: 3
Node 5: 479
Node 6: 252
Node 7: 156
Node chr10:68280327:A/G_4: 1
Node chr17:7577018:C/A_1: 9
Node chr12:25398285:C/G_1: 283
total cells 1047
[('root', 0)]
