Sender: LSF System <lsfadmin@lt08>
Subject: Job 8217064: <generate_post_condor_sc_heatmaps.patient=BPA-5> in cluster <lila> Done

Job <generate_post_condor_sc_heatmaps.patient=BPA-5> was submitted from host <lt03> by user <zhangh5> in cluster <lila> at Fri Jul 19 13:17:41 2024
Job was executed on host(s) <4*lt08>, in queue <cpuqueue>, as user <zhangh5> in cluster <lila> at Fri Jul 19 13:17:44 2024
</home/zhangh5> was used as the home directory.
</lila/data/iacobuzc/haochen/condor_pipeline_trial> was used as the working directory.
Started at Fri Jul 19 13:17:44 2024
Terminated at Fri Jul 19 13:18:55 2024
Results reported at Fri Jul 19 13:18:55 2024

Your job looked like:

------------------------------------------------------------
# LSBATCH: User input
/lila/data/iacobuzc/haochen/condor_pipeline_trial/.snakemake/tmp.e3awy4tj/snakejob.generate_post_condor_sc_heatmaps.144.sh
------------------------------------------------------------

Successfully completed.

Resource usage summary:

    CPU time :                                   24.00 sec.
    Max Memory :                                 -
    Average Memory :                             -
    Total Requested Memory :                     32.00 GB
    Delta Memory :                               -
    Max Swap :                                   -
    Max Processes :                              14
    Max Threads :                                69
    Run time :                                   73 sec.
    Turnaround time :                            74 sec.

The output (if any) follows:



PS:

Read file <logs/cluster/generate_post_condor_sc_heatmaps/patient=BPA-5/jobid144_ce53ec87-ad51-455a-9f41-b091c81653e9.err> for stderr output of this job.

