        Unnamed: 0 cell_barcode  clone_id
0            M13-1       cell_1         5
1            M13-1      cell_10         3
2            M13-1     cell_100         5
3            M13-1    cell_1000         9
4            M13-1    cell_1001         3
...            ...          ...       ...
4747  RA18_18-11_1     cell_995         9
4748  RA18_18-11_1     cell_996         9
4749  RA18_18-11_1     cell_997         5
4750  RA18_18-11_1     cell_998         9
4751  RA18_18-11_1     cell_999         5

[4752 rows x 3 columns]
[INFO] Using H5: /data/iacobuzc/haochen/Tapestri_main_manuscript_analysis/data_compiled/fillout_h5/M13.patient_wide.genotyped.h5
Loading, /data/iacobuzc/haochen/Tapestri_main_manuscript_analysis/data_compiled/fillout_h5/M13.patient_wide.genotyped.h5
Loaded in 0.6s.
(3529, 375)

    germline: 34
    somatic: 5
    total: 41
(3529, 41)
(3529, 41)
Index(['cell_1-M13-1', 'cell_10-M13-1', 'cell_100-M13-1', 'cell_1000-M13-1',
       'cell_1001-M13-1', 'cell_1002-M13-1', 'cell_1003-M13-1',
       'cell_1004-M13-1', 'cell_1005-M13-1', 'cell_1006-M13-1',
       ...
       'cell_990-M13-5', 'cell_991-M13-5', 'cell_992-M13-5', 'cell_993-M13-5',
       'cell_994-M13-5', 'cell_995-M13-5', 'cell_996-M13-5', 'cell_997-M13-5',
       'cell_998-M13-5', 'cell_999-M13-5'],
      dtype='object', name='cell_barcode', length=3529)
0                M13-1:cell_1
1               M13-1:cell_10
2              M13-1:cell_100
3             M13-1:cell_1000
4             M13-1:cell_1001
                ...          
4747    RA18_18-11_1:cell_995
4748    RA18_18-11_1:cell_996
4749    RA18_18-11_1:cell_997
4750    RA18_18-11_1:cell_998
4751    RA18_18-11_1:cell_999
Name: cell_barcode, Length: 4752, dtype: object
clone_id
9    1953
5     639
6     557
3     514
1     350
2     332
7     214
8     191
4       1
0       1
Name: count, dtype: int64
clone_id
9    995
6    555
3    514
5    377
1    350
2    332
7    214
8    191
4      1
Name: count, dtype: int64
[5, 3, 9, 1, 6, 2, 7, 8, 4]
