Sender: LSF System <lsfadmin@ls16>
Subject: Job 8217235: <generate_post_condor_sc_heatmaps.patient=RA16_29> in cluster <lila> Done

Job <generate_post_condor_sc_heatmaps.patient=RA16_29> was submitted from host <lu06> by user <zhangh5> in cluster <lila> at Fri Jul 19 13:24:56 2024
Job was executed on host(s) <4*ls16>, in queue <cpuqueue>, as user <zhangh5> in cluster <lila> at Fri Jul 19 13:24:59 2024
</home/zhangh5> was used as the home directory.
</lila/data/iacobuzc/haochen/condor_pipeline_trial> was used as the working directory.
Started at Fri Jul 19 13:24:59 2024
Terminated at Fri Jul 19 13:26:19 2024
Results reported at Fri Jul 19 13:26:19 2024

Your job looked like:

------------------------------------------------------------
# LSBATCH: User input
/lila/data/iacobuzc/haochen/condor_pipeline_trial/.snakemake/tmp.8wc02eyx/snakejob.generate_post_condor_sc_heatmaps.129.sh
------------------------------------------------------------

Successfully completed.

Resource usage summary:

    CPU time :                                   42.00 sec.
    Max Memory :                                 1 GB
    Average Memory :                             0.35 GB
    Total Requested Memory :                     32.00 GB
    Delta Memory :                               31.00 GB
    Max Swap :                                   -
    Max Processes :                              14
    Max Threads :                                72
    Run time :                                   81 sec.
    Turnaround time :                            83 sec.

The output (if any) follows:



PS:

Read file <logs/cluster/generate_post_condor_sc_heatmaps/patient=RA16_29/jobid129_6307467a-413f-484c-89ac-f7b231b641a9.err> for stderr output of this job.

