Building DAG of jobs...
Using shell: /usr/bin/bash
Provided cores: 4
Rules claiming more threads will be scaled down.
Provided resources: mem_mb=8000, mem_mib=7630, disk_mb=1000, disk_mib=954, time_min=59
Select jobs to execute...

[Fri Jul 19 13:25:00 2024]
rule generate_post_condor_sc_heatmaps:
    input: /data/iacobuzc/haochen/Tapestri_main_manuscript_analysis/data_compiled/fillout_h5/RA16_29.patient_wide.genotyped.h5, condor_downstream/RA16_29/RA16_29_final_sc_clone_assignment.csv, /lila/data/iacobuzc/haochen/Tapestri_main_manuscript_analysis/data_compiled/manual_annotated_snv_lists/RA16_29-patient-all_vars-voi.hz_curated.txt
    output: post_condor_sc_heatmaps/RA16_29_DNA_heatmap.pdf
    log: post_condor_sc_heatmaps/logs/RA16_29_heatmap.log, post_condor_sc_heatmaps/logs/RA16_29_heatmap.err.log
    jobid: 0
    reason: Missing output files: post_condor_sc_heatmaps/RA16_29_DNA_heatmap.pdf
    wildcards: patient=RA16_29
    threads: 4
    resources: mem_mb=8000, mem_mib=7630, disk_mb=1000, disk_mib=954, tmpdir=/scratch/lsftmp/8217235.tmpdir, time_min=59

Activating conda environment: mosaic
[Fri Jul 19 13:26:19 2024]
Finished job 0.
1 of 1 steps (100%) done
