Sender: LSF System <lsfadmin@lt06>
Subject: Job 8217254: <fast_condor.patient=M11> in cluster <lila> Exited

Job <fast_condor.patient=M11> was submitted from host <lu06> by user <zhangh5> in cluster <lila> at Fri Jul 19 13:25:37 2024
Job was executed on host(s) <16*lt06>, in queue <cpuqueue>, as user <zhangh5> in cluster <lila> at Fri Jul 19 13:25:40 2024
</home/zhangh5> was used as the home directory.
</lila/data/iacobuzc/haochen/condor_pipeline_trial> was used as the working directory.
Started at Fri Jul 19 13:25:40 2024
Terminated at Fri Jul 19 13:25:59 2024
Results reported at Fri Jul 19 13:25:59 2024

Your job looked like:

------------------------------------------------------------
# LSBATCH: User input
/lila/data/iacobuzc/haochen/condor_pipeline_trial/.snakemake/tmp.8wc02eyx/snakejob.fast_condor.27.sh
------------------------------------------------------------

Exited with exit code 1.

Resource usage summary:

    CPU time :                                   11.49 sec.
    Max Memory :                                 -
    Average Memory :                             -
    Total Requested Memory :                     16.00 GB
    Delta Memory :                               -
    Max Swap :                                   -
    Max Processes :                              7
    Max Threads :                                23
    Run time :                                   19 sec.
    Turnaround time :                            22 sec.

The output (if any) follows:



PS:

Read file <logs/cluster/fast_condor/patient=M11/jobid27_60c1e5c8-3cdb-4925-935b-094d43d26b6e.err> for stderr output of this job.

