Sender: LSF System <lsfadmin@ls16>
Subject: Job 8217040: <fast_condor.patient=RA16_08> in cluster <lila> Done

Job <fast_condor.patient=RA16_08> was submitted from host <lt03> by user <zhangh5> in cluster <lila> at Fri Jul 19 13:17:02 2024
Job was executed on host(s) <16*ls16>, in queue <cpuqueue>, as user <zhangh5> in cluster <lila> at Fri Jul 19 13:17:04 2024
</home/zhangh5> was used as the home directory.
</lila/data/iacobuzc/haochen/condor_pipeline_trial> was used as the working directory.
Started at Fri Jul 19 13:17:04 2024
Terminated at Fri Jul 19 13:17:21 2024
Results reported at Fri Jul 19 13:17:21 2024

Your job looked like:

------------------------------------------------------------
# LSBATCH: User input
/lila/data/iacobuzc/haochen/condor_pipeline_trial/.snakemake/tmp.e3awy4tj/snakejob.fast_condor.32.sh
------------------------------------------------------------

Successfully completed.

Resource usage summary:

    CPU time :                                   15.89 sec.
    Max Memory :                                 -
    Average Memory :                             -
    Total Requested Memory :                     16.00 GB
    Delta Memory :                               -
    Max Swap :                                   -
    Max Processes :                              6
    Max Threads :                                24
    Run time :                                   18 sec.
    Turnaround time :                            19 sec.

The output (if any) follows:



PS:

Read file <logs/cluster/fast_condor/patient=RA16_08/jobid32_adeac7cc-f9fe-46e8-9f9d-cdcc8b48443c.err> for stderr output of this job.

