Sender: LSF System <lsfadmin@lt06>
Subject: Job 8217077: <generate_post_condor_sc_heatmaps.patient=TP12> in cluster <lila> Done

Job <generate_post_condor_sc_heatmaps.patient=TP12> was submitted from host <lt03> by user <zhangh5> in cluster <lila> at Fri Jul 19 13:17:56 2024
Job was executed on host(s) <4*lt06>, in queue <cpuqueue>, as user <zhangh5> in cluster <lila> at Fri Jul 19 13:17:59 2024
</home/zhangh5> was used as the home directory.
</lila/data/iacobuzc/haochen/condor_pipeline_trial> was used as the working directory.
Started at Fri Jul 19 13:17:59 2024
Terminated at Fri Jul 19 13:18:53 2024
Results reported at Fri Jul 19 13:18:53 2024

Your job looked like:

------------------------------------------------------------
# LSBATCH: User input
/lila/data/iacobuzc/haochen/condor_pipeline_trial/.snakemake/tmp.e3awy4tj/snakejob.generate_post_condor_sc_heatmaps.138.sh
------------------------------------------------------------

Successfully completed.

Resource usage summary:

    CPU time :                                   25.00 sec.
    Max Memory :                                 -
    Average Memory :                             -
    Total Requested Memory :                     32.00 GB
    Delta Memory :                               -
    Max Swap :                                   -
    Max Processes :                              14
    Max Threads :                                67
    Run time :                                   56 sec.
    Turnaround time :                            57 sec.

The output (if any) follows:



PS:

Read file <logs/cluster/generate_post_condor_sc_heatmaps/patient=TP12/jobid138_1e8f8292-c8c4-482a-a7c3-ae2e8a99b6b9.err> for stderr output of this job.

