[WARNING] subclonal mutations file not found. Proceeding without automatic subclonal mutation selection & refinement.
n = 2868, m = 40, p = 6
Set parameter WLSAccessID
Set parameter WLSSecret
Set parameter LicenseID to value 2416028
Academic license 2416028 - for non-commercial use only - registered to zh___@mskcc.org
Set parameter Threads to value 1
Set parameter Method to value 4
Set parameter IntFeasTol to value 1e-06
Gurobi Optimizer version 10.0.3 build v10.0.3rc0 (linux64)

CPU model: Intel(R) Xeon(R) Platinum 8352Y CPU @ 2.20GHz, instruction set [SSE2|AVX|AVX2|AVX512]
Thread count: 64 physical cores, 128 logical processors, using up to 1 threads

Academic license 2416028 - for non-commercial use only - registered to zh___@mskcc.org
Optimize a model with 134356 rows, 27040 columns and 403716 nonzeros
Model fingerprint: 0xb8cba04d
Variable types: 26080 continuous, 960 integer (960 binary)
Coefficient statistics:
  Matrix range     [1e+00, 1e+00]
  Objective range  [4e+01, 1e+04]
  Bounds range     [1e+00, 1e+00]
  RHS range        [1e+00, 2e+00]
Presolve removed 68780 rows and 16200 columns
Presolve time: 0.57s
Presolved: 65576 rows, 10840 columns, 196536 nonzeros
Variable types: 9360 continuous, 1480 integer (1480 binary)
Found heuristic solution: objective -407436.0124
Root relaxation presolved: 10840 rows, 76416 columns, 207376 nonzeros


Root relaxation: objective -3.590879e+05, 8778 iterations, 0.27 seconds (0.25 work units)

    Nodes    |    Current Node    |     Objective Bounds      |     Work
 Expl Unexpl |  Obj  Depth IntInf | Incumbent    BestBd   Gap | It/Node Time

*    0     0               0    -359087.9422 -359087.94  0.00%     -    0s

Explored 1 nodes (8778 simplex iterations) in 0.98 seconds (1.24 work units)
Thread count was 1 (of 128 available processors)

Solution count 2: -359088 -407436 
No other solutions better than -359088

Optimal solution found (tolerance 1.00e-04)
Best objective -3.590879421504e+05, best bound -3.590879421504e+05, gap 0.0000%
root
chr20:9560712:A/G_2
chr7:154760666:C/T_2
chr7:2962753:G/A_2
chr7:151935730:T/C_2
chr1:91859801:A/G_2
chr12:25380275:T/G_1
chr8:30933859:C/T_2
chr20:9560633:C/T_2
chr19:50902700:A/G_1
chr13:25052261:C/T_2
chr13:25052420:T/A_2
chr1:27057923:A/G_1
chr13:25052261:C/T_3
chr12:25362777:A/G_2
chr13:25052420:T/A_3
chrX:44896871:A/AT_3
0
[]
1
[]
2
[]
3
[]
4
[]
5
['chr1:27057923:A/G']
cluster_id
3    776
4    765
2    458
5    441
1    306
0    122
Name: count, dtype: int64
subclusters [1, 2, 3, 4]
chr12:25380275:T/G_1 164
chr19:50902700:A/G_1 2141
Node 0: 122
Node 1: 306
Node 2: 458
Node 3: 776
Node 4: 765
Node 5: 441
Node chr12:25380275:T/G_1: 164
Node chr19:50902700:A/G_1: 2141
total cells 2868
[('root', 0)]
