Sender: LSF System <lsfadmin@ls17>
Subject: Job 8217194: <generate_pre_condor_sc_heatmaps.patient=M12> in cluster <lila> Done

Job <generate_pre_condor_sc_heatmaps.patient=M12> was submitted from host <lu06> by user <zhangh5> in cluster <lila> at Fri Jul 19 13:23:49 2024
Job was executed on host(s) <4*ls17>, in queue <cpuqueue>, as user <zhangh5> in cluster <lila> at Fri Jul 19 13:23:52 2024
</home/zhangh5> was used as the home directory.
</lila/data/iacobuzc/haochen/condor_pipeline_trial> was used as the working directory.
Started at Fri Jul 19 13:23:52 2024
Terminated at Fri Jul 19 13:24:53 2024
Results reported at Fri Jul 19 13:24:53 2024

Your job looked like:

------------------------------------------------------------
# LSBATCH: User input
/lila/data/iacobuzc/haochen/condor_pipeline_trial/.snakemake/tmp.8wc02eyx/snakejob.generate_pre_condor_sc_heatmaps.100.sh
------------------------------------------------------------

Successfully completed.

Resource usage summary:

    CPU time :                                   33.00 sec.
    Max Memory :                                 1 GB
    Average Memory :                             0.12 GB
    Total Requested Memory :                     32.00 GB
    Delta Memory :                               31.00 GB
    Max Swap :                                   -
    Max Processes :                              14
    Max Threads :                                72
    Run time :                                   62 sec.
    Turnaround time :                            64 sec.

The output (if any) follows:



PS:

Read file <logs/cluster/generate_pre_condor_sc_heatmaps/patient=M12/jobid100_e983df1d-1bab-4dec-bd41-538286ecf110.err> for stderr output of this job.

