Sender: LSF System <lsfadmin@ls10>
Subject: Job 8216991: <generate_pre_condor_sc_heatmaps.patient=M12> in cluster <lila> Done

Job <generate_pre_condor_sc_heatmaps.patient=M12> was submitted from host <lt03> by user <zhangh5> in cluster <lila> at Fri Jul 19 13:14:34 2024
Job was executed on host(s) <4*ls10>, in queue <cpuqueue>, as user <zhangh5> in cluster <lila> at Fri Jul 19 13:14:38 2024
</home/zhangh5> was used as the home directory.
</lila/data/iacobuzc/haochen/condor_pipeline_trial> was used as the working directory.
Started at Fri Jul 19 13:14:38 2024
Terminated at Fri Jul 19 13:15:59 2024
Results reported at Fri Jul 19 13:15:59 2024

Your job looked like:

------------------------------------------------------------
# LSBATCH: User input
/lila/data/iacobuzc/haochen/condor_pipeline_trial/.snakemake/tmp.e3awy4tj/snakejob.generate_pre_condor_sc_heatmaps.100.sh
------------------------------------------------------------

Successfully completed.

Resource usage summary:

    CPU time :                                   34.00 sec.
    Max Memory :                                 1 GB
    Average Memory :                             0.10 GB
    Total Requested Memory :                     32.00 GB
    Delta Memory :                               31.00 GB
    Max Swap :                                   -
    Max Processes :                              14
    Max Threads :                                70
    Run time :                                   83 sec.
    Turnaround time :                            85 sec.

The output (if any) follows:



PS:

Read file <logs/cluster/generate_pre_condor_sc_heatmaps/patient=M12/jobid100_5c981d74-5b05-4a16-aa1c-0e03c55633b9.err> for stderr output of this job.

