Sender: LSF System <lsfadmin@lt09>
Subject: Job 8217058: <fast_condor.patient=RA21_17> in cluster <lila> Exited

Job <fast_condor.patient=RA21_17> was submitted from host <lt03> by user <zhangh5> in cluster <lila> at Fri Jul 19 13:17:16 2024
Job was executed on host(s) <16*lt09>, in queue <cpuqueue>, as user <zhangh5> in cluster <lila> at Fri Jul 19 13:17:18 2024
</home/zhangh5> was used as the home directory.
</lila/data/iacobuzc/haochen/condor_pipeline_trial> was used as the working directory.
Started at Fri Jul 19 13:17:18 2024
Terminated at Fri Jul 19 13:17:44 2024
Results reported at Fri Jul 19 13:17:44 2024

Your job looked like:

------------------------------------------------------------
# LSBATCH: User input
/lila/data/iacobuzc/haochen/condor_pipeline_trial/.snakemake/tmp.e3awy4tj/snakejob.fast_condor.40.sh
------------------------------------------------------------

Exited with exit code 1.

Resource usage summary:

    CPU time :                                   14.06 sec.
    Max Memory :                                 -
    Average Memory :                             -
    Total Requested Memory :                     16.00 GB
    Delta Memory :                               -
    Max Swap :                                   -
    Max Processes :                              6
    Max Threads :                                23
    Run time :                                   27 sec.
    Turnaround time :                            28 sec.

The output (if any) follows:



PS:

Read file <logs/cluster/fast_condor/patient=RA21_17/jobid40_5fd2bb84-7438-40eb-b686-d1f88af2b476.err> for stderr output of this job.

