Sender: LSF System <lsfadmin@lt07>
Subject: Job 8217083: <fast_condor.patient=RA21_17> in cluster <lila> Exited

Job <fast_condor.patient=RA21_17> was submitted from host <lt03> by user <zhangh5> in cluster <lila> at Fri Jul 19 13:17:58 2024
Job was executed on host(s) <36*lt07>, in queue <cpuqueue>, as user <zhangh5> in cluster <lila> at Fri Jul 19 13:18:01 2024
</home/zhangh5> was used as the home directory.
</lila/data/iacobuzc/haochen/condor_pipeline_trial> was used as the working directory.
Started at Fri Jul 19 13:18:01 2024
Terminated at Fri Jul 19 13:18:17 2024
Results reported at Fri Jul 19 13:18:17 2024

Your job looked like:

------------------------------------------------------------
# LSBATCH: User input
/lila/data/iacobuzc/haochen/condor_pipeline_trial/.snakemake/tmp.e3awy4tj/snakejob.fast_condor.40.sh
------------------------------------------------------------

Exited with exit code 1.

Resource usage summary:

    CPU time :                                   10.71 sec.
    Max Memory :                                 -
    Average Memory :                             -
    Total Requested Memory :                     36.00 GB
    Delta Memory :                               -
    Max Swap :                                   -
    Max Processes :                              6
    Max Threads :                                43
    Run time :                                   18 sec.
    Turnaround time :                            19 sec.

The output (if any) follows:



PS:

Read file <logs/cluster/fast_condor/patient=RA21_17/jobid40_b2b12bce-6a58-401d-a58e-497ec5358adf.err> for stderr output of this job.

