Sender: LSF System <lsfadmin@lt17>
Subject: Job 8217195: <fast_condor.patient=RA21_17> in cluster <lila> Done

Job <fast_condor.patient=RA21_17> was submitted from host <lu06> by user <zhangh5> in cluster <lila> at Fri Jul 19 13:23:50 2024
Job was executed on host(s) <4*lt17>, in queue <cpuqueue>, as user <zhangh5> in cluster <lila> at Fri Jul 19 13:23:53 2024
</home/zhangh5> was used as the home directory.
</lila/data/iacobuzc/haochen/condor_pipeline_trial> was used as the working directory.
Started at Fri Jul 19 13:23:53 2024
Terminated at Fri Jul 19 13:24:41 2024
Results reported at Fri Jul 19 13:24:41 2024

Your job looked like:

------------------------------------------------------------
# LSBATCH: User input
/lila/data/iacobuzc/haochen/condor_pipeline_trial/.snakemake/tmp.8wc02eyx/snakejob.fast_condor.40.sh
------------------------------------------------------------

Successfully completed.

Resource usage summary:

    CPU time :                                   27.54 sec.
    Max Memory :                                 1 GB
    Average Memory :                             0.08 GB
    Total Requested Memory :                     4.00 GB
    Delta Memory :                               3.00 GB
    Max Swap :                                   -
    Max Processes :                              6
    Max Threads :                                12
    Run time :                                   48 sec.
    Turnaround time :                            51 sec.

The output (if any) follows:



PS:

Read file <logs/cluster/fast_condor/patient=RA21_17/jobid40_50fe14cc-dcfc-41f2-a46c-965def24d335.err> for stderr output of this job.

