            sample cell_barcode  clone_id
0     RA18_18-11_1       cell_1         0
1     RA18_18-11_1      cell_10         5
2     RA18_18-11_1     cell_100         5
3     RA18_18-11_1    cell_1000         0
4     RA18_18-11_1    cell_1001         0
...            ...          ...       ...
9040  RA16_08-12_1     cell_995         4
9041  RA16_08-12_1     cell_996         3
9042  RA16_08-12_1     cell_997         3
9043  RA16_08-12_1     cell_998         1
9044  RA16_08-12_1     cell_999         3

[9045 rows x 3 columns]
[INFO] Using H5: /data/iacobuzc/haochen/Tapestri_main_manuscript_analysis/data_compiled/fillout_h5/RA16_08.patient_wide.genotyped.h5
Loading, /data/iacobuzc/haochen/Tapestri_main_manuscript_analysis/data_compiled/fillout_h5/RA16_08.patient_wide.genotyped.h5
Loaded in 3.3s.
(7822, 2745)

    germline: 25
    somatic: 2
    total: 27
(7822, 27)
(7822, 27)
Index(['cell_1-RA16_08-08_2', 'cell_10-RA16_08-08_2', 'cell_100-RA16_08-08_2',
       'cell_1000-RA16_08-08_2', 'cell_1001-RA16_08-08_2',
       'cell_1002-RA16_08-08_2', 'cell_1003-RA16_08-08_2',
       'cell_1004-RA16_08-08_2', 'cell_1005-RA16_08-08_2',
       'cell_1006-RA16_08-08_2',
       ...
       'cell_990-RA16_08-12_1', 'cell_991-RA16_08-12_1',
       'cell_992-RA16_08-12_1', 'cell_993-RA16_08-12_1',
       'cell_994-RA16_08-12_1', 'cell_995-RA16_08-12_1',
       'cell_996-RA16_08-12_1', 'cell_997-RA16_08-12_1',
       'cell_998-RA16_08-12_1', 'cell_999-RA16_08-12_1'],
      dtype='object', name='cell_barcode', length=7822)
0          RA18_18-11_1:cell_1
1         RA18_18-11_1:cell_10
2        RA18_18-11_1:cell_100
3       RA18_18-11_1:cell_1000
4       RA18_18-11_1:cell_1001
                 ...          
9040     RA16_08-12_1:cell_995
9041     RA16_08-12_1:cell_996
9042     RA16_08-12_1:cell_997
9043     RA16_08-12_1:cell_998
9044     RA16_08-12_1:cell_999
Name: cell_barcode, Length: 9045, dtype: object
clone_id
6    3349
2     999
7     982
8     981
0     971
4     519
1     495
5     402
3     347
Name: count, dtype: int64
clone_id
6    3348
2     999
7     982
8     980
4     519
1     495
3     347
0     148
5       4
Name: count, dtype: int64
[8, 6, 7, 2, 0, 5, 4, 1, 3]
