[WARNING] subclonal mutations file not found. Proceeding without automatic subclonal mutation selection & refinement.
n = 7493, m = 44, p = 3
Set parameter WLSAccessID
Set parameter WLSSecret
Set parameter LicenseID to value 2416028
Academic license 2416028 - for non-commercial use only - registered to zh___@mskcc.org
Set parameter Threads to value 1
Set parameter Method to value 4
Set parameter IntFeasTol to value 1e-06
Gurobi Optimizer version 10.0.3 build v10.0.3rc0 (linux64)

CPU model: Intel(R) Xeon(R) Gold 6230 CPU @ 2.10GHz, instruction set [SSE2|AVX|AVX2|AVX512]
Thread count: 40 physical cores, 80 logical processors, using up to 1 threads

Academic license 2416028 - for non-commercial use only - registered to zh___@mskcc.org
Optimize a model with 85688 rows, 31768 columns and 257376 nonzeros
Model fingerprint: 0x6c7400b0
Variable types: 31240 continuous, 528 integer (528 binary)
Coefficient statistics:
  Matrix range     [1e+00, 1e+00]
  Objective range  [2e+01, 9e+04]
  Bounds range     [1e+00, 1e+00]
  RHS range        [1e+00, 2e+00]
Presolve removed 40552 rows and 17976 columns
Presolve time: 0.34s
Presolved: 45136 rows, 13792 columns, 135308 nonzeros
Variable types: 0 continuous, 13792 integer (13792 binary)
Found heuristic solution: objective -1191949.412
Found heuristic solution: objective -1097683.868

Root relaxation: objective -1.036047e+06, 4891 iterations, 0.03 seconds (0.03 work units)

    Nodes    |    Current Node    |     Objective Bounds      |     Work
 Expl Unexpl |  Obj  Depth IntInf | Incumbent    BestBd   Gap | It/Node Time

*    0     0               0    -1036047.070 -1036047.1  0.00%     -    0s

Explored 1 nodes (4891 simplex iterations) in 0.50 seconds (0.69 work units)
Thread count was 1 (of 80 available processors)

Solution count 3: -1.03605e+06 -1.09768e+06 -1.19195e+06 
No other solutions better than -1.03605e+06

Optimal solution found (tolerance 1.00e-04)
Best objective -1.036047070236e+06, best bound -1.036047070236e+06, gap 0.0000%
root
chr13:32914288:TAACC/T_2
chr10:131506192:C/T_2
chr14:20818602:C/G_3
chr10:131506283:C/T_2
chr13:28883061:G/A_2
chr22:29130300:C/T_2
chr15:89858602:T/C_2
0
['chr9:21971349:C/G']
1
['chr17:56436091:G/A', 'chr14:30099873:GC/G']
2
['chr6:157528506:G/A']
n = 4578, m = 2, p = 1
Set parameter TimeLimit to value 1800
Set parameter Threads to value 1
Set parameter Method to value 4
Set parameter IntFeasTol to value 1e-06
Gurobi Optimizer version 10.0.3 build v10.0.3rc0 (linux64)

CPU model: Intel(R) Xeon(R) Gold 6230 CPU @ 2.10GHz, instruction set [SSE2|AVX|AVX2|AVX512]
Thread count: 40 physical cores, 80 logical processors, using up to 1 threads

Academic license 2416028 - for non-commercial use only - registered to zh___@mskcc.org
Optimize a model with 32059 rows, 18326 columns and 68693 nonzeros
Model fingerprint: 0xd5c40353
Variable types: 9170 continuous, 9156 integer (9156 binary)
Coefficient statistics:
  Matrix range     [1e+00, 1e+00]
  Objective range  [7e+00, 7e+00]
  Bounds range     [1e+00, 1e+00]
  RHS range        [1e+00, 2e+00]
Found heuristic solution: objective -0.0000000
Presolve removed 32052 rows and 18319 columns
Presolve time: 0.06s
Presolved: 7 rows, 7 columns, 21 nonzeros
Found heuristic solution: objective 352.2444937
Variable types: 0 continuous, 7 integer (7 binary)

Explored 0 nodes (0 simplex iterations) in 0.07 seconds (0.08 work units)
Thread count was 1 (of 80 available processors)

Solution count 2: 352.244 -0 

Optimal solution found (tolerance 1.00e-04)
Best objective 3.522444937111e+02, best bound 3.522444937111e+02, gap 0.0000%
9053, 52, 352.24449371107636
cluster_id
1    4578
2    2645
0     270
Name: count, dtype: int64
Node root: 4527
Node 0: 110
Node 2: 302
Node chr9:21971349:C/G_4: 160
Node chr14:30099873:GC/G_4: 17
Node chr17:56436091:G/A_4: 34
Node chr6:157528506:G/A_4: 2343
total cells 2966
[('root', 0)]
