            sample cell_barcode  clone_id
0         BPA-1-IR       cell_1         0
1         BPA-1-IR      cell_10         0
2         BPA-1-IR     cell_100         3
3         BPA-1-IR     cell_101         3
4         BPA-1-IR     cell_102         3
...            ...          ...       ...
6332  RA18_18-11_1     cell_995         0
6333  RA18_18-11_1     cell_996         0
6334  RA18_18-11_1     cell_997         0
6335  RA18_18-11_1     cell_998         0
6336  RA18_18-11_1     cell_999         1

[6337 rows x 3 columns]
[INFO] Using H5: /data/iacobuzc/haochen/Tapestri_main_manuscript_analysis/data_compiled/fillout_h5/BPA-1.patient_wide.genotyped.h5
Loading, /data/iacobuzc/haochen/Tapestri_main_manuscript_analysis/data_compiled/fillout_h5/BPA-1.patient_wide.genotyped.h5
Loaded in 0.6s.
(5114, 453)

    germline: 27
    somatic: 6
    total: 40
(5114, 40)
(5114, 40)
Index(['cell_1-BPA-1-IR', 'cell_10-BPA-1-IR', 'cell_100-BPA-1-IR',
       'cell_101-BPA-1-IR', 'cell_102-BPA-1-IR', 'cell_103-BPA-1-IR',
       'cell_104-BPA-1-IR', 'cell_105-BPA-1-IR', 'cell_106-BPA-1-IR',
       'cell_107-BPA-1-IR',
       ...
       'cell_990-BPA-1-RSX', 'cell_991-BPA-1-RSX', 'cell_992-BPA-1-RSX',
       'cell_993-BPA-1-RSX', 'cell_994-BPA-1-RSX', 'cell_995-BPA-1-RSX',
       'cell_996-BPA-1-RSX', 'cell_997-BPA-1-RSX', 'cell_998-BPA-1-RSX',
       'cell_999-BPA-1-RSX'],
      dtype='object', name='cell_barcode', length=5114)
0             BPA-1-IR:cell_1
1            BPA-1-IR:cell_10
2           BPA-1-IR:cell_100
3           BPA-1-IR:cell_101
4           BPA-1-IR:cell_102
                ...          
6332    RA18_18-11_1:cell_995
6333    RA18_18-11_1:cell_996
6334    RA18_18-11_1:cell_997
6335    RA18_18-11_1:cell_998
6336    RA18_18-11_1:cell_999
Name: cell_barcode, Length: 6337, dtype: object
clone_id
4    3138
5    1127
0    1004
2     394
1     392
3     282
Name: count, dtype: int64
clone_id
4    3137
5    1126
2     394
3     282
0     175
Name: count, dtype: int64
[0, 3, 2, 5, 4]
