chr20:62303794:G/A
chr12:133252796:C/G
chr17:7572927:T/C
chr17:7801776:C/T
chr3:52637486:C/G
chr4:55980456:C/T
chr19:5219803:T/C
chr2:148657117:G/A
chr22:29130347:G/GT
chr1:163298548:T/C
chr16:68857289:T/C
chr9:21968199:C/G
chr11:57572122:G/A
chr17:41245466:G/A
chr6:101099555:A/C
chr17:7578115:T/C
chr18:46476196:C/T
chr14:75514610:T/C
chr17:41245471:C/T
chr3:52436820:T/C
chr3:9793343:T/G
chr12:25398284:C/T
chr10:88683122:T/C
chr20:31387954:C/G
chr6:7229346:T/C
chr13:32929232:A/G
chr6:7229619:G/A
chr4:2210065:C/A
chr18:19751450:C/T
chr17:56436109:C/T
chr15:41275014:T/G
chr1:120458924:G/A
chr17:7579472:G/C
chr19:5219829:T/G
chr8:30933859:C/T
chr1:226578099:T/C
chr12:49424235:G/A
chr17:7579801:G/C
chr11:118344655:C/T
chr17:56492800:T/C
chrX:70349824:T/C
chr13:32913061:T/A
chr12:49424235:G/T
chr10:88683209:T/G
chr22:29130458:T/C
chr4:187538942:T/G
chr19:36222924:C/T
chr20:57415609:C/T
chr13:32914437:GT/G
chr17:8051922:C/T
chr3:189604149:T/G
chr12:49434074:C/A
chr17:7573996:A/T
chr12:49424234:G/A
chr6:35425761:G/T
chr9:137293761:G/A
chr3:30686414:A/G
chr1:11288758:G/A
chr1:91859801:A/G
chr14:75514734:A/G
40     0
47     0
53     0
56     0
58     0
      ..
102    4
104    4
107    4
110    4
114    4
Name: cluster_id, Length: 329, dtype: int64
check
Index(['MTOR p.Asn999=', 'HFM1 p.Ser115Pro', 'NOTCH2 p.Leu2141=',
       'NUF2 intron_variant', 'PARP1 intron_variant', 'ACVR2A p.Pro118=',
       'OGG1 intron_variant', 'TGFBR2 intron_variant', 'BAP1 p.Glu653Gly',
       'PBRM1 intron_variant', 'TP63 intron_variant', 'POLN p.Gln121His',
       'KDR intron_variant', 'FAT1 p.Gln2933Pro', 'RREB1 p.His338=',
       'RREB1 p.Ala429=', 'FANCE p.Gln323His', 'ASCC3 intron_variant',
       'WRN intron_variant', 'CDKN2A 3_prime_UTR_variant',
       'RXRA intron_variant', 'BMPR1A intron_variant', 'BMPR1A p.Val473=',
       'CTNND1 intron_variant', 'KMT2A p.Ala927=', 'KRAS p.Gly12Asp',
       'KMT2D intron_variant', 'KMT2D intron_variant', 'KMT2D intron_variant',
       'KMT2D p.Gly2493=', 'POLE intron_variant', 'BRCA2 p.Gly1523=',
       'BRCA2 p.Ser1982ArgfsTer22', 'BRCA2 p.Ser2414=', 'MLH3 p.Lys583=',
       'MLH3 p.Leu542Ser', 'INO80 intron_variant', 'CDH1 intron_variant',
       'TP53 p.Ter394TrpextTer9', 'TP53 p.Leu344Gln', 'TP53 intron_variant',
       'TP53 p.Pro72Arg', 'TP53 intron_variant', 'CHD3 intron_variant',
       'PER1 intron_variant', 'BRCA1 p.Ser694=', 'BRCA1 p.Asp693Asn',
       'RNF43 p.Arg343His', 'RNF43 p.Ile47Val', 'GATA6 p.Phe115=',
       'SMAD7 p.Arg200Gln', 'PTPRS intron_variant', 'PTPRS intron_variant',
       'KMT2B p.Ser1851=', 'DNMT3B intron_variant', 'GNAS p.Pro150Ser',
       'RTEL1 intron_variant', 'CHEK2 intron_variant', 'CHEK2 p.Glu84=',
       'MED12 intron_variant'],
      dtype='object')
==============
{'chr15:89858602:T/C': 'FANCI p.Gly1302=', 'chr1:16474839:AC/A': 'EPHA2 intron_variant', 'chr7:2962753:G/A': 'CARD11 intron_variant', 'chr1:158612236:A/G': 'SPTA1 p.Cys1568Arg', 'chr12:25368462:C/T': 'KRAS p.Arg161=', 'chr6:80751780:G/A': 'TTK intron_variant', 'chr13:25052420:T/A': 'PARP4 intron_variant', 'chr13:25052261:C/T': 'PARP4 p.Ser534=', 'chr11:65481166:T/C': 'KAT5 intron_variant', 'chr13:28883061:G/A': 'FLT1 p.Tyr1213=', 'chr17:73627565:A/G': 'RECQL5 p.Tyr471=', 'chr5:38953665:G/GA': 'RICTOR intron_variant', 'chr11:107879887:G/C': 'CUL5 5_prime_UTR_variant', 'chr1:91859795:T/C': 'HFM1 p.Ile117Val', 'chr11:65631167:C/T': 'MUS81 p.Ala312=', 'chr17:41245471:C/T': 'BRCA1 p.Asp693Asn', 'chr17:41245466:G/A': 'BRCA1 p.Ser694=', 'chr1:120458924:G/A': 'NOTCH2 p.Leu2141=', 'chr1:11288758:G/A': 'MTOR p.Asn999=', 'chr17:8051922:C/T': 'PER1 intron_variant', 'chr20:62303794:G/A': 'RTEL1 intron_variant', 'chr22:29130347:G/GT': 'CHEK2 intron_variant', 'chr3:52637486:C/G': 'PBRM1 intron_variant', 'chr2:148657117:G/A': 'ACVR2A p.Pro118=', 'chr19:1220321:T/C': 'STK11 intron_variant', 'chr10:88683209:T/G': 'BMPR1A p.Val473=', 'chr4:2210065:C/A': 'POLN p.Gln121His', 'chr1:91859801:A/G': 'HFM1 p.Ser115Pro', 'chr1:226578099:T/C': 'PARP1 intron_variant', 'chr19:5219829:T/G': 'PTPRS intron_variant', 'chr3:30686414:A/G': 'TGFBR2 intron_variant', 'chr19:5219803:T/C': 'PTPRS intron_variant', 'chr13:32913055:A/G': 'BRCA2 p.Leu1521=', 'chr17:56436109:C/T': 'RNF43 p.Arg343His', 'chr3:189604149:T/G': 'TP63 intron_variant', 'chr10:88683122:T/C': 'BMPR1A intron_variant', 'chr16:68857289:T/C': 'CDH1 intron_variant', 'chr4:187538942:T/G': 'FAT1 p.Gln2933Pro', 'chr17:56492800:T/C': 'RNF43 p.Ile47Val', 'chr8:30933859:C/T': 'WRN intron_variant', 'chr11:64572557:A/G': 'MEN1 p.His433=', 'chr4:55980456:C/T': 'KDR intron_variant', 'chr6:101099555:A/C': 'ASCC3 intron_variant', 'chr9:21968199:C/G': 'CDKN2A 3_prime_UTR_variant', 'chr12:49434074:C/A': 'KMT2D p.Gly2493=', 'chr17:7578115:T/C': 'TP53 intron_variant', 'chr12:49424235:G/A': 'KMT2D intron_variant', 'chr1:163298548:T/C': 'NUF2 intron_variant', 'chr13:32929232:A/G': 'BRCA2 p.Ser2414=', 'chr20:31387954:C/G': 'DNMT3B intron_variant', 'chr3:9793343:T/G': 'OGG1 intron_variant', 'chr6:7229346:T/C': 'RREB1 p.His338=', 'chr10:88635779:C/A': 'BMPR1A p.Pro2Thr', 'chr17:7573996:A/T': 'TP53 p.Leu344Gln', 'chr13:32914437:GT/G': 'BRCA2 p.Ser1982ArgfsTer22', 'chr17:7579472:G/C': 'TP53 p.Pro72Arg', 'chr17:7579801:G/C': 'TP53 intron_variant', 'chr12:25398284:C/T': 'KRAS p.Gly12Asp', 'chr15:41275014:T/G': 'INO80 intron_variant', 'chr22:29130458:T/C': 'CHEK2 p.Glu84=', 'chr14:105242966:T/C': 'AKT1 intron_variant', 'chr9:137293761:G/A': 'RXRA intron_variant', 'chr17:7801776:C/T': 'CHD3 intron_variant', 'chr6:7229619:G/A': 'RREB1 p.Ala429=', 'chr12:133252796:C/G': 'POLE intron_variant', 'chr12:49424234:G/A': 'KMT2D intron_variant', 'chr12:49424235:G/T': 'KMT2D intron_variant', 'chr18:46476196:C/T': 'SMAD7 p.Arg200Gln', 'chr6:35425761:G/T': 'FANCE p.Gln323His', 'chrX:70349824:T/C': 'MED12 intron_variant', 'chr14:75514610:T/C': 'MLH3 p.Lys583=', 'chr14:75514734:A/G': 'MLH3 p.Leu542Ser', 'chr18:19751450:C/T': 'GATA6 p.Phe115=', 'chr17:7572927:T/C': 'TP53 p.Ter394TrpextTer9', 'chr11:118344655:C/T': 'KMT2A p.Ala927=', 'chr20:57415609:C/T': 'GNAS p.Pro150Ser', 'chr11:57572122:G/A': 'CTNND1 intron_variant', 'chr13:32913061:T/A': 'BRCA2 p.Gly1523=', 'chr3:52436820:T/C': 'BAP1 p.Glu653Gly', 'chr19:36222924:C/T': 'KMT2B p.Ser1851='}
==============
MTOR p.Asn999=
HFM1 p.Ser115Pro
NOTCH2 p.Leu2141=
NUF2 intron_variant
PARP1 intron_variant
ACVR2A p.Pro118=
OGG1 intron_variant
TGFBR2 intron_variant
BAP1 p.Glu653Gly
PBRM1 intron_variant
TP63 intron_variant
POLN p.Gln121His
KDR intron_variant
FAT1 p.Gln2933Pro
RREB1 p.His338=
RREB1 p.Ala429=
FANCE p.Gln323His
ASCC3 intron_variant
WRN intron_variant
CDKN2A 3_prime_UTR_variant
RXRA intron_variant
BMPR1A intron_variant
BMPR1A p.Val473=
CTNND1 intron_variant
KMT2A p.Ala927=
KRAS p.Gly12Asp
KMT2D intron_variant
KMT2D intron_variant
KMT2D intron_variant
KMT2D p.Gly2493=
POLE intron_variant
BRCA2 p.Gly1523=
BRCA2 p.Ser1982ArgfsTer22
BRCA2 p.Ser2414=
MLH3 p.Lys583=
MLH3 p.Leu542Ser
INO80 intron_variant
CDH1 intron_variant
TP53 p.Ter394TrpextTer9
TP53 p.Leu344Gln
TP53 intron_variant
TP53 p.Pro72Arg
TP53 intron_variant
CHD3 intron_variant
PER1 intron_variant
BRCA1 p.Ser694=
BRCA1 p.Asp693Asn
RNF43 p.Arg343His
RNF43 p.Ile47Val
GATA6 p.Phe115=
SMAD7 p.Arg200Gln
PTPRS intron_variant
PTPRS intron_variant
KMT2B p.Ser1851=
DNMT3B intron_variant
GNAS p.Pro150Ser
RTEL1 intron_variant
CHEK2 intron_variant
CHEK2 p.Glu84=
MED12 intron_variant
