Building DAG of jobs...
Using shell: /usr/bin/bash
Provided cores: 16
Rules claiming more threads will be scaled down.
Provided resources: mem_mb=1000, mem_mib=954, disk_mb=1000, disk_mib=954, mem_gb=16, time_min=238
Select jobs to execute...

[Fri Jul 19 13:17:01 2024]
rule fast_condor:
    input: condor_inputs/M07/character_bin_matrix.csv, condor_inputs/M07/alt_readcounts.csv, condor_inputs/M07/total_readcounts.csv, condor_inputs/M07/germline_mutations.txt, condor_inputs/M07/somatic_mutations.txt, /data/iacobuzc/haochen/Tapestri_main_manuscript_analysis/data_compiled/falcon_solutions/M07.unique_cn_clone_profiles.csv
    output: condor_outputs/M07/out_tree.newick, condor_outputs/pickle_files/M07_self.solT_cell
    log: condor_outputs/M07/condor_outputs.log, condor_outputs/M07/condor_outputs.err.log
    jobid: 0
    reason: Missing output files: condor_outputs/pickle_files/M07_self.solT_cell, condor_outputs/M07/out_tree.newick
    wildcards: patient=M07
    threads: 16
    resources: mem_mb=1000, mem_mib=954, disk_mb=1000, disk_mib=954, tmpdir=/scratch/lsftmp/8217039.tmpdir, mem_gb=16, time_min=238

Activating conda environment: condor
[Fri Jul 19 13:17:16 2024]
Finished job 0.
1 of 1 steps (100%) done
