Sender: LSF System <lsfadmin@ls13>
Subject: Job 8217245: <fast_condor.patient=M07> in cluster <lila> Exited

Job <fast_condor.patient=M07> was submitted from host <lu06> by user <zhangh5> in cluster <lila> at Fri Jul 19 13:25:33 2024
Job was executed on host(s) <16*ls13>, in queue <cpuqueue>, as user <zhangh5> in cluster <lila> at Fri Jul 19 13:25:35 2024
</home/zhangh5> was used as the home directory.
</lila/data/iacobuzc/haochen/condor_pipeline_trial> was used as the working directory.
Started at Fri Jul 19 13:25:35 2024
Terminated at Fri Jul 19 13:25:47 2024
Results reported at Fri Jul 19 13:25:47 2024

Your job looked like:

------------------------------------------------------------
# LSBATCH: User input
/lila/data/iacobuzc/haochen/condor_pipeline_trial/.snakemake/tmp.8wc02eyx/snakejob.fast_condor.26.sh
------------------------------------------------------------

Exited with exit code 1.

Resource usage summary:

    CPU time :                                   9.92 sec.
    Max Memory :                                 -
    Average Memory :                             -
    Total Requested Memory :                     16.00 GB
    Delta Memory :                               -
    Max Swap :                                   -
    Max Processes :                              6
    Max Threads :                                23
    Run time :                                   12 sec.
    Turnaround time :                            14 sec.

The output (if any) follows:



PS:

Read file <logs/cluster/fast_condor/patient=M07/jobid26_84b4ec48-0518-4683-a226-e37a133aacca.err> for stderr output of this job.

