Sender: LSF System <lsfadmin@lu05>
Subject: Job 8217241: <fast_condor.patient=M07> in cluster <lila> Exited

Job <fast_condor.patient=M07> was submitted from host <lu06> by user <zhangh5> in cluster <lila> at Fri Jul 19 13:25:06 2024
Job was executed on host(s) <4*lu05>, in queue <cpuqueue>, as user <zhangh5> in cluster <lila> at Fri Jul 19 13:25:08 2024
</home/zhangh5> was used as the home directory.
</lila/data/iacobuzc/haochen/condor_pipeline_trial> was used as the working directory.
Started at Fri Jul 19 13:25:08 2024
Terminated at Fri Jul 19 13:25:25 2024
Results reported at Fri Jul 19 13:25:25 2024

Your job looked like:

------------------------------------------------------------
# LSBATCH: User input
/lila/data/iacobuzc/haochen/condor_pipeline_trial/.snakemake/tmp.8wc02eyx/snakejob.fast_condor.26.sh
------------------------------------------------------------

Exited with exit code 1.

Resource usage summary:

    CPU time :                                   9.80 sec.
    Max Memory :                                 -
    Average Memory :                             -
    Total Requested Memory :                     4.00 GB
    Delta Memory :                               -
    Max Swap :                                   -
    Max Processes :                              6
    Max Threads :                                11
    Run time :                                   17 sec.
    Turnaround time :                            19 sec.

The output (if any) follows:



PS:

Read file <logs/cluster/fast_condor/patient=M07/jobid26_f4e2485b-370c-48b4-b356-3206638d1d67.err> for stderr output of this job.

