Sender: LSF System <lsfadmin@ls13>
Subject: Job 8217070: <generate_post_condor_sc_heatmaps.patient=RA16_08> in cluster <lila> Done

Job <generate_post_condor_sc_heatmaps.patient=RA16_08> was submitted from host <lt03> by user <zhangh5> in cluster <lila> at Fri Jul 19 13:17:52 2024
Job was executed on host(s) <4*ls13>, in queue <cpuqueue>, as user <zhangh5> in cluster <lila> at Fri Jul 19 13:17:54 2024
</home/zhangh5> was used as the home directory.
</lila/data/iacobuzc/haochen/condor_pipeline_trial> was used as the working directory.
Started at Fri Jul 19 13:17:54 2024
Terminated at Fri Jul 19 13:19:11 2024
Results reported at Fri Jul 19 13:19:11 2024

Your job looked like:

------------------------------------------------------------
# LSBATCH: User input
/lila/data/iacobuzc/haochen/condor_pipeline_trial/.snakemake/tmp.e3awy4tj/snakejob.generate_post_condor_sc_heatmaps.128.sh
------------------------------------------------------------

Successfully completed.

Resource usage summary:

    CPU time :                                   57.00 sec.
    Max Memory :                                 2 GB
    Average Memory :                             0.60 GB
    Total Requested Memory :                     32.00 GB
    Delta Memory :                               30.00 GB
    Max Swap :                                   -
    Max Processes :                              14
    Max Threads :                                73
    Run time :                                   77 sec.
    Turnaround time :                            79 sec.

The output (if any) follows:



PS:

Read file <logs/cluster/generate_post_condor_sc_heatmaps/patient=RA16_08/jobid128_1e658c67-b3bb-4114-9cba-17dfc144681c.err> for stderr output of this job.

