Sender: LSF System <lsfadmin@lt06>
Subject: Job 8217189: <generate_post_condor_sc_heatmaps.patient=TP11> in cluster <lila> Done

Job <generate_post_condor_sc_heatmaps.patient=TP11> was submitted from host <lu06> by user <zhangh5> in cluster <lila> at Fri Jul 19 13:23:48 2024
Job was executed on host(s) <4*lt06>, in queue <cpuqueue>, as user <zhangh5> in cluster <lila> at Fri Jul 19 13:23:50 2024
</home/zhangh5> was used as the home directory.
</lila/data/iacobuzc/haochen/condor_pipeline_trial> was used as the working directory.
Started at Fri Jul 19 13:23:50 2024
Terminated at Fri Jul 19 13:24:46 2024
Results reported at Fri Jul 19 13:24:46 2024

Your job looked like:

------------------------------------------------------------
# LSBATCH: User input
/lila/data/iacobuzc/haochen/condor_pipeline_trial/.snakemake/tmp.8wc02eyx/snakejob.generate_post_condor_sc_heatmaps.137.sh
------------------------------------------------------------

Successfully completed.

Resource usage summary:

    CPU time :                                   26.00 sec.
    Max Memory :                                 1 GB
    Average Memory :                             0.03 GB
    Total Requested Memory :                     32.00 GB
    Delta Memory :                               31.00 GB
    Max Swap :                                   -
    Max Processes :                              14
    Max Threads :                                72
    Run time :                                   57 sec.
    Turnaround time :                            58 sec.

The output (if any) follows:



PS:

Read file <logs/cluster/generate_post_condor_sc_heatmaps/patient=TP11/jobid137_12770c36-1bc8-46bb-9096-3bbb1ffdbc94.err> for stderr output of this job.

