            sample cell_barcode  clone_id
0     RA19_21-31_1       cell_1         4
1     RA19_21-31_1      cell_10         5
2     RA19_21-31_1     cell_100         0
3     RA19_21-31_1    cell_1000         4
4     RA19_21-31_1    cell_1001         0
...            ...          ...       ...
7253  RA18_18-11_1     cell_995         5
7254  RA18_18-11_1     cell_996         5
7255  RA18_18-11_1     cell_997         5
7256  RA18_18-11_1     cell_998         5
7257  RA18_18-11_1     cell_999         5

[7258 rows x 3 columns]
[INFO] Using H5: /data/iacobuzc/haochen/Tapestri_main_manuscript_analysis/data_compiled/fillout_h5/RA19_21.patient_wide.genotyped.h5
Loading, /data/iacobuzc/haochen/Tapestri_main_manuscript_analysis/data_compiled/fillout_h5/RA19_21.patient_wide.genotyped.h5
Loaded in 0.6s.
(6035, 484)

    germline: 37
    somatic: 6
    total: 44
(6035, 44)
(6035, 44)
Index(['cell_1-RA19_21-31_1', 'cell_10-RA19_21-31_1', 'cell_100-RA19_21-31_1',
       'cell_1000-RA19_21-31_1', 'cell_1001-RA19_21-31_1',
       'cell_1002-RA19_21-31_1', 'cell_1003-RA19_21-31_1',
       'cell_1004-RA19_21-31_1', 'cell_1005-RA19_21-31_1',
       'cell_1006-RA19_21-31_1',
       ...
       'cell_990-RA19_21-panc_head', 'cell_991-RA19_21-panc_head',
       'cell_992-RA19_21-panc_head', 'cell_993-RA19_21-panc_head',
       'cell_994-RA19_21-panc_head', 'cell_995-RA19_21-panc_head',
       'cell_996-RA19_21-panc_head', 'cell_997-RA19_21-panc_head',
       'cell_998-RA19_21-panc_head', 'cell_999-RA19_21-panc_head'],
      dtype='object', name='cell_barcode', length=6035)
0          RA19_21-31_1:cell_1
1         RA19_21-31_1:cell_10
2        RA19_21-31_1:cell_100
3       RA19_21-31_1:cell_1000
4       RA19_21-31_1:cell_1001
                 ...          
7253     RA18_18-11_1:cell_995
7254     RA18_18-11_1:cell_996
7255     RA18_18-11_1:cell_997
7256     RA18_18-11_1:cell_998
7257     RA18_18-11_1:cell_999
Name: cell_barcode, Length: 7258, dtype: object
clone_id
4    3528
5    1623
1     996
0     669
3     441
2       1
Name: count, dtype: int64
clone_id
4    3528
1     955
0     669
5     442
3     440
2       1
Name: count, dtype: int64
[4, 5, 0, 1, 3, 2]
