[WARNING] subclonal mutations file not found. Proceeding without automatic subclonal mutation selection & refinement.
n = 4977, m = 41, p = 7
Set parameter WLSAccessID
Set parameter WLSSecret
Set parameter LicenseID to value 2416028
Academic license 2416028 - for non-commercial use only - registered to zh___@mskcc.org
Set parameter Threads to value 1
Set parameter Method to value 4
Set parameter IntFeasTol to value 1e-06
Gurobi Optimizer version 10.0.3 build v10.0.3rc0 (linux64)

CPU model: Intel(R) Xeon(R) Platinum 8352Y CPU @ 2.20GHz, instruction set [SSE2|AVX|AVX2|AVX512]
Thread count: 64 physical cores, 128 logical processors, using up to 1 threads

Academic license 2416028 - for non-commercial use only - registered to zh___@mskcc.org
Optimize a model with 163472 rows, 28618 columns and 491308 nonzeros
Model fingerprint: 0x16052fc6
Variable types: 27470 continuous, 1148 integer (1148 binary)
Coefficient statistics:
  Matrix range     [1e+00, 1e+00]
  Objective range  [4e+01, 2e+04]
  Bounds range     [1e+00, 1e+00]
  RHS range        [1e+00, 2e+00]
Presolve removed 70430 rows and 15282 columns
Presolve time: 0.76s
Presolved: 93042 rows, 13336 columns, 278961 nonzeros
Variable types: 12645 continuous, 691 integer (691 binary)
Found heuristic solution: objective -624894.7928
Root relaxation presolved: 13336 rows, 106378 columns, 292297 nonzeros


Root relaxation: objective -5.519918e+05, 10898 iterations, 0.39 seconds (0.37 work units)

    Nodes    |    Current Node    |     Objective Bounds      |     Work
 Expl Unexpl |  Obj  Depth IntInf | Incumbent    BestBd   Gap | It/Node Time

*    0     0               0    -551991.8199 -551991.82  0.00%     -    1s

Explored 1 nodes (10898 simplex iterations) in 1.35 seconds (1.65 work units)
Thread count was 1 (of 128 available processors)

Solution count 2: -551992 -624895 
No other solutions better than -551992

Optimal solution found (tolerance 1.00e-04)
Best objective -5.519918198889e+05, best bound -5.519918198889e+05, gap 0.0000%
root
chr2:25457221:A/G_1
chr2:25457221:A/G_2
chr18:48593507:C/T_1
chr18:48593507:C/T_3
chr17:7577427:G/A_2
chr12:25398284:C/A_1
chr6:157528197:C/T_2
chr3:52637486:C/G_2
chr9:101908915:G/A_3
chr1:27106312:GAT/G_1
chr17:7577407:A/C_2
chr17:7578524:G/C_3
chr8:30933859:C/T_3
chr3:30713126:T/A_3
chr20:62303825:C/T_1
chr17:7578524:G/C_1
chr13:25052420:T/A_3
chr13:25052261:C/T_3
0
[]
1
[]
2
[]
3
[]
4
[]
5
[]
6
[]
cluster_id
2    1057
4     846
3     826
5     813
6     779
0     383
1     273
Name: count, dtype: int64
subclusters [2, 3, 5, 4]
chr17:7578524:G/C_1 34
chr20:62303825:C/T_1 12
chr1:27106312:GAT/G_1 59
chr18:48593507:C/T_1 565
chr12:25398284:C/A_1 560
chr2:25457221:A/G_1 2312
Node 0: 383
Node 1: 273
Node 2: 1057
Node 3: 826
Node 4: 846
Node 5: 813
Node 6: 779
Node chr17:7578524:G/C_1: 34
Node chr20:62303825:C/T_1: 12
Node chr1:27106312:GAT/G_1: 59
Node chr18:48593507:C/T_1: 565
Node chr12:25398284:C/A_1: 560
Node chr2:25457221:A/G_1: 2312
total cells 4977
[('root', 0)]
