Sender: LSF System <lsfadmin@lt08>
Subject: Job 8217041: <generate_ete_trees.patient=M13> in cluster <lila> Done

Job <generate_ete_trees.patient=M13> was submitted from host <lt03> by user <zhangh5> in cluster <lila> at Fri Jul 19 13:17:03 2024
Job was executed on host(s) <4*lt08>, in queue <cpuqueue>, as user <zhangh5> in cluster <lila> at Fri Jul 19 13:17:06 2024
</home/zhangh5> was used as the home directory.
</lila/data/iacobuzc/haochen/condor_pipeline_trial> was used as the working directory.
Started at Fri Jul 19 13:17:06 2024
Terminated at Fri Jul 19 13:17:40 2024
Results reported at Fri Jul 19 13:17:40 2024

Your job looked like:

------------------------------------------------------------
# LSBATCH: User input
/lila/data/iacobuzc/haochen/condor_pipeline_trial/.snakemake/tmp.e3awy4tj/snakejob.generate_ete_trees.77.sh
------------------------------------------------------------

Successfully completed.

Resource usage summary:

    CPU time :                                   15.62 sec.
    Max Memory :                                 -
    Average Memory :                             -
    Total Requested Memory :                     32.00 GB
    Delta Memory :                               -
    Max Swap :                                   -
    Max Processes :                              6
    Max Threads :                                11
    Run time :                                   35 sec.
    Turnaround time :                            37 sec.

The output (if any) follows:



PS:

Read file <logs/cluster/generate_ete_trees/patient=M13/jobid77_afd20488-f945-4cbf-9f55-60d6c21027c9.err> for stderr output of this job.

