chr17:7577427:G/A
chr12:25380278:A/T
chr1:46521517:G/A
chr17:7579472:G/C
chr20:62303794:G/A
chr13:28883061:G/A
chr17:56438154:G/T
chr13:32929232:A/G
chr16:347184:A/G
chr6:52149594:G/A
chr17:56448297:C/T
chr1:163298548:T/C
chr17:37881703:G/T
chr17:56492800:T/C
chr12:49424235:G/T
chr1:46521559:A/T
chr13:25052261:C/T
chr22:29130300:C/T
chr3:189604149:T/G
chr3:52637486:C/G
chr14:75508248:T/C
chr9:101908915:G/A
chr12:49434074:C/A
chr17:7579801:G/C
chr1:27106355:G/C
chr12:49424232:G/A
chr8:128750707:T/TC
chr13:25052420:T/A
chr13:32936733:A/T
chr12:49424234:G/A
chr4:153247071:G/C
chr1:39781300:A/G
chrX:153581502:G/A
chr1:11734709:C/T
chr12:25380277:G/T
chr2:148657117:G/A
chr12:49424233:G/A
chr1:11308037:A/G
chr17:7577407:A/C
chr8:56860113:T/C
301     0
2196    0
2145    0
1702    0
1710    0
       ..
67      4
5111    4
5112    4
5113    4
15      4
Name: cluster_id, Length: 5114, dtype: int64
check
Index(['MTOR p.Phe319Leu', 'MAD2L2 3_prime_UTR_variant', 'ARID1A p.Arg1989Pro',
       'MACF1 p.Glu1166Gly', 'PIK3R3 p.Ser297=', 'PIK3R3 p.Asn283Lys',
       'NUF2 intron_variant', 'ACVR2A p.Pro118=', 'PBRM1 intron_variant',
       'TP63 intron_variant', 'FBXW7 intron_variant',
       'MCM3 2kb_upstream_variant', 'LYN intron_variant',
       'MYC p.Gly83ArgfsTer175', 'TGFBR1 intron_variant', 'KRAS p.Gln61Lys',
       'KRAS p.Gly60=', 'KMT2D intron_variant', 'KMT2D intron_variant',
       'KMT2D intron_variant', 'KMT2D intron_variant', 'KMT2D p.Gly2493=',
       'PARP4 p.Ser534=', 'PARP4 intron_variant', 'FLT1 p.Tyr1213=',
       'BRCA2 p.Ser2414=', 'BRCA2 p.Ile2627Phe', 'MLH3 intron_variant',
       'AXIN1 p.Ala609=', 'TP53 intron_variant', 'TP53 intron_variant',
       'TP53 p.Pro72Arg', 'TP53 intron_variant', 'ERBB2 intron_variant',
       'RNF43 p.Ser280Tyr', 'RNF43 p.Arg117His', 'RNF43 p.Ile47Val',
       'RTEL1 intron_variant', 'CHEK2 intron_variant', 'FLNA p.Ala2031='],
      dtype='object')
==============
{'chr20:31387954:C/G': 'DNMT3B intron_variant', 'chr11:107879887:G/C': 'CUL5 5_prime_UTR_variant', 'chr17:7578115:T/C': 'TP53 intron_variant', 'chr11:65481166:T/C': 'KAT5 intron_variant', 'chr4:187538942:T/G': 'FAT1 p.Gln2933Pro', 'chr10:131506283:C/T': 'MGMT p.Leu84Phe', 'chr10:131506192:C/T': 'MGMT p.Leu53=', 'chr7:2962753:G/A': 'CARD11 intron_variant', 'chr1:226578099:T/C': 'PARP1 intron_variant', 'chr17:73627565:A/G': 'RECQL5 p.Tyr471=', 'chr12:25368462:C/T': 'KRAS p.Arg161=', 'chr11:94170484:TTC/T': 'MRE11 intron_variant', 'chr17:7577407:A/C': 'TP53 intron_variant', 'chr17:7577427:G/A': 'TP53 intron_variant', 'chr19:5219829:T/G': 'PTPRS intron_variant', 'chr19:5219803:T/C': 'PTPRS intron_variant', 'chr13:32936733:A/T': 'BRCA2 p.Ile2627Phe', 'chr6:80751780:G/A': 'TTK intron_variant', 'chr1:46521517:G/A': 'PIK3R3 p.Ser297=', 'chr12:49434074:C/A': 'KMT2D p.Gly2493=', 'chr1:46521559:A/T': 'PIK3R3 p.Asn283Lys', 'chr17:37881703:G/T': 'ERBB2 intron_variant', 'chr6:52149594:G/A': 'MCM3 2kb_upstream_variant', 'chr8:30933859:C/T': 'WRN intron_variant', 'chr9:101908915:G/A': 'TGFBR1 intron_variant', 'chr20:62303794:G/A': 'RTEL1 intron_variant', 'chr14:75508248:T/C': 'MLH3 intron_variant', 'chr1:91859795:T/C': 'HFM1 p.Ile117Val', 'chr13:25052261:C/T': 'PARP4 p.Ser534=', 'chr13:25052420:T/A': 'PARP4 intron_variant', 'chr8:56860113:T/C': 'LYN intron_variant', 'chr16:347184:A/G': 'AXIN1 p.Ala609=', 'chr5:38953665:G/GA': 'RICTOR intron_variant', 'chr17:56448297:C/T': 'RNF43 p.Arg117His', 'chr3:189604149:T/G': 'TP63 intron_variant', 'chr17:56492800:T/C': 'RNF43 p.Ile47Val', 'chr1:163298548:T/C': 'NUF2 intron_variant', 'chr13:32929232:A/G': 'BRCA2 p.Ser2414=', 'chr2:148657117:G/A': 'ACVR2A p.Pro118=', 'chr13:28883061:G/A': 'FLT1 p.Tyr1213=', 'chr11:65631167:C/T': 'MUS81 p.Ala312=', 'chr4:153247071:G/C': 'FBXW7 intron_variant', 'chr22:29130300:C/T': 'CHEK2 intron_variant', 'chr3:52637486:C/G': 'PBRM1 intron_variant', 'chr1:158612236:A/G': 'SPTA1 p.Cys1568Arg', 'chr11:64572557:A/G': 'MEN1 p.His433=', 'chr19:1220321:T/C': 'STK11 intron_variant', 'chr17:7579472:G/C': 'TP53 p.Pro72Arg', 'chr11:64572602:G/A': 'MEN1 p.Asp418=', 'chr17:7579801:G/C': 'TP53 intron_variant', 'chr13:32913055:A/G': 'BRCA2 p.Leu1521=', 'chr22:50728062:T/C': 'PLXNB2 p.Lys318Glu', 'chr7:151935730:T/C': 'KMT2C intron_variant', 'chr18:48584855:A/ATT': 'SMAD4 intron_variant', 'chr12:49424235:G/A': 'KMT2D intron_variant', 'chr15:67459013:C/T': 'SMAD3 intron_variant', 'chr1:27106355:G/C': 'ARID1A p.Arg1989Pro', 'chr12:25380277:G/T': 'KRAS p.Gln61Lys', 'chr12:25380278:A/T': 'KRAS p.Gly60=', 'chr4:96035796:GAC/G': 'BMPR1B intron_variant', 'chr17:7579896:G/A': 'TP53 p.Ser6Leu', 'chr7:154760608:TCTG/T': 'PAXIP1 p.Gln434del', 'chr8:128750707:T/TC': 'MYC p.Gly83ArgfsTer175', 'chr5:38953665:G/GAA': 'RICTOR intron_variant', 'chr4:96073753:AAAT/A': 'BMPR1B intron_variant', 'chr11:92577070:T/C': 'FAT3 intron_variant', 'chr18:48584804:G/T': 'SMAD4 p.Met294Ile', 'chr12:49424234:G/A': 'KMT2D intron_variant', 'chr17:56438154:G/T': 'RNF43 p.Ser280Tyr', 'chr12:49424235:G/T': 'KMT2D intron_variant', 'chr12:49424233:G/A': 'KMT2D intron_variant', 'chr12:49424232:G/A': 'KMT2D intron_variant', 'chr1:11734709:C/T': 'MAD2L2 3_prime_UTR_variant', 'chrX:153581502:G/A': 'FLNA p.Ala2031=', 'chr1:39781300:A/G': 'MACF1 p.Glu1166Gly', 'chr1:11308037:A/G': 'MTOR p.Phe319Leu'}
==============
MTOR p.Phe319Leu
MAD2L2 3_prime_UTR_variant
ARID1A p.Arg1989Pro
MACF1 p.Glu1166Gly
PIK3R3 p.Ser297=
PIK3R3 p.Asn283Lys
NUF2 intron_variant
ACVR2A p.Pro118=
PBRM1 intron_variant
TP63 intron_variant
FBXW7 intron_variant
MCM3 2kb_upstream_variant
LYN intron_variant
MYC p.Gly83ArgfsTer175
TGFBR1 intron_variant
KRAS p.Gln61Lys
KRAS p.Gly60=
KMT2D intron_variant
KMT2D intron_variant
KMT2D intron_variant
KMT2D intron_variant
KMT2D p.Gly2493=
PARP4 p.Ser534=
PARP4 intron_variant
FLT1 p.Tyr1213=
BRCA2 p.Ser2414=
BRCA2 p.Ile2627Phe
MLH3 intron_variant
AXIN1 p.Ala609=
TP53 intron_variant
TP53 intron_variant
TP53 p.Pro72Arg
TP53 intron_variant
ERBB2 intron_variant
RNF43 p.Ser280Tyr
RNF43 p.Arg117His
RNF43 p.Ile47Val
RTEL1 intron_variant
CHEK2 intron_variant
FLNA p.Ala2031=
