chr7:2962753:G/A
chr1:16246018:C/T
chr22:29130300:C/T
chr13:28883061:G/A
chr1:158612236:A/G
chr1:11205058:C/T
chr19:36222968:A/C
chr12:25362777:A/G
chr17:7579472:G/C
chr1:226578099:T/C
chr2:25463236:A/C
chr16:347257:G/T
chr6:80751780:G/A
chr1:11288758:G/A
chr8:30933859:C/T
chr1:11308054:A/G
chr1:6257826:T/C
chr16:89858759:C/T
chr17:56448321:A/G
chr9:8465598:A/G
chr5:38953665:G/GA
chr16:347184:A/G
chr1:163298548:T/C
chr18:48604701:G/A
chr15:59322941:T/A
chr6:31860118:G/A
chr12:25398284:C/T
chr20:31387954:C/G
chr17:7576501:G/A
chr1:91859801:A/G
chr3:178935943:C/T
6042    0
5915    0
5874    0
1266    0
1267    0
       ..
6       4
1       4
1306    4
53      4
1305    4
Name: cluster_id, Length: 6340, dtype: int64
check
Index(['RPL22 intron_variant', 'MTOR p.Ala1577=', 'MTOR p.Asn999=',
       'MTOR p.Ile313Thr', 'SPEN intron_variant', 'HFM1 p.Ser115Pro',
       'SPTA1 p.Cys1568Arg', 'NUF2 intron_variant', 'PARP1 intron_variant',
       'DNMT3A p.Trp753Gly', 'PIK3CA intron_variant', 'RICTOR intron_variant',
       'EHMT2 intron_variant', 'TTK intron_variant', 'CARD11 intron_variant',
       'WRN intron_variant', 'PTPRD p.Ala1194=', 'KRAS 3_prime_UTR_variant',
       'KRAS p.Gly12Asp', 'FLT1 p.Tyr1213=', 'RNF111 intron_variant',
       'AXIN1 p.Ala609=', 'AXIN1 intron_variant', 'FANCA intron_variant',
       'TP53 intron_variant', 'TP53 p.Pro72Arg', 'RNF43 p.Leu109Pro',
       'SMAD4 p.Gly508Asp', 'KMT2B p.Lys1866Thr', 'DNMT3B intron_variant',
       'CHEK2 intron_variant'],
      dtype='object')
==============
{'chr1:46521517:G/A': 'PIK3R3 p.Ser297=', 'chr1:46521559:A/T': 'PIK3R3 p.Asn283Lys', 'chr17:7578115:T/C': 'TP53 intron_variant', 'chr11:107879887:G/C': 'CUL5 5_prime_UTR_variant', 'chr4:187538942:T/G': 'FAT1 p.Gln2933Pro', 'chr2:148657117:G/A': 'ACVR2A p.Pro118=', 'chr12:49434074:C/A': 'KMT2D p.Gly2493=', 'chr12:25368462:C/T': 'KRAS p.Arg161=', 'chr1:16246018:C/T': 'SPEN intron_variant', 'chr15:89858602:T/C': 'FANCI p.Gly1302=', 'chr20:31387954:C/G': 'DNMT3B intron_variant', 'chr6:31860118:G/A': 'EHMT2 intron_variant', 'chr17:73627565:A/G': 'RECQL5 p.Tyr471=', 'chr1:6257826:T/C': 'RPL22 intron_variant', 'chr9:8465598:A/G': 'PTPRD p.Ala1194=', 'chr1:11288758:G/A': 'MTOR p.Asn999=', 'chr1:91859795:T/C': 'HFM1 p.Ile117Val', 'chr13:28883061:G/A': 'FLT1 p.Tyr1213=', 'chr16:89858759:C/T': 'FANCA intron_variant', 'chr6:80751780:G/A': 'TTK intron_variant', 'chr3:178935943:C/T': 'PIK3CA intron_variant', 'chr7:2962753:G/A': 'CARD11 intron_variant', 'chr16:347184:A/G': 'AXIN1 p.Ala609=', 'chr16:347257:G/T': 'AXIN1 intron_variant', 'chr22:29130300:C/T': 'CHEK2 intron_variant', 'chr1:226578099:T/C': 'PARP1 intron_variant', 'chr1:163298548:T/C': 'NUF2 intron_variant', 'chr5:38953665:G/GA': 'RICTOR intron_variant', 'chr17:7576501:G/A': 'TP53 intron_variant', 'chr11:65631167:C/T': 'MUS81 p.Ala312=', 'chr1:158612236:A/G': 'SPTA1 p.Cys1568Arg', 'chr8:30933859:C/T': 'WRN intron_variant', 'chr12:25362777:A/G': 'KRAS 3_prime_UTR_variant', 'chr15:41275014:T/G': 'INO80 intron_variant', 'chr18:48584855:AT/A': 'SMAD4 intron_variant', 'chr1:11205058:C/T': 'MTOR p.Ala1577=', 'chr1:91859801:A/G': 'HFM1 p.Ser115Pro', 'chr7:151935730:T/C': 'KMT2C intron_variant', 'chr17:7579472:G/C': 'TP53 p.Pro72Arg', 'chr22:50727921:T/C': 'PLXNB2 intron_variant', 'chr22:50728062:T/C': 'PLXNB2 p.Lys318Glu', 'chr14:105242966:T/C': 'AKT1 intron_variant', 'chr18:48604701:G/A': 'SMAD4 p.Gly508Asp', 'chr12:25398284:C/T': 'KRAS p.Gly12Asp', 'chr4:96035796:GAC/G': 'BMPR1B intron_variant', 'chr17:56448321:A/G': 'RNF43 p.Leu109Pro', 'chr5:68667298:G/T': 'RAD17 5_prime_UTR_variant', 'chr9:101911436:A/AT': 'TGFBR1 intron_variant', 'chr18:48584804:G/T': 'SMAD4 p.Met294Ile', 'chr11:92577070:T/C': 'FAT3 intron_variant', 'chr5:38953665:G/GAA': 'RICTOR intron_variant', 'chr18:48584855:ATT/A': 'SMAD4 intron_variant', 'chr20:46279895:A/G': 'NCOA3 p.Gln1274Arg', 'chr20:46279839:G/A': 'NCOA3 p.Gln1255=', 'chr2:25463236:A/C': 'DNMT3A p.Trp753Gly', 'chr14:75508280:GA/G': 'MLH3 intron_variant', 'chr1:11308054:A/G': 'MTOR p.Ile313Thr', 'chr17:8049758:TAGG/T': 'PER1 p.Ser656del', 'chr19:36222968:A/C': 'KMT2B p.Lys1866Thr', 'chr3:10085351:C/T': 'FANCD2 intron_variant', 'chr15:67473662:T/G': 'SMAD3 p.Phe248Val', 'chr15:59322941:T/A': 'RNF111 intron_variant'}
==============
RPL22 intron_variant
MTOR p.Ala1577=
MTOR p.Asn999=
MTOR p.Ile313Thr
SPEN intron_variant
HFM1 p.Ser115Pro
SPTA1 p.Cys1568Arg
NUF2 intron_variant
PARP1 intron_variant
DNMT3A p.Trp753Gly
PIK3CA intron_variant
RICTOR intron_variant
EHMT2 intron_variant
TTK intron_variant
CARD11 intron_variant
WRN intron_variant
PTPRD p.Ala1194=
KRAS 3_prime_UTR_variant
KRAS p.Gly12Asp
FLT1 p.Tyr1213=
RNF111 intron_variant
AXIN1 p.Ala609=
AXIN1 intron_variant
FANCA intron_variant
TP53 intron_variant
TP53 p.Pro72Arg
RNF43 p.Leu109Pro
SMAD4 p.Gly508Asp
KMT2B p.Lys1866Thr
DNMT3B intron_variant
CHEK2 intron_variant
