            sample cell_barcode  clone_id
0          TP12-1T       cell_1         1
1          TP12-1T      cell_10         5
2          TP12-1T     cell_100         5
3          TP12-1T    cell_1000         1
4          TP12-1T    cell_1001         5
...            ...          ...       ...
8955  RA18_18-11_1     cell_742         4
8956  RA18_18-11_1     cell_824         4
8957  RA18_18-11_1     cell_885         4
8958  RA18_18-11_1     cell_539         0
8959  RA18_18-11_1    cell_1145         0

[8960 rows x 3 columns]
Found H5: TP12.patient_wide.genotyped.h5
Loading, /home/zhangh5/work/Tapestri_batch2/batch2_data_compiled/SNV_FILLOUT_results/TP12/TP12.patient_wide.genotyped.h5
Loaded in 0.7s.
(7737, 412)

    germline: 33
    somatic: 4
    total: 43
(7737, 43)
(7737, 43)
Index(['cell_1-TP12-1T', 'cell_10-TP12-1T', 'cell_100-TP12-1T',
       'cell_1000-TP12-1T', 'cell_1001-TP12-1T', 'cell_1002-TP12-1T',
       'cell_1003-TP12-1T', 'cell_1004-TP12-1T', 'cell_1005-TP12-1T',
       'cell_1006-TP12-1T',
       ...
       'cell_990-TP12-4T', 'cell_991-TP12-4T', 'cell_992-TP12-4T',
       'cell_993-TP12-4T', 'cell_994-TP12-4T', 'cell_995-TP12-4T',
       'cell_996-TP12-4T', 'cell_997-TP12-4T', 'cell_998-TP12-4T',
       'cell_999-TP12-4T'],
      dtype='object', name='cell_barcode', length=7737)
0               TP12-1T:cell_1
1              TP12-1T:cell_10
2             TP12-1T:cell_100
3            TP12-1T:cell_1000
4            TP12-1T:cell_1001
                 ...          
8955     RA18_18-11_1:cell_742
8956     RA18_18-11_1:cell_824
8957     RA18_18-11_1:cell_885
8958     RA18_18-11_1:cell_539
8959    RA18_18-11_1:cell_1145
Name: cell_barcode, Length: 8960, dtype: object
6    2413
5    1922
1    1522
2    1147
0     826
3     733
4     397
Name: clone_id, dtype: int64
{'1T', '4T'} (8960, 2)
6    2413
5    1922
1    1522
2    1147
3     733
Name: clone_id, dtype: int64
[1, 5, 2, 3, 6]
