Sender: LSF System <lsfadmin@ls16>
Subject: Job 8217067: <generate_post_condor_sc_heatmaps.patient=M12> in cluster <lila> Done

Job <generate_post_condor_sc_heatmaps.patient=M12> was submitted from host <lt03> by user <zhangh5> in cluster <lila> at Fri Jul 19 13:17:42 2024
Job was executed on host(s) <4*ls16>, in queue <cpuqueue>, as user <zhangh5> in cluster <lila> at Fri Jul 19 13:17:43 2024
</home/zhangh5> was used as the home directory.
</lila/data/iacobuzc/haochen/condor_pipeline_trial> was used as the working directory.
Started at Fri Jul 19 13:17:43 2024
Terminated at Fri Jul 19 13:18:53 2024
Results reported at Fri Jul 19 13:18:53 2024

Your job looked like:

------------------------------------------------------------
# LSBATCH: User input
/lila/data/iacobuzc/haochen/condor_pipeline_trial/.snakemake/tmp.e3awy4tj/snakejob.generate_post_condor_sc_heatmaps.124.sh
------------------------------------------------------------

Successfully completed.

Resource usage summary:

    CPU time :                                   34.00 sec.
    Max Memory :                                 1 GB
    Average Memory :                             0.11 GB
    Total Requested Memory :                     32.00 GB
    Delta Memory :                               31.00 GB
    Max Swap :                                   -
    Max Processes :                              14
    Max Threads :                                70
    Run time :                                   71 sec.
    Turnaround time :                            71 sec.

The output (if any) follows:



PS:

Read file <logs/cluster/generate_post_condor_sc_heatmaps/patient=M12/jobid124_083bc62c-f279-41ea-9892-7aa13dd9f570.err> for stderr output of this job.

