Sender: LSF System <lsfadmin@lt06>
Subject: Job 8217258: <generate_ete_trees.patient=RA20_05> in cluster <lila> Done

Job <generate_ete_trees.patient=RA20_05> was submitted from host <lu06> by user <zhangh5> in cluster <lila> at Fri Jul 19 13:25:39 2024
Job was executed on host(s) <4*lt06>, in queue <cpuqueue>, as user <zhangh5> in cluster <lila> at Fri Jul 19 13:25:42 2024
</home/zhangh5> was used as the home directory.
</lila/data/iacobuzc/haochen/condor_pipeline_trial> was used as the working directory.
Started at Fri Jul 19 13:25:42 2024
Terminated at Fri Jul 19 13:26:05 2024
Results reported at Fri Jul 19 13:26:05 2024

Your job looked like:

------------------------------------------------------------
# LSBATCH: User input
/lila/data/iacobuzc/haochen/condor_pipeline_trial/.snakemake/tmp.8wc02eyx/snakejob.generate_ete_trees.87.sh
------------------------------------------------------------

Successfully completed.

Resource usage summary:

    CPU time :                                   13.79 sec.
    Max Memory :                                 -
    Average Memory :                             -
    Total Requested Memory :                     32.00 GB
    Delta Memory :                               -
    Max Swap :                                   -
    Max Processes :                              7
    Max Threads :                                11
    Run time :                                   23 sec.
    Turnaround time :                            26 sec.

The output (if any) follows:



PS:

Read file <logs/cluster/generate_ete_trees/patient=RA20_05/jobid87_e43f1921-6481-41a6-87b5-87d068752b85.err> for stderr output of this job.

