Sender: LSF System <lsfadmin@lx10>
Subject: Job 8217214: <generate_pre_condor_sc_heatmaps.patient=RA15_16> in cluster <lila> Done

Job <generate_pre_condor_sc_heatmaps.patient=RA15_16> was submitted from host <lu06> by user <zhangh5> in cluster <lila> at Fri Jul 19 13:23:59 2024
Job was executed on host(s) <4*lx10>, in queue <cpuqueue>, as user <zhangh5> in cluster <lila> at Fri Jul 19 13:24:01 2024
</home/zhangh5> was used as the home directory.
</lila/data/iacobuzc/haochen/condor_pipeline_trial> was used as the working directory.
Started at Fri Jul 19 13:24:01 2024
Terminated at Fri Jul 19 13:24:51 2024
Results reported at Fri Jul 19 13:24:51 2024

Your job looked like:

------------------------------------------------------------
# LSBATCH: User input
/lila/data/iacobuzc/haochen/condor_pipeline_trial/.snakemake/tmp.8wc02eyx/snakejob.generate_pre_condor_sc_heatmaps.103.sh
------------------------------------------------------------

Successfully completed.

Resource usage summary:

    CPU time :                                   35.00 sec.
    Max Memory :                                 1 GB
    Average Memory :                             0.04 GB
    Total Requested Memory :                     32.00 GB
    Delta Memory :                               31.00 GB
    Max Swap :                                   -
    Max Processes :                              14
    Max Threads :                                72
    Run time :                                   50 sec.
    Turnaround time :                            52 sec.

The output (if any) follows:



PS:

Read file <logs/cluster/generate_pre_condor_sc_heatmaps/patient=RA15_16/jobid103_31e48c5f-2fad-4050-8f0e-911f63d8e745.err> for stderr output of this job.

