Sender: LSF System <lsfadmin@ls09>
Subject: Job 8217009: <generate_pre_condor_sc_heatmaps.patient=RA15_16> in cluster <lila> Done

Job <generate_pre_condor_sc_heatmaps.patient=RA15_16> was submitted from host <lt03> by user <zhangh5> in cluster <lila> at Fri Jul 19 13:14:42 2024
Job was executed on host(s) <4*ls09>, in queue <cpuqueue>, as user <zhangh5> in cluster <lila> at Fri Jul 19 13:14:44 2024
</home/zhangh5> was used as the home directory.
</lila/data/iacobuzc/haochen/condor_pipeline_trial> was used as the working directory.
Started at Fri Jul 19 13:14:44 2024
Terminated at Fri Jul 19 13:15:56 2024
Results reported at Fri Jul 19 13:15:56 2024

Your job looked like:

------------------------------------------------------------
# LSBATCH: User input
/lila/data/iacobuzc/haochen/condor_pipeline_trial/.snakemake/tmp.e3awy4tj/snakejob.generate_pre_condor_sc_heatmaps.103.sh
------------------------------------------------------------

Successfully completed.

Resource usage summary:

    CPU time :                                   28.00 sec.
    Max Memory :                                 1 GB
    Average Memory :                             0.03 GB
    Total Requested Memory :                     32.00 GB
    Delta Memory :                               31.00 GB
    Max Swap :                                   -
    Max Processes :                              14
    Max Threads :                                73
    Run time :                                   73 sec.
    Turnaround time :                            74 sec.

The output (if any) follows:



PS:

Read file <logs/cluster/generate_pre_condor_sc_heatmaps/patient=RA15_16/jobid103_619cd1c8-65f7-4b1b-8f2c-f69b4e78930f.err> for stderr output of this job.

