Sender: LSF System <lsfadmin@ls08>
Subject: Job 8217062: <generate_post_condor_sc_heatmaps.patient=BPA-3> in cluster <lila> Done

Job <generate_post_condor_sc_heatmaps.patient=BPA-3> was submitted from host <lt03> by user <zhangh5> in cluster <lila> at Fri Jul 19 13:17:39 2024
Job was executed on host(s) <4*ls08>, in queue <cpuqueue>, as user <zhangh5> in cluster <lila> at Fri Jul 19 13:17:42 2024
</home/zhangh5> was used as the home directory.
</lila/data/iacobuzc/haochen/condor_pipeline_trial> was used as the working directory.
Started at Fri Jul 19 13:17:42 2024
Terminated at Fri Jul 19 13:18:53 2024
Results reported at Fri Jul 19 13:18:53 2024

Your job looked like:

------------------------------------------------------------
# LSBATCH: User input
/lila/data/iacobuzc/haochen/condor_pipeline_trial/.snakemake/tmp.e3awy4tj/snakejob.generate_post_condor_sc_heatmaps.142.sh
------------------------------------------------------------

Successfully completed.

Resource usage summary:

    CPU time :                                   36.00 sec.
    Max Memory :                                 1 GB
    Average Memory :                             0.16 GB
    Total Requested Memory :                     32.00 GB
    Delta Memory :                               31.00 GB
    Max Swap :                                   -
    Max Processes :                              14
    Max Threads :                                73
    Run time :                                   73 sec.
    Turnaround time :                            74 sec.

The output (if any) follows:



PS:

Read file <logs/cluster/generate_post_condor_sc_heatmaps/patient=BPA-3/jobid142_bffa4519-801a-4b08-b01a-da3e83f445a9.err> for stderr output of this job.

