Sender: LSF System <lsfadmin@ls16>
Subject: Job 8217230: <fast_condor.patient=TP12> in cluster <lila> Exited

Job <fast_condor.patient=TP12> was submitted from host <lu06> by user <zhangh5> in cluster <lila> at Fri Jul 19 13:24:53 2024
Job was executed on host(s) <4*ls16>, in queue <cpuqueue>, as user <zhangh5> in cluster <lila> at Fri Jul 19 13:24:55 2024
</home/zhangh5> was used as the home directory.
</lila/data/iacobuzc/haochen/condor_pipeline_trial> was used as the working directory.
Started at Fri Jul 19 13:24:55 2024
Terminated at Fri Jul 19 13:25:22 2024
Results reported at Fri Jul 19 13:25:22 2024

Your job looked like:

------------------------------------------------------------
# LSBATCH: User input
/lila/data/iacobuzc/haochen/condor_pipeline_trial/.snakemake/tmp.8wc02eyx/snakejob.fast_condor.42.sh
------------------------------------------------------------

Exited with exit code 1.

Resource usage summary:

    CPU time :                                   9.49 sec.
    Max Memory :                                 -
    Average Memory :                             -
    Total Requested Memory :                     4.00 GB
    Delta Memory :                               -
    Max Swap :                                   -
    Max Processes :                              6
    Max Threads :                                11
    Run time :                                   27 sec.
    Turnaround time :                            29 sec.

The output (if any) follows:



PS:

Read file <logs/cluster/fast_condor/patient=TP12/jobid42_0dbacbbb-6d56-4f37-ad2b-b608f2795b56.err> for stderr output of this job.

