Sender: LSF System <lsfadmin@ls06>
Subject: Job 8217257: <fast_condor.patient=TP12> in cluster <lila> Exited

Job <fast_condor.patient=TP12> was submitted from host <lu06> by user <zhangh5> in cluster <lila> at Fri Jul 19 13:25:38 2024
Job was executed on host(s) <16*ls06>, in queue <cpuqueue>, as user <zhangh5> in cluster <lila> at Fri Jul 19 13:25:40 2024
</home/zhangh5> was used as the home directory.
</lila/data/iacobuzc/haochen/condor_pipeline_trial> was used as the working directory.
Started at Fri Jul 19 13:25:40 2024
Terminated at Fri Jul 19 13:26:08 2024
Results reported at Fri Jul 19 13:26:08 2024

Your job looked like:

------------------------------------------------------------
# LSBATCH: User input
/lila/data/iacobuzc/haochen/condor_pipeline_trial/.snakemake/tmp.8wc02eyx/snakejob.fast_condor.42.sh
------------------------------------------------------------

Exited with exit code 1.

Resource usage summary:

    CPU time :                                   11.02 sec.
    Max Memory :                                 -
    Average Memory :                             -
    Total Requested Memory :                     16.00 GB
    Delta Memory :                               -
    Max Swap :                                   -
    Max Processes :                              7
    Max Threads :                                24
    Run time :                                   29 sec.
    Turnaround time :                            30 sec.

The output (if any) follows:



PS:

Read file <logs/cluster/fast_condor/patient=TP12/jobid42_d0f6761c-5426-4fb4-a045-72e9e98c7198.err> for stderr output of this job.

