Building DAG of jobs...
Using shell: /usr/bin/bash
Provided cores: 4
Rules claiming more threads will be scaled down.
Provided resources: mem_mb=1000, mem_mib=954, disk_mb=1000, disk_mib=954, mem_gb=16, time_min=119
Select jobs to execute...

[Fri Jul 19 13:16:17 2024]
rule fast_condor:
    input: condor_inputs/TP12/character_bin_matrix.csv, condor_inputs/TP12/alt_readcounts.csv, condor_inputs/TP12/total_readcounts.csv, condor_inputs/TP12/germline_mutations.txt, condor_inputs/TP12/somatic_mutations.txt, /data/iacobuzc/haochen/Tapestri_main_manuscript_analysis/data_compiled/falcon_solutions/TP12_homdel_nclones=6.unique_cn_clone_profiles.csv
    output: condor_outputs/TP12/out_tree.newick, condor_outputs/pickle_files/TP12_self.solT_cell
    log: condor_outputs/TP12/condor_outputs.log, condor_outputs/TP12/condor_outputs.err.log
    jobid: 0
    reason: Missing output files: condor_outputs/pickle_files/TP12_self.solT_cell, condor_outputs/TP12/out_tree.newick
    wildcards: patient=TP12
    threads: 4
    resources: mem_mb=1000, mem_mib=954, disk_mb=1000, disk_mib=954, tmpdir=/scratch/lsftmp/8217031.tmpdir, mem_gb=16, time_min=119

Activating conda environment: condor
[Fri Jul 19 13:16:50 2024]
Finished job 0.
1 of 1 steps (100%) done
