chr13:25052420:T/A
chr12:46243885:C/G
chr17:73627539:T/C
chr22:29130347:G/GT
chr12:49424233:G/A
chr20:46279866:A/G
chr2:148657117:G/A
chr12:49424233:G/T
chr15:67073583:TG/T
chr6:26271241:G/A
chr6:80751780:G/A
chr14:92537379:T/C
chr20:31387954:C/G
chr3:52637486:C/G
chr16:23647238:G/A
chr20:46279827:G/A
chr20:62303794:G/A
chr20:9560763:C/T
chr11:65481166:T/C
chr1:16474839:AC/A
chr8:128750540:A/G
chr1:11205058:C/T
chr12:25398284:C/A
chr15:28422022:G/C
chr2:148602805:G/A
chr3:178935943:C/T
chr1:11316906:A/C
chr12:46245592:C/G
chr7:151962258:G/A
chr9:101908915:G/A
chr17:7577547:C/T
chr20:40733180:T/C
chr9:21968159:G/A
chr7:151944923:T/C
chr15:41275014:T/G
chr1:6257826:T/C
chr7:154760540:TTGC/T
chr19:1220321:T/C
chr2:128050388:G/A
chr15:59322829:A/G
chr15:67073522:G/T
chr8:30933859:C/T
chr20:46279863:GCAA/G
chr1:11288758:G/A
chr1:226578099:T/C
chr17:41245466:G/A
chr17:56436109:C/T
chr3:41266124:A/G
chr13:28883061:G/A
chr12:25398285:C/T
chr17:56448297:C/T
chr12:49424229:G/A
chr11:65631203:G/A
5050    0
5125    0
5128    0
5129    0
5131    0
       ..
5111    6
5112    6
5114    6
5115    6
5116    6
Name: cluster_id, Length: 10025, dtype: int64
check
Index(['RPL22 intron_variant', 'MTOR p.Ala1577=', 'MTOR p.Asn999=',
       'MTOR intron_variant', 'EPHA2 intron_variant', 'PARP1 intron_variant',
       'ERCC3 p.Ser90Phe', 'ACVR2A intron_variant', 'ACVR2A p.Pro118=',
       'CTNNB1 p.Thr41Ala', 'PBRM1 intron_variant', 'PIK3CA intron_variant',
       'H3C8 p.Asp124=', 'TTK intron_variant', 'KMT2C intron_variant',
       'KMT2C p.Pro350Leu', 'PAXIP1 p.Gln457del', 'WRN intron_variant',
       'MYC p.Asn26Ser', 'CDKN2A 3_prime_UTR_variant', 'TGFBR1 intron_variant',
       'KAT5 intron_variant', 'MUS81 intron_variant', 'KRAS p.Gly12Val',
       'KRAS p.Gly12Ser', 'ARID2 p.Ser660Ter', 'ARID2 p.Ser1229Ter',
       'KMT2D intron_variant', 'KMT2D intron_variant', 'KMT2D intron_variant',
       'PARP4 intron_variant', 'FLT1 p.Tyr1213=', 'ATXN3 p.Gln297=',
       'HERC2 intron_variant', 'INO80 intron_variant', 'RNF111 intron_variant',
       'SMAD6 p.Val380=', 'SMAD6 p.Ala402ProfsTer137', 'PALB2 p.Pro210Leu',
       'TP53 p.Gly245Asp', 'BRCA1 p.Ser694=', 'RNF43 p.Arg343His',
       'RNF43 p.Arg117His', 'RECQL5 p.Asp480Gly', 'STK11 intron_variant',
       'PAK5 intron_variant', 'DNMT3B intron_variant', 'PTPRT intron_variant',
       'NCOA3 p.Gln1251=', 'NCOA3 p.Gln1276del', 'NCOA3 p.Gln1264=',
       'RTEL1 intron_variant', 'CHEK2 intron_variant'],
      dtype='object')
==============
{'chr4:187538942:T/G': 'FAT1 p.Gln2933Pro', 'chr12:49434074:C/A': 'KMT2D p.Gly2493=', 'chr7:2962753:G/A': 'CARD11 intron_variant', 'chr10:88683122:T/C': 'BMPR1A intron_variant', 'chr12:25368462:C/T': 'KRAS p.Arg161=', 'chr3:189604149:T/G': 'TP63 intron_variant', 'chr11:107879887:G/C': 'CUL5 5_prime_UTR_variant', 'chr13:25052261:C/T': 'PARP4 p.Ser534=', 'chr17:7578115:T/C': 'TP53 intron_variant', 'chr1:158612236:A/G': 'SPTA1 p.Cys1568Arg', 'chr9:21968199:C/G': 'CDKN2A 3_prime_UTR_variant', 'chr14:20818602:C/G': 'PARP2 intron_variant', 'chr13:28883061:G/A': 'FLT1 p.Tyr1213=', 'chr9:21968159:G/A': 'CDKN2A 3_prime_UTR_variant', 'chr17:56492800:T/C': 'RNF43 p.Ile47Val', 'chr6:26271241:G/A': 'H3C8 p.Asp124=', 'chr17:73627565:A/G': 'RECQL5 p.Tyr471=', 'chr17:41245466:G/A': 'BRCA1 p.Ser694=', 'chr20:31387954:C/G': 'DNMT3B intron_variant', 'chr13:25052420:T/A': 'PARP4 intron_variant', 'chr16:23647238:G/A': 'PALB2 p.Pro210Leu', 'chr11:65481166:T/C': 'KAT5 intron_variant', 'chr1:6257826:T/C': 'RPL22 intron_variant', 'chr17:56436109:C/T': 'RNF43 p.Arg343His', 'chr1:91859795:T/C': 'HFM1 p.Ile117Val', 'chr1:11288758:G/A': 'MTOR p.Asn999=', 'chr20:62303794:G/A': 'RTEL1 intron_variant', 'chr20:46279827:G/A': 'NCOA3 p.Gln1251=', 'chr2:148657117:G/A': 'ACVR2A p.Pro118=', 'chr15:59322829:A/G': 'RNF111 intron_variant', 'chr1:226578099:T/C': 'PARP1 intron_variant', 'chr20:46279866:A/G': 'NCOA3 p.Gln1264=', 'chr9:101908915:G/A': 'TGFBR1 intron_variant', 'chr14:92537379:T/C': 'ATXN3 p.Gln297=', 'chr3:178935943:C/T': 'PIK3CA intron_variant', 'chr20:9560763:C/T': 'PAK5 intron_variant', 'chr1:16474839:AC/A': 'EPHA2 intron_variant', 'chr22:29130347:G/GT': 'CHEK2 intron_variant', 'chr12:46245592:C/G': 'ARID2 p.Ser1229Ter', 'chr5:38953665:G/GA': 'RICTOR intron_variant', 'chr3:52637486:C/G': 'PBRM1 intron_variant', 'chr8:128750540:A/G': 'MYC p.Asn26Ser', 'chr17:7577547:C/T': 'TP53 p.Gly245Asp', 'chr13:32913055:A/G': 'BRCA2 p.Leu1521=', 'chr6:80751780:G/A': 'TTK intron_variant', 'chr17:73627539:T/C': 'RECQL5 p.Asp480Gly', 'chr15:41275014:T/G': 'INO80 intron_variant', 'chr1:11205058:C/T': 'MTOR p.Ala1577=', 'chr7:151944923:T/C': 'KMT2C intron_variant', 'chr11:64572557:A/G': 'MEN1 p.His433=', 'chr18:48584855:A/ATT': 'SMAD4 intron_variant', 'chr12:25398284:C/A': 'KRAS p.Gly12Val', 'chr12:25398285:C/T': 'KRAS p.Gly12Ser', 'chr17:7579472:G/C': 'TP53 p.Pro72Arg', 'chr11:65631203:G/A': 'MUS81 intron_variant', 'chr3:41266124:A/G': 'CTNNB1 p.Thr41Ala', 'chr15:28422022:G/C': 'HERC2 intron_variant', 'chr17:56448297:C/T': 'RNF43 p.Arg117His', 'chr20:40733180:T/C': 'PTPRT intron_variant', 'chr12:133252796:C/G': 'POLE intron_variant', 'chr12:46243885:C/G': 'ARID2 p.Ser660Ter', 'chr14:105242966:T/C': 'AKT1 intron_variant', 'chr18:48584855:A/AT': 'SMAD4 intron_variant', 'chr8:30933859:C/T': 'WRN intron_variant', 'chr19:1220321:T/C': 'STK11 intron_variant', 'chr4:96035796:GAC/G': 'BMPR1B intron_variant', 'chr2:203384776:CT/C': 'BMPR2 intron_variant', 'chr9:101911436:A/AT': 'TGFBR1 intron_variant', 'chr8:30933816:C/CT': 'WRN intron_variant', 'chr17:7579806:T/G': 'TP53 intron_variant', 'chr7:154760608:TCTG/T': 'PAXIP1 p.Gln434del', 'chr18:48584855:A/ATTT': 'SMAD4 intron_variant', 'chr20:46279863:GCAA/G': 'NCOA3 p.Gln1276del', 'chr12:49424233:G/A': 'KMT2D intron_variant', 'chr4:96073753:AAAT/A': 'BMPR1B intron_variant', 'chr7:154760540:TTGC/T': 'PAXIP1 p.Gln457del', 'chr2:128050388:G/A': 'ERCC3 p.Ser90Phe', 'chr12:49424233:G/T': 'KMT2D intron_variant', 'chr7:151962258:G/A': 'KMT2C p.Pro350Leu', 'chr18:48584804:G/T': 'SMAD4 p.Met294Ile', 'chr17:8049763:G/A': 'PER1 p.Ser655=', 'chr1:27099486:A/T': 'ARID1A intron_variant', 'chr11:107880061:C/A': 'CUL5 5_prime_UTR_variant', 'chr15:67473662:T/G': 'SMAD3 p.Phe248Val', 'chr12:49424229:G/A': 'KMT2D intron_variant', 'chr1:11316906:A/C': 'MTOR intron_variant', 'chr9:101909915:AT/A': 'TGFBR1 intron_variant', 'chr2:148602805:G/A': 'ACVR2A intron_variant', 'chr2:203384776:CTT/C': 'BMPR2 intron_variant', 'chr8:30933817:T/C': 'WRN intron_variant', 'chr20:46279895:A/G': 'NCOA3 p.Gln1274Arg', 'chr18:19761359:A/AAT': 'GATA6 intron_variant', 'chr15:67073583:TG/T': 'SMAD6 p.Ala402ProfsTer137', 'chr15:67073522:G/T': 'SMAD6 p.Val380='}
==============
RPL22 intron_variant
MTOR p.Ala1577=
MTOR p.Asn999=
MTOR intron_variant
EPHA2 intron_variant
PARP1 intron_variant
ERCC3 p.Ser90Phe
ACVR2A intron_variant
ACVR2A p.Pro118=
CTNNB1 p.Thr41Ala
PBRM1 intron_variant
PIK3CA intron_variant
H3C8 p.Asp124=
TTK intron_variant
KMT2C intron_variant
KMT2C p.Pro350Leu
PAXIP1 p.Gln457del
WRN intron_variant
MYC p.Asn26Ser
CDKN2A 3_prime_UTR_variant
TGFBR1 intron_variant
KAT5 intron_variant
MUS81 intron_variant
KRAS p.Gly12Val
KRAS p.Gly12Ser
ARID2 p.Ser660Ter
ARID2 p.Ser1229Ter
KMT2D intron_variant
KMT2D intron_variant
KMT2D intron_variant
PARP4 intron_variant
FLT1 p.Tyr1213=
ATXN3 p.Gln297=
HERC2 intron_variant
INO80 intron_variant
RNF111 intron_variant
SMAD6 p.Val380=
SMAD6 p.Ala402ProfsTer137
PALB2 p.Pro210Leu
TP53 p.Gly245Asp
BRCA1 p.Ser694=
RNF43 p.Arg343His
RNF43 p.Arg117His
RECQL5 p.Asp480Gly
STK11 intron_variant
PAK5 intron_variant
DNMT3B intron_variant
PTPRT intron_variant
NCOA3 p.Gln1251=
NCOA3 p.Gln1276del
NCOA3 p.Gln1264=
RTEL1 intron_variant
CHEK2 intron_variant
