Sender: LSF System <lsfadmin@ls13>
Subject: Job 8217069: <generate_post_condor_sc_heatmaps.patient=M07> in cluster <lila> Done

Job <generate_post_condor_sc_heatmaps.patient=M07> was submitted from host <lt03> by user <zhangh5> in cluster <lila> at Fri Jul 19 13:17:51 2024
Job was executed on host(s) <4*ls13>, in queue <cpuqueue>, as user <zhangh5> in cluster <lila> at Fri Jul 19 13:17:54 2024
</home/zhangh5> was used as the home directory.
</lila/data/iacobuzc/haochen/condor_pipeline_trial> was used as the working directory.
Started at Fri Jul 19 13:17:54 2024
Terminated at Fri Jul 19 13:18:57 2024
Results reported at Fri Jul 19 13:18:57 2024

Your job looked like:

------------------------------------------------------------
# LSBATCH: User input
/lila/data/iacobuzc/haochen/condor_pipeline_trial/.snakemake/tmp.e3awy4tj/snakejob.generate_post_condor_sc_heatmaps.122.sh
------------------------------------------------------------

Successfully completed.

Resource usage summary:

    CPU time :                                   30.00 sec.
    Max Memory :                                 1 GB
    Average Memory :                             0.06 GB
    Total Requested Memory :                     32.00 GB
    Delta Memory :                               31.00 GB
    Max Swap :                                   -
    Max Processes :                              14
    Max Threads :                                71
    Run time :                                   62 sec.
    Turnaround time :                            66 sec.

The output (if any) follows:



PS:

Read file <logs/cluster/generate_post_condor_sc_heatmaps/patient=M07/jobid122_276ecd8a-f858-4760-b66e-26e911a60be0.err> for stderr output of this job.

