Sender: LSF System <lsfadmin@ls16>
Subject: Job 8217029: <fast_condor.patient=RA17_13> in cluster <lila> Done

Job <fast_condor.patient=RA17_13> was submitted from host <lt03> by user <zhangh5> in cluster <lila> at Fri Jul 19 13:16:07 2024
Job was executed on host(s) <4*ls16>, in queue <cpuqueue>, as user <zhangh5> in cluster <lila> at Fri Jul 19 13:16:09 2024
</home/zhangh5> was used as the home directory.
</lila/data/iacobuzc/haochen/condor_pipeline_trial> was used as the working directory.
Started at Fri Jul 19 13:16:09 2024
Terminated at Fri Jul 19 13:17:00 2024
Results reported at Fri Jul 19 13:17:00 2024

Your job looked like:

------------------------------------------------------------
# LSBATCH: User input
/lila/data/iacobuzc/haochen/condor_pipeline_trial/.snakemake/tmp.e3awy4tj/snakejob.fast_condor.34.sh
------------------------------------------------------------

Successfully completed.

Resource usage summary:

    CPU time :                                   29.65 sec.
    Max Memory :                                 -
    Average Memory :                             -
    Total Requested Memory :                     4.00 GB
    Delta Memory :                               -
    Max Swap :                                   -
    Max Processes :                              6
    Max Threads :                                12
    Run time :                                   52 sec.
    Turnaround time :                            53 sec.

The output (if any) follows:



PS:

Read file <logs/cluster/fast_condor/patient=RA17_13/jobid34_b5512c1f-a9b2-4572-8e41-d4c97ce237a3.err> for stderr output of this job.

