Sender: LSF System <lsfadmin@ls15>
Subject: Job 8217221: <fast_condor.patient=RA17_13> in cluster <lila> Done

Job <fast_condor.patient=RA17_13> was submitted from host <lu06> by user <zhangh5> in cluster <lila> at Fri Jul 19 13:24:47 2024
Job was executed on host(s) <4*ls15>, in queue <cpuqueue>, as user <zhangh5> in cluster <lila> at Fri Jul 19 13:24:50 2024
</home/zhangh5> was used as the home directory.
</lila/data/iacobuzc/haochen/condor_pipeline_trial> was used as the working directory.
Started at Fri Jul 19 13:24:50 2024
Terminated at Fri Jul 19 13:25:30 2024
Results reported at Fri Jul 19 13:25:30 2024

Your job looked like:

------------------------------------------------------------
# LSBATCH: User input
/lila/data/iacobuzc/haochen/condor_pipeline_trial/.snakemake/tmp.8wc02eyx/snakejob.fast_condor.34.sh
------------------------------------------------------------

Successfully completed.

Resource usage summary:

    CPU time :                                   23.87 sec.
    Max Memory :                                 1 GB
    Average Memory :                             0.05 GB
    Total Requested Memory :                     4.00 GB
    Delta Memory :                               3.00 GB
    Max Swap :                                   -
    Max Processes :                              6
    Max Threads :                                12
    Run time :                                   41 sec.
    Turnaround time :                            43 sec.

The output (if any) follows:



PS:

Read file <logs/cluster/fast_condor/patient=RA17_13/jobid34_d9374dd4-aed7-4079-89d0-34a183f8c657.err> for stderr output of this job.

