chr3:52637486:C/G
chr20:9560633:C/T
chr3:30713659:CGCCAAGG/C
chr13:25052420:T/A
chr1:158612236:A/G
chr1:91859801:A/G
chr20:62303794:G/A
chr17:56448297:C/T
chr4:2210065:C/A
chr15:89858602:T/C
chr1:226578099:T/C
chr10:131506192:C/T
chr1:27105512:A/AG
chr3:30715617:G/T
chr8:30933859:C/T
chr1:16474839:AC/A
chr13:32929232:A/G
chr12:133252796:C/G
chr1:163298548:T/C
chr13:32907415:T/A
chr3:178936082:G/C
chr5:38953665:G/GA
chr12:49434074:C/A
chr7:154760666:C/T
chr12:4662210:T/C
chr5:68667298:G/T
chr17:56492800:T/C
chr4:55980456:C/T
chr14:20818602:C/G
chr15:67482870:C/T
chr20:9560712:A/G
chr17:7576501:G/A
chr6:26271232:G/C
chr15:67073549:C/T
chr17:73627539:T/C
chr13:25052261:C/T
chr3:30715619:C/G
chr3:30686414:A/G
chr11:71943807:A/T
chr10:131506283:C/T
chr8:38314915:G/T
chr17:7573897:T/A
chr17:56434857:C/T
2610    0
2613    0
2614    0
2618    0
2619    0
       ..
48      5
1       5
0       5
2       5
44      5
Name: cluster_id, Length: 2801, dtype: int64
check
Index(['EPHA2 intron_variant', 'ARID1A splice_site_variant',
       'HFM1 p.Ser115Pro', 'SPTA1 p.Cys1568Arg', 'NUF2 intron_variant',
       'PARP1 intron_variant', 'TGFBR2 intron_variant',
       'TGFBR2 p.Lys330ThrfsTer6', 'TGFBR2 p.Met425Ile', 'TGFBR2 p.Ala426Gly',
       'PBRM1 intron_variant', 'PIK3CA p.Glu542Gln', 'POLN p.Gln121His',
       'KDR intron_variant', 'RICTOR intron_variant',
       'RAD17 5_prime_UTR_variant', 'H3C8 p.Leu127=', 'PAXIP1 p.Pro415=',
       'WRN intron_variant', 'FGFR1 p.Thr17Lys', 'MGMT p.Leu53=',
       'MGMT p.Leu84Phe', 'INPPL1 p.Gln617Leu', 'RAD51AP1 p.Ser223=',
       'KMT2D p.Gly2493=', 'POLE intron_variant', 'PARP4 p.Ser534=',
       'PARP4 intron_variant', 'BRCA2 p.Tyr600Ter', 'BRCA2 p.Ser2414=',
       'PARP2 intron_variant', 'SMAD6 p.Phe389=', 'SMAD3 p.Ser425Phe',
       'FANCI p.Gly1302=', 'TP53 intron_variant', 'TP53 intron_variant',
       'RNF43 p.Pro760=', 'RNF43 p.Arg117His', 'RNF43 p.Ile47Val',
       'RECQL5 p.Asp480Gly', 'PAK5 intron_variant', 'PAK5 intron_variant',
       'RTEL1 intron_variant'],
      dtype='object')
==============
{'chr20:31387954:C/G': 'DNMT3B intron_variant', 'chr17:7578115:T/C': 'TP53 intron_variant', 'chr1:46521517:G/A': 'PIK3R3 p.Ser297=', 'chr1:46521559:A/T': 'PIK3R3 p.Asn283Lys', 'chr11:65481166:T/C': 'KAT5 intron_variant', 'chr11:107879887:G/C': 'CUL5 5_prime_UTR_variant', 'chr4:187538942:T/G': 'FAT1 p.Gln2933Pro', 'chr7:2962753:G/A': 'CARD11 intron_variant', 'chr3:189604149:T/G': 'TP63 intron_variant', 'chr22:29130300:C/T': 'CHEK2 intron_variant', 'chr12:25368462:C/T': 'KRAS p.Arg161=', 'chr13:28883061:G/A': 'FLT1 p.Tyr1213=', 'chr1:11288758:G/A': 'MTOR p.Asn999=', 'chr17:73627565:A/G': 'RECQL5 p.Tyr471=', 'chr20:54959296:G/C': 'AURKA intron_variant', 'chr6:7229346:T/C': 'RREB1 p.His338=', 'chr6:26271232:G/C': 'H3C8 p.Leu127=', 'chr11:65631167:C/T': 'MUS81 p.Ala312=', 'chr15:41275014:T/G': 'INO80 intron_variant', 'chr1:226578099:T/C': 'PARP1 intron_variant', 'chr1:91859795:T/C': 'HFM1 p.Ile117Val', 'chr12:4662210:T/C': 'RAD51AP1 p.Ser223=', 'chr19:5219899:G/A': 'PTPRS intron_variant', 'chr17:7576501:G/A': 'TP53 intron_variant', 'chr17:56434857:C/T': 'RNF43 p.Pro760=', 'chr1:16474839:AC/A': 'EPHA2 intron_variant', 'chr12:49434074:C/A': 'KMT2D p.Gly2493=', 'chr5:38953665:G/GA': 'RICTOR intron_variant', 'chr13:32929232:A/G': 'BRCA2 p.Ser2414=', 'chr17:7579472:G/C': 'TP53 p.Pro72Arg', 'chr4:2210065:C/A': 'POLN p.Gln121His', 'chr1:163298548:T/C': 'NUF2 intron_variant', 'chr20:62303794:G/A': 'RTEL1 intron_variant', 'chr15:89858602:T/C': 'FANCI p.Gly1302=', 'chr20:9560712:A/G': 'PAK5 intron_variant', 'chr20:9560633:C/T': 'PAK5 intron_variant', 'chr17:7573897:T/A': 'TP53 intron_variant', 'chr3:52637486:C/G': 'PBRM1 intron_variant', 'chr1:11205058:C/T': 'MTOR p.Ala1577=', 'chr4:55980456:C/T': 'KDR intron_variant', 'chr14:20818602:C/G': 'PARP2 intron_variant', 'chr7:154760666:C/T': 'PAXIP1 p.Pro415=', 'chr17:56492800:T/C': 'RNF43 p.Ile47Val', 'chr3:30686414:A/G': 'TGFBR2 intron_variant', 'chr8:30933859:C/T': 'WRN intron_variant', 'chr17:73627539:T/C': 'RECQL5 p.Asp480Gly', 'chr13:25052261:C/T': 'PARP4 p.Ser534=', 'chr13:25052420:T/A': 'PARP4 intron_variant', 'chr13:32913055:A/G': 'BRCA2 p.Leu1521=', 'chr15:67073549:C/T': 'SMAD6 p.Phe389=', 'chr1:91859801:A/G': 'HFM1 p.Ser115Pro', 'chr17:56448297:C/T': 'RNF43 p.Arg117His', 'chr10:131506192:C/T': 'MGMT p.Leu53=', 'chr10:131506283:C/T': 'MGMT p.Leu84Phe', 'chr1:158612236:A/G': 'SPTA1 p.Cys1568Arg', 'chr13:32907415:T/A': 'BRCA2 p.Tyr600Ter', 'chr4:96035796:GAC/G': 'BMPR1B intron_variant', 'chr12:133252796:C/G': 'POLE intron_variant', 'chr8:38314915:G/T': 'FGFR1 p.Thr17Lys', 'chr14:105242966:T/C': 'AKT1 intron_variant', 'chr18:48584855:A/ATT': 'SMAD4 intron_variant', 'chr1:27105512:A/AG': 'ARID1A splice_site_variant', 'chr5:68667298:G/T': 'RAD17 5_prime_UTR_variant', 'chr3:30715617:G/T': 'TGFBR2 p.Met425Ile', 'chr3:30715619:C/G': 'TGFBR2 p.Ala426Gly', 'chr3:30713659:CGCCAAGG/C': 'TGFBR2 p.Lys330ThrfsTer6', 'chr11:92577070:T/C': 'FAT3 intron_variant', 'chr11:71943807:A/T': 'INPPL1 p.Gln617Leu', 'chr3:178936082:G/C': 'PIK3CA p.Glu542Gln', 'chr18:48584804:G/T': 'SMAD4 p.Met294Ile', 'chr1:27099486:A/T': 'ARID1A intron_variant', 'chr15:67482870:C/T': 'SMAD3 p.Ser425Phe'}
==============
EPHA2 intron_variant
ARID1A splice_site_variant
HFM1 p.Ser115Pro
SPTA1 p.Cys1568Arg
NUF2 intron_variant
PARP1 intron_variant
TGFBR2 intron_variant
TGFBR2 p.Lys330ThrfsTer6
TGFBR2 p.Met425Ile
TGFBR2 p.Ala426Gly
PBRM1 intron_variant
PIK3CA p.Glu542Gln
POLN p.Gln121His
KDR intron_variant
RICTOR intron_variant
RAD17 5_prime_UTR_variant
H3C8 p.Leu127=
PAXIP1 p.Pro415=
WRN intron_variant
FGFR1 p.Thr17Lys
MGMT p.Leu53=
MGMT p.Leu84Phe
INPPL1 p.Gln617Leu
RAD51AP1 p.Ser223=
KMT2D p.Gly2493=
POLE intron_variant
PARP4 p.Ser534=
PARP4 intron_variant
BRCA2 p.Tyr600Ter
BRCA2 p.Ser2414=
PARP2 intron_variant
SMAD6 p.Phe389=
SMAD3 p.Ser425Phe
FANCI p.Gly1302=
TP53 intron_variant
TP53 intron_variant
RNF43 p.Pro760=
RNF43 p.Arg117His
RNF43 p.Ile47Val
RECQL5 p.Asp480Gly
PAK5 intron_variant
PAK5 intron_variant
RTEL1 intron_variant
