Sender: LSF System <lsfadmin@lt19>
Subject: Job 8217005: <generate_pre_condor_sc_heatmaps.patient=BPA-2> in cluster <lila> Done

Job <generate_pre_condor_sc_heatmaps.patient=BPA-2> was submitted from host <lt03> by user <zhangh5> in cluster <lila> at Fri Jul 19 13:14:40 2024
Job was executed on host(s) <4*lt19>, in queue <cpuqueue>, as user <zhangh5> in cluster <lila> at Fri Jul 19 13:14:43 2024
</home/zhangh5> was used as the home directory.
</lila/data/iacobuzc/haochen/condor_pipeline_trial> was used as the working directory.
Started at Fri Jul 19 13:14:43 2024
Terminated at Fri Jul 19 13:15:55 2024
Results reported at Fri Jul 19 13:15:55 2024

Your job looked like:

------------------------------------------------------------
# LSBATCH: User input
/lila/data/iacobuzc/haochen/condor_pipeline_trial/.snakemake/tmp.e3awy4tj/snakejob.generate_pre_condor_sc_heatmaps.117.sh
------------------------------------------------------------

Successfully completed.

Resource usage summary:

    CPU time :                                   24.00 sec.
    Max Memory :                                 -
    Average Memory :                             -
    Total Requested Memory :                     32.00 GB
    Delta Memory :                               -
    Max Swap :                                   -
    Max Processes :                              14
    Max Threads :                                67
    Run time :                                   72 sec.
    Turnaround time :                            75 sec.

The output (if any) follows:



PS:

Read file <logs/cluster/generate_pre_condor_sc_heatmaps/patient=BPA-2/jobid117_cd1801e9-98fa-46e9-bb0c-77e241cc45ff.err> for stderr output of this job.

