chr8:30933848:TA/T
chr12:25398285:C/G
chr20:9560712:A/G
chr1:11205058:C/T
chr3:38522770:T/C
chr20:9520133:G/A
chr4:96045029:G/A
chr16:89858759:C/T
chr2:148675976:T/C
chr9:101908915:G/A
chr1:158612236:A/G
chr20:9560633:C/T
chr20:31387954:C/G
chr20:31387951:C/T
chr3:38522975:C/A
chr13:25052261:C/T
chr1:6252946:G/A
chr1:11288758:G/A
chr7:154760666:C/T
chr3:52637486:C/G
chr1:163298548:T/C
chr4:96052303:A/G
chr4:153247169:A/G
chr7:151878153:C/T
chr7:2962753:G/A
chr2:215609693:G/A
chr11:94170484:TTC/T
chr5:112175211:T/A
5116    0
5438    0
4194    0
16      1
17      1
       ..
35      5
31      5
2       5
0       5
28      5
Name: cluster_id, Length: 6602, dtype: int64
check
Index(['RPL22 intron_variant', 'MTOR p.Ala1577=', 'MTOR p.Asn999=',
       'SPTA1 p.Cys1568Arg', 'NUF2 intron_variant', 'ACVR2A intron_variant',
       'BARD1 intron_variant', 'ACVR2B intron_variant',
       'ACVR2B intron_variant', 'PBRM1 intron_variant', 'BMPR1B p.Val140Ile',
       'BMPR1B intron_variant', 'FBXW7 p.Tyr545His', 'APC p.Ile1307Lys',
       'CARD11 intron_variant', 'KMT2C p.Pro2264=', 'PAXIP1 p.Pro415=',
       'WRN intron_variant', 'TGFBR1 intron_variant', 'MRE11 intron_variant',
       'KRAS p.Gly12Arg', 'PARP4 p.Ser534=', 'FANCA intron_variant',
       'PAK5 p.Leu712=', 'PAK5 intron_variant', 'PAK5 intron_variant',
       'DNMT3B intron_variant', 'DNMT3B intron_variant'],
      dtype='object')
==============
{'chr1:46521559:A/T': 'PIK3R3 p.Asn283Lys', 'chr1:46521517:G/A': 'PIK3R3 p.Ser297=', 'chr11:107879887:G/C': 'CUL5 5_prime_UTR_variant', 'chr11:65481166:T/C': 'KAT5 intron_variant', 'chr2:148657117:G/A': 'ACVR2A p.Pro118=', 'chr1:6257826:T/C': 'RPL22 intron_variant', 'chr15:59322829:A/G': 'RNF111 intron_variant', 'chr1:226578099:T/C': 'PARP1 intron_variant', 'chr4:187538942:T/G': 'FAT1 p.Gln2933Pro', 'chr6:111628597:C/G': 'REV3L p.Arg3073=', 'chr6:111628626:C/T': 'REV3L p.Val3064Ile', 'chr7:2962753:G/A': 'CARD11 intron_variant', 'chr1:6252946:G/A': 'RPL22 intron_variant', 'chr20:31387954:C/G': 'DNMT3B intron_variant', 'chr20:31387951:C/T': 'DNMT3B intron_variant', 'chr16:89858759:C/T': 'FANCA intron_variant', 'chr1:11288758:G/A': 'MTOR p.Asn999=', 'chr20:62303794:G/A': 'RTEL1 intron_variant', 'chr5:112175211:T/A': 'APC p.Ile1307Lys', 'chr2:215609693:G/A': 'BARD1 intron_variant', 'chr1:16474839:AC/A': 'EPHA2 intron_variant', 'chr20:9520133:G/A': 'PAK5 p.Leu712=', 'chr11:94170484:TTC/T': 'MRE11 intron_variant', 'chr1:163298548:T/C': 'NUF2 intron_variant', 'chr2:148675976:T/C': 'ACVR2A intron_variant', 'chr4:153247169:A/G': 'FBXW7 p.Tyr545His', 'chr17:37879588:A/G': 'ERBB2 p.Ile655Val', 'chr12:25368462:C/T': 'KRAS p.Arg161=', 'chr9:101908915:G/A': 'TGFBR1 intron_variant', 'chr3:38522770:T/C': 'ACVR2B intron_variant', 'chr17:56492800:T/C': 'RNF43 p.Ile47Val', 'chr3:52637486:C/G': 'PBRM1 intron_variant', 'chr13:28883061:G/A': 'FLT1 p.Tyr1213=', 'chr7:151878153:C/T': 'KMT2C p.Pro2264=', 'chr4:96052303:A/G': 'BMPR1B intron_variant', 'chr20:9560712:A/G': 'PAK5 intron_variant', 'chr20:9560633:C/T': 'PAK5 intron_variant', 'chr17:73627565:A/G': 'RECQL5 p.Tyr471=', 'chr13:25052261:C/T': 'PARP4 p.Ser534=', 'chr1:158612236:A/G': 'SPTA1 p.Cys1568Arg', 'chr18:48584855:A/ATT': 'SMAD4 intron_variant', 'chr1:91859795:T/C': 'HFM1 p.Ile117Val', 'chr4:96045029:G/A': 'BMPR1B p.Val140Ile', 'chr1:11205058:C/T': 'MTOR p.Ala1577=', 'chr13:32913055:A/G': 'BRCA2 p.Leu1521=', 'chr7:154760666:C/T': 'PAXIP1 p.Pro415=', 'chr7:151927025:A/G': 'KMT2C p.Tyr987His', 'chr7:151926945:G/A': 'KMT2C intron_variant', 'chr19:5219803:T/C': 'PTPRS intron_variant', 'chr19:5219829:T/G': 'PTPRS intron_variant', 'chr18:48584855:A/AT': 'SMAD4 intron_variant', 'chr8:30933848:TA/T': 'WRN intron_variant', 'chr12:25398285:C/G': 'KRAS p.Gly12Arg', 'chr14:105242966:T/C': 'AKT1 intron_variant', 'chr2:203384788:T/TC': 'BMPR2 intron_variant', 'chr5:68667280:G/T': 'RAD17 splice_site_variant', 'chr2:203384788:T/C': 'BMPR2 intron_variant', 'chr11:65631240:A/T': 'MUS81 intron_variant', 'chr9:101911436:A/AT': 'TGFBR1 intron_variant', 'chr8:30933847:TTA/T': 'WRN intron_variant', 'chr2:203384788:T/TTC': 'BMPR2 intron_variant', 'chr4:96073753:AAAT/A': 'BMPR1B intron_variant', 'chr15:59322967:T/C': 'RNF111 intron_variant', 'chr11:92577070:T/C': 'FAT3 intron_variant', 'chr2:203384776:CT/C': 'BMPR2 intron_variant', 'chr17:8049763:G/A': 'PER1 p.Ser655=', 'chr3:38522975:C/A': 'ACVR2B intron_variant'}
==============
RPL22 intron_variant
MTOR p.Ala1577=
MTOR p.Asn999=
SPTA1 p.Cys1568Arg
NUF2 intron_variant
ACVR2A intron_variant
BARD1 intron_variant
ACVR2B intron_variant
ACVR2B intron_variant
PBRM1 intron_variant
BMPR1B p.Val140Ile
BMPR1B intron_variant
FBXW7 p.Tyr545His
APC p.Ile1307Lys
CARD11 intron_variant
KMT2C p.Pro2264=
PAXIP1 p.Pro415=
WRN intron_variant
TGFBR1 intron_variant
MRE11 intron_variant
KRAS p.Gly12Arg
PARP4 p.Ser534=
FANCA intron_variant
PAK5 p.Leu712=
PAK5 intron_variant
PAK5 intron_variant
DNMT3B intron_variant
DNMT3B intron_variant
