[WARNING] subclonal mutations file not found. Proceeding without automatic subclonal mutation selection & refinement.
n = 691, m = 31, p = 6
Set parameter WLSAccessID
Set parameter WLSSecret
Set parameter LicenseID to value 2416028
Academic license 2416028 - for non-commercial use only - registered to zh___@mskcc.org
Set parameter Threads to value 1
Set parameter Method to value 4
Set parameter IntFeasTol to value 1e-06
Gurobi Optimizer version 10.0.3 build v10.0.3rc0 (linux64)

CPU model: Intel(R) Xeon(R) Gold 6230 CPU @ 2.10GHz, instruction set [SSE2|AVX|AVX2|AVX512]
Thread count: 40 physical cores, 80 logical processors, using up to 1 threads

Academic license 2416028 - for non-commercial use only - registered to zh___@mskcc.org
Optimize a model with 80266 rows, 16492 columns and 241311 nonzeros
Model fingerprint: 0xec714194
Variable types: 15748 continuous, 744 integer (744 binary)
Coefficient statistics:
  Matrix range     [1e+00, 1e+00]
  Objective range  [1e-01, 1e+04]
  Bounds range     [1e+00, 1e+00]
  RHS range        [1e+00, 2e+00]
Presolve removed 40066 rows and 9778 columns
Presolve time: 0.47s
Presolved: 40200 rows, 6714 columns, 120438 nonzeros
Variable types: 0 continuous, 6714 integer (6714 binary)
Found heuristic solution: objective -113992.8179
Found heuristic solution: objective -99085.08918
Root relaxation presolved: 6714 rows, 46914 columns, 127152 nonzeros


Root relaxation: objective -9.676192e+04, 5734 iterations, 0.18 seconds (0.15 work units)

    Nodes    |    Current Node    |     Objective Bounds      |     Work
 Expl Unexpl |  Obj  Depth IntInf | Incumbent    BestBd   Gap | It/Node Time

*    0     0               0    -96761.92396 -96761.924  0.00%     -    0s

Explored 1 nodes (5734 simplex iterations) in 0.79 seconds (0.73 work units)
Thread count was 1 (of 80 available processors)

Solution count 3: -96761.9 -99085.1 -113993 
No other solutions better than -96761.9

Optimal solution found (tolerance 1.00e-04)
Best objective -9.676192396227e+04, best bound -9.676192396227e+04, gap 0.0000%
root
chr13:25052420:T/A_2
chr3:9793347:C/T_2
chr1:11288758:G/A_3
chr1:16474839:AC/A_3
chr3:30733044:T/A_2
chr17:7578190:T/C_1
chr17:7578210:T/C_2
chr17:7578190:T/C_3
chr10:131506192:C/T_3
chr16:3634746:C/A_2
chr15:41275014:T/G_3
chr8:30933859:C/T_2
chrX:70349947:A/C_3
chr3:189604149:T/G_2
chr2:148657117:G/A_2
chr20:9560633:C/T_2
chr10:131506283:C/T_3
chr14:20818602:C/G_2
chr20:9560712:A/G_2
0
[]
1
[]
2
[]
3
['chr17:56438217:C/T', 'chr12:25398284:C/A']
4
[]
5
[]
n = 289, m = 2, p = 1
Set parameter TimeLimit to value 1800
Set parameter Threads to value 1
Set parameter Method to value 4
Set parameter IntFeasTol to value 1e-06
Gurobi Optimizer version 10.0.3 build v10.0.3rc0 (linux64)

CPU model: Intel(R) Xeon(R) Gold 6230 CPU @ 2.10GHz, instruction set [SSE2|AVX|AVX2|AVX512]
Thread count: 40 physical cores, 80 logical processors, using up to 1 threads

Academic license 2416028 - for non-commercial use only - registered to zh___@mskcc.org
Optimize a model with 2036 rows, 1170 columns and 4358 nonzeros
Model fingerprint: 0x59f189f9
Variable types: 592 continuous, 578 integer (578 binary)
Coefficient statistics:
  Matrix range     [1e+00, 1e+00]
  Objective range  [7e+00, 7e+00]
  Bounds range     [1e+00, 1e+00]
  RHS range        [1e+00, 2e+00]
Found heuristic solution: objective -0.0000000
Presolve removed 2026 rows and 1161 columns
Presolve time: 0.00s
Presolved: 10 rows, 9 columns, 30 nonzeros
Found heuristic solution: objective 1671.4346564
Variable types: 0 continuous, 9 integer (9 binary)

Root relaxation: objective 2.348297e+03, 2 iterations, 0.00 seconds (0.00 work units)

    Nodes    |    Current Node    |     Objective Bounds      |     Work
 Expl Unexpl |  Obj  Depth IntInf | Incumbent    BestBd   Gap | It/Node Time

*    0     0               0    2348.2966247 2348.29662  0.00%     -    0s

Explored 1 nodes (2 simplex iterations) in 0.01 seconds (0.00 work units)
Thread count was 1 (of 80 available processors)

Solution count 3: 2348.3 1671.43 -0 

Optimal solution found (tolerance 1.00e-04)
Best objective 2.348296624741e+03, best bound 2.348296624741e+03, gap 0.0000%
176, 384, 2348.2966247404997
cluster_id
4    371
3    289
1     15
2      9
0      6
5      1
Name: count, dtype: int64
Node root: 91
Node 0: 6
Node 1: 15
Node 2: 9
Node 4: 371
Node 5: 1
Node chr12:25398284:C/A_4: 55
Node chr17:56438217:C/T_4: 143
total cells 600
[('root', 0)]
