Sender: LSF System <lsfadmin@ls13>
Subject: Job 8217068: <generate_post_condor_sc_heatmaps.patient=RA15_06> in cluster <lila> Done

Job <generate_post_condor_sc_heatmaps.patient=RA15_06> was submitted from host <lt03> by user <zhangh5> in cluster <lila> at Fri Jul 19 13:17:42 2024
Job was executed on host(s) <4*ls13>, in queue <cpuqueue>, as user <zhangh5> in cluster <lila> at Fri Jul 19 13:17:45 2024
</home/zhangh5> was used as the home directory.
</lila/data/iacobuzc/haochen/condor_pipeline_trial> was used as the working directory.
Started at Fri Jul 19 13:17:45 2024
Terminated at Fri Jul 19 13:18:57 2024
Results reported at Fri Jul 19 13:18:57 2024

Your job looked like:

------------------------------------------------------------
# LSBATCH: User input
/lila/data/iacobuzc/haochen/condor_pipeline_trial/.snakemake/tmp.e3awy4tj/snakejob.generate_post_condor_sc_heatmaps.126.sh
------------------------------------------------------------

Successfully completed.

Resource usage summary:

    CPU time :                                   33.00 sec.
    Max Memory :                                 1 GB
    Average Memory :                             0.13 GB
    Total Requested Memory :                     32.00 GB
    Delta Memory :                               31.00 GB
    Max Swap :                                   -
    Max Processes :                              14
    Max Threads :                                71
    Run time :                                   72 sec.
    Turnaround time :                            75 sec.

The output (if any) follows:



PS:

Read file <logs/cluster/generate_post_condor_sc_heatmaps/patient=RA15_06/jobid126_e10c9b44-420c-4de4-8779-6d456dce90fb.err> for stderr output of this job.

