Sender: LSF System <lsfadmin@ls09>
Subject: Job 8217198: <generate_pre_condor_sc_heatmaps.patient=TP49> in cluster <lila> Done

Job <generate_pre_condor_sc_heatmaps.patient=TP49> was submitted from host <lu06> by user <zhangh5> in cluster <lila> at Fri Jul 19 13:23:52 2024
Job was executed on host(s) <4*ls09>, in queue <cpuqueue>, as user <zhangh5> in cluster <lila> at Fri Jul 19 13:23:55 2024
</home/zhangh5> was used as the home directory.
</lila/data/iacobuzc/haochen/condor_pipeline_trial> was used as the working directory.
Started at Fri Jul 19 13:23:55 2024
Terminated at Fri Jul 19 13:24:47 2024
Results reported at Fri Jul 19 13:24:47 2024

Your job looked like:

------------------------------------------------------------
# LSBATCH: User input
/lila/data/iacobuzc/haochen/condor_pipeline_trial/.snakemake/tmp.8wc02eyx/snakejob.generate_pre_condor_sc_heatmaps.115.sh
------------------------------------------------------------

Successfully completed.

Resource usage summary:

    CPU time :                                   24.00 sec.
    Max Memory :                                 1 GB
    Average Memory :                             0.04 GB
    Total Requested Memory :                     32.00 GB
    Delta Memory :                               31.00 GB
    Max Swap :                                   -
    Max Processes :                              14
    Max Threads :                                73
    Run time :                                   52 sec.
    Turnaround time :                            55 sec.

The output (if any) follows:



PS:

Read file <logs/cluster/generate_pre_condor_sc_heatmaps/patient=TP49/jobid115_10187af0-922c-4721-9290-3fa632253ca8.err> for stderr output of this job.

