[WARNING] subclonal mutations file not found. Proceeding without automatic subclonal mutation selection & refinement.
n = 2868, m = 38, p = 6
Set parameter WLSAccessID
Set parameter WLSSecret
Set parameter LicenseID to value 2416028
Academic license 2416028 - for non-commercial use only - registered to zh___@mskcc.org
Set parameter Threads to value 1
Set parameter Method to value 4
Set parameter IntFeasTol to value 1e-06
Gurobi Optimizer version 10.0.3 build v10.0.3rc0 (linux64)

CPU model: Intel(R) Xeon(R) CPU E5-2697 v4 @ 2.30GHz, instruction set [SSE2|AVX|AVX2]
Thread count: 36 physical cores, 72 logical processors, using up to 1 threads

Academic license 2416028 - for non-commercial use only - registered to zh___@mskcc.org
Optimize a model with 121145 rows, 24472 columns and 364041 nonzeros
Model fingerprint: 0x1900f755
Variable types: 23560 continuous, 912 integer (912 binary)
Coefficient statistics:
  Matrix range     [1e+00, 1e+00]
  Objective range  [4e+01, 1e+04]
  Bounds range     [1e+00, 1e+00]
  RHS range        [1e+00, 2e+00]
Presolve removed 63204 rows and 14871 columns
Presolve time: 0.71s
Presolved: 57941 rows, 9601 columns, 173631 nonzeros
Variable types: 8436 continuous, 1165 integer (1165 binary)
Found heuristic solution: objective -390713.0284
Root relaxation presolved: 9601 rows, 67542 columns, 183232 nonzeros


Root relaxation: objective -3.373806e+05, 7993 iterations, 0.32 seconds (0.21 work units)

    Nodes    |    Current Node    |     Objective Bounds      |     Work
 Expl Unexpl |  Obj  Depth IntInf | Incumbent    BestBd   Gap | It/Node Time

*    0     0               0    -337380.6405 -337380.64  0.00%     -    1s

Explored 1 nodes (7993 simplex iterations) in 1.21 seconds (1.10 work units)
Thread count was 1 (of 72 available processors)

Solution count 2: -337381 -390713 
No other solutions better than -337381

Optimal solution found (tolerance 1.00e-04)
Best objective -3.373806404531e+05, best bound -3.373806404531e+05, gap 0.0000%
root
chr7:2962753:G/A_2
chr1:91859801:A/G_2
chr8:30933859:C/T_2
chr7:154760666:C/T_2
chr19:50902700:A/G_1
chr20:9560633:C/T_2
chr12:25380275:T/G_1
chr20:9560712:A/G_2
chr13:25052261:C/T_2
chr13:25052420:T/A_2
chr13:25052261:C/T_3
chr13:25052420:T/A_3
chr12:25362777:A/G_2
chrX:44896871:A/AT_3
0
[]
1
[]
2
[]
3
[]
4
[]
5
[]
cluster_id
3    776
4    765
2    458
5    441
1    306
0    122
Name: count, dtype: int64
subclusters [1, 2, 3, 4]
chr12:25380275:T/G_1 164
chr19:50902700:A/G_1 2141
Node 0: 122
Node 1: 306
Node 2: 458
Node 3: 776
Node 4: 765
Node 5: 441
Node chr12:25380275:T/G_1: 164
Node chr19:50902700:A/G_1: 2141
total cells 2868
[('root', 0)]
