Sender: LSF System <lsfadmin@lt19>
Subject: Job 8217007: <condor_inputs.patient=M13> in cluster <lila> Done

Job <condor_inputs.patient=M13> was submitted from host <lt03> by user <zhangh5> in cluster <lila> at Fri Jul 19 13:14:41 2024
Job was executed on host(s) <4*lt19>, in queue <cpuqueue>, as user <zhangh5> in cluster <lila> at Fri Jul 19 13:14:43 2024
</home/zhangh5> was used as the home directory.
</lila/data/iacobuzc/haochen/condor_pipeline_trial> was used as the working directory.
Started at Fri Jul 19 13:14:43 2024
Terminated at Fri Jul 19 13:15:54 2024
Results reported at Fri Jul 19 13:15:54 2024

Your job looked like:

------------------------------------------------------------
# LSBATCH: User input
/lila/data/iacobuzc/haochen/condor_pipeline_trial/.snakemake/tmp.e3awy4tj/snakejob.condor_inputs.5.sh
------------------------------------------------------------

Successfully completed.

Resource usage summary:

    CPU time :                                   21.48 sec.
    Max Memory :                                 -
    Average Memory :                             -
    Total Requested Memory :                     32.00 GB
    Delta Memory :                               -
    Max Swap :                                   -
    Max Processes :                              7
    Max Threads :                                17
    Run time :                                   72 sec.
    Turnaround time :                            73 sec.

The output (if any) follows:



PS:

Read file <logs/cluster/condor_inputs/patient=M13/jobid5_50bf9d7c-d56d-47a0-8315-ac044a1707d5.err> for stderr output of this job.

