Sender: LSF System <lsfadmin@ls09>
Subject: Job 8217213: <condor_inputs.patient=M13> in cluster <lila> Done

Job <condor_inputs.patient=M13> was submitted from host <lu06> by user <zhangh5> in cluster <lila> at Fri Jul 19 13:23:58 2024
Job was executed on host(s) <4*ls09>, in queue <cpuqueue>, as user <zhangh5> in cluster <lila> at Fri Jul 19 13:24:01 2024
</home/zhangh5> was used as the home directory.
</lila/data/iacobuzc/haochen/condor_pipeline_trial> was used as the working directory.
Started at Fri Jul 19 13:24:01 2024
Terminated at Fri Jul 19 13:24:44 2024
Results reported at Fri Jul 19 13:24:44 2024

Your job looked like:

------------------------------------------------------------
# LSBATCH: User input
/lila/data/iacobuzc/haochen/condor_pipeline_trial/.snakemake/tmp.8wc02eyx/snakejob.condor_inputs.5.sh
------------------------------------------------------------

Successfully completed.

Resource usage summary:

    CPU time :                                   21.53 sec.
    Max Memory :                                 -
    Average Memory :                             -
    Total Requested Memory :                     32.00 GB
    Delta Memory :                               -
    Max Swap :                                   -
    Max Processes :                              6
    Max Threads :                                16
    Run time :                                   43 sec.
    Turnaround time :                            46 sec.

The output (if any) follows:



PS:

Read file <logs/cluster/condor_inputs/patient=M13/jobid5_b15ef681-b641-4667-9457-76b318f01cb7.err> for stderr output of this job.

