Sender: LSF System <lsfadmin@lt20>
Subject: Job 8217060: <generate_ete_trees.patient=M07> in cluster <lila> Done

Job <generate_ete_trees.patient=M07> was submitted from host <lt03> by user <zhangh5> in cluster <lila> at Fri Jul 19 13:17:26 2024
Job was executed on host(s) <4*lt20>, in queue <cpuqueue>, as user <zhangh5> in cluster <lila> at Fri Jul 19 13:17:29 2024
</home/zhangh5> was used as the home directory.
</lila/data/iacobuzc/haochen/condor_pipeline_trial> was used as the working directory.
Started at Fri Jul 19 13:17:29 2024
Terminated at Fri Jul 19 13:17:43 2024
Results reported at Fri Jul 19 13:17:43 2024

Your job looked like:

------------------------------------------------------------
# LSBATCH: User input
/lila/data/iacobuzc/haochen/condor_pipeline_trial/.snakemake/tmp.e3awy4tj/snakejob.generate_ete_trees.74.sh
------------------------------------------------------------

Successfully completed.

Resource usage summary:

    CPU time :                                   12.08 sec.
    Max Memory :                                 -
    Average Memory :                             -
    Total Requested Memory :                     32.00 GB
    Delta Memory :                               -
    Max Swap :                                   -
    Max Processes :                              6
    Max Threads :                                11
    Run time :                                   15 sec.
    Turnaround time :                            17 sec.

The output (if any) follows:



PS:

Read file <logs/cluster/generate_ete_trees/patient=M07/jobid74_2a4a3680-fc97-48c4-88ca-b2a8bce8b8e5.err> for stderr output of this job.

