Sender: LSF System <lsfadmin@lt06>
Subject: Job 8216981: <condor_inputs.patient=RA21_17> in cluster <lila> Done

Job <condor_inputs.patient=RA21_17> was submitted from host <lt03> by user <zhangh5> in cluster <lila> at Fri Jul 19 13:14:29 2024
Job was executed on host(s) <4*lt06>, in queue <cpuqueue>, as user <zhangh5> in cluster <lila> at Fri Jul 19 13:14:32 2024
</home/zhangh5> was used as the home directory.
</lila/data/iacobuzc/haochen/condor_pipeline_trial> was used as the working directory.
Started at Fri Jul 19 13:14:32 2024
Terminated at Fri Jul 19 13:15:52 2024
Results reported at Fri Jul 19 13:15:52 2024

Your job looked like:

------------------------------------------------------------
# LSBATCH: User input
/lila/data/iacobuzc/haochen/condor_pipeline_trial/.snakemake/tmp.e3awy4tj/snakejob.condor_inputs.16.sh
------------------------------------------------------------

Successfully completed.

Resource usage summary:

    CPU time :                                   29.36 sec.
    Max Memory :                                 1 GB
    Average Memory :                             0.02 GB
    Total Requested Memory :                     32.00 GB
    Delta Memory :                               31.00 GB
    Max Swap :                                   -
    Max Processes :                              6
    Max Threads :                                16
    Run time :                                   82 sec.
    Turnaround time :                            83 sec.

The output (if any) follows:



PS:

Read file <logs/cluster/condor_inputs/patient=RA21_17/jobid16_26c6efb2-8f01-469a-898c-5f33a52e2c9b.err> for stderr output of this job.

