Sender: LSF System <lsfadmin@ls17>
Subject: Job 8216982: <condor_inputs.patient=M04> in cluster <lila> Done

Job <condor_inputs.patient=M04> was submitted from host <lt03> by user <zhangh5> in cluster <lila> at Fri Jul 19 13:14:30 2024
Job was executed on host(s) <4*ls17>, in queue <cpuqueue>, as user <zhangh5> in cluster <lila> at Fri Jul 19 13:14:32 2024
</home/zhangh5> was used as the home directory.
</lila/data/iacobuzc/haochen/condor_pipeline_trial> was used as the working directory.
Started at Fri Jul 19 13:14:32 2024
Terminated at Fri Jul 19 13:15:49 2024
Results reported at Fri Jul 19 13:15:49 2024

Your job looked like:

------------------------------------------------------------
# LSBATCH: User input
/lila/data/iacobuzc/haochen/condor_pipeline_trial/.snakemake/tmp.e3awy4tj/snakejob.condor_inputs.1.sh
------------------------------------------------------------

Successfully completed.

Resource usage summary:

    CPU time :                                   23.85 sec.
    Max Memory :                                 -
    Average Memory :                             -
    Total Requested Memory :                     32.00 GB
    Delta Memory :                               -
    Max Swap :                                   -
    Max Processes :                              6
    Max Threads :                                16
    Run time :                                   78 sec.
    Turnaround time :                            79 sec.

The output (if any) follows:



PS:

Read file <logs/cluster/condor_inputs/patient=M04/jobid1_d5223320-fa1f-4fcc-a974-3dfe40e8690d.err> for stderr output of this job.

