Sender: LSF System <lsfadmin@ls13>
Subject: Job 8217181: <condor_inputs.patient=M04> in cluster <lila> Done

Job <condor_inputs.patient=M04> was submitted from host <lu06> by user <zhangh5> in cluster <lila> at Fri Jul 19 13:23:45 2024
Job was executed on host(s) <4*ls13>, in queue <cpuqueue>, as user <zhangh5> in cluster <lila> at Fri Jul 19 13:23:48 2024
</home/zhangh5> was used as the home directory.
</lila/data/iacobuzc/haochen/condor_pipeline_trial> was used as the working directory.
Started at Fri Jul 19 13:23:48 2024
Terminated at Fri Jul 19 13:24:43 2024
Results reported at Fri Jul 19 13:24:43 2024

Your job looked like:

------------------------------------------------------------
# LSBATCH: User input
/lila/data/iacobuzc/haochen/condor_pipeline_trial/.snakemake/tmp.8wc02eyx/snakejob.condor_inputs.1.sh
------------------------------------------------------------

Successfully completed.

Resource usage summary:

    CPU time :                                   22.44 sec.
    Max Memory :                                 -
    Average Memory :                             -
    Total Requested Memory :                     32.00 GB
    Delta Memory :                               -
    Max Swap :                                   -
    Max Processes :                              6
    Max Threads :                                16
    Run time :                                   57 sec.
    Turnaround time :                            58 sec.

The output (if any) follows:



PS:

Read file <logs/cluster/condor_inputs/patient=M04/jobid1_04545301-4d55-476c-9f11-2e83e231752d.err> for stderr output of this job.

