Sender: LSF System <lsfadmin@lt17>
Subject: Job 8217173: <condor_inputs.patient=RA15_16> in cluster <lila> Done

Job <condor_inputs.patient=RA15_16> was submitted from host <lu06> by user <zhangh5> in cluster <lila> at Fri Jul 19 13:23:43 2024
Job was executed on host(s) <4*lt17>, in queue <cpuqueue>, as user <zhangh5> in cluster <lila> at Fri Jul 19 13:23:46 2024
</home/zhangh5> was used as the home directory.
</lila/data/iacobuzc/haochen/condor_pipeline_trial> was used as the working directory.
Started at Fri Jul 19 13:23:46 2024
Terminated at Fri Jul 19 13:24:45 2024
Results reported at Fri Jul 19 13:24:45 2024

Your job looked like:

------------------------------------------------------------
# LSBATCH: User input
/lila/data/iacobuzc/haochen/condor_pipeline_trial/.snakemake/tmp.8wc02eyx/snakejob.condor_inputs.7.sh
------------------------------------------------------------

Successfully completed.

Resource usage summary:

    CPU time :                                   20.84 sec.
    Max Memory :                                 -
    Average Memory :                             -
    Total Requested Memory :                     32.00 GB
    Delta Memory :                               -
    Max Swap :                                   -
    Max Processes :                              6
    Max Threads :                                16
    Run time :                                   59 sec.
    Turnaround time :                            62 sec.

The output (if any) follows:



PS:

Read file <logs/cluster/condor_inputs/patient=RA15_16/jobid7_e314d07a-3880-411a-89ab-b7885bb78044.err> for stderr output of this job.

