Sender: LSF System <lsfadmin@ls13>
Subject: Job 8216972: <condor_inputs.patient=RA15_16> in cluster <lila> Done

Job <condor_inputs.patient=RA15_16> was submitted from host <lt03> by user <zhangh5> in cluster <lila> at Fri Jul 19 13:14:26 2024
Job was executed on host(s) <4*ls13>, in queue <cpuqueue>, as user <zhangh5> in cluster <lila> at Fri Jul 19 13:14:28 2024
</home/zhangh5> was used as the home directory.
</lila/data/iacobuzc/haochen/condor_pipeline_trial> was used as the working directory.
Started at Fri Jul 19 13:14:28 2024
Terminated at Fri Jul 19 13:15:56 2024
Results reported at Fri Jul 19 13:15:56 2024

Your job looked like:

------------------------------------------------------------
# LSBATCH: User input
/lila/data/iacobuzc/haochen/condor_pipeline_trial/.snakemake/tmp.e3awy4tj/snakejob.condor_inputs.7.sh
------------------------------------------------------------

Successfully completed.

Resource usage summary:

    CPU time :                                   22.75 sec.
    Max Memory :                                 -
    Average Memory :                             -
    Total Requested Memory :                     32.00 GB
    Delta Memory :                               -
    Max Swap :                                   -
    Max Processes :                              6
    Max Threads :                                16
    Run time :                                   88 sec.
    Turnaround time :                            90 sec.

The output (if any) follows:



PS:

Read file <logs/cluster/condor_inputs/patient=RA15_16/jobid7_9ea213be-d1d3-4a0f-bfe5-57a106488148.err> for stderr output of this job.

