Sender: LSF System <lsfadmin@ls17>
Subject: Job 8217193: <generate_pre_condor_sc_heatmaps.patient=RA17_22> in cluster <lila> Done

Job <generate_pre_condor_sc_heatmaps.patient=RA17_22> was submitted from host <lu06> by user <zhangh5> in cluster <lila> at Fri Jul 19 13:23:49 2024
Job was executed on host(s) <4*ls17>, in queue <cpuqueue>, as user <zhangh5> in cluster <lila> at Fri Jul 19 13:23:52 2024
</home/zhangh5> was used as the home directory.
</lila/data/iacobuzc/haochen/condor_pipeline_trial> was used as the working directory.
Started at Fri Jul 19 13:23:52 2024
Terminated at Fri Jul 19 13:25:11 2024
Results reported at Fri Jul 19 13:25:11 2024

Your job looked like:

------------------------------------------------------------
# LSBATCH: User input
/lila/data/iacobuzc/haochen/condor_pipeline_trial/.snakemake/tmp.8wc02eyx/snakejob.generate_pre_condor_sc_heatmaps.107.sh
------------------------------------------------------------

Successfully completed.

Resource usage summary:

    CPU time :                                   55.00 sec.
    Max Memory :                                 2 GB
    Average Memory :                             0.44 GB
    Total Requested Memory :                     32.00 GB
    Delta Memory :                               30.00 GB
    Max Swap :                                   -
    Max Processes :                              14
    Max Threads :                                73
    Run time :                                   79 sec.
    Turnaround time :                            82 sec.

The output (if any) follows:



PS:

Read file <logs/cluster/generate_pre_condor_sc_heatmaps/patient=RA17_22/jobid107_7eff925c-b005-43ec-bcc8-a39ca3a2b240.err> for stderr output of this job.

