Sender: LSF System <lsfadmin@lt20>
Subject: Job 8216990: <generate_pre_condor_sc_heatmaps.patient=RA17_22> in cluster <lila> Done

Job <generate_pre_condor_sc_heatmaps.patient=RA17_22> was submitted from host <lt03> by user <zhangh5> in cluster <lila> at Fri Jul 19 13:14:33 2024
Job was executed on host(s) <4*lt20>, in queue <cpuqueue>, as user <zhangh5> in cluster <lila> at Fri Jul 19 13:14:36 2024
</home/zhangh5> was used as the home directory.
</lila/data/iacobuzc/haochen/condor_pipeline_trial> was used as the working directory.
Started at Fri Jul 19 13:14:36 2024
Terminated at Fri Jul 19 13:16:16 2024
Results reported at Fri Jul 19 13:16:16 2024

Your job looked like:

------------------------------------------------------------
# LSBATCH: User input
/lila/data/iacobuzc/haochen/condor_pipeline_trial/.snakemake/tmp.e3awy4tj/snakejob.generate_pre_condor_sc_heatmaps.107.sh
------------------------------------------------------------

Successfully completed.

Resource usage summary:

    CPU time :                                   56.00 sec.
    Max Memory :                                 2 GB
    Average Memory :                             0.33 GB
    Total Requested Memory :                     32.00 GB
    Delta Memory :                               30.00 GB
    Max Swap :                                   -
    Max Processes :                              14
    Max Threads :                                70
    Run time :                                   102 sec.
    Turnaround time :                            103 sec.

The output (if any) follows:



PS:

Read file <logs/cluster/generate_pre_condor_sc_heatmaps/patient=RA17_22/jobid107_a27c87cc-f4c2-4e93-82d1-3d0b979520f6.err> for stderr output of this job.

