Sender: LSF System <lsfadmin@lt19>
Subject: Job 8217000: <condor_inputs.patient=TP49> in cluster <lila> Done

Job <condor_inputs.patient=TP49> was submitted from host <lt03> by user <zhangh5> in cluster <lila> at Fri Jul 19 13:14:38 2024
Job was executed on host(s) <4*lt19>, in queue <cpuqueue>, as user <zhangh5> in cluster <lila> at Fri Jul 19 13:14:41 2024
</home/zhangh5> was used as the home directory.
</lila/data/iacobuzc/haochen/condor_pipeline_trial> was used as the working directory.
Started at Fri Jul 19 13:14:41 2024
Terminated at Fri Jul 19 13:15:55 2024
Results reported at Fri Jul 19 13:15:55 2024

Your job looked like:

------------------------------------------------------------
# LSBATCH: User input
/lila/data/iacobuzc/haochen/condor_pipeline_trial/.snakemake/tmp.e3awy4tj/snakejob.condor_inputs.19.sh
------------------------------------------------------------

Successfully completed.

Resource usage summary:

    CPU time :                                   21.98 sec.
    Max Memory :                                 -
    Average Memory :                             -
    Total Requested Memory :                     32.00 GB
    Delta Memory :                               -
    Max Swap :                                   -
    Max Processes :                              7
    Max Threads :                                17
    Run time :                                   74 sec.
    Turnaround time :                            77 sec.

The output (if any) follows:



PS:

Read file <logs/cluster/condor_inputs/patient=TP49/jobid19_bfb865d6-8d4f-4927-ae9e-1b6d00eaaf23.err> for stderr output of this job.

