Sender: LSF System <lsfadmin@lu04>
Subject: Job 8217206: <condor_inputs.patient=TP49> in cluster <lila> Done

Job <condor_inputs.patient=TP49> was submitted from host <lu06> by user <zhangh5> in cluster <lila> at Fri Jul 19 13:23:55 2024
Job was executed on host(s) <4*lu04>, in queue <cpuqueue>, as user <zhangh5> in cluster <lila> at Fri Jul 19 13:23:57 2024
</home/zhangh5> was used as the home directory.
</lila/data/iacobuzc/haochen/condor_pipeline_trial> was used as the working directory.
Started at Fri Jul 19 13:23:57 2024
Terminated at Fri Jul 19 13:24:43 2024
Results reported at Fri Jul 19 13:24:43 2024

Your job looked like:

------------------------------------------------------------
# LSBATCH: User input
/lila/data/iacobuzc/haochen/condor_pipeline_trial/.snakemake/tmp.8wc02eyx/snakejob.condor_inputs.19.sh
------------------------------------------------------------

Successfully completed.

Resource usage summary:

    CPU time :                                   21.43 sec.
    Max Memory :                                 -
    Average Memory :                             -
    Total Requested Memory :                     32.00 GB
    Delta Memory :                               -
    Max Swap :                                   -
    Max Processes :                              6
    Max Threads :                                16
    Run time :                                   45 sec.
    Turnaround time :                            48 sec.

The output (if any) follows:



PS:

Read file <logs/cluster/condor_inputs/patient=TP49/jobid19_01e2c38a-1e9c-462a-b090-91820169306c.err> for stderr output of this job.

