            sample cell_barcode  clone_id
0        BPA-3-RSX       cell_1         2
1        BPA-3-RSX      cell_10         2
2        BPA-3-RSX     cell_100         2
3        BPA-3-RSX    cell_1000         2
4        BPA-3-RSX    cell_1001         2
...            ...          ...       ...
8711  RA18_18-11_1     cell_995         0
8712  RA18_18-11_1     cell_996         0
8713  RA18_18-11_1     cell_997         0
8714  RA18_18-11_1     cell_998         0
8715  RA18_18-11_1     cell_999         0

[8716 rows x 3 columns]
Found H5: BPA-3.patient_wide.genotyped.h5
Loading, /data/iacobuzc/haochen/Tapestri_batch2/batch2_data_BRCA_compiled/SNV_FILLOUT_results/BPA-3/BPA-3.patient_wide.genotyped.h5
Loaded in 0.7s.
(7493, 421)

    germline: 36
    somatic: 1
    total: 44
(7493, 44)
(7493, 44)
Index(['cell_1-BPA-3-RSX', 'cell_10-BPA-3-RSX', 'cell_100-BPA-3-RSX',
       'cell_1000-BPA-3-RSX', 'cell_1001-BPA-3-RSX', 'cell_1002-BPA-3-RSX',
       'cell_1003-BPA-3-RSX', 'cell_1004-BPA-3-RSX', 'cell_1005-BPA-3-RSX',
       'cell_1006-BPA-3-RSX',
       ...
       'cell_990-BPA-3-N', 'cell_991-BPA-3-N', 'cell_992-BPA-3-N',
       'cell_993-BPA-3-N', 'cell_994-BPA-3-N', 'cell_995-BPA-3-N',
       'cell_996-BPA-3-N', 'cell_997-BPA-3-N', 'cell_998-BPA-3-N',
       'cell_999-BPA-3-N'],
      dtype='object', name='cell_barcode', length=7493)
0            BPA-3-RSX:cell_1
1           BPA-3-RSX:cell_10
2          BPA-3-RSX:cell_100
3         BPA-3-RSX:cell_1000
4         BPA-3-RSX:cell_1001
                ...          
8711    RA18_18-11_1:cell_995
8712    RA18_18-11_1:cell_996
8713    RA18_18-11_1:cell_997
8714    RA18_18-11_1:cell_998
8715    RA18_18-11_1:cell_999
Name: cell_barcode, Length: 8716, dtype: object
clone_id
1    4583
2    2645
0    1488
Name: count, dtype: int64
{'3'} (8716, 2)
clone_id
1    4578
2    2645
0     270
Name: count, dtype: int64
[2, 1, 0]
