             sample cell_barcode  clone_id
0      RA17_22-04_1     cell_206         3
1      RA17_22-04_1     cell_405         2
2      RA17_22-04_1     cell_663         3
3      RA17_22-04_1     cell_906         0
4      RA17_22-04_1     cell_443         3
...             ...          ...       ...
17357  RA17_22-42_2    cell_3114         5
17358  RA17_22-42_2    cell_2648         3
17359  RA17_22-42_2     cell_985         3
17360  RA17_22-42_2      cell_38         5
17361  RA17_22-42_2    cell_2173         3

[17362 rows x 3 columns]
[INFO] Using H5: /data/iacobuzc/haochen/Tapestri_main_manuscript_analysis/data_compiled/fillout_h5/RA17_22.patient_wide.genotyped.h5
Loading, /data/iacobuzc/haochen/Tapestri_main_manuscript_analysis/data_compiled/fillout_h5/RA17_22.patient_wide.genotyped.h5
Loaded in 3.2s.
(16139, 964)

    germline: 35
    somatic: 4
    total: 50
(16139, 50)
(16139, 50)
Index(['cell_1-RA17_22-32_1', 'cell_10-RA17_22-32_1', 'cell_100-RA17_22-32_1',
       'cell_1000-RA17_22-32_1', 'cell_1001-RA17_22-32_1',
       'cell_1002-RA17_22-32_1', 'cell_1003-RA17_22-32_1',
       'cell_1004-RA17_22-32_1', 'cell_1005-RA17_22-32_1',
       'cell_1006-RA17_22-32_1',
       ...
       'cell_90-RA17_22-27_2', 'cell_91-RA17_22-27_2', 'cell_92-RA17_22-27_2',
       'cell_93-RA17_22-27_2', 'cell_94-RA17_22-27_2', 'cell_95-RA17_22-27_2',
       'cell_96-RA17_22-27_2', 'cell_97-RA17_22-27_2', 'cell_98-RA17_22-27_2',
       'cell_99-RA17_22-27_2'],
      dtype='object', name='cell_barcode', length=16139)
0         RA17_22-04_1:cell_206
1         RA17_22-04_1:cell_405
2         RA17_22-04_1:cell_663
3         RA17_22-04_1:cell_906
4         RA17_22-04_1:cell_443
                  ...          
17357    RA17_22-42_2:cell_3114
17358    RA17_22-42_2:cell_2648
17359     RA17_22-42_2:cell_985
17360      RA17_22-42_2:cell_38
17361    RA17_22-42_2:cell_2173
Name: cell_barcode, Length: 17362, dtype: object
clone_id
0    8833
3    2936
5    1706
6    1651
2    1040
1     772
4     424
Name: count, dtype: int64
clone_id
0    7766
3    2933
5    1706
6    1508
2    1036
1     771
4     419
Name: count, dtype: int64
[6, 0, 5, 4, 3, 1, 2]
