Sender: LSF System <lsfadmin@lt20>
Subject: Job 8216986: <condor_inputs.patient=RA16_29> in cluster <lila> Done

Job <condor_inputs.patient=RA16_29> was submitted from host <lt03> by user <zhangh5> in cluster <lila> at Fri Jul 19 13:14:31 2024
Job was executed on host(s) <4*lt20>, in queue <cpuqueue>, as user <zhangh5> in cluster <lila> at Fri Jul 19 13:14:34 2024
</home/zhangh5> was used as the home directory.
</lila/data/iacobuzc/haochen/condor_pipeline_trial> was used as the working directory.
Started at Fri Jul 19 13:14:34 2024
Terminated at Fri Jul 19 13:15:50 2024
Results reported at Fri Jul 19 13:15:50 2024

Your job looked like:

------------------------------------------------------------
# LSBATCH: User input
/lila/data/iacobuzc/haochen/condor_pipeline_trial/.snakemake/tmp.e3awy4tj/snakejob.condor_inputs.9.sh
------------------------------------------------------------

Successfully completed.

Resource usage summary:

    CPU time :                                   26.39 sec.
    Max Memory :                                 1 GB
    Average Memory :                             0.03 GB
    Total Requested Memory :                     32.00 GB
    Delta Memory :                               31.00 GB
    Max Swap :                                   -
    Max Processes :                              6
    Max Threads :                                16
    Run time :                                   77 sec.
    Turnaround time :                            79 sec.

The output (if any) follows:



PS:

Read file <logs/cluster/condor_inputs/patient=RA16_29/jobid9_98e759a7-497b-4a08-ab1c-bb7bee117ec9.err> for stderr output of this job.

