Sender: LSF System <lsfadmin@ls13>
Subject: Job 8217047: <generate_ete_trees.patient=M12> in cluster <lila> Done

Job <generate_ete_trees.patient=M12> was submitted from host <lt03> by user <zhangh5> in cluster <lila> at Fri Jul 19 13:17:05 2024
Job was executed on host(s) <4*ls13>, in queue <cpuqueue>, as user <zhangh5> in cluster <lila> at Fri Jul 19 13:17:08 2024
</home/zhangh5> was used as the home directory.
</lila/data/iacobuzc/haochen/condor_pipeline_trial> was used as the working directory.
Started at Fri Jul 19 13:17:08 2024
Terminated at Fri Jul 19 13:17:32 2024
Results reported at Fri Jul 19 13:17:32 2024

Your job looked like:

------------------------------------------------------------
# LSBATCH: User input
/lila/data/iacobuzc/haochen/condor_pipeline_trial/.snakemake/tmp.e3awy4tj/snakejob.generate_ete_trees.76.sh
------------------------------------------------------------

Successfully completed.

Resource usage summary:

    CPU time :                                   14.85 sec.
    Max Memory :                                 -
    Average Memory :                             -
    Total Requested Memory :                     32.00 GB
    Delta Memory :                               -
    Max Swap :                                   -
    Max Processes :                              7
    Max Threads :                                11
    Run time :                                   24 sec.
    Turnaround time :                            27 sec.

The output (if any) follows:



PS:

Read file <logs/cluster/generate_ete_trees/patient=M12/jobid76_2702e641-b88f-4fc4-b77e-4b32c6e3213d.err> for stderr output of this job.

