n = 2801, m = 43, p = 6
Set parameter WLSAccessID
Set parameter WLSSecret
Set parameter LicenseID to value 2416028
Academic license 2416028 - for non-commercial use only - registered to zh___@mskcc.org
Set parameter Threads to value 1
Set parameter Method to value 4
Set parameter IntFeasTol to value 1e-06
Gurobi Optimizer version 10.0.3 build v10.0.3rc0 (linux64)

CPU model: Intel(R) Xeon(R) Platinum 8352S CPU @ 2.20GHz, instruction set [SSE2|AVX|AVX2|AVX512]
Thread count: 64 physical cores, 128 logical processors, using up to 1 threads

Academic license 2416028 - for non-commercial use only - registered to zh___@mskcc.org
Optimize a model with 155434 rows, 31132 columns and 467055 nonzeros
Model fingerprint: 0x926d2fad
Variable types: 30100 continuous, 1032 integer (1032 binary)
Coefficient statistics:
  Matrix range     [1e+00, 1e+00]
  Objective range  [7e+01, 2e+04]
  Bounds range     [1e+00, 1e+00]
  RHS range        [1e+00, 2e+00]
Presolve removed 71495 rows and 17344 columns (presolve time = 5s) ...
Presolve removed 71495 rows and 17344 columns
Presolve time: 5.47s
Presolved: 83939 rows, 13788 columns, 251620 nonzeros
Variable types: 13212 continuous, 576 integer (576 binary)
Found heuristic solution: objective -429706.4416
Root relaxation presolved: 13788 rows, 97725 columns, 265400 nonzeros


Root simplex log...

Iteration    Objective       Primal Inf.    Dual Inf.      Time
       0   -4.4040000e+33   1.321200e+34   4.404000e+03      9s
   10355   -4.1406786e+05   0.000000e+00   0.000000e+00      9s
   10355   -4.1406786e+05   0.000000e+00   0.000000e+00      9s
   10355   -4.1406786e+05   0.000000e+00   0.000000e+00      9s

Root relaxation: objective -4.140679e+05, 10355 iterations, 2.56 seconds (0.33 work units)

    Nodes    |    Current Node    |     Objective Bounds      |     Work
 Expl Unexpl |  Obj  Depth IntInf | Incumbent    BestBd   Gap | It/Node Time

*    0     0               0    -414067.8571 -414067.86  0.00%     -    9s

Explored 1 nodes (10355 simplex iterations) in 9.52 seconds (1.54 work units)
Thread count was 1 (of 128 available processors)

Solution count 2: -414068 -429706 
No other solutions better than -414068

Optimal solution found (tolerance 1.00e-04)
Best objective -4.140678570885e+05, best bound -4.140678570885e+05, gap 0.0000%
n = 525, m = 6, p = 1
Set parameter TimeLimit to value 1800
Set parameter Threads to value 1
Set parameter Method to value 4
Set parameter IntFeasTol to value 1e-06
Gurobi Optimizer version 10.0.3 build v10.0.3rc0 (linux64)

CPU model: Intel(R) Xeon(R) Platinum 8352S CPU @ 2.20GHz, instruction set [SSE2|AVX|AVX2|AVX512]
Thread count: 64 physical cores, 128 logical processors, using up to 1 threads

Academic license 2416028 - for non-commercial use only - registered to zh___@mskcc.org
Optimize a model with 29976 rows, 6390 columns and 80430 nonzeros
Model fingerprint: 0x98eb7116
Variable types: 3240 continuous, 3150 integer (3150 binary)
Coefficient statistics:
  Matrix range     [1e+00, 1e+00]
  Objective range  [1e-02, 8e+01]
  Bounds range     [1e+00, 1e+00]
  RHS range        [1e+00, 2e+00]
Found heuristic solution: objective -0.0000000
Presolve removed 6336 rows and 3195 columns
Presolve time: 0.53s
Presolved: 23640 rows, 3195 columns, 70920 nonzeros
Variable types: 0 continuous, 3195 integer (3195 binary)
Found heuristic solution: objective 5871.8554361
Root relaxation presolved: 23640 rows, 3195 columns, 70920 nonzeros


Root relaxation: objective 1.457418e+04, 90 iterations, 0.37 seconds (0.06 work units)

    Nodes    |    Current Node    |     Objective Bounds      |     Work
 Expl Unexpl |  Obj  Depth IntInf | Incumbent    BestBd   Gap | It/Node Time

*    0     0               0    14574.181097 14574.1811  0.00%     -    1s

Explored 1 nodes (90 simplex iterations) in 1.18 seconds (0.15 work units)
Thread count was 1 (of 128 available processors)

Solution count 3: 14574.2 5871.86 -0 

Optimal solution found (tolerance 1.00e-04)
Best objective 1.457418109694e+04, best bound 1.457418109694e+04, gap 0.0000%
2596, 337, 14574.18109694205
0
2
3
4
5
1 root 215
1 chr3:30715617:G/T_4 4
1 chr3:30715619:C/G_4 86
1 chr11:71943807:A/T_4 25
1 chr3:178936082:G/C_4 72
1 chr3:30713659:CGCCAAGG/C_4 100
1 chr15:67482870:C/T_4 23
cluster_id
5    730
3    707
1    525
2    327
0    324
4    188
Name: count, dtype: int64
Node 0: 324
Node 1: 215
Node 2: 327
Node 3: 707
Node 4: 188
Node 5: 730
Node chr3:30715617:G/T_4: 4
Node chr11:71943807:A/T_4: 25
Node chr3:30713659:CGCCAAGG/C_4: 100
Node chr15:67482870:C/T_4: 23
Node chr3:30715619:C/G_4: 86
Node chr3:178936082:G/C_4: 72
total cells 2801
[('root', 0)]
