chr12:25398284:C/A
chr12:49434074:C/A
chr20:46279827:G/A
chr16:23647214:T/A
chr17:37881595:A/T
chr17:7578190:T/C
chr20:57484326:C/G
chrX:70349947:A/C
chr5:38953665:G/GA
chr10:131506283:C/T
chr20:57484241:C/T
chr10:88683122:T/C
chr4:55980456:C/T
chr2:148657117:G/A
chr18:19756856:C/T
chr20:46279866:A/G
chr7:2962753:G/A
chr5:98192163:TAAGG/T
chr20:9520142:G/A
chr8:30933859:C/T
chr14:20818602:C/G
chr19:36222857:C/T
chr3:189604149:T/G
chr19:40741694:C/T
chr17:56438217:C/T
chr2:203384776:CT/C
chr1:11308054:A/G
chr4:96052356:T/A
chr13:25052420:T/A
chr1:158612236:A/G
chr12:49420016:C/CT
chr22:29130347:G/GT
chr10:131506192:C/T
chr3:178951864:T/A
chr16:3634746:C/A
chr20:9560633:C/T
chr3:178951870:T/C
chr17:41245466:G/A
chr20:9560712:A/G
chr17:56448297:C/T
chr15:41275014:T/G
chr2:209113192:G/A
chr10:88635779:C/A
1542    0
1545    0
1547    0
1548    0
1551    0
       ..
7735    4
7708    4
7727    4
7707    4
7726    4
Name: cluster_id, Length: 7737, dtype: int64
check
Index(['MTOR p.Ile313Thr', 'SPTA1 p.Cys1568Arg', 'ACVR2A p.Pro118=',
       'BMPR2 intron_variant', 'IDH1 p.Gly105=', 'PIK3CA intron_variant',
       'PIK3CA intron_variant', 'TP63 intron_variant', 'KDR intron_variant',
       'BMPR1B intron_variant', 'RICTOR intron_variant',
       'CHD1 p.Pro1684MetfsTer30', 'CARD11 intron_variant',
       'WRN intron_variant', 'BMPR1A p.Pro2Thr', 'BMPR1A intron_variant',
       'MGMT p.Leu53=', 'MGMT p.Leu84Phe', 'KRAS p.Gly12Val',
       'KMT2D p.Val5245SerfsTer13', 'KMT2D p.Gly2493=', 'PARP4 intron_variant',
       'PARP2 intron_variant', 'INO80 intron_variant', 'SLX4 intron_variant',
       'PALB2 p.Glu218Val', 'TP53 p.Tyr220Cys', 'ERBB2 p.Met889Leu',
       'BRCA1 p.Ser694=', 'RNF43 p.Trp259Ter', 'RNF43 p.Arg117His',
       'GATA6 intron_variant', 'KMT2B p.Pro1829Leu', 'AKT2 intron_variant',
       'PAK5 p.Ile709=', 'PAK5 intron_variant', 'PAK5 intron_variant',
       'NCOA3 p.Gln1251=', 'NCOA3 p.Gln1264=', 'GNAS p.Ile828=',
       'GNAS intron_variant', 'CHEK2 intron_variant', 'MED12 p.Pro1310='],
      dtype='object')
==============
{'chr20:31387954:C/G': 'DNMT3B intron_variant', 'chr11:107879887:G/C': 'CUL5 5_prime_UTR_variant', 'chr15:59322829:A/G': 'RNF111 intron_variant', 'chr4:187538942:T/G': 'FAT1 p.Gln2933Pro', 'chr13:28883061:G/A': 'FLT1 p.Tyr1213=', 'chr8:128750540:A/G': 'MYC p.Asn26Ser', 'chr11:65481166:T/C': 'KAT5 intron_variant', 'chr1:46521517:G/A': 'PIK3R3 p.Ser297=', 'chr1:46521559:A/T': 'PIK3R3 p.Asn283Lys', 'chr13:25052261:C/T': 'PARP4 p.Ser534=', 'chr1:11288758:G/A': 'MTOR p.Asn999=', 'chr12:25368462:C/T': 'KRAS p.Arg161=', 'chr17:7578115:T/C': 'TP53 intron_variant', 'chr17:7578190:T/C': 'TP53 p.Tyr220Cys', 'chr17:41245466:G/A': 'BRCA1 p.Ser694=', 'chr9:21968199:C/G': 'CDKN2A 3_prime_UTR_variant', 'chr5:38953665:G/GA': 'RICTOR intron_variant', 'chr1:16474839:AC/A': 'EPHA2 intron_variant', 'chr17:73627565:A/G': 'RECQL5 p.Tyr471=', 'chr3:52637486:C/G': 'PBRM1 intron_variant', 'chr11:65631167:C/T': 'MUS81 p.Ala312=', 'chr16:3634746:C/A': 'SLX4 intron_variant', 'chr20:46279827:G/A': 'NCOA3 p.Gln1251=', 'chr10:88683122:T/C': 'BMPR1A intron_variant', 'chr2:209113192:G/A': 'IDH1 p.Gly105=', 'chr17:56438217:C/T': 'RNF43 p.Trp259Ter', 'chr17:37881595:A/T': 'ERBB2 p.Met889Leu', 'chr20:46279866:A/G': 'NCOA3 p.Gln1264=', 'chr1:91859795:T/C': 'HFM1 p.Ile117Val', 'chr14:20818602:C/G': 'PARP2 intron_variant', 'chr2:148657117:G/A': 'ACVR2A p.Pro118=', 'chr20:9520142:G/A': 'PAK5 p.Ile709=', 'chr19:40741694:C/T': 'AKT2 intron_variant', 'chr20:9560712:A/G': 'PAK5 intron_variant', 'chr20:9560633:C/T': 'PAK5 intron_variant', 'chr13:25052420:T/A': 'PARP4 intron_variant', 'chr3:189604149:T/G': 'TP63 intron_variant', 'chr20:57484326:C/G': 'GNAS intron_variant', 'chr20:57484241:C/T': 'GNAS p.Ile828=', 'chr1:158612236:A/G': 'SPTA1 p.Cys1568Arg', 'chr8:30933859:C/T': 'WRN intron_variant', 'chr13:32913055:A/G': 'BRCA2 p.Leu1521=', 'chr10:131506192:C/T': 'MGMT p.Leu53=', 'chr10:131506283:C/T': 'MGMT p.Leu84Phe', 'chr12:49420016:C/CT': 'KMT2D p.Val5245SerfsTer13', 'chr19:36222857:C/T': 'KMT2B p.Pro1829Leu', 'chr7:2962753:G/A': 'CARD11 intron_variant', 'chr17:7579472:G/C': 'TP53 p.Pro72Arg', 'chr12:49434074:C/A': 'KMT2D p.Gly2493=', 'chr12:25398284:C/A': 'KRAS p.Gly12Val', 'chr11:64572557:A/G': 'MEN1 p.His433=', 'chrX:70349947:A/C': 'MED12 p.Pro1310=', 'chr18:48584855:A/ATT': 'SMAD4 intron_variant', 'chr4:55980456:C/T': 'KDR intron_variant', 'chr22:29130347:G/GT': 'CHEK2 intron_variant', 'chr15:41275014:T/G': 'INO80 intron_variant', 'chr17:56448297:C/T': 'RNF43 p.Arg117His', 'chr10:88635779:C/A': 'BMPR1A p.Pro2Thr', 'chr14:105242966:T/C': 'AKT1 intron_variant', 'chr18:19756856:C/T': 'GATA6 intron_variant', 'chr7:151935730:T/C': 'KMT2C intron_variant', 'chr2:203384776:CT/C': 'BMPR2 intron_variant', 'chr14:92537354:C/CCTGCTGCTGCTG': 'ATXN3 p.Gln302_Gln305dup', 'chr14:92537354:C/CCTGCTG': 'ATXN3 p.Gln304_Gln305dup', 'chr14:92537354:C/CCTGCTGCTG': 'ATXN3 p.Gln303_Gln305dup', 'chr9:101911436:A/AT': 'TGFBR1 intron_variant', 'chr14:92537354:C/CCTG': 'ATXN3 p.Gln305dup', 'chr7:154760608:TCTG/T': 'PAXIP1 p.Gln434del', 'chr5:98192163:TAAGG/T': 'CHD1 p.Pro1684MetfsTer30', 'chr4:96052356:T/A': 'BMPR1B intron_variant', 'chr14:92537354:CCTG/C': 'ATXN3 p.Gln305del', 'chr14:92537354:CCTGCTG/C': 'ATXN3 p.Gln304_Gln305del', 'chr11:92577070:T/C': 'FAT3 intron_variant', 'chr14:92537354:C/G': 'ATXN3 p.Gly306Arg', 'chr3:178951864:T/A': 'PIK3CA intron_variant', 'chr14:92537354:CCTGCTGCTG/C': 'ATXN3 p.Gln303_Gln305del', 'chr18:48584804:G/T': 'SMAD4 p.Met294Ile', 'chr4:96073753:AAAT/A': 'BMPR1B intron_variant', 'chr17:8049758:TAGG/T': 'PER1 p.Ser656del', 'chr1:11308054:A/G': 'MTOR p.Ile313Thr', 'chr3:178951870:T/C': 'PIK3CA intron_variant', 'chr2:203384776:CTT/C': 'BMPR2 intron_variant', 'chr16:23647214:T/A': 'PALB2 p.Glu218Val', 'chr3:41265953:C/CT': 'CTNNB1 intron_variant'}
==============
MTOR p.Ile313Thr
SPTA1 p.Cys1568Arg
ACVR2A p.Pro118=
BMPR2 intron_variant
IDH1 p.Gly105=
PIK3CA intron_variant
PIK3CA intron_variant
TP63 intron_variant
KDR intron_variant
BMPR1B intron_variant
RICTOR intron_variant
CHD1 p.Pro1684MetfsTer30
CARD11 intron_variant
WRN intron_variant
BMPR1A p.Pro2Thr
BMPR1A intron_variant
MGMT p.Leu53=
MGMT p.Leu84Phe
KRAS p.Gly12Val
KMT2D p.Val5245SerfsTer13
KMT2D p.Gly2493=
PARP4 intron_variant
PARP2 intron_variant
INO80 intron_variant
SLX4 intron_variant
PALB2 p.Glu218Val
TP53 p.Tyr220Cys
ERBB2 p.Met889Leu
BRCA1 p.Ser694=
RNF43 p.Trp259Ter
RNF43 p.Arg117His
GATA6 intron_variant
KMT2B p.Pro1829Leu
AKT2 intron_variant
PAK5 p.Ile709=
PAK5 intron_variant
PAK5 intron_variant
NCOA3 p.Gln1251=
NCOA3 p.Gln1264=
GNAS p.Ile828=
GNAS intron_variant
CHEK2 intron_variant
MED12 p.Pro1310=
