Sender: LSF System <lsfadmin@lt17>
Subject: Job 8217226: <fast_condor.patient=BPA-5> in cluster <lila> Done

Job <fast_condor.patient=BPA-5> was submitted from host <lu06> by user <zhangh5> in cluster <lila> at Fri Jul 19 13:24:51 2024
Job was executed on host(s) <4*lt17>, in queue <cpuqueue>, as user <zhangh5> in cluster <lila> at Fri Jul 19 13:24:54 2024
</home/zhangh5> was used as the home directory.
</lila/data/iacobuzc/haochen/condor_pipeline_trial> was used as the working directory.
Started at Fri Jul 19 13:24:54 2024
Terminated at Fri Jul 19 13:25:28 2024
Results reported at Fri Jul 19 13:25:28 2024

Your job looked like:

------------------------------------------------------------
# LSBATCH: User input
/lila/data/iacobuzc/haochen/condor_pipeline_trial/.snakemake/tmp.8wc02eyx/snakejob.fast_condor.48.sh
------------------------------------------------------------

Successfully completed.

Resource usage summary:

    CPU time :                                   15.59 sec.
    Max Memory :                                 -
    Average Memory :                             -
    Total Requested Memory :                     4.00 GB
    Delta Memory :                               -
    Max Swap :                                   -
    Max Processes :                              6
    Max Threads :                                12
    Run time :                                   36 sec.
    Turnaround time :                            37 sec.

The output (if any) follows:



PS:

Read file <logs/cluster/fast_condor/patient=BPA-5/jobid48_fb882f22-46f9-4267-82e3-dfa307ebaf23.err> for stderr output of this job.

