Sender: LSF System <lsfadmin@ls13>
Subject: Job 8217026: <fast_condor.patient=BPA-5> in cluster <lila> Done

Job <fast_condor.patient=BPA-5> was submitted from host <lt03> by user <zhangh5> in cluster <lila> at Fri Jul 19 13:16:07 2024
Job was executed on host(s) <4*ls13>, in queue <cpuqueue>, as user <zhangh5> in cluster <lila> at Fri Jul 19 13:16:10 2024
</home/zhangh5> was used as the home directory.
</lila/data/iacobuzc/haochen/condor_pipeline_trial> was used as the working directory.
Started at Fri Jul 19 13:16:10 2024
Terminated at Fri Jul 19 13:16:53 2024
Results reported at Fri Jul 19 13:16:53 2024

Your job looked like:

------------------------------------------------------------
# LSBATCH: User input
/lila/data/iacobuzc/haochen/condor_pipeline_trial/.snakemake/tmp.e3awy4tj/snakejob.fast_condor.48.sh
------------------------------------------------------------

Successfully completed.

Resource usage summary:

    CPU time :                                   15.83 sec.
    Max Memory :                                 -
    Average Memory :                             -
    Total Requested Memory :                     4.00 GB
    Delta Memory :                               -
    Max Swap :                                   -
    Max Processes :                              7
    Max Threads :                                12
    Run time :                                   43 sec.
    Turnaround time :                            46 sec.

The output (if any) follows:



PS:

Read file <logs/cluster/fast_condor/patient=BPA-5/jobid48_50da8118-c8af-4e09-b69a-cf97b799656d.err> for stderr output of this job.

