Sender: LSF System <lsfadmin@lt02>
Subject: Job 8216979: <condor_inputs.patient=RA16_08> in cluster <lila> Done

Job <condor_inputs.patient=RA16_08> was submitted from host <lt03> by user <zhangh5> in cluster <lila> at Fri Jul 19 13:14:29 2024
Job was executed on host(s) <4*lt02>, in queue <cpuqueue>, as user <zhangh5> in cluster <lila> at Fri Jul 19 13:14:32 2024
</home/zhangh5> was used as the home directory.
</lila/data/iacobuzc/haochen/condor_pipeline_trial> was used as the working directory.
Started at Fri Jul 19 13:14:32 2024
Terminated at Fri Jul 19 13:15:48 2024
Results reported at Fri Jul 19 13:15:48 2024

Your job looked like:

------------------------------------------------------------
# LSBATCH: User input
/lila/data/iacobuzc/haochen/condor_pipeline_trial/.snakemake/tmp.e3awy4tj/snakejob.condor_inputs.8.sh
------------------------------------------------------------

Successfully completed.

Resource usage summary:

    CPU time :                                   25.39 sec.
    Max Memory :                                 1 GB
    Average Memory :                             0.05 GB
    Total Requested Memory :                     32.00 GB
    Delta Memory :                               31.00 GB
    Max Swap :                                   -
    Max Processes :                              6
    Max Threads :                                16
    Run time :                                   76 sec.
    Turnaround time :                            79 sec.

The output (if any) follows:



PS:

Read file <logs/cluster/condor_inputs/patient=RA16_08/jobid8_e75dd348-ab65-4949-9560-324523061d09.err> for stderr output of this job.

