Sender: LSF System <lsfadmin@ls15>
Subject: Job 8217065: <generate_ete_trees.patient=M04> in cluster <lila> Done

Job <generate_ete_trees.patient=M04> was submitted from host <lt03> by user <zhangh5> in cluster <lila> at Fri Jul 19 13:17:41 2024
Job was executed on host(s) <4*ls15>, in queue <cpuqueue>, as user <zhangh5> in cluster <lila> at Fri Jul 19 13:17:43 2024
</home/zhangh5> was used as the home directory.
</lila/data/iacobuzc/haochen/condor_pipeline_trial> was used as the working directory.
Started at Fri Jul 19 13:17:43 2024
Terminated at Fri Jul 19 13:17:57 2024
Results reported at Fri Jul 19 13:17:57 2024

Your job looked like:

------------------------------------------------------------
# LSBATCH: User input
/lila/data/iacobuzc/haochen/condor_pipeline_trial/.snakemake/tmp.e3awy4tj/snakejob.generate_ete_trees.73.sh
------------------------------------------------------------

Successfully completed.

Resource usage summary:

    CPU time :                                   11.40 sec.
    Max Memory :                                 -
    Average Memory :                             -
    Total Requested Memory :                     32.00 GB
    Delta Memory :                               -
    Max Swap :                                   -
    Max Processes :                              7
    Max Threads :                                11
    Run time :                                   13 sec.
    Turnaround time :                            16 sec.

The output (if any) follows:



PS:

Read file <logs/cluster/generate_ete_trees/patient=M04/jobid73_424cdcc5-35e8-4335-869c-2cae8a29aea1.err> for stderr output of this job.

