Sender: LSF System <lsfadmin@lt06>
Subject: Job 8217053: <generate_ete_trees.patient=RA15_16> in cluster <lila> Done

Job <generate_ete_trees.patient=RA15_16> was submitted from host <lt03> by user <zhangh5> in cluster <lila> at Fri Jul 19 13:17:13 2024
Job was executed on host(s) <4*lt06>, in queue <cpuqueue>, as user <zhangh5> in cluster <lila> at Fri Jul 19 13:17:16 2024
</home/zhangh5> was used as the home directory.
</lila/data/iacobuzc/haochen/condor_pipeline_trial> was used as the working directory.
Started at Fri Jul 19 13:17:16 2024
Terminated at Fri Jul 19 13:17:40 2024
Results reported at Fri Jul 19 13:17:40 2024

Your job looked like:

------------------------------------------------------------
# LSBATCH: User input
/lila/data/iacobuzc/haochen/condor_pipeline_trial/.snakemake/tmp.e3awy4tj/snakejob.generate_ete_trees.79.sh
------------------------------------------------------------

Successfully completed.

Resource usage summary:

    CPU time :                                   15.84 sec.
    Max Memory :                                 -
    Average Memory :                             -
    Total Requested Memory :                     32.00 GB
    Delta Memory :                               -
    Max Swap :                                   -
    Max Processes :                              6
    Max Threads :                                11
    Run time :                                   24 sec.
    Turnaround time :                            27 sec.

The output (if any) follows:



PS:

Read file <logs/cluster/generate_ete_trees/patient=RA15_16/jobid79_cd5b68db-07a4-4157-9b04-c59eabcb9e3f.err> for stderr output of this job.

