Sender: LSF System <lsfadmin@ls13>
Subject: Job 8216976: <generate_pre_condor_sc_heatmaps.patient=RA16_29> in cluster <lila> Done

Job <generate_pre_condor_sc_heatmaps.patient=RA16_29> was submitted from host <lt03> by user <zhangh5> in cluster <lila> at Fri Jul 19 13:14:27 2024
Job was executed on host(s) <4*ls13>, in queue <cpuqueue>, as user <zhangh5> in cluster <lila> at Fri Jul 19 13:14:30 2024
</home/zhangh5> was used as the home directory.
</lila/data/iacobuzc/haochen/condor_pipeline_trial> was used as the working directory.
Started at Fri Jul 19 13:14:30 2024
Terminated at Fri Jul 19 13:16:07 2024
Results reported at Fri Jul 19 13:16:07 2024

Your job looked like:

------------------------------------------------------------
# LSBATCH: User input
/lila/data/iacobuzc/haochen/condor_pipeline_trial/.snakemake/tmp.e3awy4tj/snakejob.generate_pre_condor_sc_heatmaps.105.sh
------------------------------------------------------------

Successfully completed.

Resource usage summary:

    CPU time :                                   43.00 sec.
    Max Memory :                                 1 GB
    Average Memory :                             0.24 GB
    Total Requested Memory :                     32.00 GB
    Delta Memory :                               31.00 GB
    Max Swap :                                   -
    Max Processes :                              14
    Max Threads :                                73
    Run time :                                   98 sec.
    Turnaround time :                            100 sec.

The output (if any) follows:



PS:

Read file <logs/cluster/generate_pre_condor_sc_heatmaps/patient=RA16_29/jobid105_4f8aeae9-1f48-4513-861e-42e29e9fcec8.err> for stderr output of this job.

