[WARNING] manually enforced subclonal mutations file not found. Proceeding with automatic subclonal mutation selection & refinement.
n = 6796, m = 43, p = 8
Set parameter WLSAccessID
Set parameter WLSSecret
Set parameter LicenseID to value 2416028
Academic license 2416028 - for non-commercial use only - registered to zh___@mskcc.org
Set parameter Threads to value 1
Set parameter Method to value 4
Set parameter IntFeasTol to value 1e-06
Gurobi Optimizer version 10.0.3 build v10.0.3rc0 (linux64)

CPU model: Intel(R) Xeon(R) Platinum 8352S CPU @ 2.20GHz, instruction set [SSE2|AVX|AVX2|AVX512]
Thread count: 64 physical cores, 128 logical processors, using up to 1 threads

Academic license 2416028 - for non-commercial use only - registered to zh___@mskcc.org
Optimize a model with 204578 rows, 31648 columns and 614669 nonzeros
Model fingerprint: 0xf7e9b5fb
Variable types: 30272 continuous, 1376 integer (1376 binary)
Coefficient statistics:
  Matrix range     [1e+00, 1e+00]
  Objective range  [2e-01, 6e+04]
  Bounds range     [1e+00, 1e+00]
  RHS range        [1e+00, 2e+00]
Presolve removed 109699 rows and 19585 columns
Presolve time: 0.98s
Presolved: 94879 rows, 12063 columns, 284327 nonzeros
Variable types: 10836 continuous, 1227 integer (1227 binary)
Found heuristic solution: objective -1181154.161
Root relaxation presolved: 12063 rows, 106942 columns, 296390 nonzeros


Root relaxation: objective -1.119914e+06, 9525 iterations, 0.35 seconds (0.32 work units)

    Nodes    |    Current Node    |     Objective Bounds      |     Work
 Expl Unexpl |  Obj  Depth IntInf | Incumbent    BestBd   Gap | It/Node Time

*    0     0               0    -1119914.390 -1119914.4  0.00%     -    1s

Explored 1 nodes (9525 simplex iterations) in 1.57 seconds (1.83 work units)
Thread count was 1 (of 128 available processors)

Solution count 2: -1.11991e+06 -1.18115e+06 
No other solutions better than -1.11991e+06

Optimal solution found (tolerance 1.00e-04)
Best objective -1.119914389621e+06, best bound -1.119914389621e+06, gap 0.0000%
0
1
2
3
4
5
6
7
cluster_id
4    2628
5    1254
7    1183
3     618
1     457
6     399
0     254
2       3
Name: count, dtype: int64
chr17:7577556:C/A_1 134
chr12:25398284:C/A_1 2594
Node 0: 254
Node 1: 457
Node 2: 3
Node 3: 618
Node 4: 2628
Node 5: 1254
Node 6: 399
Node 7: 1183
Node chr17:7577556:C/A_1: 134
Node chr12:25398284:C/A_1: 2594
total cells 6796
[('root', 0)]
