Sender: LSF System <lsfadmin@lt08>
Subject: Job 8216968: <generate_pre_condor_sc_heatmaps.patient=BPA-4> in cluster <lila> Done

Job <generate_pre_condor_sc_heatmaps.patient=BPA-4> was submitted from host <lt03> by user <zhangh5> in cluster <lila> at Fri Jul 19 13:14:25 2024
Job was executed on host(s) <4*lt08>, in queue <cpuqueue>, as user <zhangh5> in cluster <lila> at Fri Jul 19 13:14:27 2024
</home/zhangh5> was used as the home directory.
</lila/data/iacobuzc/haochen/condor_pipeline_trial> was used as the working directory.
Started at Fri Jul 19 13:14:27 2024
Terminated at Fri Jul 19 13:16:05 2024
Results reported at Fri Jul 19 13:16:05 2024

Your job looked like:

------------------------------------------------------------
# LSBATCH: User input
/lila/data/iacobuzc/haochen/condor_pipeline_trial/.snakemake/tmp.e3awy4tj/snakejob.generate_pre_condor_sc_heatmaps.119.sh
------------------------------------------------------------

Successfully completed.

Resource usage summary:

    CPU time :                                   41.00 sec.
    Max Memory :                                 4 GB
    Average Memory :                             0.44 GB
    Total Requested Memory :                     32.00 GB
    Delta Memory :                               28.00 GB
    Max Swap :                                   -
    Max Processes :                              14
    Max Threads :                                73
    Run time :                                   98 sec.
    Turnaround time :                            100 sec.

The output (if any) follows:



PS:

Read file <logs/cluster/generate_pre_condor_sc_heatmaps/patient=BPA-4/jobid119_db99dc68-0da3-400e-a414-a6400bc0b68c.err> for stderr output of this job.

