Sender: LSF System <lsfadmin@lt04>
Subject: Job 8217035: <fast_condor.patient=BPA-2> in cluster <lila> Done

Job <fast_condor.patient=BPA-2> was submitted from host <lt03> by user <zhangh5> in cluster <lila> at Fri Jul 19 13:16:10 2024
Job was executed on host(s) <4*lt04>, in queue <cpuqueue>, as user <zhangh5> in cluster <lila> at Fri Jul 19 13:16:13 2024
</home/zhangh5> was used as the home directory.
</lila/data/iacobuzc/haochen/condor_pipeline_trial> was used as the working directory.
Started at Fri Jul 19 13:16:13 2024
Terminated at Fri Jul 19 13:17:07 2024
Results reported at Fri Jul 19 13:17:07 2024

Your job looked like:

------------------------------------------------------------
# LSBATCH: User input
/lila/data/iacobuzc/haochen/condor_pipeline_trial/.snakemake/tmp.e3awy4tj/snakejob.fast_condor.45.sh
------------------------------------------------------------

Successfully completed.

Resource usage summary:

    CPU time :                                   32.21 sec.
    Max Memory :                                 1 GB
    Average Memory :                             0.07 GB
    Total Requested Memory :                     4.00 GB
    Delta Memory :                               3.00 GB
    Max Swap :                                   -
    Max Processes :                              7
    Max Threads :                                12
    Run time :                                   55 sec.
    Turnaround time :                            57 sec.

The output (if any) follows:



PS:

Read file <logs/cluster/fast_condor/patient=BPA-2/jobid45_4bf741fd-4e88-4f99-a8e6-a1d49672b095.err> for stderr output of this job.

