Sender: LSF System <lsfadmin@lt06>
Subject: Job 8217255: <fast_condor.patient=BPA-2> in cluster <lila> Exited

Job <fast_condor.patient=BPA-2> was submitted from host <lu06> by user <zhangh5> in cluster <lila> at Fri Jul 19 13:25:37 2024
Job was executed on host(s) <16*lt06>, in queue <cpuqueue>, as user <zhangh5> in cluster <lila> at Fri Jul 19 13:25:41 2024
</home/zhangh5> was used as the home directory.
</lila/data/iacobuzc/haochen/condor_pipeline_trial> was used as the working directory.
Started at Fri Jul 19 13:25:41 2024
Terminated at Fri Jul 19 13:25:57 2024
Results reported at Fri Jul 19 13:25:57 2024

Your job looked like:

------------------------------------------------------------
# LSBATCH: User input
/lila/data/iacobuzc/haochen/condor_pipeline_trial/.snakemake/tmp.8wc02eyx/snakejob.fast_condor.45.sh
------------------------------------------------------------

Exited with exit code 1.

Resource usage summary:

    CPU time :                                   9.30 sec.
    Max Memory :                                 -
    Average Memory :                             -
    Total Requested Memory :                     16.00 GB
    Delta Memory :                               -
    Max Swap :                                   -
    Max Processes :                              7
    Max Threads :                                23
    Run time :                                   17 sec.
    Turnaround time :                            20 sec.

The output (if any) follows:



PS:

Read file <logs/cluster/fast_condor/patient=BPA-2/jobid45_d4b00b86-a5d2-44ee-8113-3c36a90c46f4.err> for stderr output of this job.

