Sender: LSF System <lsfadmin@ls16>
Subject: Job 8217174: <condor_inputs.patient=RA20_05> in cluster <lila> Done

Job <condor_inputs.patient=RA20_05> was submitted from host <lu06> by user <zhangh5> in cluster <lila> at Fri Jul 19 13:23:43 2024
Job was executed on host(s) <4*ls16>, in queue <cpuqueue>, as user <zhangh5> in cluster <lila> at Fri Jul 19 13:23:46 2024
</home/zhangh5> was used as the home directory.
</lila/data/iacobuzc/haochen/condor_pipeline_trial> was used as the working directory.
Started at Fri Jul 19 13:23:46 2024
Terminated at Fri Jul 19 13:24:42 2024
Results reported at Fri Jul 19 13:24:42 2024

Your job looked like:

------------------------------------------------------------
# LSBATCH: User input
/lila/data/iacobuzc/haochen/condor_pipeline_trial/.snakemake/tmp.8wc02eyx/snakejob.condor_inputs.15.sh
------------------------------------------------------------

Successfully completed.

Resource usage summary:

    CPU time :                                   23.43 sec.
    Max Memory :                                 -
    Average Memory :                             -
    Total Requested Memory :                     32.00 GB
    Delta Memory :                               -
    Max Swap :                                   -
    Max Processes :                              6
    Max Threads :                                16
    Run time :                                   56 sec.
    Turnaround time :                            59 sec.

The output (if any) follows:



PS:

Read file <logs/cluster/condor_inputs/patient=RA20_05/jobid15_c33e96e7-08b8-48f8-9f4a-d6962aee139e.err> for stderr output of this job.

