Sender: LSF System <lsfadmin@ls13>
Subject: Job 8216974: <condor_inputs.patient=RA20_05> in cluster <lila> Done

Job <condor_inputs.patient=RA20_05> was submitted from host <lt03> by user <zhangh5> in cluster <lila> at Fri Jul 19 13:14:27 2024
Job was executed on host(s) <4*ls13>, in queue <cpuqueue>, as user <zhangh5> in cluster <lila> at Fri Jul 19 13:14:30 2024
</home/zhangh5> was used as the home directory.
</lila/data/iacobuzc/haochen/condor_pipeline_trial> was used as the working directory.
Started at Fri Jul 19 13:14:30 2024
Terminated at Fri Jul 19 13:15:57 2024
Results reported at Fri Jul 19 13:15:57 2024

Your job looked like:

------------------------------------------------------------
# LSBATCH: User input
/lila/data/iacobuzc/haochen/condor_pipeline_trial/.snakemake/tmp.e3awy4tj/snakejob.condor_inputs.15.sh
------------------------------------------------------------

Successfully completed.

Resource usage summary:

    CPU time :                                   24.51 sec.
    Max Memory :                                 -
    Average Memory :                             -
    Total Requested Memory :                     32.00 GB
    Delta Memory :                               -
    Max Swap :                                   -
    Max Processes :                              6
    Max Threads :                                16
    Run time :                                   86 sec.
    Turnaround time :                            90 sec.

The output (if any) follows:



PS:

Read file <logs/cluster/condor_inputs/patient=RA20_05/jobid15_2f126133-2be0-42f6-8d8d-d611c45969e5.err> for stderr output of this job.

