            sample cell_barcode  clone_id
0            M11-1       cell_1         3
1            M11-1      cell_10         1
2            M11-1     cell_100         4
3            M11-1    cell_1000         4
4            M11-1    cell_1001         4
...            ...          ...       ...
7512  RA18_18-11_1     cell_995         0
7513  RA18_18-11_1     cell_996         0
7514  RA18_18-11_1     cell_997         0
7515  RA18_18-11_1     cell_998         0
7516  RA18_18-11_1     cell_999         5

[7517 rows x 3 columns]
[INFO] Using H5: /data/iacobuzc/haochen/Tapestri_main_manuscript_analysis/data_compiled/fillout_h5/M11.patient_wide.genotyped.h5
Loading, /data/iacobuzc/haochen/Tapestri_main_manuscript_analysis/data_compiled/fillout_h5/M11.patient_wide.genotyped.h5
Loaded in 0.6s.
(6294, 502)

    germline: 34
    somatic: 5
    total: 41
(6294, 41)
(6294, 41)
Index(['cell_1-M11-1', 'cell_10-M11-1', 'cell_100-M11-1', 'cell_1000-M11-1',
       'cell_1001-M11-1', 'cell_1002-M11-1', 'cell_1003-M11-1',
       'cell_1004-M11-1', 'cell_1005-M11-1', 'cell_1006-M11-1',
       ...
       'cell_990-M11-2', 'cell_991-M11-2', 'cell_992-M11-2', 'cell_993-M11-2',
       'cell_994-M11-2', 'cell_995-M11-2', 'cell_996-M11-2', 'cell_997-M11-2',
       'cell_998-M11-2', 'cell_999-M11-2'],
      dtype='object', name='cell_barcode', length=6294)
0                M11-1:cell_1
1               M11-1:cell_10
2              M11-1:cell_100
3             M11-1:cell_1000
4             M11-1:cell_1001
                ...          
7512    RA18_18-11_1:cell_995
7513    RA18_18-11_1:cell_996
7514    RA18_18-11_1:cell_997
7515    RA18_18-11_1:cell_998
7516    RA18_18-11_1:cell_999
Name: cell_barcode, Length: 7517, dtype: object
clone_id
4    1871
1    1583
3    1559
2    1086
0     996
5     422
Name: count, dtype: int64
clone_id
4    1871
1    1582
3    1559
2    1085
0     196
5       1
Name: count, dtype: int64
[3, 1, 4, 0, 5, 2]
