Sender: LSF System <lsfadmin@lx13>
Subject: Job 8217209: <generate_pre_condor_sc_heatmaps.patient=RA15_06> in cluster <lila> Done

Job <generate_pre_condor_sc_heatmaps.patient=RA15_06> was submitted from host <lu06> by user <zhangh5> in cluster <lila> at Fri Jul 19 13:23:57 2024
Job was executed on host(s) <4*lx13>, in queue <cpuqueue>, as user <zhangh5> in cluster <lila> at Fri Jul 19 13:23:59 2024
</home/zhangh5> was used as the home directory.
</lila/data/iacobuzc/haochen/condor_pipeline_trial> was used as the working directory.
Started at Fri Jul 19 13:23:59 2024
Terminated at Fri Jul 19 13:41:28 2024
Results reported at Fri Jul 19 13:41:28 2024

Your job looked like:

------------------------------------------------------------
# LSBATCH: User input
/lila/data/iacobuzc/haochen/condor_pipeline_trial/.snakemake/tmp.8wc02eyx/snakejob.generate_pre_condor_sc_heatmaps.102.sh
------------------------------------------------------------

Successfully completed.

Resource usage summary:

    CPU time :                                   46.00 sec.
    Max Memory :                                 1 GB
    Average Memory :                             0.02 GB
    Total Requested Memory :                     32.00 GB
    Delta Memory :                               31.00 GB
    Max Swap :                                   -
    Max Processes :                              14
    Max Threads :                                72
    Run time :                                   1050 sec.
    Turnaround time :                            1051 sec.

The output (if any) follows:



PS:

Read file <logs/cluster/generate_pre_condor_sc_heatmaps/patient=RA15_06/jobid102_81bd8f8e-913a-4f49-8f1c-3e58a5718ed6.err> for stderr output of this job.

