Sender: LSF System <lsfadmin@lt19>
Subject: Job 8217003: <generate_pre_condor_sc_heatmaps.patient=RA15_06> in cluster <lila> Done

Job <generate_pre_condor_sc_heatmaps.patient=RA15_06> was submitted from host <lt03> by user <zhangh5> in cluster <lila> at Fri Jul 19 13:14:39 2024
Job was executed on host(s) <4*lt19>, in queue <cpuqueue>, as user <zhangh5> in cluster <lila> at Fri Jul 19 13:14:41 2024
</home/zhangh5> was used as the home directory.
</lila/data/iacobuzc/haochen/condor_pipeline_trial> was used as the working directory.
Started at Fri Jul 19 13:14:41 2024
Terminated at Fri Jul 19 13:15:59 2024
Results reported at Fri Jul 19 13:15:59 2024

Your job looked like:

------------------------------------------------------------
# LSBATCH: User input
/lila/data/iacobuzc/haochen/condor_pipeline_trial/.snakemake/tmp.e3awy4tj/snakejob.generate_pre_condor_sc_heatmaps.102.sh
------------------------------------------------------------

Successfully completed.

Resource usage summary:

    CPU time :                                   32.00 sec.
    Max Memory :                                 1 GB
    Average Memory :                             0.10 GB
    Total Requested Memory :                     32.00 GB
    Delta Memory :                               31.00 GB
    Max Swap :                                   -
    Max Processes :                              14
    Max Threads :                                70
    Run time :                                   79 sec.
    Turnaround time :                            80 sec.

The output (if any) follows:



PS:

Read file <logs/cluster/generate_pre_condor_sc_heatmaps/patient=RA15_06/jobid102_d5022752-088a-4d14-8cda-3840ef356cf6.err> for stderr output of this job.

