chr16:3634746:C/A
chr13:25052261:C/T
chr16:89858759:C/T
chr17:7579801:G/C
chr1:46521517:G/A
chr2:209113192:G/A
chr5:38953665:G/GA
chr19:36222857:C/T
chr13:32953971:C/T
chr4:55980456:C/T
chr1:163298548:T/C
chr17:7579472:G/C
chr8:30933859:C/T
chr1:16474839:AC/A
chr6:80751780:G/A
chr3:189604149:T/G
chr13:25052420:T/A
chr17:7578115:T/C
chr10:131506192:C/T
chr17:56492800:T/C
chr11:65631167:C/T
chr20:62303794:G/A
chr17:56436109:C/T
chr15:41275014:T/G
chr12:25398284:C/T
chr1:46521559:A/T
chr3:52637486:C/G
chrX:70349947:A/C
chr3:178951870:T/C
chr3:30713126:T/A
chr17:37879588:A/G
chr7:6045627:C/T
chr12:49434074:C/A
chr20:54959296:G/C
chr17:7577559:G/A
chr17:7801776:C/T
chr2:148657117:G/A
chr20:40738926:G/A
chr17:56448297:C/T
chr3:30686414:A/G
chr10:131506283:C/T
chr12:133252620:A/G
2189    0
2196    0
883     0
749     0
766     0
       ..
1147    8
1005    8
660     8
1446    8
465     8
Name: cluster_id, Length: 2333, dtype: int64
check
Index(['EPHA2 intron_variant', 'PIK3R3 p.Ser297=', 'PIK3R3 p.Asn283Lys',
       'NUF2 intron_variant', 'ACVR2A p.Pro118=', 'IDH1 p.Gly105=',
       'TGFBR2 intron_variant', 'TGFBR2 intron_variant',
       'PBRM1 intron_variant', 'PIK3CA intron_variant', 'TP63 intron_variant',
       'KDR intron_variant', 'RICTOR intron_variant', 'TTK intron_variant',
       'PMS2 p.Arg20Gln', 'WRN intron_variant', 'MGMT p.Leu53=',
       'MGMT p.Leu84Phe', 'MUS81 p.Ala312=', 'KRAS p.Gly12Asp',
       'KMT2D p.Gly2493=', 'POLE intron_variant', 'PARP4 p.Ser534=',
       'PARP4 intron_variant', 'BRCA2 p.Thr3013Ile', 'INO80 intron_variant',
       'SLX4 intron_variant', 'FANCA intron_variant', 'TP53 p.Ser241Phe',
       'TP53 intron_variant', 'TP53 p.Pro72Arg', 'TP53 intron_variant',
       'CHD3 intron_variant', 'ERBB2 p.Ile655Val', 'RNF43 p.Arg343His',
       'RNF43 p.Arg117His', 'RNF43 p.Ile47Val', 'KMT2B p.Pro1829Leu',
       'PTPRT intron_variant', 'AURKA intron_variant', 'RTEL1 intron_variant',
       'MED12 p.Pro1310='],
      dtype='object')
==============
{'chr13:28883061:G/A': 'FLT1 p.Tyr1213=', 'chr1:11288758:G/A': 'MTOR p.Asn999=', 'chr1:226578099:T/C': 'PARP1 intron_variant', 'chr11:65481166:T/C': 'KAT5 intron_variant', 'chr15:89858602:T/C': 'FANCI p.Gly1302=', 'chr12:25368462:C/T': 'KRAS p.Arg161=', 'chr7:154760666:C/T': 'PAXIP1 p.Pro415=', 'chr19:5219829:T/G': 'PTPRS intron_variant', 'chr19:5219803:T/C': 'PTPRS intron_variant', 'chr13:32913055:A/G': 'BRCA2 p.Leu1521=', 'chr1:11205058:C/T': 'MTOR p.Ala1577=', 'chr17:37879588:A/G': 'ERBB2 p.Ile655Val', 'chr1:91859795:T/C': 'HFM1 p.Ile117Val', 'chr3:30713126:T/A': 'TGFBR2 intron_variant', 'chr17:37881703:G/T': 'ERBB2 intron_variant', 'chr1:46521517:G/A': 'PIK3R3 p.Ser297=', 'chr1:46521559:A/T': 'PIK3R3 p.Asn283Lys', 'chr17:7801776:C/T': 'CHD3 intron_variant', 'chr17:56448297:C/T': 'RNF43 p.Arg117His', 'chr16:3634746:C/A': 'SLX4 intron_variant', 'chr2:148657117:G/A': 'ACVR2A p.Pro118=', 'chr16:89858759:C/T': 'FANCA intron_variant', 'chr2:209113192:G/A': 'IDH1 p.Gly105=', 'chr10:131506283:C/T': 'MGMT p.Leu84Phe', 'chr10:131506192:C/T': 'MGMT p.Leu53=', 'chr13:32953971:C/T': 'BRCA2 p.Thr3013Ile', 'chr20:62303794:G/A': 'RTEL1 intron_variant', 'chr3:189604149:T/G': 'TP63 intron_variant', 'chr13:25052420:T/A': 'PARP4 intron_variant', 'chr13:25052261:C/T': 'PARP4 p.Ser534=', 'chr12:49434074:C/A': 'KMT2D p.Gly2493=', 'chr5:38953665:G/GA': 'RICTOR intron_variant', 'chr1:16474839:AC/A': 'EPHA2 intron_variant', 'chr15:41275014:T/G': 'INO80 intron_variant', 'chr3:52637486:C/G': 'PBRM1 intron_variant', 'chr7:6045627:C/T': 'PMS2 p.Arg20Gln', 'chr12:133252796:C/G': 'POLE intron_variant', 'chr6:80751780:G/A': 'TTK intron_variant', 'chr17:56436109:C/T': 'RNF43 p.Arg343His', 'chr19:36222857:C/T': 'KMT2B p.Pro1829Leu', 'chr1:163298548:T/C': 'NUF2 intron_variant', 'chr20:54959296:G/C': 'AURKA intron_variant', 'chr20:40738926:G/A': 'PTPRT intron_variant', 'chr3:30686414:A/G': 'TGFBR2 intron_variant', 'chr8:30933859:C/T': 'WRN intron_variant', 'chr17:56492800:T/C': 'RNF43 p.Ile47Val', 'chr11:65631167:C/T': 'MUS81 p.Ala312=', 'chr4:55980456:C/T': 'KDR intron_variant', 'chrX:70349947:A/C': 'MED12 p.Pro1310=', 'chr17:7578115:T/C': 'TP53 intron_variant', 'chr17:7577559:G/A': 'TP53 p.Ser241Phe', 'chr17:7579472:G/C': 'TP53 p.Pro72Arg', 'chr17:7579801:G/C': 'TP53 intron_variant', 'chr1:158612236:A/G': 'SPTA1 p.Cys1568Arg', 'chr12:25398284:C/T': 'KRAS p.Gly12Asp', 'chr12:49424235:G/A': 'KMT2D intron_variant', 'chr2:203384776:CT/C': 'BMPR2 intron_variant', 'chr22:29130391:C/T': 'CHEK2 p.Glu107Lys', 'chr12:49424235:G/T': 'KMT2D intron_variant', 'chr11:92577070:T/C': 'FAT3 intron_variant', 'chr12:49424233:G/T': 'KMT2D intron_variant', 'chr12:49424234:G/A': 'KMT2D intron_variant', 'chr2:203384776:CTT/C': 'BMPR2 intron_variant', 'chr3:178951870:T/C': 'PIK3CA intron_variant', 'chr8:6289098:T/TA': 'MCPH1 p.Arg108ThrfsTer2', 'chr12:133252620:A/G': 'POLE intron_variant'}
==============
EPHA2 intron_variant
PIK3R3 p.Ser297=
PIK3R3 p.Asn283Lys
NUF2 intron_variant
ACVR2A p.Pro118=
IDH1 p.Gly105=
TGFBR2 intron_variant
TGFBR2 intron_variant
PBRM1 intron_variant
PIK3CA intron_variant
TP63 intron_variant
KDR intron_variant
RICTOR intron_variant
TTK intron_variant
PMS2 p.Arg20Gln
WRN intron_variant
MGMT p.Leu53=
MGMT p.Leu84Phe
MUS81 p.Ala312=
KRAS p.Gly12Asp
KMT2D p.Gly2493=
POLE intron_variant
PARP4 p.Ser534=
PARP4 intron_variant
BRCA2 p.Thr3013Ile
INO80 intron_variant
SLX4 intron_variant
FANCA intron_variant
TP53 p.Ser241Phe
TP53 intron_variant
TP53 p.Pro72Arg
TP53 intron_variant
CHD3 intron_variant
ERBB2 p.Ile655Val
RNF43 p.Arg343His
RNF43 p.Arg117His
RNF43 p.Ile47Val
KMT2B p.Pro1829Leu
PTPRT intron_variant
AURKA intron_variant
RTEL1 intron_variant
MED12 p.Pro1310=
