Sender: LSF System <lsfadmin@ls13>
Subject: Job 8217030: <fast_condor.patient=RA19_02> in cluster <lila> Done

Job <fast_condor.patient=RA19_02> was submitted from host <lt03> by user <zhangh5> in cluster <lila> at Fri Jul 19 13:16:08 2024
Job was executed on host(s) <4*ls13>, in queue <cpuqueue>, as user <zhangh5> in cluster <lila> at Fri Jul 19 13:16:11 2024
</home/zhangh5> was used as the home directory.
</lila/data/iacobuzc/haochen/condor_pipeline_trial> was used as the working directory.
Started at Fri Jul 19 13:16:11 2024
Terminated at Fri Jul 19 13:16:51 2024
Results reported at Fri Jul 19 13:16:51 2024

Your job looked like:

------------------------------------------------------------
# LSBATCH: User input
/lila/data/iacobuzc/haochen/condor_pipeline_trial/.snakemake/tmp.e3awy4tj/snakejob.fast_condor.36.sh
------------------------------------------------------------

Successfully completed.

Resource usage summary:

    CPU time :                                   16.38 sec.
    Max Memory :                                 -
    Average Memory :                             -
    Total Requested Memory :                     4.00 GB
    Delta Memory :                               -
    Max Swap :                                   -
    Max Processes :                              7
    Max Threads :                                12
    Run time :                                   40 sec.
    Turnaround time :                            43 sec.

The output (if any) follows:



PS:

Read file <logs/cluster/fast_condor/patient=RA19_02/jobid36_1e490b44-5e12-4658-9bde-fcf5981e2ce7.err> for stderr output of this job.

