Sender: LSF System <lsfadmin@lt11>
Subject: Job 8217259: <fast_condor.patient=RA19_02> in cluster <lila> Exited

Job <fast_condor.patient=RA19_02> was submitted from host <lu06> by user <zhangh5> in cluster <lila> at Fri Jul 19 13:25:39 2024
Job was executed on host(s) <16*lt11>, in queue <cpuqueue>, as user <zhangh5> in cluster <lila> at Fri Jul 19 13:25:42 2024
</home/zhangh5> was used as the home directory.
</lila/data/iacobuzc/haochen/condor_pipeline_trial> was used as the working directory.
Started at Fri Jul 19 13:25:42 2024
Terminated at Fri Jul 19 13:25:59 2024
Results reported at Fri Jul 19 13:25:59 2024

Your job looked like:

------------------------------------------------------------
# LSBATCH: User input
/lila/data/iacobuzc/haochen/condor_pipeline_trial/.snakemake/tmp.8wc02eyx/snakejob.fast_condor.36.sh
------------------------------------------------------------

Exited with exit code 1.

Resource usage summary:

    CPU time :                                   11.60 sec.
    Max Memory :                                 -
    Average Memory :                             -
    Total Requested Memory :                     16.00 GB
    Delta Memory :                               -
    Max Swap :                                   -
    Max Processes :                              7
    Max Threads :                                23
    Run time :                                   18 sec.
    Turnaround time :                            20 sec.

The output (if any) follows:



PS:

Read file <logs/cluster/fast_condor/patient=RA19_02/jobid36_cd0c5f4e-93fe-4fd5-a3c6-0f73a584f7a5.err> for stderr output of this job.

