Sender: LSF System <lsfadmin@lx10>
Subject: Job 8217215: <condor_inputs.patient=RA19_10> in cluster <lila> Done

Job <condor_inputs.patient=RA19_10> was submitted from host <lu06> by user <zhangh5> in cluster <lila> at Fri Jul 19 13:23:59 2024
Job was executed on host(s) <4*lx10>, in queue <cpuqueue>, as user <zhangh5> in cluster <lila> at Fri Jul 19 13:24:03 2024
</home/zhangh5> was used as the home directory.
</lila/data/iacobuzc/haochen/condor_pipeline_trial> was used as the working directory.
Started at Fri Jul 19 13:24:03 2024
Terminated at Fri Jul 19 13:24:44 2024
Results reported at Fri Jul 19 13:24:44 2024

Your job looked like:

------------------------------------------------------------
# LSBATCH: User input
/lila/data/iacobuzc/haochen/condor_pipeline_trial/.snakemake/tmp.8wc02eyx/snakejob.condor_inputs.13.sh
------------------------------------------------------------

Successfully completed.

Resource usage summary:

    CPU time :                                   30.11 sec.
    Max Memory :                                 -
    Average Memory :                             -
    Total Requested Memory :                     32.00 GB
    Delta Memory :                               -
    Max Swap :                                   -
    Max Processes :                              6
    Max Threads :                                16
    Run time :                                   42 sec.
    Turnaround time :                            45 sec.

The output (if any) follows:



PS:

Read file <logs/cluster/condor_inputs/patient=RA19_10/jobid13_75f3a62a-35c0-4a0b-9e50-abec25aa80f0.err> for stderr output of this job.

