Sender: LSF System <lsfadmin@ls09>
Subject: Job 8217010: <condor_inputs.patient=RA19_10> in cluster <lila> Done

Job <condor_inputs.patient=RA19_10> was submitted from host <lt03> by user <zhangh5> in cluster <lila> at Fri Jul 19 13:14:42 2024
Job was executed on host(s) <4*ls09>, in queue <cpuqueue>, as user <zhangh5> in cluster <lila> at Fri Jul 19 13:14:44 2024
</home/zhangh5> was used as the home directory.
</lila/data/iacobuzc/haochen/condor_pipeline_trial> was used as the working directory.
Started at Fri Jul 19 13:14:44 2024
Terminated at Fri Jul 19 13:15:50 2024
Results reported at Fri Jul 19 13:15:50 2024

Your job looked like:

------------------------------------------------------------
# LSBATCH: User input
/lila/data/iacobuzc/haochen/condor_pipeline_trial/.snakemake/tmp.e3awy4tj/snakejob.condor_inputs.13.sh
------------------------------------------------------------

Successfully completed.

Resource usage summary:

    CPU time :                                   23.98 sec.
    Max Memory :                                 1 GB
    Average Memory :                             0.03 GB
    Total Requested Memory :                     32.00 GB
    Delta Memory :                               31.00 GB
    Max Swap :                                   -
    Max Processes :                              6
    Max Threads :                                16
    Run time :                                   67 sec.
    Turnaround time :                            68 sec.

The output (if any) follows:



PS:

Read file <logs/cluster/condor_inputs/patient=RA19_10/jobid13_67ae030b-60d5-4d8b-a184-db3819068fd4.err> for stderr output of this job.

