Building DAG of jobs...
Using shell: /usr/bin/bash
Provided cores: 4
Rules claiming more threads will be scaled down.
Provided resources: mem_mb=1000, mem_mib=954, disk_mb=1000, disk_mib=954, mem_gb=16, time_min=119
Select jobs to execute...

[Fri Jul 19 13:16:13 2024]
rule fast_condor:
    input: condor_inputs/TP49/character_bin_matrix.csv, condor_inputs/TP49/alt_readcounts.csv, condor_inputs/TP49/total_readcounts.csv, condor_inputs/TP49/germline_mutations.txt, condor_inputs/TP49/somatic_mutations.txt, /data/iacobuzc/haochen/Tapestri_main_manuscript_analysis/data_compiled/falcon_solutions/TP49_homdel_nclones=9.unique_cn_clone_profiles.csv
    output: condor_outputs/TP49/out_tree.newick, condor_outputs/pickle_files/TP49_self.solT_cell
    log: condor_outputs/TP49/condor_outputs.log, condor_outputs/TP49/condor_outputs.err.log
    jobid: 0
    reason: Missing output files: condor_outputs/TP49/out_tree.newick, condor_outputs/pickle_files/TP49_self.solT_cell
    wildcards: patient=TP49
    threads: 4
    resources: mem_mb=1000, mem_mib=954, disk_mb=1000, disk_mib=954, tmpdir=/scratch/lsftmp/8217027.tmpdir, mem_gb=16, time_min=119

Activating conda environment: condor
[Fri Jul 19 13:16:50 2024]
Finished job 0.
1 of 1 steps (100%) done
