Sender: LSF System <lsfadmin@lt21>
Subject: Job 8217227: <fast_condor.patient=TP49> in cluster <lila> Done

Job <fast_condor.patient=TP49> was submitted from host <lu06> by user <zhangh5> in cluster <lila> at Fri Jul 19 13:24:52 2024
Job was executed on host(s) <4*lt21>, in queue <cpuqueue>, as user <zhangh5> in cluster <lila> at Fri Jul 19 13:24:54 2024
</home/zhangh5> was used as the home directory.
</lila/data/iacobuzc/haochen/condor_pipeline_trial> was used as the working directory.
Started at Fri Jul 19 13:24:54 2024
Terminated at Fri Jul 19 13:25:28 2024
Results reported at Fri Jul 19 13:25:28 2024

Your job looked like:

------------------------------------------------------------
# LSBATCH: User input
/lila/data/iacobuzc/haochen/condor_pipeline_trial/.snakemake/tmp.8wc02eyx/snakejob.fast_condor.43.sh
------------------------------------------------------------

Successfully completed.

Resource usage summary:

    CPU time :                                   21.08 sec.
    Max Memory :                                 -
    Average Memory :                             -
    Total Requested Memory :                     4.00 GB
    Delta Memory :                               -
    Max Swap :                                   -
    Max Processes :                              6
    Max Threads :                                12
    Run time :                                   35 sec.
    Turnaround time :                            36 sec.

The output (if any) follows:



PS:

Read file <logs/cluster/fast_condor/patient=TP49/jobid43_2bbef3f1-1666-46c6-98ff-8efde47a0d98.err> for stderr output of this job.

