Sender: LSF System <lsfadmin@ls16>
Subject: Job 8217256: <generate_ete_trees.patient=BPA-5> in cluster <lila> Done

Job <generate_ete_trees.patient=BPA-5> was submitted from host <lu06> by user <zhangh5> in cluster <lila> at Fri Jul 19 13:25:38 2024
Job was executed on host(s) <4*ls16>, in queue <cpuqueue>, as user <zhangh5> in cluster <lila> at Fri Jul 19 13:25:40 2024
</home/zhangh5> was used as the home directory.
</lila/data/iacobuzc/haochen/condor_pipeline_trial> was used as the working directory.
Started at Fri Jul 19 13:25:40 2024
Terminated at Fri Jul 19 13:26:03 2024
Results reported at Fri Jul 19 13:26:03 2024

Your job looked like:

------------------------------------------------------------
# LSBATCH: User input
/lila/data/iacobuzc/haochen/condor_pipeline_trial/.snakemake/tmp.8wc02eyx/snakejob.generate_ete_trees.96.sh
------------------------------------------------------------

Successfully completed.

Resource usage summary:

    CPU time :                                   14.76 sec.
    Max Memory :                                 -
    Average Memory :                             -
    Total Requested Memory :                     32.00 GB
    Delta Memory :                               -
    Max Swap :                                   -
    Max Processes :                              6
    Max Threads :                                11
    Run time :                                   23 sec.
    Turnaround time :                            25 sec.

The output (if any) follows:



PS:

Read file <logs/cluster/generate_ete_trees/patient=BPA-5/jobid96_7bf16fac-595b-4b46-8ff2-250078d7f163.err> for stderr output of this job.

