Building DAG of jobs...
Using shell: /usr/bin/bash
Provided cores: 4
Rules claiming more threads will be scaled down.
Provided resources: mem_mb=8000, mem_mib=7630, disk_mb=1000, disk_mib=954, time_min=59
Select jobs to execute...

[Fri Jul 19 13:25:41 2024]
rule generate_ete_trees:
    input: condor_outputs/pickle_files/BPA-5_self.solT_cell, /lila/data/iacobuzc/haochen/Tapestri_main_manuscript_analysis/data_compiled/manual_annotated_snv_lists/BPA-5-all_vars-voi.hz_curated.txt, /data/iacobuzc/haochen/Tapestri_batch2/analysis/full-ConDoR/references/panel3559_analysis.gene_cytoband.formatted.manual_adjusted.gene_pos_ado_added.csv, /data/iacobuzc/haochen/Tapestri_main_manuscript_analysis/Tapestri_batch2_samples_MASTER_INTERNAL.xlsx
    output: condor_downstream/BPA-5/BPA-5_ETE_tree.refined.subclonal_snvs.png, condor_downstream/BPA-5/BPA-5_final_sc_clone_assignment.csv
    log: condor_downstream/logs/BPA-5_ete_tree.log, condor_downstream/logs/BPA-5_ete_tree.err.log
    jobid: 0
    reason: Missing output files: condor_downstream/BPA-5/BPA-5_final_sc_clone_assignment.csv, condor_downstream/BPA-5/BPA-5_ETE_tree.refined.subclonal_snvs.png
    wildcards: patient=BPA-5
    threads: 4
    resources: mem_mb=8000, mem_mib=7630, disk_mb=1000, disk_mib=954, tmpdir=/scratch/lsftmp/8217256.tmpdir, time_min=59

Activating conda environment: condor
[Fri Jul 19 13:26:03 2024]
Finished job 0.
1 of 1 steps (100%) done
