Sender: LSF System <lsfadmin@lt08>
Subject: Job 8217170: <generate_pre_condor_sc_heatmaps.patient=M04> in cluster <lila> Done

Job <generate_pre_condor_sc_heatmaps.patient=M04> was submitted from host <lu06> by user <zhangh5> in cluster <lila> at Fri Jul 19 13:23:42 2024
Job was executed on host(s) <4*lt08>, in queue <cpuqueue>, as user <zhangh5> in cluster <lila> at Fri Jul 19 13:23:45 2024
</home/zhangh5> was used as the home directory.
</lila/data/iacobuzc/haochen/condor_pipeline_trial> was used as the working directory.
Started at Fri Jul 19 13:23:45 2024
Terminated at Fri Jul 19 13:24:50 2024
Results reported at Fri Jul 19 13:24:50 2024

Your job looked like:

------------------------------------------------------------
# LSBATCH: User input
/lila/data/iacobuzc/haochen/condor_pipeline_trial/.snakemake/tmp.8wc02eyx/snakejob.generate_pre_condor_sc_heatmaps.97.sh
------------------------------------------------------------

Successfully completed.

Resource usage summary:

    CPU time :                                   27.00 sec.
    Max Memory :                                 1 GB
    Average Memory :                             0.03 GB
    Total Requested Memory :                     32.00 GB
    Delta Memory :                               31.00 GB
    Max Swap :                                   -
    Max Processes :                              14
    Max Threads :                                71
    Run time :                                   67 sec.
    Turnaround time :                            68 sec.

The output (if any) follows:



PS:

Read file <logs/cluster/generate_pre_condor_sc_heatmaps/patient=M04/jobid97_889840dc-706e-4dbb-8a52-bf31efa78ee2.err> for stderr output of this job.

