n = 16139, m = 54, p = 7
Set parameter WLSAccessID
Set parameter WLSSecret
Set parameter LicenseID to value 2416028
Academic license 2416028 - for non-commercial use only - registered to zh___@mskcc.org
Set parameter Threads to value 1
Set parameter Method to value 4
Set parameter IntFeasTol to value 1e-06
Gurobi Optimizer version 10.0.3 build v10.0.3rc0 (linux64)

CPU model: Intel(R) Xeon(R) Platinum 8352Y CPU @ 2.20GHz, instruction set [SSE2|AVX|AVX2|AVX512]
Thread count: 64 physical cores, 128 logical processors, using up to 1 threads

Academic license 2416028 - for non-commercial use only - registered to zh___@mskcc.org
Optimize a model with 284778 rows, 48924 columns and 855558 nonzeros
Model fingerprint: 0x6e77480e
Variable types: 47412 continuous, 1512 integer (1512 binary)
Coefficient statistics:
  Matrix range     [1e+00, 1e+00]
  Objective range  [2e+01, 2e+05]
  Bounds range     [1e+00, 1e+00]
  RHS range        [1e+00, 2e+00]
Presolve removed 113112 rows and 24661 columns
Presolve time: 1.59s
Presolved: 171666 rows, 24263 columns, 514770 nonzeros
Variable types: 23355 continuous, 908 integer (908 binary)
Root relaxation presolved: 24263 rows, 195929 columns, 539033 nonzeros


Root relaxation: objective -2.559822e+06, 19440 iterations, 0.84 seconds (0.74 work units)

    Nodes    |    Current Node    |     Objective Bounds      |     Work
 Expl Unexpl |  Obj  Depth IntInf | Incumbent    BestBd   Gap | It/Node Time

H    0     0                    -2559822.423 -1559755.2  39.1%     -    2s
     0     0          -    0      -2559822.4 -2559822.4  0.00%     -    2s

Explored 1 nodes (19522 simplex iterations) in 2.84 seconds (3.17 work units)
Thread count was 1 (of 128 available processors)

Solution count 1: -2.55982e+06 
No other solutions better than -2.55982e+06

Optimal solution found (tolerance 1.00e-04)
Best objective -2.559822423446e+06, best bound -2.559822423446e+06, gap 0.0000%
root
chr5:68667307:G/T_1
chr5:68667304:C/A_1
chr17:7579472:G/C_2
chr19:5219803:T/C_2
chr22:29130300:C/T_2
chr18:48573570:G/A_1
chr18:48573570:G/A_3
chr2:148657117:G/A_3
chr17:7577407:A/C_3
chr18:48573531:G/A_3
chr18:48573531:G/A_1
chr13:25052420:T/A_2
chr17:7577427:G/A_3
chr12:25398284:C/A_1
chr16:347184:A/G_3
chr16:347257:G/T_3
chr19:5219829:T/G_2
chr3:52637486:C/G_2
chr12:25398284:C/A_3
chr3:30713126:T/A_2
chr6:80751780:G/A_3
chrX:47041666:G/C_2
0
[]
1
[]
2
['chr5:68667304:C/A', 'chr5:68667307:G/T']
3
[]
4
[]
5
[]
6
[]
n = 1036, m = 2, p = 1
Set parameter TimeLimit to value 1800
Set parameter Threads to value 1
Set parameter Method to value 4
Set parameter IntFeasTol to value 1e-06
Gurobi Optimizer version 10.0.3 build v10.0.3rc0 (linux64)

CPU model: Intel(R) Xeon(R) Platinum 8352Y CPU @ 2.20GHz, instruction set [SSE2|AVX|AVX2|AVX512]
Thread count: 64 physical cores, 128 logical processors, using up to 1 threads

Academic license 2416028 - for non-commercial use only - registered to zh___@mskcc.org
Optimize a model with 7265 rows, 4158 columns and 15563 nonzeros
Model fingerprint: 0xba342e2b
Variable types: 2086 continuous, 2072 integer (2072 binary)
Coefficient statistics:
  Matrix range     [1e+00, 1e+00]
  Objective range  [7e+00, 7e+00]
  Bounds range     [1e+00, 1e+00]
  RHS range        [1e+00, 2e+00]
Found heuristic solution: objective -0.0000000
Presolve removed 7261 rows and 4153 columns
Presolve time: 0.01s
Presolved: 4 rows, 5 columns, 12 nonzeros
Found heuristic solution: objective 110.5080765
Variable types: 0 continuous, 5 integer (5 binary)

Explored 0 nodes (0 simplex iterations) in 0.02 seconds (0.02 work units)
Thread count was 1 (of 128 available processors)

Solution count 2: 110.508 -0 

Optimal solution found (tolerance 1.00e-04)
Best objective 1.105080764584e+02, best bound 1.105080764584e+02, gap 0.0000%
1997, 19, 110.50807645837682
cluster_id
0    7766
3    2933
5    1706
6    1508
2    1036
1     771
4     419
Name: count, dtype: int64
subclusters [1, 3, 5]
chr18:48573531:G/A_1 667
chr18:48573570:G/A_1 130
chr12:25398284:C/A_1 4613
Node root: 1020
Node 0: 7766
Node 1: 771
Node 3: 2879
Node 4: 419
Node 5: 1706
Node 6: 1508
Node chr5:68667304:C/A_4: 11
Node chr5:68667307:G/T_4: 5
Node chr3:178936082:G/A_4: 54
Node chr18:48573531:G/A_1: 667
Node chr18:48573570:G/A_1: 130
Node chr12:25398284:C/A_1: 4613
total cells 15119
[('root', 0)]
