Sender: LSF System <lsfadmin@lt08>
Subject: Job 8217015: <fast_condor.patient=TP11> in cluster <lila> Done

Job <fast_condor.patient=TP11> was submitted from host <lt03> by user <zhangh5> in cluster <lila> at Fri Jul 19 13:15:59 2024
Job was executed on host(s) <4*lt08>, in queue <cpuqueue>, as user <zhangh5> in cluster <lila> at Fri Jul 19 13:16:01 2024
</home/zhangh5> was used as the home directory.
</lila/data/iacobuzc/haochen/condor_pipeline_trial> was used as the working directory.
Started at Fri Jul 19 13:16:01 2024
Terminated at Fri Jul 19 13:17:42 2024
Results reported at Fri Jul 19 13:17:42 2024

Your job looked like:

------------------------------------------------------------
# LSBATCH: User input
/lila/data/iacobuzc/haochen/condor_pipeline_trial/.snakemake/tmp.e3awy4tj/snakejob.fast_condor.41.sh
------------------------------------------------------------

Successfully completed.

Resource usage summary:

    CPU time :                                   68.86 sec.
    Max Memory :                                 2 GB
    Average Memory :                             0.37 GB
    Total Requested Memory :                     4.00 GB
    Delta Memory :                               2.00 GB
    Max Swap :                                   -
    Max Processes :                              6
    Max Threads :                                12
    Run time :                                   100 sec.
    Turnaround time :                            103 sec.

The output (if any) follows:



PS:

Read file <logs/cluster/fast_condor/patient=TP11/jobid41_32c76b46-e07e-4658-927e-5c8f40792cca.err> for stderr output of this job.

