Sender: LSF System <lsfadmin@ls15>
Subject: Job 8217036: <fast_condor.patient=RA15_16> in cluster <lila> Done

Job <fast_condor.patient=RA15_16> was submitted from host <lt03> by user <zhangh5> in cluster <lila> at Fri Jul 19 13:16:16 2024
Job was executed on host(s) <4*ls15>, in queue <cpuqueue>, as user <zhangh5> in cluster <lila> at Fri Jul 19 13:16:19 2024
</home/zhangh5> was used as the home directory.
</lila/data/iacobuzc/haochen/condor_pipeline_trial> was used as the working directory.
Started at Fri Jul 19 13:16:19 2024
Terminated at Fri Jul 19 13:16:51 2024
Results reported at Fri Jul 19 13:16:51 2024

Your job looked like:

------------------------------------------------------------
# LSBATCH: User input
/lila/data/iacobuzc/haochen/condor_pipeline_trial/.snakemake/tmp.e3awy4tj/snakejob.fast_condor.31.sh
------------------------------------------------------------

Successfully completed.

Resource usage summary:

    CPU time :                                   15.09 sec.
    Max Memory :                                 -
    Average Memory :                             -
    Total Requested Memory :                     4.00 GB
    Delta Memory :                               -
    Max Swap :                                   -
    Max Processes :                              6
    Max Threads :                                12
    Run time :                                   31 sec.
    Turnaround time :                            35 sec.

The output (if any) follows:



PS:

Read file <logs/cluster/fast_condor/patient=RA15_16/jobid31_90c98b7a-79bb-46ce-847f-0eae3d7a69ed.err> for stderr output of this job.

