Sender: LSF System <lsfadmin@lt17>
Subject: Job 8217242: <fast_condor.patient=RA15_16> in cluster <lila> Done

Job <fast_condor.patient=RA15_16> was submitted from host <lu06> by user <zhangh5> in cluster <lila> at Fri Jul 19 13:25:30 2024
Job was executed on host(s) <16*lt17>, in queue <cpuqueue>, as user <zhangh5> in cluster <lila> at Fri Jul 19 13:25:33 2024
</home/zhangh5> was used as the home directory.
</lila/data/iacobuzc/haochen/condor_pipeline_trial> was used as the working directory.
Started at Fri Jul 19 13:25:33 2024
Terminated at Fri Jul 19 13:26:02 2024
Results reported at Fri Jul 19 13:26:02 2024

Your job looked like:

------------------------------------------------------------
# LSBATCH: User input
/lila/data/iacobuzc/haochen/condor_pipeline_trial/.snakemake/tmp.8wc02eyx/snakejob.fast_condor.31.sh
------------------------------------------------------------

Successfully completed.

Resource usage summary:

    CPU time :                                   19.20 sec.
    Max Memory :                                 -
    Average Memory :                             -
    Total Requested Memory :                     16.00 GB
    Delta Memory :                               -
    Max Swap :                                   -
    Max Processes :                              6
    Max Threads :                                24
    Run time :                                   31 sec.
    Turnaround time :                            32 sec.

The output (if any) follows:



PS:

Read file <logs/cluster/fast_condor/patient=RA15_16/jobid31_d0cfc4e8-7b75-479f-b2dc-dcccaf3f3499.err> for stderr output of this job.

