Sender: LSF System <lsfadmin@ls16>
Subject: Job 8216971: <condor_inputs.patient=BPA-3> in cluster <lila> Done

Job <condor_inputs.patient=BPA-3> was submitted from host <lt03> by user <zhangh5> in cluster <lila> at Fri Jul 19 13:14:26 2024
Job was executed on host(s) <4*ls16>, in queue <cpuqueue>, as user <zhangh5> in cluster <lila> at Fri Jul 19 13:14:28 2024
</home/zhangh5> was used as the home directory.
</lila/data/iacobuzc/haochen/condor_pipeline_trial> was used as the working directory.
Started at Fri Jul 19 13:14:28 2024
Terminated at Fri Jul 19 13:15:49 2024
Results reported at Fri Jul 19 13:15:49 2024

Your job looked like:

------------------------------------------------------------
# LSBATCH: User input
/lila/data/iacobuzc/haochen/condor_pipeline_trial/.snakemake/tmp.e3awy4tj/snakejob.condor_inputs.22.sh
------------------------------------------------------------

Successfully completed.

Resource usage summary:

    CPU time :                                   25.97 sec.
    Max Memory :                                 -
    Average Memory :                             -
    Total Requested Memory :                     32.00 GB
    Delta Memory :                               -
    Max Swap :                                   -
    Max Processes :                              6
    Max Threads :                                16
    Run time :                                   82 sec.
    Turnaround time :                            83 sec.

The output (if any) follows:



PS:

Read file <logs/cluster/condor_inputs/patient=BPA-3/jobid22_b56fd71d-70d9-4180-b874-27d3205db457.err> for stderr output of this job.

