Sender: LSF System <lsfadmin@lu05>
Subject: Job 8217238: <fast_condor.patient=BPA-3> in cluster <lila> Exited

Job <fast_condor.patient=BPA-3> was submitted from host <lu06> by user <zhangh5> in cluster <lila> at Fri Jul 19 13:25:03 2024
Job was executed on host(s) <4*lu05>, in queue <cpuqueue>, as user <zhangh5> in cluster <lila> at Fri Jul 19 13:25:06 2024
</home/zhangh5> was used as the home directory.
</lila/data/iacobuzc/haochen/condor_pipeline_trial> was used as the working directory.
Started at Fri Jul 19 13:25:06 2024
Terminated at Fri Jul 19 13:25:28 2024
Results reported at Fri Jul 19 13:25:28 2024

Your job looked like:

------------------------------------------------------------
# LSBATCH: User input
/lila/data/iacobuzc/haochen/condor_pipeline_trial/.snakemake/tmp.8wc02eyx/snakejob.fast_condor.46.sh
------------------------------------------------------------

Exited with exit code 1.

Resource usage summary:

    CPU time :                                   12.52 sec.
    Max Memory :                                 -
    Average Memory :                             -
    Total Requested Memory :                     4.00 GB
    Delta Memory :                               -
    Max Swap :                                   -
    Max Processes :                              6
    Max Threads :                                11
    Run time :                                   22 sec.
    Turnaround time :                            25 sec.

The output (if any) follows:



PS:

Read file <logs/cluster/fast_condor/patient=BPA-3/jobid46_ed02e422-d8f2-45de-bcaa-5b7cd93af642.err> for stderr output of this job.

