Sender: LSF System <lsfadmin@lt11>
Subject: Job 8217260: <fast_condor.patient=BPA-3> in cluster <lila> Exited

Job <fast_condor.patient=BPA-3> was submitted from host <lu06> by user <zhangh5> in cluster <lila> at Fri Jul 19 13:25:44 2024
Job was executed on host(s) <16*lt11>, in queue <cpuqueue>, as user <zhangh5> in cluster <lila> at Fri Jul 19 13:25:47 2024
</home/zhangh5> was used as the home directory.
</lila/data/iacobuzc/haochen/condor_pipeline_trial> was used as the working directory.
Started at Fri Jul 19 13:25:47 2024
Terminated at Fri Jul 19 13:26:00 2024
Results reported at Fri Jul 19 13:26:00 2024

Your job looked like:

------------------------------------------------------------
# LSBATCH: User input
/lila/data/iacobuzc/haochen/condor_pipeline_trial/.snakemake/tmp.8wc02eyx/snakejob.fast_condor.46.sh
------------------------------------------------------------

Exited with exit code 1.

Resource usage summary:

    CPU time :                                   10.45 sec.
    Max Memory :                                 -
    Average Memory :                             -
    Total Requested Memory :                     16.00 GB
    Delta Memory :                               -
    Max Swap :                                   -
    Max Processes :                              7
    Max Threads :                                23
    Run time :                                   14 sec.
    Turnaround time :                            16 sec.

The output (if any) follows:



PS:

Read file <logs/cluster/fast_condor/patient=BPA-3/jobid46_0d471dca-9a9d-47dc-a2b1-e6cd7937784c.err> for stderr output of this job.

