Sender: LSF System <lsfadmin@ls09>
Subject: Job 8217013: <condor_inputs.patient=RA15_06> in cluster <lila> Done

Job <condor_inputs.patient=RA15_06> was submitted from host <lt03> by user <zhangh5> in cluster <lila> at Fri Jul 19 13:14:43 2024
Job was executed on host(s) <4*ls09>, in queue <cpuqueue>, as user <zhangh5> in cluster <lila> at Fri Jul 19 13:14:44 2024
</home/zhangh5> was used as the home directory.
</lila/data/iacobuzc/haochen/condor_pipeline_trial> was used as the working directory.
Started at Fri Jul 19 13:14:44 2024
Terminated at Fri Jul 19 13:15:51 2024
Results reported at Fri Jul 19 13:15:51 2024

Your job looked like:

------------------------------------------------------------
# LSBATCH: User input
/lila/data/iacobuzc/haochen/condor_pipeline_trial/.snakemake/tmp.e3awy4tj/snakejob.condor_inputs.6.sh
------------------------------------------------------------

Successfully completed.

Resource usage summary:

    CPU time :                                   23.82 sec.
    Max Memory :                                 1 GB
    Average Memory :                             0.03 GB
    Total Requested Memory :                     32.00 GB
    Delta Memory :                               31.00 GB
    Max Swap :                                   -
    Max Processes :                              6
    Max Threads :                                16
    Run time :                                   68 sec.
    Turnaround time :                            68 sec.

The output (if any) follows:



PS:

Read file <logs/cluster/condor_inputs/patient=RA15_06/jobid6_25d579e2-ef9b-4ba4-9129-5c37b9622a85.err> for stderr output of this job.

