Sender: LSF System <lsfadmin@lx10>
Subject: Job 8217218: <condor_inputs.patient=RA15_06> in cluster <lila> Done

Job <condor_inputs.patient=RA15_06> was submitted from host <lu06> by user <zhangh5> in cluster <lila> at Fri Jul 19 13:24:00 2024
Job was executed on host(s) <4*lx10>, in queue <cpuqueue>, as user <zhangh5> in cluster <lila> at Fri Jul 19 13:24:03 2024
</home/zhangh5> was used as the home directory.
</lila/data/iacobuzc/haochen/condor_pipeline_trial> was used as the working directory.
Started at Fri Jul 19 13:24:03 2024
Terminated at Fri Jul 19 13:24:42 2024
Results reported at Fri Jul 19 13:24:42 2024

Your job looked like:

------------------------------------------------------------
# LSBATCH: User input
/lila/data/iacobuzc/haochen/condor_pipeline_trial/.snakemake/tmp.8wc02eyx/snakejob.condor_inputs.6.sh
------------------------------------------------------------

Successfully completed.

Resource usage summary:

    CPU time :                                   22.65 sec.
    Max Memory :                                 -
    Average Memory :                             -
    Total Requested Memory :                     32.00 GB
    Delta Memory :                               -
    Max Swap :                                   -
    Max Processes :                              7
    Max Threads :                                16
    Run time :                                   39 sec.
    Turnaround time :                            42 sec.

The output (if any) follows:



PS:

Read file <logs/cluster/condor_inputs/patient=RA15_06/jobid6_f205fcac-40b3-46fd-b151-215285266c34.err> for stderr output of this job.

