Sender: LSF System <lsfadmin@ls13>
Subject: Job 8217072: <generate_post_condor_sc_heatmaps.patient=RA20_05> in cluster <lila> Done

Job <generate_post_condor_sc_heatmaps.patient=RA20_05> was submitted from host <lt03> by user <zhangh5> in cluster <lila> at Fri Jul 19 13:17:53 2024
Job was executed on host(s) <4*ls13>, in queue <cpuqueue>, as user <zhangh5> in cluster <lila> at Fri Jul 19 13:17:56 2024
</home/zhangh5> was used as the home directory.
</lila/data/iacobuzc/haochen/condor_pipeline_trial> was used as the working directory.
Started at Fri Jul 19 13:17:56 2024
Terminated at Fri Jul 19 13:18:57 2024
Results reported at Fri Jul 19 13:18:57 2024

Your job looked like:

------------------------------------------------------------
# LSBATCH: User input
/lila/data/iacobuzc/haochen/condor_pipeline_trial/.snakemake/tmp.e3awy4tj/snakejob.generate_post_condor_sc_heatmaps.135.sh
------------------------------------------------------------

Successfully completed.

Resource usage summary:

    CPU time :                                   36.00 sec.
    Max Memory :                                 1 GB
    Average Memory :                             0.15 GB
    Total Requested Memory :                     32.00 GB
    Delta Memory :                               31.00 GB
    Max Swap :                                   -
    Max Processes :                              14
    Max Threads :                                73
    Run time :                                   61 sec.
    Turnaround time :                            64 sec.

The output (if any) follows:



PS:

Read file <logs/cluster/generate_post_condor_sc_heatmaps/patient=RA20_05/jobid135_232f5a66-c3ce-4cb2-b87a-38d411f8241b.err> for stderr output of this job.

