Sender: LSF System <lsfadmin@lt09>
Subject: Job 8217251: <fast_condor.patient=RA19_10> in cluster <lila> Exited

Job <fast_condor.patient=RA19_10> was submitted from host <lu06> by user <zhangh5> in cluster <lila> at Fri Jul 19 13:25:36 2024
Job was executed on host(s) <16*lt09>, in queue <cpuqueue>, as user <zhangh5> in cluster <lila> at Fri Jul 19 13:25:39 2024
</home/zhangh5> was used as the home directory.
</lila/data/iacobuzc/haochen/condor_pipeline_trial> was used as the working directory.
Started at Fri Jul 19 13:25:39 2024
Terminated at Fri Jul 19 13:25:49 2024
Results reported at Fri Jul 19 13:25:49 2024

Your job looked like:

------------------------------------------------------------
# LSBATCH: User input
/lila/data/iacobuzc/haochen/condor_pipeline_trial/.snakemake/tmp.8wc02eyx/snakejob.fast_condor.37.sh
------------------------------------------------------------

Exited with exit code 1.

Resource usage summary:

    CPU time :                                   10.28 sec.
    Max Memory :                                 -
    Average Memory :                             -
    Total Requested Memory :                     16.00 GB
    Delta Memory :                               -
    Max Swap :                                   -
    Max Processes :                              7
    Max Threads :                                23
    Run time :                                   12 sec.
    Turnaround time :                            13 sec.

The output (if any) follows:



PS:

Read file <logs/cluster/fast_condor/patient=RA19_10/jobid37_8dad7dd3-2bf1-4ff1-88c6-a29bd90dd100.err> for stderr output of this job.

