            sample cell_barcode  clone_id
0     RA15_16-15_3       cell_1         6
1     RA15_16-15_3      cell_10         0
2     RA15_16-15_3     cell_100         5
3     RA15_16-15_3    cell_1000         6
4     RA15_16-15_3    cell_1001         4
...            ...          ...       ...
4086  RA18_18-11_1     cell_995         0
4087  RA18_18-11_1     cell_996         0
4088  RA18_18-11_1     cell_997         3
4089  RA18_18-11_1     cell_998         0
4090  RA18_18-11_1     cell_999         3

[4091 rows x 3 columns]
[INFO] Using H5: /data/iacobuzc/haochen/Tapestri_main_manuscript_analysis/data_compiled/fillout_h5/RA15_16.patient_wide.genotyped.h5
Loading, /data/iacobuzc/haochen/Tapestri_main_manuscript_analysis/data_compiled/fillout_h5/RA15_16.patient_wide.genotyped.h5
Loaded in 0.4s.
(2868, 466)

    germline: 35
    somatic: 2
    total: 38
(2868, 38)
(2868, 38)
Index(['cell_1-RA15_16-15_3', 'cell_10-RA15_16-15_3', 'cell_100-RA15_16-15_3',
       'cell_1000-RA15_16-15_3', 'cell_1001-RA15_16-15_3',
       'cell_1002-RA15_16-15_3', 'cell_1003-RA15_16-15_3',
       'cell_1004-RA15_16-15_3', 'cell_1005-RA15_16-15_3',
       'cell_1006-RA15_16-15_3',
       ...
       'cell_90-RA15_16-32_4', 'cell_91-RA15_16-32_4', 'cell_92-RA15_16-32_4',
       'cell_93-RA15_16-32_4', 'cell_94-RA15_16-32_4', 'cell_95-RA15_16-32_4',
       'cell_96-RA15_16-32_4', 'cell_97-RA15_16-32_4', 'cell_98-RA15_16-32_4',
       'cell_99-RA15_16-32_4'],
      dtype='object', name='cell_barcode', length=2868)
0          RA15_16-15_3:cell_1
1         RA15_16-15_3:cell_10
2        RA15_16-15_3:cell_100
3       RA15_16-15_3:cell_1000
4       RA15_16-15_3:cell_1001
                 ...          
4086     RA18_18-11_1:cell_995
4087     RA18_18-11_1:cell_996
4088     RA18_18-11_1:cell_997
4089     RA18_18-11_1:cell_998
4090     RA18_18-11_1:cell_999
Name: cell_barcode, Length: 4091, dtype: object
clone_id
0    950
4    778
5    765
2    458
6    442
3    392
1    306
Name: count, dtype: int64
clone_id
4    776
5    765
2    458
6    441
1    306
0    122
Name: count, dtype: int64
[6, 0, 5, 4, 1, 2]
