Sender: LSF System <lsfadmin@lt11>
Subject: Job 8217261: <generate_ete_trees.patient=RA17_13> in cluster <lila> Done

Job <generate_ete_trees.patient=RA17_13> was submitted from host <lu06> by user <zhangh5> in cluster <lila> at Fri Jul 19 13:25:45 2024
Job was executed on host(s) <4*lt11>, in queue <cpuqueue>, as user <zhangh5> in cluster <lila> at Fri Jul 19 13:25:47 2024
</home/zhangh5> was used as the home directory.
</lila/data/iacobuzc/haochen/condor_pipeline_trial> was used as the working directory.
Started at Fri Jul 19 13:25:47 2024
Terminated at Fri Jul 19 13:26:13 2024
Results reported at Fri Jul 19 13:26:13 2024

Your job looked like:

------------------------------------------------------------
# LSBATCH: User input
/lila/data/iacobuzc/haochen/condor_pipeline_trial/.snakemake/tmp.8wc02eyx/snakejob.generate_ete_trees.82.sh
------------------------------------------------------------

Successfully completed.

Resource usage summary:

    CPU time :                                   15.32 sec.
    Max Memory :                                 -
    Average Memory :                             -
    Total Requested Memory :                     32.00 GB
    Delta Memory :                               -
    Max Swap :                                   -
    Max Processes :                              7
    Max Threads :                                11
    Run time :                                   26 sec.
    Turnaround time :                            28 sec.

The output (if any) follows:



PS:

Read file <logs/cluster/generate_ete_trees/patient=RA17_13/jobid82_46fe0467-40a0-4e22-88ca-bf464d9b2c5c.err> for stderr output of this job.

