Sender: LSF System <lsfadmin@lt09>
Subject: Job 8217249: <fast_condor.patient=RA17_22> in cluster <lila> Exited

Job <fast_condor.patient=RA17_22> was submitted from host <lu06> by user <zhangh5> in cluster <lila> at Fri Jul 19 13:25:35 2024
Job was executed on host(s) <16*lt09>, in queue <cpuqueue>, as user <zhangh5> in cluster <lila> at Fri Jul 19 13:25:37 2024
</home/zhangh5> was used as the home directory.
</lila/data/iacobuzc/haochen/condor_pipeline_trial> was used as the working directory.
Started at Fri Jul 19 13:25:37 2024
Terminated at Fri Jul 19 13:25:53 2024
Results reported at Fri Jul 19 13:25:53 2024

Your job looked like:

------------------------------------------------------------
# LSBATCH: User input
/lila/data/iacobuzc/haochen/condor_pipeline_trial/.snakemake/tmp.8wc02eyx/snakejob.fast_condor.35.sh
------------------------------------------------------------

Exited with exit code 1.

Resource usage summary:

    CPU time :                                   12.45 sec.
    Max Memory :                                 -
    Average Memory :                             -
    Total Requested Memory :                     16.00 GB
    Delta Memory :                               -
    Max Swap :                                   -
    Max Processes :                              7
    Max Threads :                                23
    Run time :                                   16 sec.
    Turnaround time :                            18 sec.

The output (if any) follows:



PS:

Read file <logs/cluster/fast_condor/patient=RA17_22/jobid35_f7f8a481-ab2b-4ba8-9d52-c3268f39e562.err> for stderr output of this job.

