Sender: LSF System <lsfadmin@lt08>
Subject: Job 8217025: <fast_condor.patient=RA17_22> in cluster <lila> Done

Job <fast_condor.patient=RA17_22> was submitted from host <lt03> by user <zhangh5> in cluster <lila> at Fri Jul 19 13:16:06 2024
Job was executed on host(s) <4*lt08>, in queue <cpuqueue>, as user <zhangh5> in cluster <lila> at Fri Jul 19 13:16:09 2024
</home/zhangh5> was used as the home directory.
</lila/data/iacobuzc/haochen/condor_pipeline_trial> was used as the working directory.
Started at Fri Jul 19 13:16:09 2024
Terminated at Fri Jul 19 13:16:58 2024
Results reported at Fri Jul 19 13:16:58 2024

Your job looked like:

------------------------------------------------------------
# LSBATCH: User input
/lila/data/iacobuzc/haochen/condor_pipeline_trial/.snakemake/tmp.e3awy4tj/snakejob.fast_condor.35.sh
------------------------------------------------------------

Successfully completed.

Resource usage summary:

    CPU time :                                   22.99 sec.
    Max Memory :                                 -
    Average Memory :                             -
    Total Requested Memory :                     4.00 GB
    Delta Memory :                               -
    Max Swap :                                   -
    Max Processes :                              7
    Max Threads :                                12
    Run time :                                   50 sec.
    Turnaround time :                            52 sec.

The output (if any) follows:



PS:

Read file <logs/cluster/fast_condor/patient=RA17_22/jobid35_312ed949-40e1-4cae-a21c-b577f3a3276f.err> for stderr output of this job.

