Sender: LSF System <lsfadmin@lt08>
Subject: Job 8217225: <fast_condor.patient=RA17_22> in cluster <lila> Exited

Job <fast_condor.patient=RA17_22> was submitted from host <lu06> by user <zhangh5> in cluster <lila> at Fri Jul 19 13:24:51 2024
Job was executed on host(s) <4*lt08>, in queue <cpuqueue>, as user <zhangh5> in cluster <lila> at Fri Jul 19 13:24:54 2024
</home/zhangh5> was used as the home directory.
</lila/data/iacobuzc/haochen/condor_pipeline_trial> was used as the working directory.
Started at Fri Jul 19 13:24:54 2024
Terminated at Fri Jul 19 13:25:27 2024
Results reported at Fri Jul 19 13:25:27 2024

Your job looked like:

------------------------------------------------------------
# LSBATCH: User input
/lila/data/iacobuzc/haochen/condor_pipeline_trial/.snakemake/tmp.8wc02eyx/snakejob.fast_condor.35.sh
------------------------------------------------------------

Exited with exit code 1.

Resource usage summary:

    CPU time :                                   16.83 sec.
    Max Memory :                                 -
    Average Memory :                             -
    Total Requested Memory :                     4.00 GB
    Delta Memory :                               -
    Max Swap :                                   -
    Max Processes :                              6
    Max Threads :                                11
    Run time :                                   35 sec.
    Turnaround time :                            36 sec.

The output (if any) follows:



PS:

Read file <logs/cluster/fast_condor/patient=RA17_22/jobid35_9ea54adb-7560-4f0d-81a8-7c8fb41f3b8c.err> for stderr output of this job.

