chr2:25457221:A/G
chr18:48593507:C/T
chr20:9520142:G/A
chr17:7577427:G/A
chr14:31077143:T/C
chr13:25052420:T/A
chr22:29130458:T/C
chr9:101908915:G/A
chr1:16474839:AC/A
chr13:28883017:A/G
chr8:128752924:C/G
chr3:52637486:C/G
chr17:56492800:T/C
chr6:157528197:C/T
chr12:25398284:C/A
chr4:2210065:C/A
chr19:5219803:T/C
chr3:30713126:T/A
chr20:62303825:C/T
chr17:73627539:T/C
chr16:347184:A/G
chr1:163298548:T/C
chr8:30933859:C/T
chr20:9560633:C/T
chr17:7578524:G/C
chr16:3634746:C/A
chr1:158612236:A/G
chr17:41245466:G/A
chr19:5219829:T/G
chr17:7577407:A/C
chr2:215609693:G/A
chr20:9560712:A/G
chr20:46279827:G/A
chr13:25052261:C/T
chr4:55980456:C/T
chr1:27106312:GAT/G
chr6:157505609:A/T
chr20:46279866:A/G
chr17:56436109:C/T
chr20:54959296:G/C
chr19:47425311:T/C
736     0
737     0
739     0
4447    0
424     0
       ..
3       6
2551    6
2553    6
2556    6
7       6
Name: cluster_id, Length: 4977, dtype: int64
check
Index(['EPHA2 intron_variant', 'ARID1A p.Asp1975ValfsTer23',
       'SPTA1 p.Cys1568Arg', 'NUF2 intron_variant', 'DNMT3A p.Leu889Pro',
       'BARD1 intron_variant', 'TGFBR2 intron_variant', 'PBRM1 intron_variant',
       'POLN p.Gln121His', 'KDR intron_variant', 'ARID1B intron_variant',
       'ARID1B p.Ile2014=', 'WRN intron_variant', 'MYC p.Ser362Cys',
       'TGFBR1 intron_variant', 'KRAS p.Gly12Val', 'PARP4 p.Ser534=',
       'PARP4 intron_variant', 'FLT1 p.Phe1228Ser', 'G2E3 p.Ser456=',
       'AXIN1 p.Ala609=', 'SLX4 intron_variant', 'TP53 intron_variant',
       'TP53 intron_variant', 'TP53 p.Gln136Glu', 'BRCA1 p.Ser694=',
       'RNF43 p.Arg343His', 'RNF43 p.Ile47Val', 'RECQL5 p.Asp480Gly',
       'SMAD4 p.Arg420Cys', 'PTPRS intron_variant', 'PTPRS intron_variant',
       'ARHGAP35 p.Ser1127Pro', 'PAK5 p.Ile709=', 'PAK5 intron_variant',
       'PAK5 intron_variant', 'NCOA3 p.Gln1251=', 'NCOA3 p.Gln1264=',
       'AURKA intron_variant', 'RTEL1 intron_variant', 'CHEK2 p.Glu84='],
      dtype='object')
==============
{'chr1:46521517:G/A': 'PIK3R3 p.Ser297=', 'chr1:46521559:A/T': 'PIK3R3 p.Asn283Lys', 'chr11:65481166:T/C': 'KAT5 intron_variant', 'chr11:107879887:G/C': 'CUL5 5_prime_UTR_variant', 'chr4:187538942:T/G': 'FAT1 p.Gln2933Pro', 'chr1:11288758:G/A': 'MTOR p.Asn999=', 'chr15:89858602:T/C': 'FANCI p.Gly1302=', 'chr1:226578099:T/C': 'PARP1 intron_variant', 'chr17:7578115:T/C': 'TP53 intron_variant', 'chr7:2962753:G/A': 'CARD11 intron_variant', 'chr3:189604149:T/G': 'TP63 intron_variant', 'chr12:25368462:C/T': 'KRAS p.Arg161=', 'chr3:30713126:T/A': 'TGFBR2 intron_variant', 'chr12:49434074:C/A': 'KMT2D p.Gly2493=', 'chr17:73627565:A/G': 'RECQL5 p.Tyr471=', 'chr17:41245466:G/A': 'BRCA1 p.Ser694=', 'chr16:3634746:C/A': 'SLX4 intron_variant', 'chr20:9520142:G/A': 'PAK5 p.Ile709=', 'chr11:65631167:C/T': 'MUS81 p.Ala312=', 'chr17:56436109:C/T': 'RNF43 p.Arg343His', 'chr20:46279827:G/A': 'NCOA3 p.Gln1251=', 'chr13:28883061:G/A': 'FLT1 p.Tyr1213=', 'chr20:46279866:A/G': 'NCOA3 p.Gln1264=', 'chr9:101908915:G/A': 'TGFBR1 intron_variant', 'chr16:347184:A/G': 'AXIN1 p.Ala609=', 'chr1:91859795:T/C': 'HFM1 p.Ile117Val', 'chr1:16474839:AC/A': 'EPHA2 intron_variant', 'chr1:11205058:C/T': 'MTOR p.Ala1577=', 'chr6:80751780:G/A': 'TTK intron_variant', 'chr20:9560712:A/G': 'PAK5 intron_variant', 'chr20:9560633:C/T': 'PAK5 intron_variant', 'chr5:38953665:G/GA': 'RICTOR intron_variant', 'chr17:56492800:T/C': 'RNF43 p.Ile47Val', 'chr4:55980456:C/T': 'KDR intron_variant', 'chr20:54959296:G/C': 'AURKA intron_variant', 'chr4:2210065:C/A': 'POLN p.Gln121His', 'chr3:30686414:A/G': 'TGFBR2 intron_variant', 'chr18:48584855:A/ATT': 'SMAD4 intron_variant', 'chr17:73627539:T/C': 'RECQL5 p.Asp480Gly', 'chr1:158612236:A/G': 'SPTA1 p.Cys1568Arg', 'chr22:29130458:T/C': 'CHEK2 p.Glu84=', 'chr1:163298548:T/C': 'NUF2 intron_variant', 'chr8:30933859:C/T': 'WRN intron_variant', 'chr20:62303825:C/T': 'RTEL1 intron_variant', 'chr13:25052261:C/T': 'PARP4 p.Ser534=', 'chr13:25052420:T/A': 'PARP4 intron_variant', 'chr17:7579472:G/C': 'TP53 p.Pro72Arg', 'chr19:5219803:T/C': 'PTPRS intron_variant', 'chr19:5219829:T/G': 'PTPRS intron_variant', 'chr17:7578524:G/C': 'TP53 p.Gln136Glu', 'chr1:27106312:GAT/G': 'ARID1A p.Asp1975ValfsTer23', 'chr14:105242966:T/C': 'AKT1 intron_variant', 'chr18:48584855:A/AT': 'SMAD4 intron_variant', 'chr2:215609693:G/A': 'BARD1 intron_variant', 'chr12:25398284:C/A': 'KRAS p.Gly12Val', 'chr13:32913055:A/G': 'BRCA2 p.Leu1521=', 'chr4:96035796:GAC/G': 'BMPR1B intron_variant', 'chr17:7577427:G/A': 'TP53 intron_variant', 'chr17:7577407:A/C': 'TP53 intron_variant', 'chr18:48593507:C/T': 'SMAD4 p.Arg420Cys', 'chr6:157528197:C/T': 'ARID1B p.Ile2014=', 'chr7:151935730:T/C': 'KMT2C intron_variant', 'chr3:52637486:C/G': 'PBRM1 intron_variant', 'chr2:203384776:CT/C': 'BMPR2 intron_variant', 'chr17:7579896:G/A': 'TP53 p.Ser6Leu', 'chr7:154760669:GTGC/G': 'PAXIP1 p.Gln413del', 'chr18:48584804:G/T': 'SMAD4 p.Met294Ile', 'chr14:75508280:GA/G': 'MLH3 intron_variant', 'chr8:6289098:T/TA': 'MCPH1 p.Arg108ThrfsTer2', 'chr3:41265953:C/CT': 'CTNNB1 intron_variant', 'chr11:108204733:AT/A': 'ATM intron_variant', 'chr5:68667279:A/C': 'RAD17 splice_site_variant', 'chr9:101909915:AT/A': 'TGFBR1 intron_variant', 'chr2:100055101:AT/A': 'REV1 p.Met392Ter', 'chr13:28883017:A/G': 'FLT1 p.Phe1228Ser', 'chr6:157505609:A/T': 'ARID1B intron_variant', 'chr8:128752924:C/G': 'MYC p.Ser362Cys', 'chr2:25457221:A/G': 'DNMT3A p.Leu889Pro', 'chr19:47425311:T/C': 'ARHGAP35 p.Ser1127Pro', 'chr14:31077143:T/C': 'G2E3 p.Ser456='}
==============
EPHA2 intron_variant
ARID1A p.Asp1975ValfsTer23
SPTA1 p.Cys1568Arg
NUF2 intron_variant
DNMT3A p.Leu889Pro
BARD1 intron_variant
TGFBR2 intron_variant
PBRM1 intron_variant
POLN p.Gln121His
KDR intron_variant
ARID1B intron_variant
ARID1B p.Ile2014=
WRN intron_variant
MYC p.Ser362Cys
TGFBR1 intron_variant
KRAS p.Gly12Val
PARP4 p.Ser534=
PARP4 intron_variant
FLT1 p.Phe1228Ser
G2E3 p.Ser456=
AXIN1 p.Ala609=
SLX4 intron_variant
TP53 intron_variant
TP53 intron_variant
TP53 p.Gln136Glu
BRCA1 p.Ser694=
RNF43 p.Arg343His
RNF43 p.Ile47Val
RECQL5 p.Asp480Gly
SMAD4 p.Arg420Cys
PTPRS intron_variant
PTPRS intron_variant
ARHGAP35 p.Ser1127Pro
PAK5 p.Ile709=
PAK5 intron_variant
PAK5 intron_variant
NCOA3 p.Gln1251=
NCOA3 p.Gln1264=
AURKA intron_variant
RTEL1 intron_variant
CHEK2 p.Glu84=
