Sender: LSF System <lsfadmin@lt11>
Subject: Job 8217187: <generate_pre_condor_sc_heatmaps.patient=TP12> in cluster <lila> Done

Job <generate_pre_condor_sc_heatmaps.patient=TP12> was submitted from host <lu06> by user <zhangh5> in cluster <lila> at Fri Jul 19 13:23:47 2024
Job was executed on host(s) <4*lt11>, in queue <cpuqueue>, as user <zhangh5> in cluster <lila> at Fri Jul 19 13:23:50 2024
</home/zhangh5> was used as the home directory.
</lila/data/iacobuzc/haochen/condor_pipeline_trial> was used as the working directory.
Started at Fri Jul 19 13:23:50 2024
Terminated at Fri Jul 19 13:24:45 2024
Results reported at Fri Jul 19 13:24:45 2024

Your job looked like:

------------------------------------------------------------
# LSBATCH: User input
/lila/data/iacobuzc/haochen/condor_pipeline_trial/.snakemake/tmp.8wc02eyx/snakejob.generate_pre_condor_sc_heatmaps.114.sh
------------------------------------------------------------

Successfully completed.

Resource usage summary:

    CPU time :                                   24.00 sec.
    Max Memory :                                 -
    Average Memory :                             -
    Total Requested Memory :                     32.00 GB
    Delta Memory :                               -
    Max Swap :                                   -
    Max Processes :                              14
    Max Threads :                                67
    Run time :                                   57 sec.
    Turnaround time :                            58 sec.

The output (if any) follows:



PS:

Read file <logs/cluster/generate_pre_condor_sc_heatmaps/patient=TP12/jobid114_2ed4a262-9d77-47a9-9e06-df9b41c74a3e.err> for stderr output of this job.

