Sender: LSF System <lsfadmin@lt20>
Subject: Job 8216987: <generate_pre_condor_sc_heatmaps.patient=TP12> in cluster <lila> Done

Job <generate_pre_condor_sc_heatmaps.patient=TP12> was submitted from host <lt03> by user <zhangh5> in cluster <lila> at Fri Jul 19 13:14:32 2024
Job was executed on host(s) <4*lt20>, in queue <cpuqueue>, as user <zhangh5> in cluster <lila> at Fri Jul 19 13:14:34 2024
</home/zhangh5> was used as the home directory.
</lila/data/iacobuzc/haochen/condor_pipeline_trial> was used as the working directory.
Started at Fri Jul 19 13:14:34 2024
Terminated at Fri Jul 19 13:15:54 2024
Results reported at Fri Jul 19 13:15:54 2024

Your job looked like:

------------------------------------------------------------
# LSBATCH: User input
/lila/data/iacobuzc/haochen/condor_pipeline_trial/.snakemake/tmp.e3awy4tj/snakejob.generate_pre_condor_sc_heatmaps.114.sh
------------------------------------------------------------

Successfully completed.

Resource usage summary:

    CPU time :                                   24.00 sec.
    Max Memory :                                 -
    Average Memory :                             -
    Total Requested Memory :                     32.00 GB
    Delta Memory :                               -
    Max Swap :                                   -
    Max Processes :                              14
    Max Threads :                                67
    Run time :                                   80 sec.
    Turnaround time :                            82 sec.

The output (if any) follows:



PS:

Read file <logs/cluster/generate_pre_condor_sc_heatmaps/patient=TP12/jobid114_22d52d2a-6bda-4c01-bcab-2aace1204adb.err> for stderr output of this job.

