Sender: LSF System <lsfadmin@lx10>
Subject: Job 8217217: <generate_ete_trees.patient=RA16_29> in cluster <lila> Done

Job <generate_ete_trees.patient=RA16_29> was submitted from host <lu06> by user <zhangh5> in cluster <lila> at Fri Jul 19 13:24:00 2024
Job was executed on host(s) <4*lx10>, in queue <cpuqueue>, as user <zhangh5> in cluster <lila> at Fri Jul 19 13:24:03 2024
</home/zhangh5> was used as the home directory.
</lila/data/iacobuzc/haochen/condor_pipeline_trial> was used as the working directory.
Started at Fri Jul 19 13:24:03 2024
Terminated at Fri Jul 19 13:24:38 2024
Results reported at Fri Jul 19 13:24:38 2024

Your job looked like:

------------------------------------------------------------
# LSBATCH: User input
/lila/data/iacobuzc/haochen/condor_pipeline_trial/.snakemake/tmp.8wc02eyx/snakejob.generate_ete_trees.81.sh
------------------------------------------------------------

Successfully completed.

Resource usage summary:

    CPU time :                                   17.75 sec.
    Max Memory :                                 -
    Average Memory :                             -
    Total Requested Memory :                     32.00 GB
    Delta Memory :                               -
    Max Swap :                                   -
    Max Processes :                              7
    Max Threads :                                11
    Run time :                                   36 sec.
    Turnaround time :                            38 sec.

The output (if any) follows:



PS:

Read file <logs/cluster/generate_ete_trees/patient=RA16_29/jobid81_bd27ba23-6bfe-4809-bc2e-347b661b34fd.err> for stderr output of this job.

