Sender: LSF System <lsfadmin@ls13>
Subject: Job 8217073: <generate_post_condor_sc_heatmaps.patient=RA15_16> in cluster <lila> Done

Job <generate_post_condor_sc_heatmaps.patient=RA15_16> was submitted from host <lt03> by user <zhangh5> in cluster <lila> at Fri Jul 19 13:17:54 2024
Job was executed on host(s) <4*ls13>, in queue <cpuqueue>, as user <zhangh5> in cluster <lila> at Fri Jul 19 13:17:56 2024
</home/zhangh5> was used as the home directory.
</lila/data/iacobuzc/haochen/condor_pipeline_trial> was used as the working directory.
Started at Fri Jul 19 13:17:56 2024
Terminated at Fri Jul 19 13:18:56 2024
Results reported at Fri Jul 19 13:18:56 2024

Your job looked like:

------------------------------------------------------------
# LSBATCH: User input
/lila/data/iacobuzc/haochen/condor_pipeline_trial/.snakemake/tmp.e3awy4tj/snakejob.generate_post_condor_sc_heatmaps.127.sh
------------------------------------------------------------

Successfully completed.

Resource usage summary:

    CPU time :                                   26.00 sec.
    Max Memory :                                 -
    Average Memory :                             -
    Total Requested Memory :                     32.00 GB
    Delta Memory :                               -
    Max Swap :                                   -
    Max Processes :                              14
    Max Threads :                                71
    Run time :                                   61 sec.
    Turnaround time :                            62 sec.

The output (if any) follows:



PS:

Read file <logs/cluster/generate_post_condor_sc_heatmaps/patient=RA15_16/jobid127_1016e22b-b52b-4c0d-866f-37bdee0fe50d.err> for stderr output of this job.

