Sender: LSF System <lsfadmin@lx10>
Subject: Job 8217219: <generate_pre_condor_sc_heatmaps.patient=RA20_05> in cluster <lila> Done

Job <generate_pre_condor_sc_heatmaps.patient=RA20_05> was submitted from host <lu06> by user <zhangh5> in cluster <lila> at Fri Jul 19 13:24:01 2024
Job was executed on host(s) <4*lx10>, in queue <cpuqueue>, as user <zhangh5> in cluster <lila> at Fri Jul 19 13:24:04 2024
</home/zhangh5> was used as the home directory.
</lila/data/iacobuzc/haochen/condor_pipeline_trial> was used as the working directory.
Started at Fri Jul 19 13:24:04 2024
Terminated at Fri Jul 19 13:24:50 2024
Results reported at Fri Jul 19 13:24:50 2024

Your job looked like:

------------------------------------------------------------
# LSBATCH: User input
/lila/data/iacobuzc/haochen/condor_pipeline_trial/.snakemake/tmp.8wc02eyx/snakejob.generate_pre_condor_sc_heatmaps.111.sh
------------------------------------------------------------

Successfully completed.

Resource usage summary:

    CPU time :                                   31.00 sec.
    Max Memory :                                 1 GB
    Average Memory :                             0.25 GB
    Total Requested Memory :                     32.00 GB
    Delta Memory :                               31.00 GB
    Max Swap :                                   -
    Max Processes :                              14
    Max Threads :                                72
    Run time :                                   45 sec.
    Turnaround time :                            49 sec.

The output (if any) follows:



PS:

Read file <logs/cluster/generate_pre_condor_sc_heatmaps/patient=RA20_05/jobid111_70954237-7489-45ee-a882-5780401d4b5a.err> for stderr output of this job.

