[WARNING] subclonal mutations file not found. Proceeding without automatic subclonal mutation selection & refinement.
n = 7493, m = 41, p = 5
Set parameter WLSAccessID
Set parameter WLSSecret
Set parameter LicenseID to value 2416028
Academic license 2416028 - for non-commercial use only - registered to zh___@mskcc.org
Set parameter Threads to value 1
Set parameter Method to value 4
Set parameter IntFeasTol to value 1e-06
Gurobi Optimizer version 10.0.3 build v10.0.3rc0 (linux64)

CPU model: Intel(R) Xeon(R) Platinum 8358 CPU @ 2.60GHz, instruction set [SSE2|AVX|AVX2|AVX512]
Thread count: 64 physical cores, 128 logical processors, using up to 1 threads

Academic license 2416028 - for non-commercial use only - registered to zh___@mskcc.org
Optimize a model with 118911 rows, 28126 columns and 357285 nonzeros
Model fingerprint: 0x7cb1002d
Variable types: 27306 continuous, 820 integer (820 binary)
Coefficient statistics:
  Matrix range     [1e+00, 1e+00]
  Objective range  [8e-02, 9e+04]
  Bounds range     [1e+00, 1e+00]
  RHS range        [1e+00, 2e+00]
Presolve removed 58302 rows and 16356 columns
Presolve time: 0.56s
Presolved: 60609 rows, 11770 columns, 181657 nonzeros
Variable types: 9840 continuous, 1930 integer (1930 binary)
Found heuristic solution: objective -1054861.416
Root relaxation presolved: 11770 rows, 72378 columns, 193423 nonzeros


Root relaxation: objective -1.008681e+06, 8110 iterations, 0.21 seconds (0.21 work units)

    Nodes    |    Current Node    |     Objective Bounds      |     Work
 Expl Unexpl |  Obj  Depth IntInf | Incumbent    BestBd   Gap | It/Node Time

*    0     0               0    -1008681.049 -1008681.0  0.00%     -    0s

Explored 1 nodes (8110 simplex iterations) in 0.90 seconds (1.11 work units)
Thread count was 1 (of 128 available processors)

Solution count 2: -1.00868e+06 -1.05486e+06 
No other solutions better than -1.00868e+06

Optimal solution found (tolerance 1.00e-04)
Best objective -1.008681049297e+06, best bound -1.008681049297e+06, gap 0.0000%
root
chr10:88635779:C/A_3
chr15:89858602:T/C_2
chr11:64572602:G/A_2
chr20:9560712:A/G_2
chr20:9560633:C/T_2
chr10:131506283:C/T_2
chr6:157528506:G/A_1
chr13:28883061:G/A_2
chr22:29130300:C/T_2
chr10:131506192:C/T_2
chr10:88635779:C/A_2
0
[]
1
['chr2:203384776:C/CTTT']
2
[]
3
[]
4
[]
cluster_id
3    4594
4    1567
2    1081
0     250
1       1
Name: count, dtype: int64
Node 0: 250
Node 1: 0
Node 2: 1081
Node 3: 4594
Node 4: 1567
Node chr2:203384776:C/CTTT_4: 1
total cells 7493
[('root', 0)]
