Sender: LSF System <lsfadmin@lt08>
Subject: Job 8216967: <condor_inputs.patient=RA19_21> in cluster <lila> Done

Job <condor_inputs.patient=RA19_21> was submitted from host <lt03> by user <zhangh5> in cluster <lila> at Fri Jul 19 13:14:24 2024
Job was executed on host(s) <4*lt08>, in queue <cpuqueue>, as user <zhangh5> in cluster <lila> at Fri Jul 19 13:14:27 2024
</home/zhangh5> was used as the home directory.
</lila/data/iacobuzc/haochen/condor_pipeline_trial> was used as the working directory.
Started at Fri Jul 19 13:14:27 2024
Terminated at Fri Jul 19 13:15:49 2024
Results reported at Fri Jul 19 13:15:49 2024

Your job looked like:

------------------------------------------------------------
# LSBATCH: User input
/lila/data/iacobuzc/haochen/condor_pipeline_trial/.snakemake/tmp.e3awy4tj/snakejob.condor_inputs.14.sh
------------------------------------------------------------

Successfully completed.

Resource usage summary:

    CPU time :                                   22.81 sec.
    Max Memory :                                 -
    Average Memory :                             -
    Total Requested Memory :                     32.00 GB
    Delta Memory :                               -
    Max Swap :                                   -
    Max Processes :                              7
    Max Threads :                                16
    Run time :                                   83 sec.
    Turnaround time :                            85 sec.

The output (if any) follows:



PS:

Read file <logs/cluster/condor_inputs/patient=RA19_21/jobid14_45a1c117-f0d3-4e88-b958-e5f35a480313.err> for stderr output of this job.

