Sender: LSF System <lsfadmin@lt08>
Subject: Job 8217168: <generate_pre_condor_sc_heatmaps.patient=RA16_08> in cluster <lila> Done

Job <generate_pre_condor_sc_heatmaps.patient=RA16_08> was submitted from host <lu06> by user <zhangh5> in cluster <lila> at Fri Jul 19 13:23:42 2024
Job was executed on host(s) <4*lt08>, in queue <cpuqueue>, as user <zhangh5> in cluster <lila> at Fri Jul 19 13:23:44 2024
</home/zhangh5> was used as the home directory.
</lila/data/iacobuzc/haochen/condor_pipeline_trial> was used as the working directory.
Started at Fri Jul 19 13:23:44 2024
Terminated at Fri Jul 19 13:25:12 2024
Results reported at Fri Jul 19 13:25:12 2024

Your job looked like:

------------------------------------------------------------
# LSBATCH: User input
/lila/data/iacobuzc/haochen/condor_pipeline_trial/.snakemake/tmp.8wc02eyx/snakejob.generate_pre_condor_sc_heatmaps.104.sh
------------------------------------------------------------

Successfully completed.

Resource usage summary:

    CPU time :                                   55.00 sec.
    Max Memory :                                 2 GB
    Average Memory :                             0.51 GB
    Total Requested Memory :                     32.00 GB
    Delta Memory :                               30.00 GB
    Max Swap :                                   -
    Max Processes :                              14
    Max Threads :                                71
    Run time :                                   88 sec.
    Turnaround time :                            90 sec.

The output (if any) follows:



PS:

Read file <logs/cluster/generate_pre_condor_sc_heatmaps/patient=RA16_08/jobid104_1434721b-5981-43d9-82d0-7b9e989432a2.err> for stderr output of this job.

