[WARNING] manually enforced subclonal mutations file not found. Proceeding with automatic subclonal mutation selection & refinement.
n = 2333, m = 42, p = 9
Set parameter WLSAccessID
Set parameter WLSSecret
Set parameter LicenseID to value 2416028
Academic license 2416028 - for non-commercial use only - registered to zh___@mskcc.org
Set parameter Threads to value 1
Set parameter Method to value 4
Set parameter IntFeasTol to value 1e-06
Gurobi Optimizer version 10.0.3 build v10.0.3rc0 (linux64)

CPU model: Intel(R) Xeon(R) Platinum 8352S CPU @ 2.20GHz, instruction set [SSE2|AVX|AVX2|AVX512]
Thread count: 64 physical cores, 128 logical processors, using up to 1 threads

Academic license 2416028 - for non-commercial use only - registered to zh___@mskcc.org
Optimize a model with 218490 rows, 30492 columns and 656550 nonzeros
Model fingerprint: 0x59d0aa2e
Variable types: 28980 continuous, 1512 integer (1512 binary)
Coefficient statistics:
  Matrix range     [1e+00, 1e+00]
  Objective range  [4e-01, 2e+04]
  Bounds range     [1e+00, 1e+00]
  RHS range        [1e+00, 2e+00]
Presolve removed 19323 rows and 5697 columns (presolve time = 7s) ...
Presolve removed 111532 rows and 17649 columns (presolve time = 10s) ...
Presolve removed 112320 rows and 18354 columns
Presolve time: 13.89s
Presolved: 106170 rows, 12138 columns, 318180 nonzeros
Variable types: 10332 continuous, 1806 integer (1806 binary)
Found heuristic solution: objective -454445.4114
Root relaxation presolved: 12138 rows, 118308 columns, 330318 nonzeros


Root simplex log...

Iteration    Objective       Primal Inf.    Dual Inf.      Time
       0      handle free variables                         21s
    8625   -4.3168800e+05   0.000000e+00   0.000000e+00     21s
    8625   -4.3168800e+05   0.000000e+00   0.000000e+00     21s

Root relaxation: objective -4.316880e+05, 8625 iterations, 0.56 seconds (0.33 work units)

    Nodes    |    Current Node    |     Objective Bounds      |     Work
 Expl Unexpl |  Obj  Depth IntInf | Incumbent    BestBd   Gap | It/Node Time

*    0     0               0    -431688.0018 -431688.00  0.00%     -   21s

Explored 1 nodes (8625 simplex iterations) in 21.26 seconds (1.98 work units)
Thread count was 1 (of 128 available processors)

Solution count 2: -431688 -454445 
No other solutions better than -431688

Optimal solution found (tolerance 1.00e-04)
Best objective -4.316880018099e+05, best bound -4.316880018099e+05, gap 0.0000%
0
1
2
3
4
5
6
7
8
cluster_id
1    770
2    423
4    402
7    300
6    246
5     97
3     44
0     37
8     14
Name: count, dtype: int64
chr17:7577559:G/A_1 26
chr12:25398284:C/T_1 1045
Node 0: 37
Node 1: 770
Node 2: 423
Node 3: 44
Node 4: 402
Node 5: 97
Node 6: 246
Node 7: 300
Node 8: 14
Node chr17:7577559:G/A_1: 26
Node chr12:25398284:C/T_1: 1045
total cells 2333
[('root', 0)]
