Sender: LSF System <lsfadmin@lt06>
Subject: Job 8217052: <generate_ete_trees.patient=RA19_10> in cluster <lila> Done

Job <generate_ete_trees.patient=RA19_10> was submitted from host <lt03> by user <zhangh5> in cluster <lila> at Fri Jul 19 13:17:07 2024
Job was executed on host(s) <4*lt06>, in queue <cpuqueue>, as user <zhangh5> in cluster <lila> at Fri Jul 19 13:17:09 2024
</home/zhangh5> was used as the home directory.
</lila/data/iacobuzc/haochen/condor_pipeline_trial> was used as the working directory.
Started at Fri Jul 19 13:17:09 2024
Terminated at Fri Jul 19 13:17:41 2024
Results reported at Fri Jul 19 13:17:41 2024

Your job looked like:

------------------------------------------------------------
# LSBATCH: User input
/lila/data/iacobuzc/haochen/condor_pipeline_trial/.snakemake/tmp.e3awy4tj/snakejob.generate_ete_trees.85.sh
------------------------------------------------------------

Successfully completed.

Resource usage summary:

    CPU time :                                   15.51 sec.
    Max Memory :                                 -
    Average Memory :                             -
    Total Requested Memory :                     32.00 GB
    Delta Memory :                               -
    Max Swap :                                   -
    Max Processes :                              6
    Max Threads :                                11
    Run time :                                   31 sec.
    Turnaround time :                            34 sec.

The output (if any) follows:



PS:

Read file <logs/cluster/generate_ete_trees/patient=RA19_10/jobid85_dc6f59e3-d9ba-4569-af72-34fc540469c8.err> for stderr output of this job.

