Sender: LSF System <lsfadmin@lt02>
Subject: Job 8217253: <fast_condor.patient=RA15_06> in cluster <lila> Exited

Job <fast_condor.patient=RA15_06> was submitted from host <lu06> by user <zhangh5> in cluster <lila> at Fri Jul 19 13:25:37 2024
Job was executed on host(s) <16*lt02>, in queue <cpuqueue>, as user <zhangh5> in cluster <lila> at Fri Jul 19 13:25:39 2024
</home/zhangh5> was used as the home directory.
</lila/data/iacobuzc/haochen/condor_pipeline_trial> was used as the working directory.
Started at Fri Jul 19 13:25:39 2024
Terminated at Fri Jul 19 13:26:00 2024
Results reported at Fri Jul 19 13:26:00 2024

Your job looked like:

------------------------------------------------------------
# LSBATCH: User input
/lila/data/iacobuzc/haochen/condor_pipeline_trial/.snakemake/tmp.8wc02eyx/snakejob.fast_condor.30.sh
------------------------------------------------------------

Exited with exit code 1.

Resource usage summary:

    CPU time :                                   9.96 sec.
    Max Memory :                                 -
    Average Memory :                             -
    Total Requested Memory :                     16.00 GB
    Delta Memory :                               -
    Max Swap :                                   -
    Max Processes :                              7
    Max Threads :                                24
    Run time :                                   22 sec.
    Turnaround time :                            23 sec.

The output (if any) follows:



PS:

Read file <logs/cluster/fast_condor/patient=RA15_06/jobid30_606888be-002b-4844-b820-23115d523687.err> for stderr output of this job.

