Sender: LSF System <lsfadmin@ls16>
Subject: Job 8217034: <fast_condor.patient=RA15_06> in cluster <lila> Done

Job <fast_condor.patient=RA15_06> was submitted from host <lt03> by user <zhangh5> in cluster <lila> at Fri Jul 19 13:16:09 2024
Job was executed on host(s) <4*ls16>, in queue <cpuqueue>, as user <zhangh5> in cluster <lila> at Fri Jul 19 13:16:13 2024
</home/zhangh5> was used as the home directory.
</lila/data/iacobuzc/haochen/condor_pipeline_trial> was used as the working directory.
Started at Fri Jul 19 13:16:13 2024
Terminated at Fri Jul 19 13:16:51 2024
Results reported at Fri Jul 19 13:16:51 2024

Your job looked like:

------------------------------------------------------------
# LSBATCH: User input
/lila/data/iacobuzc/haochen/condor_pipeline_trial/.snakemake/tmp.e3awy4tj/snakejob.fast_condor.30.sh
------------------------------------------------------------

Successfully completed.

Resource usage summary:

    CPU time :                                   18.79 sec.
    Max Memory :                                 -
    Average Memory :                             -
    Total Requested Memory :                     4.00 GB
    Delta Memory :                               -
    Max Swap :                                   -
    Max Processes :                              6
    Max Threads :                                12
    Run time :                                   39 sec.
    Turnaround time :                            42 sec.

The output (if any) follows:



PS:

Read file <logs/cluster/fast_condor/patient=RA15_06/jobid30_e2d62109-1438-4ecf-b63b-60fe7f02bd4b.err> for stderr output of this job.

