Sender: LSF System <lsfadmin@lt06>
Subject: Job 8216980: <generate_pre_condor_sc_heatmaps.patient=TP11> in cluster <lila> Done

Job <generate_pre_condor_sc_heatmaps.patient=TP11> was submitted from host <lt03> by user <zhangh5> in cluster <lila> at Fri Jul 19 13:14:29 2024
Job was executed on host(s) <4*lt06>, in queue <cpuqueue>, as user <zhangh5> in cluster <lila> at Fri Jul 19 13:14:32 2024
</home/zhangh5> was used as the home directory.
</lila/data/iacobuzc/haochen/condor_pipeline_trial> was used as the working directory.
Started at Fri Jul 19 13:14:32 2024
Terminated at Fri Jul 19 13:15:55 2024
Results reported at Fri Jul 19 13:15:55 2024

Your job looked like:

------------------------------------------------------------
# LSBATCH: User input
/lila/data/iacobuzc/haochen/condor_pipeline_trial/.snakemake/tmp.e3awy4tj/snakejob.generate_pre_condor_sc_heatmaps.113.sh
------------------------------------------------------------

Successfully completed.

Resource usage summary:

    CPU time :                                   27.00 sec.
    Max Memory :                                 -
    Average Memory :                             -
    Total Requested Memory :                     32.00 GB
    Delta Memory :                               -
    Max Swap :                                   -
    Max Processes :                              14
    Max Threads :                                72
    Run time :                                   85 sec.
    Turnaround time :                            86 sec.

The output (if any) follows:



PS:

Read file <logs/cluster/generate_pre_condor_sc_heatmaps/patient=TP11/jobid113_be0ad310-1f01-4ca6-810f-1786cba8479e.err> for stderr output of this job.

