Sender: LSF System <lsfadmin@lt07>
Subject: Job 8217200: <condor_inputs.patient=TP12> in cluster <lila> Done

Job <condor_inputs.patient=TP12> was submitted from host <lu06> by user <zhangh5> in cluster <lila> at Fri Jul 19 13:23:52 2024
Job was executed on host(s) <4*lt07>, in queue <cpuqueue>, as user <zhangh5> in cluster <lila> at Fri Jul 19 13:23:55 2024
</home/zhangh5> was used as the home directory.
</lila/data/iacobuzc/haochen/condor_pipeline_trial> was used as the working directory.
Started at Fri Jul 19 13:23:55 2024
Terminated at Fri Jul 19 13:24:43 2024
Results reported at Fri Jul 19 13:24:43 2024

Your job looked like:

------------------------------------------------------------
# LSBATCH: User input
/lila/data/iacobuzc/haochen/condor_pipeline_trial/.snakemake/tmp.8wc02eyx/snakejob.condor_inputs.18.sh
------------------------------------------------------------

Successfully completed.

Resource usage summary:

    CPU time :                                   21.99 sec.
    Max Memory :                                 -
    Average Memory :                             -
    Total Requested Memory :                     32.00 GB
    Delta Memory :                               -
    Max Swap :                                   -
    Max Processes :                              6
    Max Threads :                                16
    Run time :                                   48 sec.
    Turnaround time :                            51 sec.

The output (if any) follows:



PS:

Read file <logs/cluster/condor_inputs/patient=TP12/jobid18_8311f862-6e5a-4539-be11-aa2c338ef84d.err> for stderr output of this job.

