Sender: LSF System <lsfadmin@ls10>
Subject: Job 8216994: <condor_inputs.patient=TP12> in cluster <lila> Done

Job <condor_inputs.patient=TP12> was submitted from host <lt03> by user <zhangh5> in cluster <lila> at Fri Jul 19 13:14:36 2024
Job was executed on host(s) <4*ls10>, in queue <cpuqueue>, as user <zhangh5> in cluster <lila> at Fri Jul 19 13:14:39 2024
</home/zhangh5> was used as the home directory.
</lila/data/iacobuzc/haochen/condor_pipeline_trial> was used as the working directory.
Started at Fri Jul 19 13:14:39 2024
Terminated at Fri Jul 19 13:15:49 2024
Results reported at Fri Jul 19 13:15:49 2024

Your job looked like:

------------------------------------------------------------
# LSBATCH: User input
/lila/data/iacobuzc/haochen/condor_pipeline_trial/.snakemake/tmp.e3awy4tj/snakejob.condor_inputs.18.sh
------------------------------------------------------------

Successfully completed.

Resource usage summary:

    CPU time :                                   23.71 sec.
    Max Memory :                                 -
    Average Memory :                             -
    Total Requested Memory :                     32.00 GB
    Delta Memory :                               -
    Max Swap :                                   -
    Max Processes :                              6
    Max Threads :                                16
    Run time :                                   70 sec.
    Turnaround time :                            73 sec.

The output (if any) follows:



PS:

Read file <logs/cluster/condor_inputs/patient=TP12/jobid18_6e9b8740-651c-46ea-8e5e-67178fa25f78.err> for stderr output of this job.

