Building DAG of jobs...
Using shell: /usr/bin/bash
Provided cores: 4
Rules claiming more threads will be scaled down.
Provided resources: mem_mb=8000, mem_mib=7630, disk_mb=1000, disk_mib=954, time_min=59
Select jobs to execute...

[Fri Jul 19 13:23:59 2024]
rule condor_inputs:
    input: /data/iacobuzc/haochen/Tapestri_main_manuscript_analysis/data_compiled/fillout_h5/TP12.patient_wide.genotyped.h5, /data/iacobuzc/haochen/Tapestri_main_manuscript_analysis/data_compiled/falcon_solutions/TP12_homdel_nclones=6.sample_sc_clone_assignment.updated.csv, /lila/data/iacobuzc/haochen/Tapestri_main_manuscript_analysis/data_compiled/manual_annotated_snv_lists/TP12-all_vars-voi.hz_curated.txt
    output: condor_inputs/TP12/character_vaf_matrix.csv, condor_inputs/TP12/character_bin_matrix.csv, condor_inputs/TP12/alt_readcounts.csv, condor_inputs/TP12/total_readcounts.csv, condor_inputs/TP12/germline_mutations.txt, condor_inputs/TP12/somatic_mutations.txt
    log: condor_inputs/TP12/condor_inputs.log, condor_inputs/TP12/condor_inputs.err.log
    jobid: 0
    reason: Missing output files: condor_inputs/TP12/somatic_mutations.txt, condor_inputs/TP12/total_readcounts.csv, condor_inputs/TP12/alt_readcounts.csv, condor_inputs/TP12/character_vaf_matrix.csv, condor_inputs/TP12/character_bin_matrix.csv, condor_inputs/TP12/germline_mutations.txt
    wildcards: patient=TP12
    threads: 4
    resources: mem_mb=8000, mem_mib=7630, disk_mb=1000, disk_mib=954, tmpdir=/scratch/lsftmp/8217200.tmpdir, time_min=59

Activating conda environment: mosaic
[Fri Jul 19 13:24:42 2024]
Finished job 0.
1 of 1 steps (100%) done
