Sender: LSF System <lsfadmin@lt11>
Subject: Job 8217071: <fast_condor.patient=RA19_21> in cluster <lila> Exited

Job <fast_condor.patient=RA19_21> was submitted from host <lt03> by user <zhangh5> in cluster <lila> at Fri Jul 19 13:17:53 2024
Job was executed on host(s) <36*lt11>, in queue <cpuqueue>, as user <zhangh5> in cluster <lila> at Fri Jul 19 13:17:56 2024
</home/zhangh5> was used as the home directory.
</lila/data/iacobuzc/haochen/condor_pipeline_trial> was used as the working directory.
Started at Fri Jul 19 13:17:56 2024
Terminated at Fri Jul 19 13:18:14 2024
Results reported at Fri Jul 19 13:18:14 2024

Your job looked like:

------------------------------------------------------------
# LSBATCH: User input
/lila/data/iacobuzc/haochen/condor_pipeline_trial/.snakemake/tmp.e3awy4tj/snakejob.fast_condor.38.sh
------------------------------------------------------------

Exited with exit code 1.

Resource usage summary:

    CPU time :                                   9.78 sec.
    Max Memory :                                 -
    Average Memory :                             -
    Total Requested Memory :                     36.00 GB
    Delta Memory :                               -
    Max Swap :                                   -
    Max Processes :                              7
    Max Threads :                                43
    Run time :                                   20 sec.
    Turnaround time :                            21 sec.

The output (if any) follows:



PS:

Read file <logs/cluster/fast_condor/patient=RA19_21/jobid38_80c3ac46-8f12-4786-80c7-c8656fc640ee.err> for stderr output of this job.

