Sender: LSF System <lsfadmin@lt12>
Subject: Job 8217016: <fast_condor.patient=RA19_21> in cluster <lila> Exited

Job <fast_condor.patient=RA19_21> was submitted from host <lt03> by user <zhangh5> in cluster <lila> at Fri Jul 19 13:16:00 2024
Job was executed on host(s) <4*lt12>, in queue <cpuqueue>, as user <zhangh5> in cluster <lila> at Fri Jul 19 13:16:03 2024
</home/zhangh5> was used as the home directory.
</lila/data/iacobuzc/haochen/condor_pipeline_trial> was used as the working directory.
Started at Fri Jul 19 13:16:03 2024
Terminated at Fri Jul 19 13:16:48 2024
Results reported at Fri Jul 19 13:16:48 2024

Your job looked like:

------------------------------------------------------------
# LSBATCH: User input
/lila/data/iacobuzc/haochen/condor_pipeline_trial/.snakemake/tmp.e3awy4tj/snakejob.fast_condor.38.sh
------------------------------------------------------------

Exited with exit code 1.

Resource usage summary:

    CPU time :                                   12.11 sec.
    Max Memory :                                 -
    Average Memory :                             -
    Total Requested Memory :                     4.00 GB
    Delta Memory :                               -
    Max Swap :                                   -
    Max Processes :                              7
    Max Threads :                                11
    Run time :                                   46 sec.
    Turnaround time :                            48 sec.

The output (if any) follows:



PS:

Read file <logs/cluster/fast_condor/patient=RA19_21/jobid38_b25f33c8-b43c-4e7f-9a4d-fa6fa9fab237.err> for stderr output of this job.

