Sender: LSF System <lsfadmin@lt18>
Subject: Job 8217054: <fast_condor.patient=RA19_21> in cluster <lila> Exited

Job <fast_condor.patient=RA19_21> was submitted from host <lt03> by user <zhangh5> in cluster <lila> at Fri Jul 19 13:17:14 2024
Job was executed on host(s) <16*lt18>, in queue <cpuqueue>, as user <zhangh5> in cluster <lila> at Fri Jul 19 13:17:16 2024
</home/zhangh5> was used as the home directory.
</lila/data/iacobuzc/haochen/condor_pipeline_trial> was used as the working directory.
Started at Fri Jul 19 13:17:16 2024
Terminated at Fri Jul 19 13:17:42 2024
Results reported at Fri Jul 19 13:17:42 2024

Your job looked like:

------------------------------------------------------------
# LSBATCH: User input
/lila/data/iacobuzc/haochen/condor_pipeline_trial/.snakemake/tmp.e3awy4tj/snakejob.fast_condor.38.sh
------------------------------------------------------------

Exited with exit code 1.

Resource usage summary:

    CPU time :                                   11.84 sec.
    Max Memory :                                 -
    Average Memory :                             -
    Total Requested Memory :                     16.00 GB
    Delta Memory :                               -
    Max Swap :                                   -
    Max Processes :                              7
    Max Threads :                                23
    Run time :                                   27 sec.
    Turnaround time :                            28 sec.

The output (if any) follows:



PS:

Read file <logs/cluster/fast_condor/patient=RA19_21/jobid38_c8666e3b-724d-424e-9f36-4ae992c6b2d0.err> for stderr output of this job.

