Sender: LSF System <lsfadmin@lu04>
Subject: Job 8217208: <generate_pre_condor_sc_heatmaps.patient=RA19_10> in cluster <lila> Done

Job <generate_pre_condor_sc_heatmaps.patient=RA19_10> was submitted from host <lu06> by user <zhangh5> in cluster <lila> at Fri Jul 19 13:23:56 2024
Job was executed on host(s) <4*lu04>, in queue <cpuqueue>, as user <zhangh5> in cluster <lila> at Fri Jul 19 13:23:59 2024
</home/zhangh5> was used as the home directory.
</lila/data/iacobuzc/haochen/condor_pipeline_trial> was used as the working directory.
Started at Fri Jul 19 13:23:59 2024
Terminated at Fri Jul 19 13:24:53 2024
Results reported at Fri Jul 19 13:24:53 2024

Your job looked like:

------------------------------------------------------------
# LSBATCH: User input
/lila/data/iacobuzc/haochen/condor_pipeline_trial/.snakemake/tmp.8wc02eyx/snakejob.generate_pre_condor_sc_heatmaps.109.sh
------------------------------------------------------------

Successfully completed.

Resource usage summary:

    CPU time :                                   34.00 sec.
    Max Memory :                                 1 GB
    Average Memory :                             0.14 GB
    Total Requested Memory :                     32.00 GB
    Delta Memory :                               31.00 GB
    Max Swap :                                   -
    Max Processes :                              14
    Max Threads :                                72
    Run time :                                   54 sec.
    Turnaround time :                            57 sec.

The output (if any) follows:



PS:

Read file <logs/cluster/generate_pre_condor_sc_heatmaps/patient=RA19_10/jobid109_3845a2b9-c7ea-4bec-9f0a-23cb602877e4.err> for stderr output of this job.

