            sample cell_barcode  clone_id
0            M13-1       cell_1         4
1            M13-1      cell_10         3
2            M13-1     cell_100         4
3            M13-1    cell_1000         0
4            M13-1    cell_1001         3
...            ...          ...       ...
4747  RA18_18-11_1     cell_995         0
4748  RA18_18-11_1     cell_996         0
4749  RA18_18-11_1     cell_997         4
4750  RA18_18-11_1     cell_998         0
4751  RA18_18-11_1     cell_999         4

[4752 rows x 3 columns]
Found H5: M13.patient_wide.genotyped.h5
Loading, /home/zhangh5/work/Tapestri_batch2/batch2_data_compiled/SNV_FILLOUT_results/M13/M13.patient_wide.genotyped.h5
Loaded in 0.4s.
(3529, 375)

    germline: 34
    somatic: 4
    total: 40
(3529, 40)
(3529, 40)
Index(['cell_1-M13-1', 'cell_10-M13-1', 'cell_100-M13-1', 'cell_1000-M13-1',
       'cell_1001-M13-1', 'cell_1002-M13-1', 'cell_1003-M13-1',
       'cell_1004-M13-1', 'cell_1005-M13-1', 'cell_1006-M13-1',
       ...
       'cell_990-M13-5', 'cell_991-M13-5', 'cell_992-M13-5', 'cell_993-M13-5',
       'cell_994-M13-5', 'cell_995-M13-5', 'cell_996-M13-5', 'cell_997-M13-5',
       'cell_998-M13-5', 'cell_999-M13-5'],
      dtype='object', name='cell_barcode', length=3529)
0                M13-1:cell_1
1               M13-1:cell_10
2              M13-1:cell_100
3             M13-1:cell_1000
4             M13-1:cell_1001
                ...          
4747    RA18_18-11_1:cell_995
4748    RA18_18-11_1:cell_996
4749    RA18_18-11_1:cell_997
4750    RA18_18-11_1:cell_998
4751    RA18_18-11_1:cell_999
Name: cell_barcode, Length: 4752, dtype: object
0    1955
4     639
5     557
3     514
1     350
2     332
6     214
7     191
Name: clone_id, dtype: int64
{'5', '1'} (4752, 2)
0    996
5    555
3    514
4    377
1    350
2    332
6    214
7    191
Name: clone_id, dtype: int64
[4, 3, 0, 1, 5, 2, 6, 7]
