Sender: LSF System <lsfadmin@ls10>
Subject: Job 8216998: <condor_inputs.patient=RA17_22> in cluster <lila> Done

Job <condor_inputs.patient=RA17_22> was submitted from host <lt03> by user <zhangh5> in cluster <lila> at Fri Jul 19 13:14:37 2024
Job was executed on host(s) <4*ls10>, in queue <cpuqueue>, as user <zhangh5> in cluster <lila> at Fri Jul 19 13:14:39 2024
</home/zhangh5> was used as the home directory.
</lila/data/iacobuzc/haochen/condor_pipeline_trial> was used as the working directory.
Started at Fri Jul 19 13:14:39 2024
Terminated at Fri Jul 19 13:15:48 2024
Results reported at Fri Jul 19 13:15:48 2024

Your job looked like:

------------------------------------------------------------
# LSBATCH: User input
/lila/data/iacobuzc/haochen/condor_pipeline_trial/.snakemake/tmp.e3awy4tj/snakejob.condor_inputs.11.sh
------------------------------------------------------------

Successfully completed.

Resource usage summary:

    CPU time :                                   26.02 sec.
    Max Memory :                                 1 GB
    Average Memory :                             0.03 GB
    Total Requested Memory :                     32.00 GB
    Delta Memory :                               31.00 GB
    Max Swap :                                   -
    Max Processes :                              6
    Max Threads :                                16
    Run time :                                   69 sec.
    Turnaround time :                            71 sec.

The output (if any) follows:



PS:

Read file <logs/cluster/condor_inputs/patient=RA17_22/jobid11_e40808e2-cb6b-4374-9053-4bacd39e0631.err> for stderr output of this job.

