Sender: LSF System <lsfadmin@lu04>
Subject: Job 8217204: <condor_inputs.patient=RA17_22> in cluster <lila> Done

Job <condor_inputs.patient=RA17_22> was submitted from host <lu06> by user <zhangh5> in cluster <lila> at Fri Jul 19 13:23:54 2024
Job was executed on host(s) <4*lu04>, in queue <cpuqueue>, as user <zhangh5> in cluster <lila> at Fri Jul 19 13:23:57 2024
</home/zhangh5> was used as the home directory.
</lila/data/iacobuzc/haochen/condor_pipeline_trial> was used as the working directory.
Started at Fri Jul 19 13:23:57 2024
Terminated at Fri Jul 19 13:24:43 2024
Results reported at Fri Jul 19 13:24:43 2024

Your job looked like:

------------------------------------------------------------
# LSBATCH: User input
/lila/data/iacobuzc/haochen/condor_pipeline_trial/.snakemake/tmp.8wc02eyx/snakejob.condor_inputs.11.sh
------------------------------------------------------------

Successfully completed.

Resource usage summary:

    CPU time :                                   25.54 sec.
    Max Memory :                                 2 GB
    Average Memory :                             0.12 GB
    Total Requested Memory :                     32.00 GB
    Delta Memory :                               30.00 GB
    Max Swap :                                   -
    Max Processes :                              6
    Max Threads :                                16
    Run time :                                   46 sec.
    Turnaround time :                            49 sec.

The output (if any) follows:



PS:

Read file <logs/cluster/condor_inputs/patient=RA17_22/jobid11_ea0b9051-8bce-4b8e-901e-fdff38a767a7.err> for stderr output of this job.

