Sender: LSF System <lsfadmin@lt17>
Subject: Job 8217224: <generate_ete_trees.patient=RA19_21> in cluster <lila> Done

Job <generate_ete_trees.patient=RA19_21> was submitted from host <lu06> by user <zhangh5> in cluster <lila> at Fri Jul 19 13:24:49 2024
Job was executed on host(s) <4*lt17>, in queue <cpuqueue>, as user <zhangh5> in cluster <lila> at Fri Jul 19 13:24:52 2024
</home/zhangh5> was used as the home directory.
</lila/data/iacobuzc/haochen/condor_pipeline_trial> was used as the working directory.
Started at Fri Jul 19 13:24:52 2024
Terminated at Fri Jul 19 13:25:28 2024
Results reported at Fri Jul 19 13:25:28 2024

Your job looked like:

------------------------------------------------------------
# LSBATCH: User input
/lila/data/iacobuzc/haochen/condor_pipeline_trial/.snakemake/tmp.8wc02eyx/snakejob.generate_ete_trees.86.sh
------------------------------------------------------------

Successfully completed.

Resource usage summary:

    CPU time :                                   17.11 sec.
    Max Memory :                                 -
    Average Memory :                             -
    Total Requested Memory :                     32.00 GB
    Delta Memory :                               -
    Max Swap :                                   -
    Max Processes :                              6
    Max Threads :                                11
    Run time :                                   38 sec.
    Turnaround time :                            39 sec.

The output (if any) follows:



PS:

Read file <logs/cluster/generate_ete_trees/patient=RA19_21/jobid86_1e415841-a50f-4b13-8a4f-8ca8caf424a0.err> for stderr output of this job.

