chr19:5219803:T/C
chr17:73627539:T/C
chr7:151926977:A/G
chr14:92537379:T/C
chr1:16246018:C/T
chr12:25380275:T/A
chr9:8465598:A/G
chr12:49434074:C/A
chr5:38953665:G/GA
chr13:28883061:G/A
chr2:80085247:G/A
chr18:45374926:G/C
chr7:151935730:T/C
chr20:31387954:C/G
chr9:101908915:G/A
chr6:7229619:G/A
chr8:30933859:C/T
chr2:215609693:G/A
chr22:29130300:C/T
chr10:68280359:A/G
chr17:41245466:G/A
chr6:7229346:T/C
chr17:56436128:G/A
chr4:187538942:T/G
chr3:30686414:A/G
chr17:56448297:C/T
chr20:9520142:G/A
chr1:158612236:A/G
chr1:6257826:T/C
chr9:21968159:G/A
chr6:80751780:G/A
chrX:70349947:A/C
chr1:16474839:AC/A
chr3:178935943:C/T
chr19:5219829:T/G
chr2:203384776:CT/C
chr1:209969821:C/T
chr9:8470930:AG/A
chr3:178936091:G/A
chr11:64572602:G/A
chr6:31860118:G/A
chr9:21968199:C/G
chr11:65631167:C/T
chr18:48604750:G/A
chr13:25052420:T/A
chr13:32929232:A/G
chr1:27057923:A/G
4196    0
4148    0
4157    0
4161    0
4165    0
       ..
2640    5
4422    5
2650    5
4418    5
4403    5
Name: cluster_id, Length: 6035, dtype: int64
check
Index(['RPL22 intron_variant', 'SPEN intron_variant', 'EPHA2 intron_variant',
       'ARID1A p.His544Arg', 'SPTA1 p.Cys1568Arg', 'IRF6 p.Arg84His',
       'CTNNA2 p.Arg136His', 'BMPR2 intron_variant', 'BARD1 intron_variant',
       'TGFBR2 intron_variant', 'PIK3CA intron_variant', 'PIK3CA p.Glu545Lys',
       'FAT1 p.Gln2933Pro', 'RICTOR intron_variant', 'RREB1 p.His338=',
       'RREB1 p.Ala429=', 'EHMT2 intron_variant', 'TTK intron_variant',
       'KMT2C intron_variant', 'KMT2C intron_variant', 'WRN intron_variant',
       'PTPRD p.Ala1194=', 'PTPRD intron_variant',
       'CDKN2A 3_prime_UTR_variant', 'CDKN2A 3_prime_UTR_variant',
       'TGFBR1 intron_variant', 'CTNNA3 intron_variant', 'MEN1 p.Asp418=',
       'MUS81 p.Ala312=', 'KRAS p.Gln61His', 'KMT2D p.Gly2493=',
       'PARP4 intron_variant', 'FLT1 p.Tyr1213=', 'BRCA2 p.Ser2414=',
       'ATXN3 p.Gln297=', 'BRCA1 p.Ser694=', 'RNF43 p.Arg337Ter',
       'RNF43 p.Arg117His', 'RECQL5 p.Asp480Gly', 'SMAD2 p.Ser306Ter',
       'SMAD4 p.Trp524Ter', 'PTPRS intron_variant', 'PTPRS intron_variant',
       'PAK5 p.Ile709=', 'DNMT3B intron_variant', 'CHEK2 intron_variant',
       'MED12 p.Pro1310='],
      dtype='object')
==============
{'chr1:46521517:G/A': 'PIK3R3 p.Ser297=', 'chr1:46521559:A/T': 'PIK3R3 p.Asn283Lys', 'chr17:7578115:T/C': 'TP53 intron_variant', 'chr11:107879887:G/C': 'CUL5 5_prime_UTR_variant', 'chr6:111628597:C/G': 'REV3L p.Arg3073=', 'chr6:111628626:C/T': 'REV3L p.Val3064Ile', 'chr19:11096851:A/G': 'SMARCA4 intron_variant', 'chr1:11288758:G/A': 'MTOR p.Asn999=', 'chr3:52637486:C/G': 'PBRM1 intron_variant', 'chr3:189604149:T/G': 'TP63 intron_variant', 'chr12:25368462:C/T': 'KRAS p.Arg161=', 'chr1:226578099:T/C': 'PARP1 intron_variant', 'chr15:89858602:T/C': 'FANCI p.Gly1302=', 'chr20:54959296:G/C': 'AURKA intron_variant', 'chr13:25052261:C/T': 'PARP4 p.Ser534=', 'chr17:41245466:G/A': 'BRCA1 p.Ser694=', 'chr1:158612236:A/G': 'SPTA1 p.Cys1568Arg', 'chr20:31387954:C/G': 'DNMT3B intron_variant', 'chr17:73627565:A/G': 'RECQL5 p.Tyr471=', 'chr1:91859795:T/C': 'HFM1 p.Ile117Val', 'chr12:49434074:C/A': 'KMT2D p.Gly2493=', 'chr17:7579472:G/C': 'TP53 p.Pro72Arg', 'chr6:31860118:G/A': 'EHMT2 intron_variant', 'chr1:11205058:C/T': 'MTOR p.Ala1577=', 'chr18:48584855:A/ATT': 'SMAD4 intron_variant', 'chr5:38953665:G/GA': 'RICTOR intron_variant', 'chr14:92537379:T/C': 'ATXN3 p.Gln297=', 'chr9:101908915:G/A': 'TGFBR1 intron_variant', 'chr9:21968199:C/G': 'CDKN2A 3_prime_UTR_variant', 'chr9:21968159:G/A': 'CDKN2A 3_prime_UTR_variant', 'chr6:80751780:G/A': 'TTK intron_variant', 'chr2:215609693:G/A': 'BARD1 intron_variant', 'chr13:25052420:T/A': 'PARP4 intron_variant', 'chr1:16246018:C/T': 'SPEN intron_variant', 'chr1:16474839:AC/A': 'EPHA2 intron_variant', 'chr3:178935943:C/T': 'PIK3CA intron_variant', 'chr13:28883061:G/A': 'FLT1 p.Tyr1213=', 'chr7:151926977:A/G': 'KMT2C intron_variant', 'chr4:187538942:T/G': 'FAT1 p.Gln2933Pro', 'chr6:7229346:T/C': 'RREB1 p.His338=', 'chr13:32929232:A/G': 'BRCA2 p.Ser2414=', 'chr1:6257826:T/C': 'RPL22 intron_variant', 'chr9:8470930:AG/A': 'PTPRD intron_variant', 'chr9:8465598:A/G': 'PTPRD p.Ala1194=', 'chr20:9520142:G/A': 'PAK5 p.Ile709=', 'chr17:73627539:T/C': 'RECQL5 p.Asp480Gly', 'chr3:30686414:A/G': 'TGFBR2 intron_variant', 'chr17:56448297:C/T': 'RNF43 p.Arg117His', 'chr19:5219829:T/G': 'PTPRS intron_variant', 'chr19:5219803:T/C': 'PTPRS intron_variant', 'chr22:29130300:C/T': 'CHEK2 intron_variant', 'chr8:30933859:C/T': 'WRN intron_variant', 'chr18:48584855:A/AT': 'SMAD4 intron_variant', 'chr11:64572557:A/G': 'MEN1 p.His433=', 'chr13:32913055:A/G': 'BRCA2 p.Leu1521=', 'chr11:65631167:C/T': 'MUS81 p.Ala312=', 'chrX:70349947:A/C': 'MED12 p.Pro1310=', 'chr10:68280359:A/G': 'CTNNA3 intron_variant', 'chr7:151935730:T/C': 'KMT2C intron_variant', 'chr11:64572602:G/A': 'MEN1 p.Asp418=', 'chr2:203384776:CT/C': 'BMPR2 intron_variant', 'chr12:25380275:T/A': 'KRAS p.Gln61His', 'chr17:56436128:G/A': 'RNF43 p.Arg337Ter', 'chr1:209969821:C/T': 'IRF6 p.Arg84His', 'chr18:48604750:G/A': 'SMAD4 p.Trp524Ter', 'chr6:7229619:G/A': 'RREB1 p.Ala429=', 'chr18:45374926:G/C': 'SMAD2 p.Ser306Ter', 'chr4:96035796:GAC/G': 'BMPR1B intron_variant', 'chr17:7579896:G/A': 'TP53 p.Ser6Leu', 'chr18:48584804:G/T': 'SMAD4 p.Met294Ile', 'chr3:178936091:G/A': 'PIK3CA p.Glu545Lys', 'chr9:101911436:A/AT': 'TGFBR1 intron_variant', 'chr11:92577070:T/C': 'FAT3 intron_variant', 'chr7:154760608:TCTG/T': 'PAXIP1 p.Gln434del', 'chr20:46279839:G/A': 'NCOA3 p.Gln1255=', 'chr7:154760669:GTGC/G': 'PAXIP1 p.Gln413del', 'chr4:96073753:AAAT/A': 'BMPR1B intron_variant', 'chr2:203384776:CTT/C': 'BMPR2 intron_variant', 'chr14:75508280:GA/G': 'MLH3 intron_variant', 'chr2:80085247:G/A': 'CTNNA2 p.Arg136His', 'chr1:27057923:A/G': 'ARID1A p.His544Arg', 'chr1:27099486:A/T': 'ARID1A intron_variant'}
==============
RPL22 intron_variant
SPEN intron_variant
EPHA2 intron_variant
ARID1A p.His544Arg
SPTA1 p.Cys1568Arg
IRF6 p.Arg84His
CTNNA2 p.Arg136His
BMPR2 intron_variant
BARD1 intron_variant
TGFBR2 intron_variant
PIK3CA intron_variant
PIK3CA p.Glu545Lys
FAT1 p.Gln2933Pro
RICTOR intron_variant
RREB1 p.His338=
RREB1 p.Ala429=
EHMT2 intron_variant
TTK intron_variant
KMT2C intron_variant
KMT2C intron_variant
WRN intron_variant
PTPRD p.Ala1194=
PTPRD intron_variant
CDKN2A 3_prime_UTR_variant
CDKN2A 3_prime_UTR_variant
TGFBR1 intron_variant
CTNNA3 intron_variant
MEN1 p.Asp418=
MUS81 p.Ala312=
KRAS p.Gln61His
KMT2D p.Gly2493=
PARP4 intron_variant
FLT1 p.Tyr1213=
BRCA2 p.Ser2414=
ATXN3 p.Gln297=
BRCA1 p.Ser694=
RNF43 p.Arg337Ter
RNF43 p.Arg117His
RECQL5 p.Asp480Gly
SMAD2 p.Ser306Ter
SMAD4 p.Trp524Ter
PTPRS intron_variant
PTPRS intron_variant
PAK5 p.Ile709=
DNMT3B intron_variant
CHEK2 intron_variant
MED12 p.Pro1310=
