Sender: LSF System <lsfadmin@ls13>
Subject: Job 8217045: <fast_condor.patient=M04> in cluster <lila> Done

Job <fast_condor.patient=M04> was submitted from host <lt03> by user <zhangh5> in cluster <lila> at Fri Jul 19 13:17:04 2024
Job was executed on host(s) <16*ls13>, in queue <cpuqueue>, as user <zhangh5> in cluster <lila> at Fri Jul 19 13:17:08 2024
</home/zhangh5> was used as the home directory.
</lila/data/iacobuzc/haochen/condor_pipeline_trial> was used as the working directory.
Started at Fri Jul 19 13:17:08 2024
Terminated at Fri Jul 19 13:17:32 2024
Results reported at Fri Jul 19 13:17:32 2024

Your job looked like:

------------------------------------------------------------
# LSBATCH: User input
/lila/data/iacobuzc/haochen/condor_pipeline_trial/.snakemake/tmp.e3awy4tj/snakejob.fast_condor.25.sh
------------------------------------------------------------

Successfully completed.

Resource usage summary:

    CPU time :                                   21.66 sec.
    Max Memory :                                 -
    Average Memory :                             -
    Total Requested Memory :                     16.00 GB
    Delta Memory :                               -
    Max Swap :                                   -
    Max Processes :                              7
    Max Threads :                                24
    Run time :                                   24 sec.
    Turnaround time :                            28 sec.

The output (if any) follows:



PS:

Read file <logs/cluster/fast_condor/patient=M04/jobid25_af7ac9cc-50bb-4b15-8697-e9945a0f2ac5.err> for stderr output of this job.

