Sender: LSF System <lsfadmin@lu05>
Subject: Job 8217240: <fast_condor.patient=M04> in cluster <lila> Exited

Job <fast_condor.patient=M04> was submitted from host <lu06> by user <zhangh5> in cluster <lila> at Fri Jul 19 13:25:05 2024
Job was executed on host(s) <4*lu05>, in queue <cpuqueue>, as user <zhangh5> in cluster <lila> at Fri Jul 19 13:25:08 2024
</home/zhangh5> was used as the home directory.
</lila/data/iacobuzc/haochen/condor_pipeline_trial> was used as the working directory.
Started at Fri Jul 19 13:25:08 2024
Terminated at Fri Jul 19 13:25:26 2024
Results reported at Fri Jul 19 13:25:26 2024

Your job looked like:

------------------------------------------------------------
# LSBATCH: User input
/lila/data/iacobuzc/haochen/condor_pipeline_trial/.snakemake/tmp.8wc02eyx/snakejob.fast_condor.25.sh
------------------------------------------------------------

Exited with exit code 1.

Resource usage summary:

    CPU time :                                   9.52 sec.
    Max Memory :                                 -
    Average Memory :                             -
    Total Requested Memory :                     4.00 GB
    Delta Memory :                               -
    Max Swap :                                   -
    Max Processes :                              6
    Max Threads :                                11
    Run time :                                   17 sec.
    Turnaround time :                            21 sec.

The output (if any) follows:



PS:

Read file <logs/cluster/fast_condor/patient=M04/jobid25_6f1682a3-3f2f-4852-a23f-f891c2d36f0a.err> for stderr output of this job.

