Sender: LSF System <lsfadmin@ls16>
Subject: Job 8217244: <fast_condor.patient=M04> in cluster <lila> Exited

Job <fast_condor.patient=M04> was submitted from host <lu06> by user <zhangh5> in cluster <lila> at Fri Jul 19 13:25:32 2024
Job was executed on host(s) <16*ls16>, in queue <cpuqueue>, as user <zhangh5> in cluster <lila> at Fri Jul 19 13:25:35 2024
</home/zhangh5> was used as the home directory.
</lila/data/iacobuzc/haochen/condor_pipeline_trial> was used as the working directory.
Started at Fri Jul 19 13:25:35 2024
Terminated at Fri Jul 19 13:25:51 2024
Results reported at Fri Jul 19 13:25:51 2024

Your job looked like:

------------------------------------------------------------
# LSBATCH: User input
/lila/data/iacobuzc/haochen/condor_pipeline_trial/.snakemake/tmp.8wc02eyx/snakejob.fast_condor.25.sh
------------------------------------------------------------

Exited with exit code 1.

Resource usage summary:

    CPU time :                                   10.12 sec.
    Max Memory :                                 -
    Average Memory :                             -
    Total Requested Memory :                     16.00 GB
    Delta Memory :                               -
    Max Swap :                                   -
    Max Processes :                              7
    Max Threads :                                23
    Run time :                                   16 sec.
    Turnaround time :                            19 sec.

The output (if any) follows:



PS:

Read file <logs/cluster/fast_condor/patient=M04/jobid25_76cdb4bc-9c09-402c-866f-fc1b0cb4d983.err> for stderr output of this job.

