chr17:73627539:T/C
chr2:148657117:G/A
chr7:154760666:C/T
chr17:41246092:A/G
chr3:189604149:T/G
chr20:62303794:G/A
chr6:26271241:G/A
chr11:64577147:G/A
chr9:21968159:G/A
chr3:52637486:C/G
chr8:30933848:TA/T
chr17:41245900:T/G
chr16:347184:A/G
chr7:2962753:G/A
chr13:32911463:A/G
chr16:68857289:T/C
chr13:25052420:T/A
chr19:1220321:T/C
chr19:5219803:T/C
chr13:28883061:G/A
chr15:41275014:T/G
chr13:25052261:C/T
chr20:31387954:C/G
chr16:89858759:C/T
chr1:163298548:T/C
chr17:56492800:T/C
chr1:226578047:G/T
chr20:46279866:A/G
chr1:11205058:C/T
chr3:178935943:C/T
chr6:7229619:G/A
chr1:46521559:A/T
chr16:347257:G/T
chr1:46521517:G/A
chr12:25362777:A/G
chr6:7229346:T/C
chr19:5219829:T/G
chr20:9560633:C/T
chr1:91859801:A/G
chr14:20818602:C/G
chr1:11288758:G/A
chr20:9560712:A/G
chr20:46279827:G/A
chr13:32929232:A/G
2648    0
595     0
795     0
768     0
552     0
       ..
1543    3
1541    3
1487    3
912     4
619     4
Name: cluster_id, Length: 2666, dtype: int64
check
Index(['MTOR p.Ala1577=', 'MTOR p.Asn999=', 'PIK3R3 p.Ser297=',
       'PIK3R3 p.Asn283Lys', 'HFM1 p.Ser115Pro', 'NUF2 intron_variant',
       'PARP1 intron_variant', 'ACVR2A p.Pro118=', 'PBRM1 intron_variant',
       'PIK3CA intron_variant', 'TP63 intron_variant', 'RREB1 p.His338=',
       'RREB1 p.Ala429=', 'H3C8 p.Asp124=', 'CARD11 intron_variant',
       'PAXIP1 p.Pro415=', 'WRN intron_variant', 'CDKN2A 3_prime_UTR_variant',
       'MEN1 p.Ser145=', 'KRAS 3_prime_UTR_variant', 'PARP4 p.Ser534=',
       'PARP4 intron_variant', 'FLT1 p.Tyr1213=', 'BRCA2 p.Asn991Asp',
       'BRCA2 p.Ser2414=', 'PARP2 intron_variant', 'INO80 intron_variant',
       'AXIN1 p.Ala609=', 'AXIN1 intron_variant', 'CDH1 intron_variant',
       'FANCA intron_variant', 'BRCA1 p.Asn550His', 'BRCA1 p.Phe486Leu',
       'RNF43 p.Ile47Val', 'RECQL5 p.Asp480Gly', 'STK11 intron_variant',
       'PTPRS intron_variant', 'PTPRS intron_variant', 'PAK5 intron_variant',
       'PAK5 intron_variant', 'DNMT3B intron_variant', 'NCOA3 p.Gln1251=',
       'NCOA3 p.Gln1264=', 'RTEL1 intron_variant'],
      dtype='object')
==============
{'chr11:107879887:G/C': 'CUL5 5_prime_UTR_variant', 'chr17:7578115:T/C': 'TP53 intron_variant', 'chr11:65481166:T/C': 'KAT5 intron_variant', 'chr9:21968199:C/G': 'CDKN2A 3_prime_UTR_variant', 'chr4:187538942:T/G': 'FAT1 p.Gln2933Pro', 'chr1:226578099:T/C': 'PARP1 intron_variant', 'chr12:25368462:C/T': 'KRAS p.Arg161=', 'chr1:158612236:A/G': 'SPTA1 p.Cys1568Arg', 'chr17:73627565:A/G': 'RECQL5 p.Tyr471=', 'chr1:46521517:G/A': 'PIK3R3 p.Ser297=', 'chr6:26271241:G/A': 'H3C8 p.Asp124=', 'chr1:46521559:A/T': 'PIK3R3 p.Asn283Lys', 'chr13:32929232:A/G': 'BRCA2 p.Ser2414=', 'chr17:37881703:G/T': 'ERBB2 intron_variant', 'chr1:11288758:G/A': 'MTOR p.Asn999=', 'chr1:226578047:G/T': 'PARP1 intron_variant', 'chr13:25052261:C/T': 'PARP4 p.Ser534=', 'chr13:25052420:T/A': 'PARP4 intron_variant', 'chr9:21968159:G/A': 'CDKN2A 3_prime_UTR_variant', 'chr17:7579472:G/C': 'TP53 p.Pro72Arg', 'chr16:89858759:C/T': 'FANCA intron_variant', 'chr20:31387954:C/G': 'DNMT3B intron_variant', 'chr17:41246092:A/G': 'BRCA1 p.Phe486Leu', 'chr11:65631167:C/T': 'MUS81 p.Ala312=', 'chr7:2962753:G/A': 'CARD11 intron_variant', 'chr17:41245900:T/G': 'BRCA1 p.Asn550His', 'chr13:28883061:G/A': 'FLT1 p.Tyr1213=', 'chr17:7579801:G/C': 'TP53 intron_variant', 'chr2:148657117:G/A': 'ACVR2A p.Pro118=', 'chr3:52637486:C/G': 'PBRM1 intron_variant', 'chr5:38953665:G/GA': 'RICTOR intron_variant', 'chr14:20818602:C/G': 'PARP2 intron_variant', 'chr16:347257:G/T': 'AXIN1 intron_variant', 'chr11:64577147:G/A': 'MEN1 p.Ser145=', 'chr16:347184:A/G': 'AXIN1 p.Ala609=', 'chr1:163298548:T/C': 'NUF2 intron_variant', 'chr20:9560633:C/T': 'PAK5 intron_variant', 'chr17:56492800:T/C': 'RNF43 p.Ile47Val', 'chr20:9560712:A/G': 'PAK5 intron_variant', 'chr17:73627539:T/C': 'RECQL5 p.Asp480Gly', 'chr3:178935943:C/T': 'PIK3CA intron_variant', 'chr20:46279827:G/A': 'NCOA3 p.Gln1251=', 'chr3:189604149:T/G': 'TP63 intron_variant', 'chr20:62303794:G/A': 'RTEL1 intron_variant', 'chr1:91859795:T/C': 'HFM1 p.Ile117Val', 'chr7:154760666:C/T': 'PAXIP1 p.Pro415=', 'chr6:7229346:T/C': 'RREB1 p.His338=', 'chr1:11205058:C/T': 'MTOR p.Ala1577=', 'chr19:5219803:T/C': 'PTPRS intron_variant', 'chr19:5219829:T/G': 'PTPRS intron_variant', 'chr20:46279866:A/G': 'NCOA3 p.Gln1264=', 'chr1:91859801:A/G': 'HFM1 p.Ser115Pro', 'chr19:1220321:T/C': 'STK11 intron_variant', 'chr20:3782959:G/T': 'CDC25B p.Cys377Phe', 'chr8:30933848:TA/T': 'WRN intron_variant', 'chr14:75508280:GA/G': 'MLH3 intron_variant', 'chr15:41275014:T/G': 'INO80 intron_variant', 'chr18:48584855:A/ATT': 'SMAD4 intron_variant', 'chr11:64572557:A/G': 'MEN1 p.His433=', 'chr11:108163333:C/T': 'ATM intron_variant', 'chr11:64572602:G/A': 'MEN1 p.Asp418=', 'chr15:28422155:G/T': 'HERC2 p.Leu3125Ile', 'chr12:25362777:A/G': 'KRAS 3_prime_UTR_variant', 'chr4:96035796:GAC/G': 'BMPR1B intron_variant', 'chr13:32913055:A/G': 'BRCA2 p.Leu1521=', 'chr18:48584855:A/AT': 'SMAD4 intron_variant', 'chr7:151935730:T/C': 'KMT2C intron_variant', 'chrX:47039730:C/A': 'RBM10 intron_variant', 'chr3:178951863:C/A': 'PIK3CA intron_variant', 'chrX:53565719:A/C': 'HUWE1 intron_variant', 'chrX:47039739:C/A': 'RBM10 intron_variant', 'chr16:68857289:T/C': 'CDH1 intron_variant', 'chr8:30933849:A/T': 'WRN intron_variant', 'chr12:49424235:G/A': 'KMT2D intron_variant', 'chr13:32911463:A/G': 'BRCA2 p.Asn991Asp', 'chr20:39801299:C/A': 'PLCG1 intron_variant', 'chr6:7229619:G/A': 'RREB1 p.Ala429=', 'chr2:203384776:CT/C': 'BMPR2 intron_variant', 'chr16:23647212:C/A': 'PALB2 p.Asp219Tyr', 'chr6:157528275:T/C': 'ARID1B p.Asp2040='}
==============
MTOR p.Ala1577=
MTOR p.Asn999=
PIK3R3 p.Ser297=
PIK3R3 p.Asn283Lys
HFM1 p.Ser115Pro
NUF2 intron_variant
PARP1 intron_variant
ACVR2A p.Pro118=
PBRM1 intron_variant
PIK3CA intron_variant
TP63 intron_variant
RREB1 p.His338=
RREB1 p.Ala429=
H3C8 p.Asp124=
CARD11 intron_variant
PAXIP1 p.Pro415=
WRN intron_variant
CDKN2A 3_prime_UTR_variant
MEN1 p.Ser145=
KRAS 3_prime_UTR_variant
PARP4 p.Ser534=
PARP4 intron_variant
FLT1 p.Tyr1213=
BRCA2 p.Asn991Asp
BRCA2 p.Ser2414=
PARP2 intron_variant
INO80 intron_variant
AXIN1 p.Ala609=
AXIN1 intron_variant
CDH1 intron_variant
FANCA intron_variant
BRCA1 p.Asn550His
BRCA1 p.Phe486Leu
RNF43 p.Ile47Val
RECQL5 p.Asp480Gly
STK11 intron_variant
PTPRS intron_variant
PTPRS intron_variant
PAK5 intron_variant
PAK5 intron_variant
DNMT3B intron_variant
NCOA3 p.Gln1251=
NCOA3 p.Gln1264=
RTEL1 intron_variant
