Sender: LSF System <lsfadmin@lt20>
Subject: Job 8217220: <generate_ete_trees.patient=RA21_17> in cluster <lila> Exited

Job <generate_ete_trees.patient=RA21_17> was submitted from host <lu06> by user <zhangh5> in cluster <lila> at Fri Jul 19 13:24:46 2024
Job was executed on host(s) <4*lt20>, in queue <cpuqueue>, as user <zhangh5> in cluster <lila> at Fri Jul 19 13:24:48 2024
</home/zhangh5> was used as the home directory.
</lila/data/iacobuzc/haochen/condor_pipeline_trial> was used as the working directory.
Started at Fri Jul 19 13:24:48 2024
Terminated at Fri Jul 19 13:25:19 2024
Results reported at Fri Jul 19 13:25:19 2024

Your job looked like:

------------------------------------------------------------
# LSBATCH: User input
/lila/data/iacobuzc/haochen/condor_pipeline_trial/.snakemake/tmp.8wc02eyx/snakejob.generate_ete_trees.88.sh
------------------------------------------------------------

Exited with exit code 1.

Resource usage summary:

    CPU time :                                   8.54 sec.
    Max Memory :                                 -
    Average Memory :                             -
    Total Requested Memory :                     32.00 GB
    Delta Memory :                               -
    Max Swap :                                   -
    Max Processes :                              7
    Max Threads :                                11
    Run time :                                   32 sec.
    Turnaround time :                            33 sec.

The output (if any) follows:



PS:

Read file <logs/cluster/generate_ete_trees/patient=RA21_17/jobid88_4c108c1b-02b4-4c16-813c-5815f8737db7.err> for stderr output of this job.

