Sender: LSF System <lsfadmin@lt08>
Subject: Job 8217243: <generate_ete_trees.patient=RA21_17> in cluster <lila> Exited

Job <generate_ete_trees.patient=RA21_17> was submitted from host <lu06> by user <zhangh5> in cluster <lila> at Fri Jul 19 13:25:31 2024
Job was executed on host(s) <8*lt08>, in queue <cpuqueue>, as user <zhangh5> in cluster <lila> at Fri Jul 19 13:25:35 2024
</home/zhangh5> was used as the home directory.
</lila/data/iacobuzc/haochen/condor_pipeline_trial> was used as the working directory.
Started at Fri Jul 19 13:25:35 2024
Terminated at Fri Jul 19 13:25:49 2024
Results reported at Fri Jul 19 13:25:49 2024

Your job looked like:

------------------------------------------------------------
# LSBATCH: User input
/lila/data/iacobuzc/haochen/condor_pipeline_trial/.snakemake/tmp.8wc02eyx/snakejob.generate_ete_trees.88.sh
------------------------------------------------------------

Exited with exit code 1.

Resource usage summary:

    CPU time :                                   5.37 sec.
    Max Memory :                                 -
    Average Memory :                             -
    Total Requested Memory :                     64.00 GB
    Delta Memory :                               -
    Max Swap :                                   -
    Max Processes :                              6
    Max Threads :                                15
    Run time :                                   15 sec.
    Turnaround time :                            18 sec.

The output (if any) follows:



PS:

Read file <logs/cluster/generate_ete_trees/patient=RA21_17/jobid88_546618be-89a5-4c37-b3c2-1226d363dbc2.err> for stderr output of this job.

