Sender: LSF System <lsfadmin@lt20>
Subject: Job 8217085: <generate_post_condor_sc_heatmaps.patient=M04> in cluster <lila> Done

Job <generate_post_condor_sc_heatmaps.patient=M04> was submitted from host <lt03> by user <zhangh5> in cluster <lila> at Fri Jul 19 13:18:04 2024
Job was executed on host(s) <4*lt20>, in queue <cpuqueue>, as user <zhangh5> in cluster <lila> at Fri Jul 19 13:18:08 2024
</home/zhangh5> was used as the home directory.
</lila/data/iacobuzc/haochen/condor_pipeline_trial> was used as the working directory.
Started at Fri Jul 19 13:18:08 2024
Terminated at Fri Jul 19 13:18:55 2024
Results reported at Fri Jul 19 13:18:55 2024

Your job looked like:

------------------------------------------------------------
# LSBATCH: User input
/lila/data/iacobuzc/haochen/condor_pipeline_trial/.snakemake/tmp.e3awy4tj/snakejob.generate_post_condor_sc_heatmaps.121.sh
------------------------------------------------------------

Successfully completed.

Resource usage summary:

    CPU time :                                   25.00 sec.
    Max Memory :                                 -
    Average Memory :                             -
    Total Requested Memory :                     32.00 GB
    Delta Memory :                               -
    Max Swap :                                   -
    Max Processes :                              14
    Max Threads :                                70
    Run time :                                   47 sec.
    Turnaround time :                            51 sec.

The output (if any) follows:



PS:

Read file <logs/cluster/generate_post_condor_sc_heatmaps/patient=M04/jobid121_4293f21e-5ba0-49e4-9a17-1cc6f78c99eb.err> for stderr output of this job.

