[WARNING] subclonal mutations file not found. Proceeding without automatic subclonal mutation selection & refinement.
n = 20123, m = 49, p = 9
Set parameter WLSAccessID
Set parameter WLSSecret
Set parameter LicenseID to value 2416028
Academic license 2416028 - for non-commercial use only - registered to zh___@mskcc.org
Set parameter Threads to value 1
Set parameter Method to value 4
Set parameter IntFeasTol to value 1e-06
Gurobi Optimizer version 10.0.3 build v10.0.3rc0 (linux64)

CPU model: Intel(R) Xeon(R) CPU E5-2697 v4 @ 2.30GHz, instruction set [SSE2|AVX|AVX2]
Thread count: 36 physical cores, 72 logical processors, using up to 1 threads

Academic license 2416028 - for non-commercial use only - registered to zh___@mskcc.org
Optimize a model with 297913 rows, 41062 columns and 895419 nonzeros
Model fingerprint: 0x7423af08
Variable types: 39298 continuous, 1764 integer (1764 binary)
Coefficient statistics:
  Matrix range     [1e+00, 1e+00]
  Objective range  [1e-01, 1e+05]
  Bounds range     [1e+00, 1e+00]
  RHS range        [1e+00, 2e+00]
Presolve removed 79866 rows and 16546 columns
Presolve time: 2.74s
Presolved: 218047 rows, 24516 columns, 654038 nonzeros
Variable types: 23310 continuous, 1206 integer (1206 binary)
Root relaxation presolved: 24516 rows, 242559 columns, 678538 nonzeros


Root simplex log...

Iteration    Objective       Primal Inf.    Dual Inf.      Time
   22002   -2.2615191e+06   0.000000e+00   0.000000e+00      5s

Root relaxation: objective -2.261519e+06, 22002 iterations, 1.90 seconds (1.26 work units)

    Nodes    |    Current Node    |     Objective Bounds      |     Work
 Expl Unexpl |  Obj  Depth IntInf | Incumbent    BestBd   Gap | It/Node Time

*    0     0               0    -2261519.129 -2261519.1  0.00%     -    5s

Explored 1 nodes (22002 simplex iterations) in 5.09 seconds (3.75 work units)
Thread count was 1 (of 72 available processors)

Solution count 1: -2.26152e+06 
No other solutions better than -2.26152e+06

Optimal solution found (tolerance 1.00e-04)
Best objective -2.261519128836e+06, best bound -2.261519128836e+06, gap 0.0000%
root
chr17:7579414:C/T_1
chr12:25398284:C/T_1
chr17:56436109:C/T_2
chr15:59322941:T/A_1
chr17:7579414:C/T_3
chr6:26271241:G/A_2
chr12:25398284:C/T_3
chr7:151884349:G/C_3
chr7:154760666:C/T_2
chr2:203379681:A/C_2
chr1:11288758:G/A_2
chr6:52149559:C/A_2
chr22:29130300:C/T_2
chr19:36222969:A/C_1
chr1:46521517:G/A_2
chr3:10085431:G/T_1
chr8:30933848:TA/T_2
chr15:67482843:C/T_1
chr1:11205058:C/T_2
chr1:46521559:A/T_2
chr15:59323028:C/T_1
chr19:36222968:A/C_1
chr8:30933848:TA/T_3
chr10:88635779:C/A_3
chr3:189604149:T/G_3
chr1:46521517:G/A_3
chr10:88635779:C/A_2
chr20:9520133:G/A_2
chr1:46521559:A/T_3
0
['chr15:59322941:T/A']
1
[]
2
[]
3
[]
4
[]
5
['chr3:10085431:G/T']
6
['chr20:62303858:T/G', 'chr7:151944961:T/A', 'chr4:96046196:T/G', 'chr17:56440840:T/G']
7
[]
8
['chr15:59323028:C/T', 'chr19:36222969:A/C', 'chr19:36222968:A/C']
n = 2, m = 4, p = 1
Set parameter TimeLimit to value 1800
Set parameter Threads to value 1
Set parameter Method to value 4
Set parameter IntFeasTol to value 1e-06
Gurobi Optimizer version 10.0.3 build v10.0.3rc0 (linux64)

CPU model: Intel(R) Xeon(R) CPU E5-2697 v4 @ 2.30GHz, instruction set [SSE2|AVX|AVX2]
Thread count: 36 physical cores, 72 logical processors, using up to 1 threads

Academic license 2416028 - for non-commercial use only - registered to zh___@mskcc.org
Optimize a model with 82 rows, 60 columns and 190 nonzeros
Model fingerprint: 0x976ab893
Variable types: 52 continuous, 8 integer (8 binary)
Coefficient statistics:
  Matrix range     [1e+00, 1e+00]
  Objective range  [7e+00, 7e+00]
  Bounds range     [1e+00, 1e+00]
  RHS range        [1e+00, 2e+00]
Found heuristic solution: objective -0.0000000

Explored 0 nodes (0 simplex iterations) in 0.00 seconds (0.00 work units)
Thread count was 1 (of 72 available processors)

Solution count 1: -0 
No other solutions better than -0

Optimal solution found (tolerance 1.00e-04)
Best objective -0.000000000000e+00, best bound -0.000000000000e+00, gap 0.0000%
8, 0, 0.0
cluster_id
3    5093
5    4839
1    3077
2    2572
8    1552
7    1295
4    1110
0     583
6       2
Name: count, dtype: int64
subclusters [1, 5, 8, 4, 7, 2, 3]
chr17:7579414:C/T_1 1687
chr12:25398284:C/T_1 17851
subclusters [4, 7]
chr15:67482843:C/T_1 61
chr19:36222968:A/C_1 1095
chr3:10085431:G/T_1 518
chr15:59323028:C/T_1 68
chr19:36222969:A/C_1 663
Node root: 2
Node 0: 583
Node 1: 3077
Node 2: 2572
Node 3: 5093
Node 4: 1110
Node 5: 4839
Node 7: 1295
Node 8: 1552
Node chr17:7579414:C/T_1: 1687
Node chr12:25398284:C/T_1: 17851
Node chr15:67482843:C/T_1: 61
Node chr19:36222968:A/C_1: 1095
Node chr3:10085431:G/T_1: 518
Node chr15:59323028:C/T_1: 68
Node chr19:36222969:A/C_1: 663
total cells 20121
[('root', 0)]
