Sender: LSF System <lsfadmin@ls16>
Subject: Job 8217066: <generate_post_condor_sc_heatmaps.patient=TP49> in cluster <lila> Done

Job <generate_post_condor_sc_heatmaps.patient=TP49> was submitted from host <lt03> by user <zhangh5> in cluster <lila> at Fri Jul 19 13:17:41 2024
Job was executed on host(s) <4*ls16>, in queue <cpuqueue>, as user <zhangh5> in cluster <lila> at Fri Jul 19 13:17:43 2024
</home/zhangh5> was used as the home directory.
</lila/data/iacobuzc/haochen/condor_pipeline_trial> was used as the working directory.
Started at Fri Jul 19 13:17:43 2024
Terminated at Fri Jul 19 13:18:54 2024
Results reported at Fri Jul 19 13:18:54 2024

Your job looked like:

------------------------------------------------------------
# LSBATCH: User input
/lila/data/iacobuzc/haochen/condor_pipeline_trial/.snakemake/tmp.e3awy4tj/snakejob.generate_post_condor_sc_heatmaps.139.sh
------------------------------------------------------------

Successfully completed.

Resource usage summary:

    CPU time :                                   29.00 sec.
    Max Memory :                                 1 GB
    Average Memory :                             0.03 GB
    Total Requested Memory :                     32.00 GB
    Delta Memory :                               31.00 GB
    Max Swap :                                   -
    Max Processes :                              14
    Max Threads :                                71
    Run time :                                   71 sec.
    Turnaround time :                            73 sec.

The output (if any) follows:



PS:

Read file <logs/cluster/generate_post_condor_sc_heatmaps/patient=TP49/jobid139_712ba798-9173-4291-8721-27bb1367df09.err> for stderr output of this job.

