Sender: LSF System <lsfadmin@lt17>
Subject: Job 8217222: <fast_condor.patient=RA20_05> in cluster <lila> Done

Job <fast_condor.patient=RA20_05> was submitted from host <lu06> by user <zhangh5> in cluster <lila> at Fri Jul 19 13:24:48 2024
Job was executed on host(s) <4*lt17>, in queue <cpuqueue>, as user <zhangh5> in cluster <lila> at Fri Jul 19 13:24:50 2024
</home/zhangh5> was used as the home directory.
</lila/data/iacobuzc/haochen/condor_pipeline_trial> was used as the working directory.
Started at Fri Jul 19 13:24:50 2024
Terminated at Fri Jul 19 13:25:29 2024
Results reported at Fri Jul 19 13:25:29 2024

Your job looked like:

------------------------------------------------------------
# LSBATCH: User input
/lila/data/iacobuzc/haochen/condor_pipeline_trial/.snakemake/tmp.8wc02eyx/snakejob.fast_condor.39.sh
------------------------------------------------------------

Successfully completed.

Resource usage summary:

    CPU time :                                   18.56 sec.
    Max Memory :                                 -
    Average Memory :                             -
    Total Requested Memory :                     4.00 GB
    Delta Memory :                               -
    Max Swap :                                   -
    Max Processes :                              6
    Max Threads :                                12
    Run time :                                   39 sec.
    Turnaround time :                            41 sec.

The output (if any) follows:



PS:

Read file <logs/cluster/fast_condor/patient=RA20_05/jobid39_2d3b8e93-d92e-43a3-817b-2e883097207d.err> for stderr output of this job.

