            sample cell_barcode  clone_id
0        BPA-3-RSX       cell_1         4
1        BPA-3-RSX      cell_10         4
2        BPA-3-RSX     cell_100         2
3        BPA-3-RSX    cell_1000         4
4        BPA-3-RSX    cell_1001         2
...            ...          ...       ...
8711  RA18_18-11_1     cell_995         1
8712  RA18_18-11_1     cell_996         0
8713  RA18_18-11_1     cell_997         0
8714  RA18_18-11_1     cell_998         0
8715  RA18_18-11_1     cell_999         1

[8716 rows x 3 columns]
[INFO] Using H5: /data/iacobuzc/haochen/Tapestri_main_manuscript_analysis/data_compiled/fillout_h5/BPA-3.patient_wide.genotyped.h5
Loading, /data/iacobuzc/haochen/Tapestri_main_manuscript_analysis/data_compiled/fillout_h5/BPA-3.patient_wide.genotyped.h5
Loaded in 1.0s.
(7493, 421)

    germline: 36
    somatic: 1
    total: 44
(7493, 44)
(7493, 44)
Index(['cell_1-BPA-3-RSX', 'cell_10-BPA-3-RSX', 'cell_100-BPA-3-RSX',
       'cell_1000-BPA-3-RSX', 'cell_1001-BPA-3-RSX', 'cell_1002-BPA-3-RSX',
       'cell_1003-BPA-3-RSX', 'cell_1004-BPA-3-RSX', 'cell_1005-BPA-3-RSX',
       'cell_1006-BPA-3-RSX',
       ...
       'cell_990-BPA-3-N', 'cell_991-BPA-3-N', 'cell_992-BPA-3-N',
       'cell_993-BPA-3-N', 'cell_994-BPA-3-N', 'cell_995-BPA-3-N',
       'cell_996-BPA-3-N', 'cell_997-BPA-3-N', 'cell_998-BPA-3-N',
       'cell_999-BPA-3-N'],
      dtype='object', name='cell_barcode', length=7493)
0            BPA-3-RSX:cell_1
1           BPA-3-RSX:cell_10
2          BPA-3-RSX:cell_100
3         BPA-3-RSX:cell_1000
4         BPA-3-RSX:cell_1001
                ...          
8711    RA18_18-11_1:cell_995
8712    RA18_18-11_1:cell_996
8713    RA18_18-11_1:cell_997
8714    RA18_18-11_1:cell_998
8715    RA18_18-11_1:cell_999
Name: cell_barcode, Length: 8716, dtype: object
clone_id
3    4599
4    1567
2    1081
0    1060
1     409
Name: count, dtype: int64
clone_id
3    4594
4    1567
2    1081
0     250
1       1
Name: count, dtype: int64
[4, 2, 3, 0, 1]
