Sender: LSF System <lsfadmin@lt20>
Subject: Job 8217247: <generate_post_condor_sc_heatmaps.patient=RA19_21> in cluster <lila> Done

Job <generate_post_condor_sc_heatmaps.patient=RA19_21> was submitted from host <lu06> by user <zhangh5> in cluster <lila> at Fri Jul 19 13:25:34 2024
Job was executed on host(s) <4*lt20>, in queue <cpuqueue>, as user <zhangh5> in cluster <lila> at Fri Jul 19 13:25:37 2024
</home/zhangh5> was used as the home directory.
</lila/data/iacobuzc/haochen/condor_pipeline_trial> was used as the working directory.
Started at Fri Jul 19 13:25:37 2024
Terminated at Fri Jul 19 13:27:02 2024
Results reported at Fri Jul 19 13:27:02 2024

Your job looked like:

------------------------------------------------------------
# LSBATCH: User input
/lila/data/iacobuzc/haochen/condor_pipeline_trial/.snakemake/tmp.8wc02eyx/snakejob.generate_post_condor_sc_heatmaps.134.sh
------------------------------------------------------------

Successfully completed.

Resource usage summary:

    CPU time :                                   33.00 sec.
    Max Memory :                                 1 GB
    Average Memory :                             0.11 GB
    Total Requested Memory :                     32.00 GB
    Delta Memory :                               31.00 GB
    Max Swap :                                   -
    Max Processes :                              14
    Max Threads :                                71
    Run time :                                   85 sec.
    Turnaround time :                            88 sec.

The output (if any) follows:



PS:

Read file <logs/cluster/generate_post_condor_sc_heatmaps/patient=RA19_21/jobid134_dc6303e1-141f-4028-8b8e-3e03b0ec98bd.err> for stderr output of this job.

