Building DAG of jobs...
Using shell: /usr/bin/bash
Provided cores: 4
Rules claiming more threads will be scaled down.
Provided resources: mem_mb=8000, mem_mib=7630, disk_mb=1000, disk_mib=954, time_min=59
Select jobs to execute...

[Fri Jul 19 13:25:38 2024]
rule generate_post_condor_sc_heatmaps:
    input: /data/iacobuzc/haochen/Tapestri_main_manuscript_analysis/data_compiled/fillout_h5/RA19_21.patient_wide.genotyped.h5, condor_downstream/RA19_21/RA19_21_final_sc_clone_assignment.csv, /lila/data/iacobuzc/haochen/Tapestri_main_manuscript_analysis/data_compiled/manual_annotated_snv_lists/RA19_21-patient-all_vars-voi.hz_curated.txt
    output: post_condor_sc_heatmaps/RA19_21_DNA_heatmap.pdf
    log: post_condor_sc_heatmaps/logs/RA19_21_heatmap.log, post_condor_sc_heatmaps/logs/RA19_21_heatmap.err.log
    jobid: 0
    reason: Missing output files: post_condor_sc_heatmaps/RA19_21_DNA_heatmap.pdf
    wildcards: patient=RA19_21
    threads: 4
    resources: mem_mb=8000, mem_mib=7630, disk_mb=1000, disk_mib=954, tmpdir=/scratch/lsftmp/8217247.tmpdir, time_min=59

Activating conda environment: mosaic
[Fri Jul 19 13:27:02 2024]
Finished job 0.
1 of 1 steps (100%) done
