[WARNING] manually enforced subclonal mutations file not found. Proceeding with automatic subclonal mutation selection & refinement.
n = 2666, m = 44, p = 5
Set parameter WLSAccessID
Set parameter WLSSecret
Set parameter LicenseID to value 2416028
Academic license 2416028 - for non-commercial use only - registered to zh___@mskcc.org
Set parameter Threads to value 1
Set parameter Method to value 4
Set parameter IntFeasTol to value 1e-06
Gurobi Optimizer version 10.0.3 build v10.0.3rc0 (linux64)

CPU model: Intel(R) Xeon(R) Platinum 8352S CPU @ 2.20GHz, instruction set [SSE2|AVX|AVX2|AVX512]
Thread count: 64 physical cores, 128 logical processors, using up to 1 threads

Academic license 2416028 - for non-commercial use only - registered to zh___@mskcc.org
Optimize a model with 137148 rows, 32296 columns and 411972 nonzeros
Model fingerprint: 0xdfb898b5
Variable types: 31416 continuous, 880 integer (880 binary)
Coefficient statistics:
  Matrix range     [1e+00, 1e+00]
  Objective range  [1e-01, 3e+04]
  Bounds range     [1e+00, 1e+00]
  RHS range        [1e+00, 2e+00]
Presolve removed 76384 rows and 20504 columns
Presolve time: 0.53s
Presolved: 60764 rows, 11792 columns, 182072 nonzeros
Variable types: 11352 continuous, 440 integer (440 binary)
Found heuristic solution: objective -422678.2381

Explored 0 nodes (0 simplex iterations) in 0.66 seconds (0.97 work units)
Thread count was 1 (of 128 available processors)

Solution count 1: -422678 

Optimal solution found (tolerance 1.00e-04)
Best objective -4.226782380600e+05, best bound -4.226760623006e+05, gap 0.0005%
0
1
2
3
4
cluster_id
2    1180
3     861
1     593
0      30
4       2
Name: count, dtype: int64
Node 0: 30
Node 1: 593
Node 2: 1180
Node 3: 861
Node 4: 2
total cells 2666
[('root', 0)]
