Sender: LSF System <lsfadmin@ls13>
Subject: Job 8217175: <generate_pre_condor_sc_heatmaps.patient=BPA-5> in cluster <lila> Done

Job <generate_pre_condor_sc_heatmaps.patient=BPA-5> was submitted from host <lu06> by user <zhangh5> in cluster <lila> at Fri Jul 19 13:23:44 2024
Job was executed on host(s) <4*ls13>, in queue <cpuqueue>, as user <zhangh5> in cluster <lila> at Fri Jul 19 13:23:46 2024
</home/zhangh5> was used as the home directory.
</lila/data/iacobuzc/haochen/condor_pipeline_trial> was used as the working directory.
Started at Fri Jul 19 13:23:46 2024
Terminated at Fri Jul 19 13:24:46 2024
Results reported at Fri Jul 19 13:24:46 2024

Your job looked like:

------------------------------------------------------------
# LSBATCH: User input
/lila/data/iacobuzc/haochen/condor_pipeline_trial/.snakemake/tmp.8wc02eyx/snakejob.generate_pre_condor_sc_heatmaps.120.sh
------------------------------------------------------------

Successfully completed.

Resource usage summary:

    CPU time :                                   23.00 sec.
    Max Memory :                                 -
    Average Memory :                             -
    Total Requested Memory :                     32.00 GB
    Delta Memory :                               -
    Max Swap :                                   -
    Max Processes :                              14
    Max Threads :                                71
    Run time :                                   61 sec.
    Turnaround time :                            62 sec.

The output (if any) follows:



PS:

Read file <logs/cluster/generate_pre_condor_sc_heatmaps/patient=BPA-5/jobid120_134e975d-39fc-485e-8c94-7153aed6757f.err> for stderr output of this job.

