Building DAG of jobs...
Using shell: /usr/bin/bash
Provided cores: 4
Rules claiming more threads will be scaled down.
Provided resources: mem_mb=8000, mem_mib=7630, disk_mb=1000, disk_mib=954, time_min=59
Select jobs to execute...

[Fri Jul 19 13:14:44 2024]
rule condor_inputs:
    input: /data/iacobuzc/haochen/Tapestri_main_manuscript_analysis/data_compiled/fillout_h5/RA19_02.patient_wide.genotyped.h5, /data/iacobuzc/haochen/Tapestri_main_manuscript_analysis/data_compiled/falcon_solutions/RA19_02.sample_sc_clone_assignment.updated.csv, /lila/data/iacobuzc/haochen/Tapestri_main_manuscript_analysis/data_compiled/manual_annotated_snv_lists/RA19_02-patient-all_vars-voi.hz_curated.txt
    output: condor_inputs/RA19_02/character_vaf_matrix.csv, condor_inputs/RA19_02/character_bin_matrix.csv, condor_inputs/RA19_02/alt_readcounts.csv, condor_inputs/RA19_02/total_readcounts.csv, condor_inputs/RA19_02/germline_mutations.txt, condor_inputs/RA19_02/somatic_mutations.txt
    log: condor_inputs/RA19_02/condor_inputs.log, condor_inputs/RA19_02/condor_inputs.err.log
    jobid: 0
    reason: Missing output files: condor_inputs/RA19_02/total_readcounts.csv, condor_inputs/RA19_02/character_bin_matrix.csv, condor_inputs/RA19_02/character_vaf_matrix.csv, condor_inputs/RA19_02/germline_mutations.txt, condor_inputs/RA19_02/somatic_mutations.txt, condor_inputs/RA19_02/alt_readcounts.csv
    wildcards: patient=RA19_02
    threads: 4
    resources: mem_mb=8000, mem_mib=7630, disk_mb=1000, disk_mib=954, tmpdir=/scratch/lsftmp/8217004.tmpdir, time_min=59

Activating conda environment: mosaic
[Fri Jul 19 13:15:53 2024]
Finished job 0.
1 of 1 steps (100%) done
