Sender: LSF System <lsfadmin@lt06>
Subject: Job 8217190: <condor_inputs.patient=M07> in cluster <lila> Done

Job <condor_inputs.patient=M07> was submitted from host <lu06> by user <zhangh5> in cluster <lila> at Fri Jul 19 13:23:48 2024
Job was executed on host(s) <4*lt06>, in queue <cpuqueue>, as user <zhangh5> in cluster <lila> at Fri Jul 19 13:23:52 2024
</home/zhangh5> was used as the home directory.
</lila/data/iacobuzc/haochen/condor_pipeline_trial> was used as the working directory.
Started at Fri Jul 19 13:23:52 2024
Terminated at Fri Jul 19 13:24:43 2024
Results reported at Fri Jul 19 13:24:43 2024

Your job looked like:

------------------------------------------------------------
# LSBATCH: User input
/lila/data/iacobuzc/haochen/condor_pipeline_trial/.snakemake/tmp.8wc02eyx/snakejob.condor_inputs.2.sh
------------------------------------------------------------

Successfully completed.

Resource usage summary:

    CPU time :                                   22.69 sec.
    Max Memory :                                 -
    Average Memory :                             -
    Total Requested Memory :                     32.00 GB
    Delta Memory :                               -
    Max Swap :                                   -
    Max Processes :                              6
    Max Threads :                                16
    Run time :                                   52 sec.
    Turnaround time :                            55 sec.

The output (if any) follows:



PS:

Read file <logs/cluster/condor_inputs/patient=M07/jobid2_b8f50364-9922-4dcd-92cb-e65c26c04e8b.err> for stderr output of this job.

