Sender: LSF System <lsfadmin@lt02>
Subject: Job 8217188: <condor_inputs.patient=BPA-2> in cluster <lila> Done

Job <condor_inputs.patient=BPA-2> was submitted from host <lu06> by user <zhangh5> in cluster <lila> at Fri Jul 19 13:23:47 2024
Job was executed on host(s) <4*lt02>, in queue <cpuqueue>, as user <zhangh5> in cluster <lila> at Fri Jul 19 13:23:50 2024
</home/zhangh5> was used as the home directory.
</lila/data/iacobuzc/haochen/condor_pipeline_trial> was used as the working directory.
Started at Fri Jul 19 13:23:50 2024
Terminated at Fri Jul 19 13:24:42 2024
Results reported at Fri Jul 19 13:24:42 2024

Your job looked like:

------------------------------------------------------------
# LSBATCH: User input
/lila/data/iacobuzc/haochen/condor_pipeline_trial/.snakemake/tmp.8wc02eyx/snakejob.condor_inputs.21.sh
------------------------------------------------------------

Successfully completed.

Resource usage summary:

    CPU time :                                   20.57 sec.
    Max Memory :                                 -
    Average Memory :                             -
    Total Requested Memory :                     32.00 GB
    Delta Memory :                               -
    Max Swap :                                   -
    Max Processes :                              7
    Max Threads :                                16
    Run time :                                   53 sec.
    Turnaround time :                            55 sec.

The output (if any) follows:



PS:

Read file <logs/cluster/condor_inputs/patient=BPA-2/jobid21_fbdacf68-d848-4ef0-936b-f1bf67708a16.err> for stderr output of this job.

