Sender: LSF System <lsfadmin@ls09>
Subject: Job 8217012: <condor_inputs.patient=BPA-2> in cluster <lila> Done

Job <condor_inputs.patient=BPA-2> was submitted from host <lt03> by user <zhangh5> in cluster <lila> at Fri Jul 19 13:14:43 2024
Job was executed on host(s) <4*ls09>, in queue <cpuqueue>, as user <zhangh5> in cluster <lila> at Fri Jul 19 13:14:44 2024
</home/zhangh5> was used as the home directory.
</lila/data/iacobuzc/haochen/condor_pipeline_trial> was used as the working directory.
Started at Fri Jul 19 13:14:44 2024
Terminated at Fri Jul 19 13:15:51 2024
Results reported at Fri Jul 19 13:15:51 2024

Your job looked like:

------------------------------------------------------------
# LSBATCH: User input
/lila/data/iacobuzc/haochen/condor_pipeline_trial/.snakemake/tmp.e3awy4tj/snakejob.condor_inputs.21.sh
------------------------------------------------------------

Successfully completed.

Resource usage summary:

    CPU time :                                   22.54 sec.
    Max Memory :                                 -
    Average Memory :                             -
    Total Requested Memory :                     32.00 GB
    Delta Memory :                               -
    Max Swap :                                   -
    Max Processes :                              6
    Max Threads :                                16
    Run time :                                   68 sec.
    Turnaround time :                            68 sec.

The output (if any) follows:



PS:

Read file <logs/cluster/condor_inputs/patient=BPA-2/jobid21_659babea-0223-4638-868c-5097d3d32ea7.err> for stderr output of this job.

