Sender: LSF System <lsfadmin@ls10>
Subject: Job 8216992: <condor_inputs.patient=RA17_13> in cluster <lila> Done

Job <condor_inputs.patient=RA17_13> was submitted from host <lt03> by user <zhangh5> in cluster <lila> at Fri Jul 19 13:14:35 2024
Job was executed on host(s) <4*ls10>, in queue <cpuqueue>, as user <zhangh5> in cluster <lila> at Fri Jul 19 13:14:38 2024
</home/zhangh5> was used as the home directory.
</lila/data/iacobuzc/haochen/condor_pipeline_trial> was used as the working directory.
Started at Fri Jul 19 13:14:38 2024
Terminated at Fri Jul 19 13:15:50 2024
Results reported at Fri Jul 19 13:15:50 2024

Your job looked like:

------------------------------------------------------------
# LSBATCH: User input
/lila/data/iacobuzc/haochen/condor_pipeline_trial/.snakemake/tmp.e3awy4tj/snakejob.condor_inputs.10.sh
------------------------------------------------------------

Successfully completed.

Resource usage summary:

    CPU time :                                   26.99 sec.
    Max Memory :                                 1 GB
    Average Memory :                             0.03 GB
    Total Requested Memory :                     32.00 GB
    Delta Memory :                               31.00 GB
    Max Swap :                                   -
    Max Processes :                              6
    Max Threads :                                16
    Run time :                                   73 sec.
    Turnaround time :                            75 sec.

The output (if any) follows:



PS:

Read file <logs/cluster/condor_inputs/patient=RA17_13/jobid10_50a7ac8f-cc8f-4fae-bb7b-df67fd9fa89a.err> for stderr output of this job.

