Sender: LSF System <lsfadmin@ls10>
Subject: Job 8217197: <condor_inputs.patient=RA17_13> in cluster <lila> Done

Job <condor_inputs.patient=RA17_13> was submitted from host <lu06> by user <zhangh5> in cluster <lila> at Fri Jul 19 13:23:51 2024
Job was executed on host(s) <4*ls10>, in queue <cpuqueue>, as user <zhangh5> in cluster <lila> at Fri Jul 19 13:23:53 2024
</home/zhangh5> was used as the home directory.
</lila/data/iacobuzc/haochen/condor_pipeline_trial> was used as the working directory.
Started at Fri Jul 19 13:23:53 2024
Terminated at Fri Jul 19 13:24:43 2024
Results reported at Fri Jul 19 13:24:43 2024

Your job looked like:

------------------------------------------------------------
# LSBATCH: User input
/lila/data/iacobuzc/haochen/condor_pipeline_trial/.snakemake/tmp.8wc02eyx/snakejob.condor_inputs.10.sh
------------------------------------------------------------

Successfully completed.

Resource usage summary:

    CPU time :                                   25.81 sec.
    Max Memory :                                 1 GB
    Average Memory :                             0.04 GB
    Total Requested Memory :                     32.00 GB
    Delta Memory :                               31.00 GB
    Max Swap :                                   -
    Max Processes :                              7
    Max Threads :                                16
    Run time :                                   50 sec.
    Turnaround time :                            52 sec.

The output (if any) follows:



PS:

Read file <logs/cluster/condor_inputs/patient=RA17_13/jobid10_758ab5bc-eb6a-41e2-9b5a-e630085fdc25.err> for stderr output of this job.

