Sender: LSF System <lsfadmin@lt02>
Subject: Job 8217075: <generate_ete_trees.patient=TP11> in cluster <lila> Done

Job <generate_ete_trees.patient=TP11> was submitted from host <lt03> by user <zhangh5> in cluster <lila> at Fri Jul 19 13:17:55 2024
Job was executed on host(s) <4*lt02>, in queue <cpuqueue>, as user <zhangh5> in cluster <lila> at Fri Jul 19 13:17:57 2024
</home/zhangh5> was used as the home directory.
</lila/data/iacobuzc/haochen/condor_pipeline_trial> was used as the working directory.
Started at Fri Jul 19 13:17:57 2024
Terminated at Fri Jul 19 13:18:18 2024
Results reported at Fri Jul 19 13:18:18 2024

Your job looked like:

------------------------------------------------------------
# LSBATCH: User input
/lila/data/iacobuzc/haochen/condor_pipeline_trial/.snakemake/tmp.e3awy4tj/snakejob.generate_ete_trees.89.sh
------------------------------------------------------------

Successfully completed.

Resource usage summary:

    CPU time :                                   14.83 sec.
    Max Memory :                                 -
    Average Memory :                             -
    Total Requested Memory :                     32.00 GB
    Delta Memory :                               -
    Max Swap :                                   -
    Max Processes :                              6
    Max Threads :                                11
    Run time :                                   22 sec.
    Turnaround time :                            23 sec.

The output (if any) follows:



PS:

Read file <logs/cluster/generate_ete_trees/patient=TP11/jobid89_2f2645ed-18e1-4a13-b106-97d123b04e9e.err> for stderr output of this job.

