Processing BPA-4
INFO:__main__:[Leaf node] 0 with no subclonal SNV tree
INFO:__main__:[Leaf node] 1 with no subclonal SNV tree
INFO:__main__:[Internal node] IN_1 -- events: ['chr1:46521559:A/T_3', 'chr13:32911463:A/G_2', 'chr13:32929232:A/G_3', 'chr16:68857289:T/C_2', 'chr1:11205058:C/T_3', 'chr1:46521517:G/A_3', 'chr16:89858759:C/T_3', 'chr1:91859801:A/G_3', 'chr1:11288758:G/A_3', 'chr13:25052420:T/A_3', 'chr13:25052261:C/T_3'] 
INFO:__main__:[Leaf node] 2 with no subclonal SNV tree
INFO:__main__:[Leaf node] 3 with no subclonal SNV tree
INFO:__main__:[Leaf node] 4 with no subclonal SNV tree
INFO:__main__:added events info to node 1
INFO:__main__:added events info to node 0
INFO:__main__:added events info to node IN_1
INFO:__main__:added events info to node 2
INFO:__main__:added events info to node 3
INFO:__main__:added events info to node 4
INFO:refine_condor_tree:total cell number: 2666
INFO:refine_condor_tree:min_leaf_size: 13.33
INFO:refine_condor_tree:leaf: 1, clone size: 593
INFO:refine_condor_tree:leaf 1 has no events to the root, merging into diploid
WARNING:refine_condor_tree:merging leaf 1 into diploid 0
INFO:refine_condor_tree:leaf: 0, clone size: 623
INFO:refine_condor_tree:leaf 0 is the diploid, skipping
INFO:refine_condor_tree:leaf: 2, clone size: 1180
INFO:refine_condor_tree:leaf 2 has 11 events to the root
INFO:refine_condor_tree:leaf: 3, clone size: 861
INFO:refine_condor_tree:leaf 3 has 11 events to the root
INFO:refine_condor_tree:leaf: 4, clone size: 2
INFO:refine_condor_tree:leaf 4 has a clone size of 2, smaller than lower threshold 13.33. Merging into diploid
WARNING:refine_condor_tree:merging leaf 4 into diploid_clone 0
renaming clone 0 to 0
renaming clone 2 to 1
renaming clone 3 to 2
[INFO] renaming clone 1 to diploid
[INFO] renaming clone 4 to diploid
WARNING:sankoff_fixed_tree:
            amplicons of interest: [] not in the tree, ignoring
        
[INFO] Processing node IN_1

    ===== [Node: IN_1] =====
        dist: 461.16666666666663
    

    ===== [Node: 1] =====
        dist: 62.5
    

    ===== [Node: 2] =====
        dist: 0.5
    
