Processing M04
INFO:__main__:[Leaf node] 0 with no subclonal SNV tree
INFO:__main__:[Internal node] IN_1 -- events: ['chr3:52637486:C/G_3', 'chr6:26271232:G/C_3', 'chr13:32907415:T/A_1', 'chr3:30686414:A/G_3', 'chr1:226578099:T/C_3', 'chr8:30933859:C/T_3', 'chr1:16474839:AC/A_3'] 
INFO:__main__:[Leaf node] 1 with subclonal SNV tree, events: [Tree node 'chr3:30715617:G/T_4' (0x2b595a226dd), Tree node 'chr11:71943807:A/T_4' (0x2b595a226e1), Tree node 'chr3:30713659:CGCCAAGG/C_4' (0x2b595a226e5), Tree node 'chr15:67482870:C/T_4' (0x2b595a226e9)]
INFO:__main__:[Leaf node] 3 with no subclonal SNV tree
INFO:__main__:[Leaf node] 2 with no subclonal SNV tree
INFO:__main__:[Leaf node] 4 with no subclonal SNV tree
INFO:__main__:[Leaf node] 5 with no subclonal SNV tree
INFO:__main__:added events info to node 0
INFO:__main__:added events info to node 2
INFO:__main__:added events info to node 4
INFO:__main__:added events info to node 5
INFO:__main__:added events info to node IN_1
INFO:__main__:added events info to node 1
INFO:__main__:added events info to node 3
INFO:refine_condor_tree:total cell number: 2801
INFO:refine_condor_tree:min_leaf_size: 14.005
INFO:refine_condor_tree:leaf: 0, clone size: 324
INFO:refine_condor_tree:leaf 0 is the diploid, skipping
INFO:refine_condor_tree:leaf: 2, clone size: 327
INFO:refine_condor_tree:leaf 2 has no events to the root, merging into diploid
WARNING:refine_condor_tree:merging leaf 2 into diploid 0
INFO:refine_condor_tree:leaf: 4, clone size: 188
INFO:refine_condor_tree:leaf 4 has no events to the root, merging into diploid
WARNING:refine_condor_tree:merging leaf 4 into diploid 0
INFO:refine_condor_tree:leaf: 5, clone size: 730
INFO:refine_condor_tree:leaf 5 has no events to the root, merging into diploid
WARNING:refine_condor_tree:merging leaf 5 into diploid 0
INFO:refine_condor_tree:leaf: 1, clone size: 525
INFO:refine_condor_tree:leaf 1 has 7 events to the root
INFO:refine_condor_tree:leaf: 3, clone size: 707
INFO:refine_condor_tree:leaf 3 has both somatic SNV and germline SNP events, skipping
INFO:refine_condor_tree:somatic SNV events: {'chr8:38314915:G/T-1': ('FGFR1 p.T17K', 'GAIN', 'Red'), 'chr8:38314915:G/T-3': ('FGFR1 p.T17K', 'LOH', 'Purple')}
renaming clone 0 to 0
renaming clone 1 to 1
renaming clone 3 to 2
[INFO] renaming clone 2 to diploid
[INFO] renaming clone 4 to diploid
[INFO] renaming clone 5 to diploid
WARNING:sankoff_fixed_tree:
            amplicons of interest: ['AMPL253673'] not in the tree, ignoring
        
[INFO] Processing node IN_1

        Orig clone name: 1
        New clone name: 1
            
INFO:__main__:added subclonal SNV tree to node 1
INFO:__main__:added subclonal SNV tree to node 1
INFO:__main__:added subclonal SNV tree to node 1
INFO:__main__:added subclonal SNV tree to node 1

    ===== [Node: IN_1] =====
        dist: 322.33333333333337
    

    ===== [Node: 1] =====
        dist: 113.33333333333333
    

    ===== [Node: SUB_NODE_1] =====
        dist: 33.83333333333333
    

    ===== [Node: SUB_NODE_5] =====
        dist: 33.83333333333333
    

    ===== [Node: SUB_NODE_2] =====
        dist: 33.83333333333333
    

    ===== [Node: SUB_NODE_6] =====
        dist: 33.83333333333333
    

    ===== [Node: SUB_NODE_3] =====
        dist: 33.83333333333333
    

    ===== [Node: SUB_NODE_4] =====
        dist: 33.83333333333333
    

    ===== [Node: 2] =====
        dist: 166.66666666666666
    
