Processing M07
INFO:__main__:[Leaf node] 0 with no subclonal SNV tree
INFO:__main__:[Leaf node] 3 with no subclonal SNV tree
INFO:__main__:[Leaf node] 4 with no subclonal SNV tree
INFO:__main__:[Edge event node] chr17:7577556:C/T_1 with 25 cells attached.
INFO:__main__:>> node chr17:7577556:C/T_1 is a valid internal subclonal event
INFO:__main__:[Edge event node] chr12:25398284:C/T_1 with 1286 cells attached.
INFO:__main__:>> node chr12:25398284:C/T_1 is a valid internal subclonal event
INFO:__main__:[Internal node] IN_1 -- events: ['chr17:7577556:C/T_1', 'chr12:25398284:C/T_1', 'chr17:73627539:T/C_2', 'chr17:41245466:G/A_2', 'chr17:7578183:C/T_3', 'chr17:56492800:T/C_3', 'chr17:7577556:C/T_3'] 
INFO:__main__:[Leaf node] 1 with no subclonal SNV tree
INFO:__main__:[Leaf node] 2 with no subclonal SNV tree
INFO:__main__:added events info to node 0
INFO:__main__:added events info to node 3
INFO:__main__:added events info to node 4
INFO:__main__:added events info to node IN_1
INFO:__main__:added events info to node 2
INFO:__main__:added events info to node 1
INFO:refine_condor_tree:total cell number: 3993
INFO:refine_condor_tree:min_leaf_size: 19.965
INFO:refine_condor_tree:leaf: 0, clone size: 398
INFO:refine_condor_tree:leaf 0 is the diploid, skipping
INFO:refine_condor_tree:leaf: 3, clone size: 524
INFO:refine_condor_tree:leaf 3 has no events to the root, merging into diploid
WARNING:refine_condor_tree:merging leaf 3 into diploid 0
INFO:refine_condor_tree:leaf: 4, clone size: 1760
INFO:refine_condor_tree:leaf 4 has no events to the root, merging into diploid
WARNING:refine_condor_tree:merging leaf 4 into diploid 0
INFO:refine_condor_tree:leaf: 2, clone size: 679
INFO:refine_condor_tree:leaf 2 has 7 events to the root
INFO:refine_condor_tree:leaf: 1, clone size: 632
INFO:refine_condor_tree:leaf 1 has 7 events to the root
renaming clone 0 to 0
renaming clone 2 to 1
renaming clone 1 to 2
[INFO] renaming clone 3 to diploid
[INFO] renaming clone 4 to diploid
WARNING:sankoff_fixed_tree:
            amplicons of interest: ['AMPL253673'] not in the tree, ignoring
        
[INFO] Processing node IN_1

    ===== [Node: IN_1] =====
        dist: 327.8333333333333
    

    ===== [Node: 1] =====
        dist: 92.5
    

    ===== [Node: 2] =====
        dist: 33.33333333333333
    
