Processing M12
INFO:__main__:[Leaf node] 0 with no subclonal SNV tree
INFO:__main__:[Leaf node] 1 with no subclonal SNV tree
INFO:__main__:[Leaf node] 2 with no subclonal SNV tree
INFO:__main__:[Leaf node] 3 with no subclonal SNV tree
INFO:__main__:[Leaf node] 4 with subclonal SNV tree, events: [Tree node 'chr12:25398284:C/T_4' (0x2b3fc4449f1)]
INFO:__main__:added events info to node 0
INFO:__main__:added events info to node 1
INFO:__main__:added events info to node 2
INFO:__main__:added events info to node 3
INFO:__main__:added events info to node 4
INFO:refine_condor_tree:total cell number: 6340
INFO:refine_condor_tree:min_leaf_size: 31.7
INFO:refine_condor_tree:leaf: 0, clone size: 241
INFO:refine_condor_tree:leaf 0 is the diploid, skipping
INFO:refine_condor_tree:leaf: 1, clone size: 1037
INFO:refine_condor_tree:leaf 1 has no events to the root, merging into diploid
WARNING:refine_condor_tree:merging leaf 1 into diploid 0
INFO:refine_condor_tree:leaf: 2, clone size: 2206
INFO:refine_condor_tree:leaf 2 has no events to the root, merging into diploid
WARNING:refine_condor_tree:merging leaf 2 into diploid 0
INFO:refine_condor_tree:leaf: 3, clone size: 1822
INFO:refine_condor_tree:leaf 3 has no events to the root, merging into diploid
WARNING:refine_condor_tree:merging leaf 3 into diploid 0
INFO:refine_condor_tree:leaf: 4, clone size: 1034
INFO:refine_condor_tree:leaf 4 has both somatic SNV and germline SNP events, skipping
INFO:refine_condor_tree:somatic SNV events: {'chr18:48604701:G/A-1': ('SMAD4 p.G508D', 'GAIN', 'Red'), 'chr18:48604701:G/A-3': ('SMAD4 p.G508D', 'LOH', 'Purple')}
renaming clone 0 to 0
renaming clone 4 to 1
[INFO] renaming clone 1 to diploid
[INFO] renaming clone 2 to diploid
[INFO] renaming clone 3 to diploid
WARNING:sankoff_fixed_tree:
            amplicons of interest: ['AMPL253673'] not in the tree, ignoring
        

        Orig clone name: 4
        New clone name: 1
            
INFO:__main__:added subclonal SNV tree to node 1

    ===== [Node: 1] =====
        dist: 528.3333333333334
    

    ===== [Node: SUB_NODE_1] =====
        dist: 33.83333333333333
    

    ===== [Node: SUB_NODE_2] =====
        dist: 33.83333333333333
    
