Processing M13
INFO:__main__:[Leaf node] 0 with subclonal SNV tree, events: [Tree node 'chr2:25457242:C/T_4' (0x2b7fc9ea399)]
INFO:__main__:[Leaf node] 5 with no subclonal SNV tree
INFO:__main__:[Edge event node] chr17:7578231:CA/C_1 with 190 cells attached.
INFO:__main__:>> node chr17:7578231:CA/C_1 is a valid internal subclonal event
INFO:__main__:[Internal node] IN_1 -- events: ['chr17:7578231:CA/C_1', 'chr12:49440207:C/A_1'] 
INFO:__main__:[Leaf node] 4 with no subclonal SNV tree
INFO:__main__:[Edge event node] chr12:25398284:C/T_1 with 180 cells attached.
INFO:__main__:>> node chr12:25398284:C/T_1 is a valid internal subclonal event
INFO:__main__:[Edge event node] chr1:27099479:G/A_1 with 1421 cells attached.
INFO:__main__:>> node chr1:27099479:G/A_1 is a valid internal subclonal event
INFO:__main__:[Internal node] IN_2 -- events: ['chr12:25398284:C/T_1', 'chr1:27099479:G/A_1', 'chr1:46521517:G/A_2', 'chr16:347257:G/T_2', 'chr1:46521559:A/T_2', 'chr17:7578115:T/C_3', 'chr12:25398284:C/T_3', 'chr17:7579472:G/C_3', 'chr16:3634746:C/A_3', 'chr1:27099479:G/A_3', 'chr17:7578231:CA/C_3', 'chr13:28883061:G/A_3', 'chr13:25052420:T/A_3'] 
INFO:__main__:[Internal node] IN_3 -- events: ['chr3:30713126:T/A_3', 'chr3:30686414:A/G_3'] 
INFO:__main__:[Internal node] IN_4 -- events: ['chr19:1220321:T/C_2'] 
INFO:__main__:[Leaf node] 1 with subclonal SNV tree, events: [Tree node 'chr17:7576651:T/C_4' (0x2b7fc9ea39d)]
INFO:__main__:[Leaf node] 6 with no subclonal SNV tree
INFO:__main__:[Leaf node] 2 with no subclonal SNV tree
INFO:__main__:[Leaf node] 3 with no subclonal SNV tree
INFO:__main__:[Leaf node] 7 with no subclonal SNV tree
INFO:__main__:added events info to node 0
INFO:__main__:added events info to node 5
INFO:__main__:added events info to node IN_1
INFO:__main__:added events info to node 4
INFO:__main__:added events info to node IN_2
INFO:__main__:added events info to node 7
INFO:__main__:added events info to node IN_3
INFO:__main__:added events info to node IN_4
INFO:__main__:added events info to node 6
INFO:__main__:added events info to node 1
INFO:__main__:added events info to node 2
INFO:__main__:added events info to node 3
INFO:refine_condor_tree:total cell number: 3529
INFO:refine_condor_tree:min_leaf_size: 17.645
INFO:refine_condor_tree:leaf: 0, clone size: 996
INFO:refine_condor_tree:leaf 0 is the diploid, skipping
INFO:refine_condor_tree:leaf: 5, clone size: 555
INFO:refine_condor_tree:leaf 5 has no events to the root, merging into diploid
WARNING:refine_condor_tree:merging leaf 5 into diploid 0
INFO:refine_condor_tree:leaf: 4, clone size: 377
INFO:refine_condor_tree:leaf 4 has 2 events to the root
INFO:refine_condor_tree:leaf: 7, clone size: 191
INFO:refine_condor_tree:leaf 7 has 15 events to the root
INFO:refine_condor_tree:leaf: 6, clone size: 214
INFO:refine_condor_tree:leaf 6 has 18 events to the root
INFO:refine_condor_tree:leaf: 1, clone size: 350
INFO:refine_condor_tree:leaf 1 has 18 events to the root
INFO:refine_condor_tree:leaf: 2, clone size: 332
INFO:refine_condor_tree:leaf 2 has 17 events to the root
INFO:refine_condor_tree:leaf: 3, clone size: 514
INFO:refine_condor_tree:leaf 3 has 17 events to the root
renaming clone 0 to 0
renaming clone 4 to 1
renaming clone 7 to 2
renaming clone 6 to 5
renaming clone 1 to 6
renaming clone 2 to 3
renaming clone 3 to 4
[INFO] renaming clone 5 to diploid
WARNING:sankoff_fixed_tree:
            amplicons of interest: ['AMPL253673'] not in the tree, ignoring
        
[INFO] Processing node IN_4
[INFO] Processing node IN_3
[INFO] Processing node IN_2
[INFO] Processing node IN_1

        Orig clone name: 0
        New clone name: 0
            

        Orig clone name: 1
        New clone name: 6
            
INFO:__main__:added subclonal SNV tree to node 0
INFO:__main__:added subclonal SNV tree to node 6

    ===== [Node: IN_1] =====
        dist: 167.16666666666663
    

    ===== [Node: 1] =====
        dist: 146.33333333333331
    

    ===== [Node: IN_2] =====
        dist: 433.3333333333333
    

    ===== [Node: 2] =====
        dist: 56.99999999999999
    

    ===== [Node: IN_3] =====
        dist: 66.66666666666666
    

    ===== [Node: IN_4] =====
        dist: 152.83333333333334
    

    ===== [Node: 5] =====
        dist: 111.5
    

    ===== [Node: 6] =====
        dist: 100.0
    

    ===== [Node: SUB_NODE_2] =====
        dist: 33.83333333333333
    

    ===== [Node: 3] =====
        dist: 0.0
    

    ===== [Node: 4] =====
        dist: 150.83333333333334
    

    ===== [Node: SUB_NODE_1] =====
        dist: 33.83333333333333
    
