Processing RA15_16
INFO:__main__:[Leaf node] 0 with no subclonal SNV tree
INFO:__main__:[Leaf node] 5 with no subclonal SNV tree
INFO:__main__:[Edge event node] chr12:25380275:T/G_1 with 164 cells attached.
INFO:__main__:>> node chr12:25380275:T/G_1 is a valid internal subclonal event
INFO:__main__:[Edge event node] chr19:50902700:A/G_1 with 2141 cells attached.
INFO:__main__:>> node chr19:50902700:A/G_1 is a valid internal subclonal event
INFO:__main__:[Internal node] IN_1 -- events: ['chr12:25380275:T/G_1', 'chr19:50902700:A/G_1', 'chr1:91859801:A/G_2', 'chr7:2962753:G/A_2', 'chr20:9560712:A/G_2', 'chr20:9560633:C/T_2', 'chr8:30933859:C/T_2', 'chr7:154760666:C/T_2'] 
INFO:__main__:[Internal node] IN_2 -- events: ['chr13:25052420:T/A_2', 'chr13:25052261:C/T_2'] 
INFO:__main__:[Leaf node] 1 with no subclonal SNV tree
INFO:__main__:[Leaf node] 2 with no subclonal SNV tree
INFO:__main__:[Leaf node] 3 with no subclonal SNV tree
INFO:__main__:[Leaf node] 4 with no subclonal SNV tree
INFO:__main__:added events info to node 0
INFO:__main__:added events info to node 5
INFO:__main__:added events info to node IN_1
INFO:__main__:added events info to node IN_2
INFO:__main__:added events info to node 1
INFO:__main__:added events info to node 2
INFO:__main__:added events info to node 3
INFO:__main__:added events info to node 4
INFO:refine_condor_tree:total cell number: 2868
INFO:refine_condor_tree:min_leaf_size: 14.34
INFO:refine_condor_tree:leaf: 0, clone size: 122
INFO:refine_condor_tree:leaf 0 is the diploid, skipping
INFO:refine_condor_tree:leaf: 5, clone size: 441
INFO:refine_condor_tree:leaf 5 has no events to the root, merging into diploid
WARNING:refine_condor_tree:merging leaf 5 into diploid 0
INFO:refine_condor_tree:leaf: 1, clone size: 306
INFO:refine_condor_tree:leaf 1 has 10 events to the root
INFO:refine_condor_tree:leaf: 2, clone size: 458
INFO:refine_condor_tree:leaf 2 has 10 events to the root
INFO:refine_condor_tree:leaf: 3, clone size: 776
INFO:refine_condor_tree:leaf 3 has 10 events to the root
INFO:refine_condor_tree:leaf: 4, clone size: 765
INFO:refine_condor_tree:leaf 4 has 8 events to the root
renaming clone 0 to 0
renaming clone 1 to 2
renaming clone 2 to 3
renaming clone 3 to 4
renaming clone 4 to 1
[INFO] renaming clone 5 to diploid
WARNING:sankoff_fixed_tree:
            amplicons of interest: ['AMPL253673'] not in the tree, ignoring
        
[INFO] Processing node IN_2
[INFO] Processing node IN_1

    ===== [Node: IN_1] =====
        dist: 316.1666666666667
    

    ===== [Node: IN_2] =====
        dist: 130.66666666666666
    

    ===== [Node: 2] =====
        dist: 85.0
    

    ===== [Node: 3] =====
        dist: 0.0
    

    ===== [Node: 4] =====
        dist: 96.0
    

    ===== [Node: 1] =====
        dist: 133.33333333333331
    
