Processing RA19_10
INFO:__main__:[Leaf node] 0 with no subclonal SNV tree
INFO:__main__:[Internal node] IN_1 -- events: ['chr15:41275014:T/G_3'] 
INFO:__main__:[Leaf node] 2 with no subclonal SNV tree
INFO:__main__:[Edge event node] chr17:7577556:C/A_1 with 134 cells attached.
INFO:__main__:>> node chr17:7577556:C/A_1 is a valid internal subclonal event
INFO:__main__:[Edge event node] chr12:25398284:C/A_1 with 2594 cells attached.
INFO:__main__:>> node chr12:25398284:C/A_1 is a valid internal subclonal event
INFO:__main__:[Internal node] IN_2 -- events: ['chr17:7577556:C/A_1', 'chr12:25398284:C/A_1', 'chr17:7577427:G/A_2', 'chr17:7577407:A/C_2', 'chr15:28422026:T/C_3', 'chr17:7579472:G/C_3', 'chr12:49434074:C/A_3'] 
INFO:__main__:[Leaf node] 1 with no subclonal SNV tree
INFO:__main__:[Internal node] IN_3 -- events: ['chr12:133235865:T/C_3'] 
INFO:__main__:[Internal node] IN_4 -- events: ['chr17:7577556:C/A_3'] 
INFO:__main__:[Leaf node] 3 with no subclonal SNV tree
INFO:__main__:[Leaf node] 5 with no subclonal SNV tree
INFO:__main__:[Leaf node] 6 with no subclonal SNV tree
INFO:__main__:[Leaf node] 4 with no subclonal SNV tree
INFO:__main__:[Leaf node] 7 with no subclonal SNV tree
INFO:__main__:added events info to node 0
INFO:__main__:added events info to node IN_1
INFO:__main__:added events info to node 2
INFO:__main__:added events info to node IN_2
INFO:__main__:added events info to node 1
INFO:__main__:added events info to node IN_3
INFO:__main__:added events info to node IN_4
INFO:__main__:added events info to node 3
INFO:__main__:added events info to node 5
INFO:__main__:added events info to node 6
INFO:__main__:added events info to node 4
INFO:__main__:added events info to node 7
INFO:refine_condor_tree:total cell number: 6796
INFO:refine_condor_tree:min_leaf_size: 33.980000000000004
INFO:refine_condor_tree:leaf: 0, clone size: 254
INFO:refine_condor_tree:leaf 0 is the diploid, skipping
INFO:refine_condor_tree:leaf: 2, clone size: 3
INFO:refine_condor_tree:leaf 2 has a clone size of 3, smaller than lower threshold 33.980000000000004. Merging into diploid
WARNING:refine_condor_tree:merging leaf 2 into diploid_clone 0
INFO:refine_condor_tree:leaf: 1, clone size: 457
INFO:refine_condor_tree:leaf 1 has 8 events to the root
INFO:refine_condor_tree:leaf: 3, clone size: 618
INFO:refine_condor_tree:leaf 3 has 10 events to the root
INFO:refine_condor_tree:leaf: 5, clone size: 1254
INFO:refine_condor_tree:leaf 5 has 10 events to the root
INFO:refine_condor_tree:leaf: 6, clone size: 399
INFO:refine_condor_tree:leaf 6 has 9 events to the root
INFO:refine_condor_tree:leaf: 4, clone size: 2628
INFO:refine_condor_tree:leaf 4 has no events to the root, merging into diploid
WARNING:refine_condor_tree:merging leaf 4 into diploid 0
INFO:refine_condor_tree:leaf: 7, clone size: 1183
INFO:refine_condor_tree:leaf 7 has no events to the root, merging into diploid
WARNING:refine_condor_tree:merging leaf 7 into diploid 0
INFO:refine_condor_tree:merging parent IN_1's event to child IN_2
renaming clone 0 to 0
renaming clone 1 to 1
renaming clone 3 to 3
renaming clone 5 to 4
renaming clone 6 to 2
[INFO] renaming clone 2 to diploid
[INFO] renaming clone 4 to diploid
[INFO] renaming clone 7 to diploid
WARNING:sankoff_fixed_tree:
            amplicons of interest: ['AMPL253673'] not in the tree, ignoring
        
[INFO] Processing node IN_4
[INFO] Processing node IN_3
[INFO] Processing node IN_2

    ===== [Node: IN_2] =====
        dist: 361.66666666666663
    

    ===== [Node: 1] =====
        dist: 62.5
    

    ===== [Node: IN_3] =====
        dist: 33.33333333333333
    

    ===== [Node: IN_4] =====
        dist: 130.83333333333334
    

    ===== [Node: 3] =====
        dist: 63.5
    

    ===== [Node: 4] =====
        dist: 33.33333333333333
    

    ===== [Node: 2] =====
        dist: 0.0
    
