Processing TP12
INFO:__main__:[Leaf node] 0 with no subclonal SNV tree
INFO:__main__:[Internal node] IN_1 -- events: ['chr3:9793347:C/T_2'] 
INFO:__main__:[Leaf node] 1 with no subclonal SNV tree
INFO:__main__:[Leaf node] 3 with subclonal SNV tree, events: [Tree node 'chr17:56438217:C/T_4' (0x2b229bbab59)]
INFO:__main__:[Leaf node] 2 with no subclonal SNV tree
INFO:__main__:[Leaf node] 4 with no subclonal SNV tree
INFO:__main__:[Leaf node] 5 with no subclonal SNV tree
INFO:__main__:added events info to node IN_1
INFO:__main__:added events info to node 1
INFO:__main__:added events info to node 3
INFO:__main__:added events info to node 2
INFO:__main__:added events info to node 4
INFO:__main__:added events info to node 0
INFO:__main__:added events info to node 5
INFO:refine_condor_tree:total cell number: 691
INFO:refine_condor_tree:min_leaf_size: 5
INFO:refine_condor_tree:leaf: 1, clone size: 15
INFO:refine_condor_tree:leaf 1 has 1 events to the root
INFO:refine_condor_tree:leaf: 3, clone size: 289
INFO:refine_condor_tree:leaf 3 has both somatic SNV and germline SNP events, skipping
INFO:refine_condor_tree:somatic SNV events: {'chr17:7578190:T/C-3': ('TP53 p.Y220C', 'LOH', 'Purple'), 'chr17:7578190:T/C-1': ('TP53 p.Y220C', 'GAIN', 'Red')}
INFO:refine_condor_tree:leaf: 2, clone size: 9
INFO:refine_condor_tree:leaf 2 has no events to the root, merging into diploid
WARNING:refine_condor_tree:merging leaf 2 into diploid 0
INFO:refine_condor_tree:leaf: 4, clone size: 371
INFO:refine_condor_tree:leaf 4 has no events to the root, merging into diploid
WARNING:refine_condor_tree:merging leaf 4 into diploid 0
INFO:refine_condor_tree:leaf: 0, clone size: 386
INFO:refine_condor_tree:leaf 0 is the diploid, skipping
INFO:refine_condor_tree:leaf: 5, clone size: 1
INFO:refine_condor_tree:leaf 5 has a clone size of 1, smaller than lower threshold 5. Merging into diploid
WARNING:refine_condor_tree:merging leaf 5 into diploid_clone 0
renaming clone 1 to 1
renaming clone 3 to 2
renaming clone 0 to 0
[INFO] renaming clone 2 to diploid
[INFO] renaming clone 4 to diploid
[INFO] renaming clone 5 to diploid
WARNING:sankoff_fixed_tree:
            amplicons of interest: [] not in the tree, ignoring
        
[INFO] Processing node IN_1

        Orig clone name: 3
        New clone name: 2
            
INFO:__main__:added subclonal SNV tree to node 2

    ===== [Node: IN_1] =====
        dist: 158.83333333333331
    

    ===== [Node: 1] =====
        dist: 98.0
    

    ===== [Node: 2] =====
        dist: 201.5
    

    ===== [Node: SUB_NODE_1] =====
        dist: 33.83333333333333
    

    ===== [Node: SUB_NODE_2] =====
        dist: 33.83333333333333
    
