Processing BPA-1
INFO:__main__:[Leaf node] 0 with no subclonal SNV tree
INFO:__main__:[Leaf node] 3 with no subclonal SNV tree
INFO:__main__:[Leaf node] 4 with no subclonal SNV tree
INFO:__main__:[Edge event node] chr1:27106355:G/C_1 with 9 cells attached.
WARNING:__main__:>> node chr1:27106355:G/C_1 has < 10 cells attached
INFO:__main__:[Edge event node] chr12:25380277:G/T_1 with 27 cells attached.
INFO:__main__:>> node chr12:25380277:G/T_1 is a valid internal subclonal event
INFO:__main__:[Edge event node] chr12:25380278:A/T_1 with 640 cells attached.
INFO:__main__:>> node chr12:25380278:A/T_1 is a valid internal subclonal event
INFO:__main__:[Internal node] IN_1 -- events: ['chr1:27106355:G/C_1', 'chr12:25380277:G/T_1', 'chr12:25380278:A/T_1', 'chr4:153247071:G/C_2', 'chr17:7579472:G/C_2', 'chr2:148657117:G/A_2', 'chr22:29130300:C/T_2', 'chr13:32929232:A/G_2', 'chr3:52637486:C/G_2', 'chr17:7579801:G/C_2', 'chr13:28883061:G/A_2', 'chr9:101908915:G/A_3', 'chr1:27106355:G/C_3', 'chr17:7577407:A/C_3', 'chr13:25052420:T/A_3', 'chr13:32936733:A/T_3', 'chr13:25052261:C/T_3', 'chr17:7577427:G/A_3'] 
INFO:__main__:[Leaf node] 1 with no subclonal SNV tree
INFO:__main__:[Leaf node] 2 with subclonal SNV tree, events: [Tree node 'chr8:128750707:T/TC_4' (0x2b442c08e6d)]
INFO:__main__:added events info to node 0
INFO:__main__:added events info to node 3
INFO:__main__:added events info to node 4
INFO:__main__:added events info to node IN_1
INFO:__main__:added events info to node 1
INFO:__main__:added events info to node 2
INFO:refine_condor_tree:total cell number: 5114
INFO:refine_condor_tree:min_leaf_size: 25.57
INFO:refine_condor_tree:leaf: 0, clone size: 175
INFO:refine_condor_tree:leaf 0 is the diploid, skipping
INFO:refine_condor_tree:leaf: 3, clone size: 3137
INFO:refine_condor_tree:leaf 3 has no events to the root, merging into diploid
WARNING:refine_condor_tree:merging leaf 3 into diploid 0
INFO:refine_condor_tree:leaf: 4, clone size: 1126
INFO:refine_condor_tree:leaf 4 has no events to the root, merging into diploid
WARNING:refine_condor_tree:merging leaf 4 into diploid 0
INFO:refine_condor_tree:leaf: 1, clone size: 394
INFO:refine_condor_tree:leaf 1 has 18 events to the root
INFO:refine_condor_tree:leaf: 2, clone size: 282
INFO:refine_condor_tree:leaf 2 has 18 events to the root
renaming clone 0 to 0
renaming clone 1 to 1
renaming clone 2 to 2
[INFO] renaming clone 3 to diploid
[INFO] renaming clone 4 to diploid
WARNING:sankoff_fixed_tree:
            amplicons of interest: [] not in the tree, ignoring
        
[INFO] Processing node IN_1

        Orig clone name: 2
        New clone name: 2
            
INFO:__main__:added subclonal SNV tree to node 2

    ===== [Node: IN_1] =====
        dist: 725.0
    

    ===== [Node: 1] =====
        dist: 146.0
    

    ===== [Node: 2] =====
        dist: 0.5
    

    ===== [Node: SUB_NODE_1] =====
        dist: 33.83333333333333
    
