Processing BPA-2
INFO:__main__:[Leaf node] 0 with no subclonal SNV tree
INFO:__main__:[Leaf node] 1 with no subclonal SNV tree
INFO:__main__:[Internal node] IN_1 -- events: ['chr12:133252796:C/G_2'] 
INFO:__main__:[Leaf node] 5 with no subclonal SNV tree
INFO:__main__:[Edge event node] chr17:7573996:A/T_1 with 5 cells attached.
WARNING:__main__:>> node chr17:7573996:A/T_1 has < 10 cells attached
INFO:__main__:[Edge event node] chr12:25398284:C/T_1 with 161 cells attached.
INFO:__main__:>> node chr12:25398284:C/T_1 is a valid internal subclonal event
INFO:__main__:[Internal node] IN_2 -- events: ['chr17:7573996:A/T_1', 'chr12:25398284:C/T_1', 'chr6:7229619:G/A_2', 'chr13:32914437:GT/G_3', 'chr9:137293761:G/A_3'] 
INFO:__main__:[Internal node] IN_3 -- events: ['chr17:7578115:T/C_2', 'chr17:7579472:G/C_2', 'chr17:7801776:C/T_2', 'chr15:41275014:T/G_2', 'chr3:30686414:A/G_3', 'chr3:52637486:C/G_3', 'chr13:32929232:A/G_2', 'chr1:91859801:A/G_3', 'chr17:7579801:G/C_2', 'chr6:7229346:T/C_2', 'chr17:7573996:A/T_3', 'chr22:29130458:T/C_2', 'chr20:62303794:G/A_3', 'chr6:101099555:A/C_3', 'chr3:9793343:T/G_2', 'chr12:49434074:C/A_2', 'chr22:29130347:G/GT_3', 'chr9:21968199:C/G_3', 'chr17:8051922:C/T_3', 'chr1:120458924:G/A_3', 'chr20:31387954:C/G_2'] 
INFO:__main__:[Leaf node] 2 with no subclonal SNV tree
INFO:__main__:[Leaf node] 4 with no subclonal SNV tree
INFO:__main__:[Leaf node] 6 with no subclonal SNV tree
INFO:__main__:[Leaf node] 3 with no subclonal SNV tree
INFO:__main__:added events info to node 1
INFO:__main__:added events info to node IN_1
INFO:__main__:added events info to node 5
INFO:__main__:added events info to node IN_2
INFO:__main__:added events info to node 3
INFO:__main__:added events info to node IN_3
INFO:__main__:added events info to node 4
INFO:__main__:added events info to node 6
INFO:__main__:added events info to node 2
INFO:__main__:added events info to node 0
INFO:refine_condor_tree:total cell number: 329
INFO:refine_condor_tree:min_leaf_size: 5
INFO:refine_condor_tree:leaf: 1, clone size: 86
INFO:refine_condor_tree:leaf 1 has no events to the root, merging into diploid
WARNING:refine_condor_tree:merging leaf 1 into diploid 0
INFO:refine_condor_tree:leaf: 5, clone size: 72
INFO:refine_condor_tree:leaf 5 has 1 events to the root
INFO:refine_condor_tree:leaf: 3, clone size: 56
INFO:refine_condor_tree:leaf 3 has 6 events to the root
INFO:refine_condor_tree:leaf: 4, clone size: 52
INFO:refine_condor_tree:leaf 4 has 27 events to the root
INFO:refine_condor_tree:leaf: 6, clone size: 52
INFO:refine_condor_tree:leaf 6 has 27 events to the root
INFO:refine_condor_tree:leaf: 2, clone size: 6
INFO:refine_condor_tree:leaf 2 has 27 events to the root
INFO:refine_condor_tree:leaf: 0, clone size: 91
INFO:refine_condor_tree:leaf 0 is the diploid, skipping
renaming clone 5 to 1
renaming clone 3 to 2
renaming clone 4 to 3
renaming clone 6 to 4
renaming clone 2 to 5
renaming clone 0 to 0
[INFO] renaming clone 1 to diploid
WARNING:sankoff_fixed_tree:
            amplicons of interest: [] not in the tree, ignoring
        
[INFO] Processing node IN_3
[INFO] Processing node IN_2
[INFO] Processing node IN_1

    ===== [Node: IN_1] =====
        dist: 166.83333333333331
    

    ===== [Node: 1] =====
        dist: 120.33333333333334
    

    ===== [Node: IN_2] =====
        dist: 166.66666666666666
    

    ===== [Node: 2] =====
        dist: 132.5
    

    ===== [Node: IN_3] =====
        dist: 700.0
    

    ===== [Node: 3] =====
        dist: 125.0
    

    ===== [Node: 4] =====
        dist: 0.5
    

    ===== [Node: 5] =====
        dist: 238.33333333333334
    
