Processing RA19_02
INFO:__main__:[Leaf node] 0 with no subclonal SNV tree
INFO:__main__:[Internal node] IN_1 -- events: ['chr15:41275014:T/G_2'] 
INFO:__main__:[Leaf node] 5 with no subclonal SNV tree
INFO:__main__:[Edge event node] chr12:25398284:C/A_1 with 9 cells attached.
WARNING:__main__:>> node chr12:25398284:C/A_1 has < 10 cells attached
INFO:__main__:[Edge event node] chr17:7577559:G/C_1 with 10 cells attached.
INFO:__main__:>> node chr17:7577559:G/C_1 is a valid internal subclonal event
INFO:__main__:[Edge event node] chr18:48575671:C/A_1 with 112 cells attached.
INFO:__main__:>> node chr18:48575671:C/A_1 is a valid internal subclonal event
INFO:__main__:[Edge event node] chr11:71940225:C/T_1 with 2584 cells attached.
INFO:__main__:>> node chr11:71940225:C/T_1 is a valid internal subclonal event
INFO:__main__:[Internal node] IN_2 -- events: ['chr12:25398284:C/A_1', 'chr17:7577559:G/C_1', 'chr18:48575671:C/A_1', 'chr11:71940225:C/T_1', 'chr3:47079112:G/A_2', 'chr9:8465598:A/G_2', 'chr17:7579472:G/C_2', 'chr17:7577407:A/C_3', 'chr1:6257826:T/C_3', 'chr9:101908915:G/A_3', 'chr17:7577559:G/C_3', 'chr15:89858602:T/C_3', 'chr12:25398284:C/A_3', 'chr17:56435046:G/A_3', 'chr3:30713842:C/T_3', 'chr17:41245466:G/A_3', 'chr18:48575671:C/A_3', 'chr17:7577427:G/A_3', 'chr4:187538942:T/G_3', 'chr20:9520142:G/A_3'] 
INFO:__main__:[Leaf node] 1 with no subclonal SNV tree
INFO:__main__:[Leaf node] 2 with no subclonal SNV tree
INFO:__main__:[Leaf node] 3 with no subclonal SNV tree
INFO:__main__:[Leaf node] 4 with no subclonal SNV tree
INFO:__main__:added events info to node 0
INFO:__main__:added events info to node IN_1
INFO:__main__:added events info to node 5
INFO:__main__:added events info to node IN_2
INFO:__main__:added events info to node 1
INFO:__main__:added events info to node 2
INFO:__main__:added events info to node 3
INFO:__main__:added events info to node 4
INFO:refine_condor_tree:total cell number: 4762
INFO:refine_condor_tree:min_leaf_size: 23.81
INFO:refine_condor_tree:leaf: 0, clone size: 92
INFO:refine_condor_tree:leaf 0 is the diploid, skipping
INFO:refine_condor_tree:leaf: 5, clone size: 7
INFO:refine_condor_tree:leaf 5 has a clone size of 7, smaller than lower threshold 23.81. Merging into diploid
WARNING:refine_condor_tree:merging leaf 5 into diploid_clone 0
INFO:refine_condor_tree:leaf: 1, clone size: 896
INFO:refine_condor_tree:leaf 1 has 21 events to the root
INFO:refine_condor_tree:leaf: 2, clone size: 1127
INFO:refine_condor_tree:leaf 2 has 21 events to the root
INFO:refine_condor_tree:leaf: 3, clone size: 692
INFO:refine_condor_tree:leaf 3 has 21 events to the root
INFO:refine_condor_tree:leaf: 4, clone size: 1948
INFO:refine_condor_tree:leaf 4 has no events to the root, merging into diploid
WARNING:refine_condor_tree:merging leaf 4 into diploid 0
INFO:refine_condor_tree:merging parent IN_1's event to child IN_2
renaming clone 0 to 0
renaming clone 1 to 1
renaming clone 2 to 2
renaming clone 3 to 3
[INFO] renaming clone 5 to diploid
[INFO] renaming clone 4 to diploid
WARNING:sankoff_fixed_tree:
            amplicons of interest: ['AMPL253673'] not in the tree, ignoring
        
[INFO] Processing node IN_2

    ===== [Node: IN_2] =====
        dist: 834.5000000000001
    

    ===== [Node: 1] =====
        dist: 75.5
    

    ===== [Node: 2] =====
        dist: 0.0
    

    ===== [Node: 3] =====
        dist: 83.0
    
