Processing RA19_21
INFO:__main__:[Leaf node] 1 with no subclonal SNV tree
INFO:__main__:[Leaf node] 4 with no subclonal SNV tree
INFO:__main__:[Leaf node] 5 with no subclonal SNV tree
INFO:__main__:[Edge event node] chr17:56436128:G/A_1 with 94 cells attached.
INFO:__main__:>> node chr17:56436128:G/A_1 is a valid internal subclonal event
INFO:__main__:[Edge event node] chr18:48604750:G/A_1 with 98 cells attached.
INFO:__main__:>> node chr18:48604750:G/A_1 is a valid internal subclonal event
INFO:__main__:[Edge event node] chr1:209969821:C/T_1 with 918 cells attached.
INFO:__main__:>> node chr1:209969821:C/T_1 is a valid internal subclonal event
INFO:__main__:[Internal node] IN_1 -- events: ['chr17:56436128:G/A_1', 'chr18:48604750:G/A_1', 'chr1:209969821:C/T_1', 'chr20:9520142:G/A_2', 'chr13:28883061:G/A_2', 'chr1:6257826:T/C_2', 'chr4:187538942:T/G_2', 'chr8:30933859:C/T_2', 'chr17:41245466:G/A_3', 'chrX:70349947:A/C_3', 'chr1:16474839:AC/A_3', 'chr9:21968159:G/A_3', 'chr17:73627539:T/C_3', 'chr20:31387954:C/G_3', 'chr13:25052420:T/A_3'] 
INFO:__main__:[Leaf node] 2 with no subclonal SNV tree
INFO:__main__:[Edge event node] chr12:25380275:T/A_1 with 98 cells attached.
INFO:__main__:>> node chr12:25380275:T/A_1 is a valid internal subclonal event
INFO:__main__:[Edge event node] chr18:45374926:G/C_1 with 156 cells attached.
INFO:__main__:>> node chr18:45374926:G/C_1 is a valid internal subclonal event
INFO:__main__:[Edge event node] chr3:178936091:G/A_1 with 855 cells attached.
INFO:__main__:>> node chr3:178936091:G/A_1 is a valid internal subclonal event
INFO:__main__:[Internal node] IN_2 -- events: ['chr12:25380275:T/A_1', 'chr18:45374926:G/C_1', 'chr3:178936091:G/A_1', 'chr22:29130300:C/T_2', 'chr9:21968199:C/G_2', 'chr9:8470930:AG/A_2', 'chr1:16246018:C/T_2', 'chr13:32929232:A/G_2', 'chr9:8465598:A/G_2', 'chr12:49434074:C/A_3', 'chr17:56448297:C/T_3', 'chr17:56436128:G/A_3', 'chr18:48604750:G/A_3', 'chr18:45374926:G/C_3'] 
INFO:__main__:[Leaf node] 0 with no subclonal SNV tree
INFO:__main__:[Leaf node] 3 with no subclonal SNV tree
INFO:__main__:added events info to node 4
INFO:__main__:added events info to node 5
INFO:__main__:added events info to node 1
INFO:__main__:added events info to node IN_1
INFO:__main__:added events info to node 2
INFO:__main__:added events info to node IN_2
INFO:__main__:added events info to node 3
INFO:__main__:added events info to node 0
WARNING:root:diploid clone is not 0
INFO:refine_condor_tree:total cell number: 6035
INFO:refine_condor_tree:min_leaf_size: 30.175
INFO:refine_condor_tree:leaf: 4, clone size: 3528
INFO:refine_condor_tree:leaf 4 has no events to the root, merging into diploid
WARNING:refine_condor_tree:merging leaf 4 into diploid 5
INFO:refine_condor_tree:leaf: 5, clone size: 3970
INFO:refine_condor_tree:leaf 5 is the diploid, skipping
INFO:refine_condor_tree:leaf: 1, clone size: 955
INFO:refine_condor_tree:leaf 1 has no events to the root, merging into diploid
WARNING:refine_condor_tree:merging leaf 1 into diploid 5
INFO:refine_condor_tree:leaf: 2, clone size: 1
INFO:refine_condor_tree:leaf 2 has a clone size of 1, smaller than lower threshold 30.175. Merging into diploid
WARNING:refine_condor_tree:merging leaf 2 into diploid_clone 5
INFO:refine_condor_tree:leaf: 3, clone size: 440
INFO:refine_condor_tree:leaf 3 has 29 events to the root
INFO:refine_condor_tree:leaf: 0, clone size: 669
INFO:refine_condor_tree:leaf 0 has 29 events to the root
INFO:refine_condor_tree:merging parent IN_1's event to child IN_2
renaming clone 5 to 0
renaming clone 3 to 1
renaming clone 0 to 2
[INFO] renaming clone 4 to diploid
[INFO] renaming clone 1 to diploid
[INFO] renaming clone 2 to diploid
WARNING:sankoff_fixed_tree:
            amplicons of interest: [] not in the tree, ignoring
        
[INFO] Processing node IN_2

    ===== [Node: IN_2] =====
        dist: 1045.6666666666667
    

    ===== [Node: 1] =====
        dist: 61.5
    

    ===== [Node: 2] =====
        dist: 33.83333333333333
    
