Processing RA20_05
INFO:__main__:[Leaf node] 0 with no subclonal SNV tree
INFO:__main__:[Leaf node] 1 with no subclonal SNV tree
INFO:__main__:[Leaf node] 3 with no subclonal SNV tree
INFO:__main__:[Edge event node] chr12:25398284:C/A_1 with 57 cells attached.
INFO:__main__:>> node chr12:25398284:C/A_1 is a valid internal subclonal event
INFO:__main__:[Edge event node] chr17:7578496:A/T_1 with 6 cells attached.
WARNING:__main__:>> node chr17:7578496:A/T_1 has < 10 cells attached
INFO:__main__:[Edge event node] chr11:108115558:C/G_1 with 46 cells attached.
INFO:__main__:>> node chr11:108115558:C/G_1 is a valid internal subclonal event
INFO:__main__:[Edge event node] chr18:48593559:T/G_1 with 619 cells attached.
INFO:__main__:>> node chr18:48593559:T/G_1 is a valid internal subclonal event
INFO:__main__:[Edge event node] chr1:27107031:CCT/C_1 with 1889 cells attached.
INFO:__main__:>> node chr1:27107031:CCT/C_1 is a valid internal subclonal event
INFO:__main__:[Internal node] IN_1 -- events: ['chr12:25398284:C/A_1', 'chr17:7578496:A/T_1', 'chr11:108115558:C/G_1', 'chr18:48593559:T/G_1', 'chr1:27107031:CCT/C_1', 'chr9:101908915:G/A_2', 'chr19:5219829:T/G_2', 'chr19:5219803:T/C_2', 'chr17:7579472:G/C_2', 'chr17:41245466:G/A_2', 'chr18:48593559:T/G_3', 'chr17:7578496:A/T_3', 'chr14:92537379:T/C_3'] 
INFO:__main__:[Internal node] IN_2 -- events: ['chr17:37879588:A/G_3', 'chr13:32929232:A/G_2', 'chr13:25052261:C/T_3', 'chr13:25052420:T/A_3'] 
INFO:__main__:[Leaf node] 2 with no subclonal SNV tree
INFO:__main__:[Leaf node] 4 with no subclonal SNV tree
INFO:__main__:[Leaf node] 6 with no subclonal SNV tree
INFO:__main__:[Leaf node] 5 with no subclonal SNV tree
INFO:__main__:added events info to node 0
INFO:__main__:added events info to node 1
INFO:__main__:added events info to node 3
INFO:__main__:added events info to node IN_1
INFO:__main__:added events info to node 5
INFO:__main__:added events info to node IN_2
INFO:__main__:added events info to node 2
INFO:__main__:added events info to node 4
INFO:__main__:added events info to node 6
INFO:refine_condor_tree:total cell number: 6787
INFO:refine_condor_tree:min_leaf_size: 33.935
INFO:refine_condor_tree:leaf: 0, clone size: 110
INFO:refine_condor_tree:leaf 0 is the diploid, skipping
INFO:refine_condor_tree:leaf: 1, clone size: 1891
INFO:refine_condor_tree:leaf 1 has no events to the root, merging into diploid
WARNING:refine_condor_tree:merging leaf 1 into diploid 0
INFO:refine_condor_tree:leaf: 3, clone size: 2169
INFO:refine_condor_tree:leaf 3 has no events to the root, merging into diploid
WARNING:refine_condor_tree:merging leaf 3 into diploid 0
INFO:refine_condor_tree:leaf: 5, clone size: 552
INFO:refine_condor_tree:leaf 5 has 13 events to the root
INFO:refine_condor_tree:leaf: 2, clone size: 740
INFO:refine_condor_tree:leaf 2 has 17 events to the root
INFO:refine_condor_tree:leaf: 4, clone size: 1092
INFO:refine_condor_tree:leaf 4 has 17 events to the root
INFO:refine_condor_tree:leaf: 6, clone size: 233
INFO:refine_condor_tree:leaf 6 has 17 events to the root
renaming clone 0 to 0
renaming clone 5 to 1
renaming clone 2 to 2
renaming clone 4 to 3
renaming clone 6 to 4
[INFO] renaming clone 1 to diploid
[INFO] renaming clone 3 to diploid
WARNING:sankoff_fixed_tree:
            amplicons of interest: ['AMPL253673'] not in the tree, ignoring
        
[INFO] Processing node IN_2
[INFO] Processing node IN_1

    ===== [Node: IN_1] =====
        dist: 543.8333333333335
    

    ===== [Node: 1] =====
        dist: 37.0
    

    ===== [Node: IN_2] =====
        dist: 133.33333333333331
    

    ===== [Node: 2] =====
        dist: 48.0
    

    ===== [Node: 3] =====
        dist: 0.0
    

    ===== [Node: 4] =====
        dist: 40.0
    
