Processing TP11
INFO:__main__:[Internal node] IN_1 -- events: ['chr17:7577427:G/A_3', 'chr17:7577407:A/C_3'] 
INFO:__main__:[Leaf node] 0 with no subclonal SNV tree
INFO:__main__:[Internal node] IN_2 -- events: ['chr1:226578099:T/C_2'] 
INFO:__main__:[Leaf node] 1 with subclonal SNV tree, events: [Tree node 'chr10:68280327:A/G_4' (0x2b45144c891)]
INFO:__main__:[Leaf node] 4 with no subclonal SNV tree
INFO:__main__:[Edge event node] chr17:7577018:C/A_1 with 9 cells attached.
WARNING:__main__:>> node chr17:7577018:C/A_1 has < 10 cells attached
INFO:__main__:[Edge event node] chr12:25398285:C/G_1 with 283 cells attached.
INFO:__main__:>> node chr12:25398285:C/G_1 is a valid internal subclonal event
INFO:__main__:[Internal node] IN_3 -- events: ['chr17:7577018:C/A_1', 'chr12:25398285:C/G_1', 'chrX:47041666:G/C_2', 'chr22:29130347:G/GT_3', 'chr17:7578115:T/C_3', 'chr17:7577018:C/A_3'] 
INFO:__main__:[Leaf node] 3 with no subclonal SNV tree
INFO:__main__:[Leaf node] 7 with no subclonal SNV tree
INFO:__main__:[Leaf node] 2 with no subclonal SNV tree
INFO:__main__:[Leaf node] 5 with no subclonal SNV tree
INFO:__main__:[Leaf node] 6 with no subclonal SNV tree
INFO:__main__:added events info to node 2
INFO:__main__:added events info to node 5
INFO:__main__:added events info to node 6
INFO:__main__:added events info to node IN_1
INFO:__main__:added events info to node IN_2
INFO:__main__:added events info to node 1
INFO:__main__:added events info to node 4
INFO:__main__:added events info to node 0
INFO:__main__:added events info to node IN_3
INFO:__main__:added events info to node 7
INFO:__main__:added events info to node 3
INFO:refine_condor_tree:total cell number: 1047
INFO:refine_condor_tree:min_leaf_size: 5.235
INFO:refine_condor_tree:leaf: 2, clone size: 15
INFO:refine_condor_tree:leaf 2 has no events to the root, merging into diploid
WARNING:refine_condor_tree:merging leaf 2 into diploid 0
INFO:refine_condor_tree:leaf: 5, clone size: 479
INFO:refine_condor_tree:leaf 5 has no events to the root, merging into diploid
WARNING:refine_condor_tree:merging leaf 5 into diploid 0
INFO:refine_condor_tree:leaf: 6, clone size: 252
INFO:refine_condor_tree:leaf 6 has no events to the root, merging into diploid
WARNING:refine_condor_tree:merging leaf 6 into diploid 0
INFO:refine_condor_tree:leaf: 1, clone size: 2
INFO:refine_condor_tree:leaf 1 has a clone size of 2, smaller than lower threshold 5.235. Merging into diploid
WARNING:refine_condor_tree:merging leaf 1 into diploid_clone 0
INFO:refine_condor_tree:leaf: 4, clone size: 3
INFO:refine_condor_tree:leaf 4 has a clone size of 3, smaller than lower threshold 5.235. Merging into diploid
WARNING:refine_condor_tree:merging leaf 4 into diploid_clone 0
INFO:refine_condor_tree:leaf: 0, clone size: 755
INFO:refine_condor_tree:leaf 0 is the diploid, skipping
INFO:refine_condor_tree:leaf: 7, clone size: 156
INFO:refine_condor_tree:leaf 7 has 8 events to the root
INFO:refine_condor_tree:leaf: 3, clone size: 136
INFO:refine_condor_tree:leaf 3 has 8 events to the root
INFO:refine_condor_tree:merging parent IN_2's event to child 4
renaming clone 0 to 0
renaming clone 7 to 1
renaming clone 3 to 2
[INFO] renaming clone 2 to diploid
[INFO] renaming clone 5 to diploid
[INFO] renaming clone 6 to diploid
[INFO] renaming clone 1 to diploid
[INFO] renaming clone 4 to diploid
WARNING:root:internal node IN_1 has events attached, movin it to its child
WARNING:sankoff_fixed_tree:
            amplicons of interest: [] not in the tree, ignoring
        
[INFO] Processing node IN_3
WARNING:__main__:clone 1 has been merged to diploid clone. Skipping...

    ===== [Node: IN_3] =====
        dist: 387.6666666666667
    

    ===== [Node: 1] =====
        dist: 191.5
    

    ===== [Node: 2] =====
        dist: 34.833333333333336
    
