Processing TP49
INFO:__main__:[Leaf node] 0 with no subclonal SNV tree
INFO:__main__:[Leaf node] 1 with no subclonal SNV tree
INFO:__main__:[Leaf node] 3 with no subclonal SNV tree
INFO:__main__:[Leaf node] 5 with no subclonal SNV tree
INFO:__main__:[Leaf node] 7 with no subclonal SNV tree
INFO:__main__:[Leaf node] 8 with no subclonal SNV tree
INFO:__main__:[Edge event node] chr17:7577559:G/A_1 with 26 cells attached.
INFO:__main__:>> node chr17:7577559:G/A_1 is a valid internal subclonal event
INFO:__main__:[Edge event node] chr12:25398284:C/T_1 with 1045 cells attached.
INFO:__main__:>> node chr12:25398284:C/T_1 is a valid internal subclonal event
INFO:__main__:[Internal node] IN_1 -- events: ['chr17:7577559:G/A_1', 'chr12:25398284:C/T_1', 'chr17:7579472:G/C_2', 'chr17:7578115:T/C_2', 'chr17:7579801:G/C_2', 'chr8:30933859:C/T_3', 'chr17:7577559:G/A_3', 'chr17:7801776:C/T_3', 'chr4:55980456:C/T_3'] 
INFO:__main__:[Leaf node] 2 with no subclonal SNV tree
INFO:__main__:[Leaf node] 4 with no subclonal SNV tree
INFO:__main__:[Leaf node] 6 with no subclonal SNV tree
INFO:__main__:added events info to node 0
INFO:__main__:added events info to node 1
INFO:__main__:added events info to node 3
INFO:__main__:added events info to node 5
INFO:__main__:added events info to node 7
INFO:__main__:added events info to node 8
INFO:__main__:added events info to node IN_1
INFO:__main__:added events info to node 2
INFO:__main__:added events info to node 4
INFO:__main__:added events info to node 6
INFO:refine_condor_tree:total cell number: 2333
INFO:refine_condor_tree:min_leaf_size: 11.665000000000001
INFO:refine_condor_tree:leaf: 0, clone size: 37
INFO:refine_condor_tree:leaf 0 is the diploid, skipping
INFO:refine_condor_tree:leaf: 1, clone size: 770
INFO:refine_condor_tree:leaf 1 has no events to the root, merging into diploid
WARNING:refine_condor_tree:merging leaf 1 into diploid 0
INFO:refine_condor_tree:leaf: 3, clone size: 44
INFO:refine_condor_tree:leaf 3 has no events to the root, merging into diploid
WARNING:refine_condor_tree:merging leaf 3 into diploid 0
INFO:refine_condor_tree:leaf: 5, clone size: 97
INFO:refine_condor_tree:leaf 5 has no events to the root, merging into diploid
WARNING:refine_condor_tree:merging leaf 5 into diploid 0
INFO:refine_condor_tree:leaf: 7, clone size: 300
INFO:refine_condor_tree:leaf 7 has no events to the root, merging into diploid
WARNING:refine_condor_tree:merging leaf 7 into diploid 0
INFO:refine_condor_tree:leaf: 8, clone size: 14
INFO:refine_condor_tree:leaf 8 has no events to the root, merging into diploid
WARNING:refine_condor_tree:merging leaf 8 into diploid 0
INFO:refine_condor_tree:leaf: 2, clone size: 423
INFO:refine_condor_tree:leaf 2 has 9 events to the root
INFO:refine_condor_tree:leaf: 4, clone size: 402
INFO:refine_condor_tree:leaf 4 has 9 events to the root
INFO:refine_condor_tree:leaf: 6, clone size: 246
INFO:refine_condor_tree:leaf 6 has 9 events to the root
renaming clone 0 to 0
renaming clone 2 to 1
renaming clone 4 to 2
renaming clone 6 to 3
[INFO] renaming clone 1 to diploid
[INFO] renaming clone 3 to diploid
[INFO] renaming clone 5 to diploid
[INFO] renaming clone 7 to diploid
[INFO] renaming clone 8 to diploid
WARNING:sankoff_fixed_tree:
            amplicons of interest: [] not in the tree, ignoring
        
[INFO] Processing node IN_1

    ===== [Node: IN_1] =====
        dist: 406.49999999999994
    

    ===== [Node: 1] =====
        dist: 87.0
    

    ===== [Node: 2] =====
        dist: 1.5
    

    ===== [Node: 3] =====
        dist: 87.0
    
