Sender: LSF System <lsfadmin@lt11>
Subject: Job 8216977: <generate_pre_condor_sc_heatmaps.patient=M07> in cluster <lila> Done

Job <generate_pre_condor_sc_heatmaps.patient=M07> was submitted from host <lt03> by user <zhangh5> in cluster <lila> at Fri Jul 19 13:14:28 2024
Job was executed on host(s) <4*lt11>, in queue <cpuqueue>, as user <zhangh5> in cluster <lila> at Fri Jul 19 13:14:30 2024
</home/zhangh5> was used as the home directory.
</lila/data/iacobuzc/haochen/condor_pipeline_trial> was used as the working directory.
Started at Fri Jul 19 13:14:30 2024
Terminated at Fri Jul 19 13:15:57 2024
Results reported at Fri Jul 19 13:15:57 2024

Your job looked like:

------------------------------------------------------------
# LSBATCH: User input
/lila/data/iacobuzc/haochen/condor_pipeline_trial/.snakemake/tmp.e3awy4tj/snakejob.generate_pre_condor_sc_heatmaps.98.sh
------------------------------------------------------------

Successfully completed.

Resource usage summary:

    CPU time :                                   30.00 sec.
    Max Memory :                                 1 GB
    Average Memory :                             0.05 GB
    Total Requested Memory :                     32.00 GB
    Delta Memory :                               31.00 GB
    Max Swap :                                   -
    Max Processes :                              14
    Max Threads :                                74
    Run time :                                   87 sec.
    Turnaround time :                            89 sec.

The output (if any) follows:



PS:

Read file <logs/cluster/generate_pre_condor_sc_heatmaps/patient=M07/jobid98_f1d8bc53-3507-44fe-8ff5-dd7780da0629.err> for stderr output of this job.

