Sender: LSF System <lsfadmin@ls13>
Subject: Job 8217177: <generate_pre_condor_sc_heatmaps.patient=M07> in cluster <lila> Done

Job <generate_pre_condor_sc_heatmaps.patient=M07> was submitted from host <lu06> by user <zhangh5> in cluster <lila> at Fri Jul 19 13:23:44 2024
Job was executed on host(s) <4*ls13>, in queue <cpuqueue>, as user <zhangh5> in cluster <lila> at Fri Jul 19 13:23:46 2024
</home/zhangh5> was used as the home directory.
</lila/data/iacobuzc/haochen/condor_pipeline_trial> was used as the working directory.
Started at Fri Jul 19 13:23:46 2024
Terminated at Fri Jul 19 13:24:50 2024
Results reported at Fri Jul 19 13:24:50 2024

Your job looked like:

------------------------------------------------------------
# LSBATCH: User input
/lila/data/iacobuzc/haochen/condor_pipeline_trial/.snakemake/tmp.8wc02eyx/snakejob.generate_pre_condor_sc_heatmaps.98.sh
------------------------------------------------------------

Successfully completed.

Resource usage summary:

    CPU time :                                   29.00 sec.
    Max Memory :                                 1 GB
    Average Memory :                             0.03 GB
    Total Requested Memory :                     32.00 GB
    Delta Memory :                               31.00 GB
    Max Swap :                                   -
    Max Processes :                              14
    Max Threads :                                72
    Run time :                                   64 sec.
    Turnaround time :                            66 sec.

The output (if any) follows:



PS:

Read file <logs/cluster/generate_pre_condor_sc_heatmaps/patient=M07/jobid98_2a2a987d-2434-428b-9f35-54ed595313f5.err> for stderr output of this job.

