Sender: LSF System <lsfadmin@ls16>
Subject: Job 8217232: <fast_condor.patient=M13> in cluster <lila> Exited

Job <fast_condor.patient=M13> was submitted from host <lu06> by user <zhangh5> in cluster <lila> at Fri Jul 19 13:24:54 2024
Job was executed on host(s) <4*ls16>, in queue <cpuqueue>, as user <zhangh5> in cluster <lila> at Fri Jul 19 13:24:57 2024
</home/zhangh5> was used as the home directory.
</lila/data/iacobuzc/haochen/condor_pipeline_trial> was used as the working directory.
Started at Fri Jul 19 13:24:57 2024
Terminated at Fri Jul 19 13:25:23 2024
Results reported at Fri Jul 19 13:25:23 2024

Your job looked like:

------------------------------------------------------------
# LSBATCH: User input
/lila/data/iacobuzc/haochen/condor_pipeline_trial/.snakemake/tmp.8wc02eyx/snakejob.fast_condor.29.sh
------------------------------------------------------------

Exited with exit code 1.

Resource usage summary:

    CPU time :                                   10.64 sec.
    Max Memory :                                 -
    Average Memory :                             -
    Total Requested Memory :                     4.00 GB
    Delta Memory :                               -
    Max Swap :                                   -
    Max Processes :                              7
    Max Threads :                                11
    Run time :                                   26 sec.
    Turnaround time :                            29 sec.

The output (if any) follows:



PS:

Read file <logs/cluster/fast_condor/patient=M13/jobid29_d81c3f36-56c8-4a74-a898-e95548681d1e.err> for stderr output of this job.

