Sender: LSF System <lsfadmin@ls13>
Subject: Job 8217246: <fast_condor.patient=M13> in cluster <lila> Exited

Job <fast_condor.patient=M13> was submitted from host <lu06> by user <zhangh5> in cluster <lila> at Fri Jul 19 13:25:34 2024
Job was executed on host(s) <16*ls13>, in queue <cpuqueue>, as user <zhangh5> in cluster <lila> at Fri Jul 19 13:25:37 2024
</home/zhangh5> was used as the home directory.
</lila/data/iacobuzc/haochen/condor_pipeline_trial> was used as the working directory.
Started at Fri Jul 19 13:25:37 2024
Terminated at Fri Jul 19 13:25:47 2024
Results reported at Fri Jul 19 13:25:47 2024

Your job looked like:

------------------------------------------------------------
# LSBATCH: User input
/lila/data/iacobuzc/haochen/condor_pipeline_trial/.snakemake/tmp.8wc02eyx/snakejob.fast_condor.29.sh
------------------------------------------------------------

Exited with exit code 1.

Resource usage summary:

    CPU time :                                   9.94 sec.
    Max Memory :                                 -
    Average Memory :                             -
    Total Requested Memory :                     16.00 GB
    Delta Memory :                               -
    Max Swap :                                   -
    Max Processes :                              7
    Max Threads :                                23
    Run time :                                   11 sec.
    Turnaround time :                            13 sec.

The output (if any) follows:



PS:

Read file <logs/cluster/fast_condor/patient=M13/jobid29_7adf31d8-d9f2-4188-bf35-449e6338fc0c.err> for stderr output of this job.

