Sender: LSF System <lsfadmin@lt08>
Subject: Job 8217063: <generate_post_condor_sc_heatmaps.patient=BPA-1> in cluster <lila> Done

Job <generate_post_condor_sc_heatmaps.patient=BPA-1> was submitted from host <lt03> by user <zhangh5> in cluster <lila> at Fri Jul 19 13:17:40 2024
Job was executed on host(s) <4*lt08>, in queue <cpuqueue>, as user <zhangh5> in cluster <lila> at Fri Jul 19 13:17:43 2024
</home/zhangh5> was used as the home directory.
</lila/data/iacobuzc/haochen/condor_pipeline_trial> was used as the working directory.
Started at Fri Jul 19 13:17:43 2024
Terminated at Fri Jul 19 13:18:53 2024
Results reported at Fri Jul 19 13:18:53 2024

Your job looked like:

------------------------------------------------------------
# LSBATCH: User input
/lila/data/iacobuzc/haochen/condor_pipeline_trial/.snakemake/tmp.e3awy4tj/snakejob.generate_post_condor_sc_heatmaps.140.sh
------------------------------------------------------------

Successfully completed.

Resource usage summary:

    CPU time :                                   31.00 sec.
    Max Memory :                                 1 GB
    Average Memory :                             0.11 GB
    Total Requested Memory :                     32.00 GB
    Delta Memory :                               31.00 GB
    Max Swap :                                   -
    Max Processes :                              14
    Max Threads :                                70
    Run time :                                   71 sec.
    Turnaround time :                            73 sec.

The output (if any) follows:



PS:

Read file <logs/cluster/generate_post_condor_sc_heatmaps/patient=BPA-1/jobid140_22b034c3-9ac1-47f4-9cd3-cf96bf15dab0.err> for stderr output of this job.

