Sender: LSF System <lsfadmin@ls15>
Subject: Job 8217042: <generate_ete_trees.patient=BPA-3> in cluster <lila> Done

Job <generate_ete_trees.patient=BPA-3> was submitted from host <lt03> by user <zhangh5> in cluster <lila> at Fri Jul 19 13:17:03 2024
Job was executed on host(s) <4*ls15>, in queue <cpuqueue>, as user <zhangh5> in cluster <lila> at Fri Jul 19 13:17:06 2024
</home/zhangh5> was used as the home directory.
</lila/data/iacobuzc/haochen/condor_pipeline_trial> was used as the working directory.
Started at Fri Jul 19 13:17:06 2024
Terminated at Fri Jul 19 13:17:31 2024
Results reported at Fri Jul 19 13:17:31 2024

Your job looked like:

------------------------------------------------------------
# LSBATCH: User input
/lila/data/iacobuzc/haochen/condor_pipeline_trial/.snakemake/tmp.e3awy4tj/snakejob.generate_ete_trees.94.sh
------------------------------------------------------------

Successfully completed.

Resource usage summary:

    CPU time :                                   14.21 sec.
    Max Memory :                                 -
    Average Memory :                             -
    Total Requested Memory :                     32.00 GB
    Delta Memory :                               -
    Max Swap :                                   -
    Max Processes :                              6
    Max Threads :                                11
    Run time :                                   26 sec.
    Turnaround time :                            28 sec.

The output (if any) follows:



PS:

Read file <logs/cluster/generate_ete_trees/patient=BPA-3/jobid94_2c4317c4-f5a6-4315-acb9-4c7b9189dc2e.err> for stderr output of this job.

