Sender: LSF System <lsfadmin@ls13>
Subject: Job 8217048: <generate_ete_trees.patient=RA15_06> in cluster <lila> Done

Job <generate_ete_trees.patient=RA15_06> was submitted from host <lt03> by user <zhangh5> in cluster <lila> at Fri Jul 19 13:17:05 2024
Job was executed on host(s) <4*ls13>, in queue <cpuqueue>, as user <zhangh5> in cluster <lila> at Fri Jul 19 13:17:08 2024
</home/zhangh5> was used as the home directory.
</lila/data/iacobuzc/haochen/condor_pipeline_trial> was used as the working directory.
Started at Fri Jul 19 13:17:08 2024
Terminated at Fri Jul 19 13:17:32 2024
Results reported at Fri Jul 19 13:17:32 2024

Your job looked like:

------------------------------------------------------------
# LSBATCH: User input
/lila/data/iacobuzc/haochen/condor_pipeline_trial/.snakemake/tmp.e3awy4tj/snakejob.generate_ete_trees.78.sh
------------------------------------------------------------

Successfully completed.

Resource usage summary:

    CPU time :                                   15.55 sec.
    Max Memory :                                 -
    Average Memory :                             -
    Total Requested Memory :                     32.00 GB
    Delta Memory :                               -
    Max Swap :                                   -
    Max Processes :                              7
    Max Threads :                                11
    Run time :                                   24 sec.
    Turnaround time :                            27 sec.

The output (if any) follows:



PS:

Read file <logs/cluster/generate_ete_trees/patient=RA15_06/jobid78_f85b6941-3f6e-4321-91eb-b39993e69e36.err> for stderr output of this job.

