Sender: LSF System <lsfadmin@lt19>
Subject: Job 8216999: <generate_pre_condor_sc_heatmaps.patient=BPA-1> in cluster <lila> Done

Job <generate_pre_condor_sc_heatmaps.patient=BPA-1> was submitted from host <lt03> by user <zhangh5> in cluster <lila> at Fri Jul 19 13:14:38 2024
Job was executed on host(s) <4*lt19>, in queue <cpuqueue>, as user <zhangh5> in cluster <lila> at Fri Jul 19 13:14:39 2024
</home/zhangh5> was used as the home directory.
</lila/data/iacobuzc/haochen/condor_pipeline_trial> was used as the working directory.
Started at Fri Jul 19 13:14:39 2024
Terminated at Fri Jul 19 13:16:48 2024
Results reported at Fri Jul 19 13:16:48 2024

Your job looked like:

------------------------------------------------------------
# LSBATCH: User input
/lila/data/iacobuzc/haochen/condor_pipeline_trial/.snakemake/tmp.e3awy4tj/snakejob.generate_pre_condor_sc_heatmaps.116.sh
------------------------------------------------------------

Successfully completed.

Resource usage summary:

    CPU time :                                   42.00 sec.
    Max Memory :                                 1 GB
    Average Memory :                             0.05 GB
    Total Requested Memory :                     32.00 GB
    Delta Memory :                               31.00 GB
    Max Swap :                                   -
    Max Processes :                              14
    Max Threads :                                72
    Run time :                                   129 sec.
    Turnaround time :                            130 sec.

The output (if any) follows:



PS:

Read file <logs/cluster/generate_pre_condor_sc_heatmaps/patient=BPA-1/jobid116_270341a3-3537-4f4a-bae5-80c356a21de9.err> for stderr output of this job.

