Building DAG of jobs...
Using shell: /usr/bin/bash
Provided cores: 4
Rules claiming more threads will be scaled down.
Provided resources: mem_mb=8000, mem_mib=7630, disk_mb=1000, disk_mib=954, time_min=59
Select jobs to execute...

[Fri Jul 19 13:14:44 2024]
rule generate_pre_condor_sc_heatmaps:
    input: /data/iacobuzc/haochen/Tapestri_main_manuscript_analysis/data_compiled/fillout_h5/BPA-1.patient_wide.genotyped.h5, /data/iacobuzc/haochen/Tapestri_main_manuscript_analysis/data_compiled/falcon_solutions/BPA-1_homdel_nclones=10.sample_sc_clone_assignment.updated.csv, /lila/data/iacobuzc/haochen/Tapestri_main_manuscript_analysis/data_compiled/manual_annotated_snv_lists/BPA-1-all_vars-voi.hz_curated.txt
    output: pre_condor_sc_heatmaps/BPA-1_DNA_heatmap.pdf
    log: pre_condor_sc_heatmaps/logs/BPA-1_heatmap.log, pre_condor_sc_heatmaps/logs/BPA-1_heatmap.err.log
    jobid: 0
    reason: Missing output files: pre_condor_sc_heatmaps/BPA-1_DNA_heatmap.pdf
    wildcards: patient=BPA-1
    threads: 4
    resources: mem_mb=8000, mem_mib=7630, disk_mb=1000, disk_mib=954, tmpdir=/scratch/lsftmp/8216999.tmpdir, time_min=59

Activating conda environment: mosaic
[Fri Jul 19 13:15:40 2024]
Error in rule generate_pre_condor_sc_heatmaps:
    jobid: 0
    input: /data/iacobuzc/haochen/Tapestri_main_manuscript_analysis/data_compiled/fillout_h5/BPA-1.patient_wide.genotyped.h5, /data/iacobuzc/haochen/Tapestri_main_manuscript_analysis/data_compiled/falcon_solutions/BPA-1_homdel_nclones=10.sample_sc_clone_assignment.updated.csv, /lila/data/iacobuzc/haochen/Tapestri_main_manuscript_analysis/data_compiled/manual_annotated_snv_lists/BPA-1-all_vars-voi.hz_curated.txt
    output: pre_condor_sc_heatmaps/BPA-1_DNA_heatmap.pdf
    log: pre_condor_sc_heatmaps/logs/BPA-1_heatmap.log, pre_condor_sc_heatmaps/logs/BPA-1_heatmap.err.log (check log file(s) for error details)
    conda-env: mosaic
    shell:
        
		python /data/iacobuzc/haochen/Tapestri_batch2/analysis/full-ConDoR/scripts/1b_generate_sc_heatmaps.py 			--patient_name BPA-1 			--patient_h5 /data/iacobuzc/haochen/Tapestri_main_manuscript_analysis/data_compiled/fillout_h5/BPA-1.patient_wide.genotyped.h5 			--snv_f /lila/data/iacobuzc/haochen/Tapestri_main_manuscript_analysis/data_compiled/manual_annotated_snv_lists/BPA-1-all_vars-voi.hz_curated.txt 			--clone_assignment /data/iacobuzc/haochen/Tapestri_main_manuscript_analysis/data_compiled/falcon_solutions/BPA-1_homdel_nclones=10.sample_sc_clone_assignment.updated.csv 			--output_dir pre_condor_sc_heatmaps 			1> pre_condor_sc_heatmaps/logs/BPA-1_heatmap.log 2> pre_condor_sc_heatmaps/logs/BPA-1_heatmap.err.log
		
        (one of the commands exited with non-zero exit code; note that snakemake uses bash strict mode!)

Trying to restart job 0.
Select jobs to execute...

[Fri Jul 19 13:15:40 2024]
rule generate_pre_condor_sc_heatmaps:
    input: /data/iacobuzc/haochen/Tapestri_main_manuscript_analysis/data_compiled/fillout_h5/BPA-1.patient_wide.genotyped.h5, /data/iacobuzc/haochen/Tapestri_main_manuscript_analysis/data_compiled/falcon_solutions/BPA-1_homdel_nclones=10.sample_sc_clone_assignment.updated.csv, /lila/data/iacobuzc/haochen/Tapestri_main_manuscript_analysis/data_compiled/manual_annotated_snv_lists/BPA-1-all_vars-voi.hz_curated.txt
    output: pre_condor_sc_heatmaps/BPA-1_DNA_heatmap.pdf
    log: pre_condor_sc_heatmaps/logs/BPA-1_heatmap.log, pre_condor_sc_heatmaps/logs/BPA-1_heatmap.err.log
    jobid: 0
    reason: Missing output files: pre_condor_sc_heatmaps/BPA-1_DNA_heatmap.pdf
    wildcards: patient=BPA-1
    threads: 4
    resources: mem_mb=8000, mem_mib=7630, disk_mb=1000, disk_mib=954, tmpdir=/scratch/lsftmp/8216999.tmpdir, time_min=59

Activating conda environment: mosaic
[Fri Jul 19 13:16:48 2024]
Finished job 0.
1 of 1 steps (100%) done
