chr12:25398284:C/A
chr19:5219803:T/C
chr20:9560712:A/G
chr3:189604149:T/G
chr1:226578047:G/T
chr5:38953665:G/GA
chr3:52637486:C/G
chr20:9560633:C/T
chr16:347257:G/T
chr7:154760666:C/T
chr17:41245466:G/A
chr6:80751780:G/A
chr20:46279866:A/G
chr18:45394662:C/A
chr19:5219829:T/G
chr17:7577407:A/C
chr17:56492800:T/C
chr17:7577427:G/A
chr13:25052420:T/A
chr18:45394653:G/A
chr16:3808821:CAA/C
chr20:31387954:C/G
chr17:12016559:C/T
chr11:108235926:G/A
chr19:40741694:C/T
chr15:89858602:T/C
chr8:30933859:C/T
chr1:46521517:G/A
chr3:9793343:T/G
chr6:7229346:T/C
chr16:89858759:C/T
chr17:7578437:G/A
chr3:10085406:G/T
chrX:70356195:C/T
chr20:46279827:G/A
chr13:25052261:C/T
chr15:67473722:C/T
chr5:6743825:A/G
chr17:7579472:G/C
chr18:48581196:AG/A
chr1:46521559:A/T
5869    0
431     0
446     0
5994    0
396     0
       ..
2447    4
2446    4
2458    4
1641    4
3466    5
Name: cluster_id, Length: 6294, dtype: int64
check
Index(['PIK3R3 p.Ser297=', 'PIK3R3 p.Asn283Lys', 'PARP1 intron_variant',
       'OGG1 intron_variant', 'FANCD2 intron_variant', 'PBRM1 intron_variant',
       'TP63 intron_variant', 'TENT4A p.Lys373Glu', 'RICTOR intron_variant',
       'RREB1 p.His338=', 'TTK intron_variant', 'PAXIP1 p.Pro415=',
       'WRN intron_variant', 'ATM p.Glu2990Lys', 'KRAS p.Gly12Val',
       'PARP4 p.Ser534=', 'PARP4 intron_variant', 'SMAD3 p.Arg268Cys',
       'FANCI p.Gly1302=', 'AXIN1 intron_variant', 'CREBBP intron_variant',
       'FANCA intron_variant', 'TP53 intron_variant', 'TP53 intron_variant',
       'TP53 p.Gln165Ter', 'TP53 p.Pro72Arg', 'MAP2K4 p.Pro232Leu',
       'BRCA1 p.Ser694=', 'RNF43 p.Ile47Val', 'SMAD2 intron_variant',
       'SMAD2 intron_variant', 'SMAD4 p.Gly168AspfsTer34',
       'PTPRS intron_variant', 'PTPRS intron_variant', 'AKT2 intron_variant',
       'PAK5 intron_variant', 'PAK5 intron_variant', 'DNMT3B intron_variant',
       'NCOA3 p.Gln1251=', 'NCOA3 p.Gln1264=', 'MED12 p.Ser1697Leu'],
      dtype='object')
==============
{'chr4:187538942:T/G': 'FAT1 p.Gln2933Pro', 'chr15:59322829:A/G': 'RNF111 intron_variant', 'chr11:107879887:G/C': 'CUL5 5_prime_UTR_variant', 'chr3:30713126:T/A': 'TGFBR2 intron_variant', 'chr11:65481166:T/C': 'KAT5 intron_variant', 'chr10:88683122:T/C': 'BMPR1A intron_variant', 'chr17:7578115:T/C': 'TP53 intron_variant', 'chr4:55980456:C/T': 'KDR intron_variant', 'chr12:25368462:C/T': 'KRAS p.Arg161=', 'chr13:28883061:G/A': 'FLT1 p.Tyr1213=', 'chr7:2962753:G/A': 'CARD11 intron_variant', 'chr16:347184:A/G': 'AXIN1 p.Ala609=', 'chr17:73627565:A/G': 'RECQL5 p.Tyr471=', 'chr1:46521517:G/A': 'PIK3R3 p.Ser297=', 'chr1:46521559:A/T': 'PIK3R3 p.Asn283Lys', 'chr17:41245466:G/A': 'BRCA1 p.Ser694=', 'chr20:31387954:C/G': 'DNMT3B intron_variant', 'chr19:40741694:C/T': 'AKT2 intron_variant', 'chr1:91859795:T/C': 'HFM1 p.Ile117Val', 'chr3:30686414:A/G': 'TGFBR2 intron_variant', 'chr11:108235926:G/A': 'ATM p.Glu2990Lys', 'chr16:3808821:CAA/C': 'CREBBP intron_variant', 'chr3:9793343:T/G': 'OGG1 intron_variant', 'chr16:89858759:C/T': 'FANCA intron_variant', 'chr5:6743825:A/G': 'TENT4A p.Lys373Glu', 'chr5:38953665:G/GA': 'RICTOR intron_variant', 'chr1:226578099:T/C': 'PARP1 intron_variant', 'chr15:89858602:T/C': 'FANCI p.Gly1302=', 'chr20:62303794:G/A': 'RTEL1 intron_variant', 'chr6:80751780:G/A': 'TTK intron_variant', 'chr3:52637486:C/G': 'PBRM1 intron_variant', 'chr13:25052261:C/T': 'PARP4 p.Ser534=', 'chr13:25052420:T/A': 'PARP4 intron_variant', 'chr16:347257:G/T': 'AXIN1 intron_variant', 'chr20:9560712:A/G': 'PAK5 intron_variant', 'chr20:9560633:C/T': 'PAK5 intron_variant', 'chr11:65631167:C/T': 'MUS81 p.Ala312=', 'chr17:56492800:T/C': 'RNF43 p.Ile47Val', 'chr3:189604149:T/G': 'TP63 intron_variant', 'chr8:30933859:C/T': 'WRN intron_variant', 'chr1:226578047:G/T': 'PARP1 intron_variant', 'chr9:21968199:C/G': 'CDKN2A 3_prime_UTR_variant', 'chr7:154760666:C/T': 'PAXIP1 p.Pro415=', 'chr17:7579472:G/C': 'TP53 p.Pro72Arg', 'chr19:5219803:T/C': 'PTPRS intron_variant', 'chr19:5219829:T/G': 'PTPRS intron_variant', 'chr10:88635779:C/A': 'BMPR1A p.Pro2Thr', 'chr20:46279827:G/A': 'NCOA3 p.Gln1251=', 'chr17:7577407:A/C': 'TP53 intron_variant', 'chr17:7577427:G/A': 'TP53 intron_variant', 'chr20:46279866:A/G': 'NCOA3 p.Gln1264=', 'chr18:45394662:C/A': 'SMAD2 intron_variant', 'chr11:64572557:A/G': 'MEN1 p.His433=', 'chr18:45394653:G/A': 'SMAD2 intron_variant', 'chr17:12016559:C/T': 'MAP2K4 p.Pro232Leu', 'chr6:7229346:T/C': 'RREB1 p.His338=', 'chr17:7578437:G/A': 'TP53 p.Gln165Ter', 'chr11:64572602:G/A': 'MEN1 p.Asp418=', 'chr15:67473722:C/T': 'SMAD3 p.Arg268Cys', 'chr15:41275014:T/G': 'INO80 intron_variant', 'chr12:25398284:C/A': 'KRAS p.Gly12Val', 'chr18:48584855:AT/A': 'SMAD4 intron_variant', 'chr18:48581196:AG/A': 'SMAD4 p.Gly168AspfsTer34', 'chr13:32913055:A/G': 'BRCA2 p.Leu1521=', 'chr4:96035796:GAC/G': 'BMPR1B intron_variant', 'chr18:48584804:G/T': 'SMAD4 p.Met294Ile', 'chr18:48584855:A/ATT': 'SMAD4 intron_variant', 'chr17:7579806:T/G': 'TP53 intron_variant', 'chr18:48584855:ATT/A': 'SMAD4 intron_variant', 'chr15:28422129:A/C': 'HERC2 p.His3133Gln', 'chr3:10085406:G/T': 'FANCD2 intron_variant', 'chr14:75508280:GA/G': 'MLH3 intron_variant', 'chrX:70356195:C/T': 'MED12 p.Ser1697Leu', 'chr6:111628562:A/C': 'REV3L splice_site_variant', 'chr20:46279895:A/G': 'NCOA3 p.Gln1274Arg'}
==============
PIK3R3 p.Ser297=
PIK3R3 p.Asn283Lys
PARP1 intron_variant
OGG1 intron_variant
FANCD2 intron_variant
PBRM1 intron_variant
TP63 intron_variant
TENT4A p.Lys373Glu
RICTOR intron_variant
RREB1 p.His338=
TTK intron_variant
PAXIP1 p.Pro415=
WRN intron_variant
ATM p.Glu2990Lys
KRAS p.Gly12Val
PARP4 p.Ser534=
PARP4 intron_variant
SMAD3 p.Arg268Cys
FANCI p.Gly1302=
AXIN1 intron_variant
CREBBP intron_variant
FANCA intron_variant
TP53 intron_variant
TP53 intron_variant
TP53 p.Gln165Ter
TP53 p.Pro72Arg
MAP2K4 p.Pro232Leu
BRCA1 p.Ser694=
RNF43 p.Ile47Val
SMAD2 intron_variant
SMAD2 intron_variant
SMAD4 p.Gly168AspfsTer34
PTPRS intron_variant
PTPRS intron_variant
AKT2 intron_variant
PAK5 intron_variant
PAK5 intron_variant
DNMT3B intron_variant
NCOA3 p.Gln1251=
NCOA3 p.Gln1264=
MED12 p.Ser1697Leu
