            sample cell_barcode  clone_id
0            M07-1       cell_1         0
1            M07-1      cell_10         6
2            M07-1     cell_100         6
3            M07-1    cell_1000         6
4            M07-1    cell_1001         2
...            ...          ...       ...
5211  RA18_18-11_1     cell_995         4
5212  RA18_18-11_1     cell_996         0
5213  RA18_18-11_1     cell_997         0
5214  RA18_18-11_1     cell_998         0
5215  RA18_18-11_1     cell_999         4

[5216 rows x 3 columns]
[INFO] Using H5: /data/iacobuzc/haochen/Tapestri_main_manuscript_analysis/data_compiled/fillout_h5/M07.patient_wide.genotyped.h5
Loading, /data/iacobuzc/haochen/Tapestri_main_manuscript_analysis/data_compiled/fillout_h5/M07.patient_wide.genotyped.h5
Loaded in 0.5s.
(3993, 403)

    germline: 31
    somatic: 2
    total: 34
(3993, 34)
(3993, 34)
Index(['cell_1-M07-1', 'cell_10-M07-1', 'cell_100-M07-1', 'cell_1000-M07-1',
       'cell_1001-M07-1', 'cell_1002-M07-1', 'cell_1003-M07-1',
       'cell_1004-M07-1', 'cell_1005-M07-1', 'cell_1006-M07-1',
       ...
       'cell_990-M07-3', 'cell_991-M07-3', 'cell_992-M07-3', 'cell_993-M07-3',
       'cell_994-M07-3', 'cell_995-M07-3', 'cell_996-M07-3', 'cell_997-M07-3',
       'cell_998-M07-3', 'cell_999-M07-3'],
      dtype='object', name='cell_barcode', length=3993)
0                M07-1:cell_1
1               M07-1:cell_10
2              M07-1:cell_100
3             M07-1:cell_1000
4             M07-1:cell_1001
                ...          
5211    RA18_18-11_1:cell_995
5212    RA18_18-11_1:cell_996
5213    RA18_18-11_1:cell_997
5214    RA18_18-11_1:cell_998
5215    RA18_18-11_1:cell_999
Name: cell_barcode, Length: 5216, dtype: object
clone_id
6    1760
0    1269
2     679
1     632
5     524
4     221
3     131
Name: count, dtype: int64
clone_id
6    1760
2     679
1     632
5     524
0     398
Name: count, dtype: int64
[0, 6, 2, 5, 1]
