Sender: LSF System <lsfadmin@lt02>
Subject: Job 8217252: <fast_condor.patient=M12> in cluster <lila> Exited

Job <fast_condor.patient=M12> was submitted from host <lu06> by user <zhangh5> in cluster <lila> at Fri Jul 19 13:25:36 2024
Job was executed on host(s) <16*lt02>, in queue <cpuqueue>, as user <zhangh5> in cluster <lila> at Fri Jul 19 13:25:39 2024
</home/zhangh5> was used as the home directory.
</lila/data/iacobuzc/haochen/condor_pipeline_trial> was used as the working directory.
Started at Fri Jul 19 13:25:39 2024
Terminated at Fri Jul 19 13:25:59 2024
Results reported at Fri Jul 19 13:25:59 2024

Your job looked like:

------------------------------------------------------------
# LSBATCH: User input
/lila/data/iacobuzc/haochen/condor_pipeline_trial/.snakemake/tmp.8wc02eyx/snakejob.fast_condor.28.sh
------------------------------------------------------------

Exited with exit code 1.

Resource usage summary:

    CPU time :                                   11.08 sec.
    Max Memory :                                 -
    Average Memory :                             -
    Total Requested Memory :                     16.00 GB
    Delta Memory :                               -
    Max Swap :                                   -
    Max Processes :                              7
    Max Threads :                                24
    Run time :                                   21 sec.
    Turnaround time :                            23 sec.

The output (if any) follows:



PS:

Read file <logs/cluster/fast_condor/patient=M12/jobid28_4d83eac9-0e28-4ff7-8705-8aa8ee4969d8.err> for stderr output of this job.

