Sender: LSF System <lsfadmin@lx10>
Subject: Job 8217216: <generate_pre_condor_sc_heatmaps.patient=BPA-3> in cluster <lila> Done

Job <generate_pre_condor_sc_heatmaps.patient=BPA-3> was submitted from host <lu06> by user <zhangh5> in cluster <lila> at Fri Jul 19 13:24:00 2024
Job was executed on host(s) <4*lx10>, in queue <cpuqueue>, as user <zhangh5> in cluster <lila> at Fri Jul 19 13:24:03 2024
</home/zhangh5> was used as the home directory.
</lila/data/iacobuzc/haochen/condor_pipeline_trial> was used as the working directory.
Started at Fri Jul 19 13:24:03 2024
Terminated at Fri Jul 19 13:24:51 2024
Results reported at Fri Jul 19 13:24:51 2024

Your job looked like:

------------------------------------------------------------
# LSBATCH: User input
/lila/data/iacobuzc/haochen/condor_pipeline_trial/.snakemake/tmp.8wc02eyx/snakejob.generate_pre_condor_sc_heatmaps.118.sh
------------------------------------------------------------

Successfully completed.

Resource usage summary:

    CPU time :                                   33.00 sec.
    Max Memory :                                 1 GB
    Average Memory :                             0.25 GB
    Total Requested Memory :                     32.00 GB
    Delta Memory :                               31.00 GB
    Max Swap :                                   -
    Max Processes :                              14
    Max Threads :                                72
    Run time :                                   47 sec.
    Turnaround time :                            51 sec.

The output (if any) follows:



PS:

Read file <logs/cluster/generate_pre_condor_sc_heatmaps/patient=BPA-3/jobid118_455d579d-6174-4404-a5ec-d037a2cb9467.err> for stderr output of this job.

