Sender: LSF System <lsfadmin@ls15>
Subject: Job 8217250: <generate_ete_trees.patient=RA16_08> in cluster <lila> Done

Job <generate_ete_trees.patient=RA16_08> was submitted from host <lu06> by user <zhangh5> in cluster <lila> at Fri Jul 19 13:25:35 2024
Job was executed on host(s) <4*ls15>, in queue <cpuqueue>, as user <zhangh5> in cluster <lila> at Fri Jul 19 13:25:39 2024
</home/zhangh5> was used as the home directory.
</lila/data/iacobuzc/haochen/condor_pipeline_trial> was used as the working directory.
Started at Fri Jul 19 13:25:39 2024
Terminated at Fri Jul 19 13:25:59 2024
Results reported at Fri Jul 19 13:25:59 2024

Your job looked like:

------------------------------------------------------------
# LSBATCH: User input
/lila/data/iacobuzc/haochen/condor_pipeline_trial/.snakemake/tmp.8wc02eyx/snakejob.generate_ete_trees.80.sh
------------------------------------------------------------

Successfully completed.

Resource usage summary:

    CPU time :                                   14.39 sec.
    Max Memory :                                 -
    Average Memory :                             -
    Total Requested Memory :                     32.00 GB
    Delta Memory :                               -
    Max Swap :                                   -
    Max Processes :                              7
    Max Threads :                                11
    Run time :                                   22 sec.
    Turnaround time :                            24 sec.

The output (if any) follows:



PS:

Read file <logs/cluster/generate_ete_trees/patient=RA16_08/jobid80_f2114f35-c69f-4a67-a57f-e3f9e519ba99.err> for stderr output of this job.

