            sample cell_barcode  clone_id
0           TP6-1T       cell_1         6
1           TP6-1T      cell_10         4
2           TP6-1T     cell_100         6
3           TP6-1T    cell_1000         1
4           TP6-1T    cell_1001         1
...            ...          ...       ...
7820  RA18_18-11_1     cell_742         3
7821  RA18_18-11_1     cell_824         3
7822  RA18_18-11_1     cell_885         3
7823  RA18_18-11_1     cell_539         0
7824  RA18_18-11_1    cell_1145         0

[7825 rows x 3 columns]
Found H5: TP6.patient_wide.genotyped.h5
Loading, /home/zhangh5/work/Tapestri_batch2/batch2_data_compiled/SNV_FILLOUT_results/TP6/TP6.patient_wide.genotyped.h5
Loaded in 0.6s.
(6602, 443)

    germline: 25
    somatic: 2
    total: 28
(6602, 28)
(6602, 28)
Index(['cell_1-TP6-1T', 'cell_10-TP6-1T', 'cell_100-TP6-1T',
       'cell_1000-TP6-1T', 'cell_1001-TP6-1T', 'cell_1002-TP6-1T',
       'cell_1003-TP6-1T', 'cell_1004-TP6-1T', 'cell_1005-TP6-1T',
       'cell_1006-TP6-1T',
       ...
       'cell_990-TP6-2T', 'cell_991-TP6-2T', 'cell_992-TP6-2T',
       'cell_993-TP6-2T', 'cell_994-TP6-2T', 'cell_995-TP6-2T',
       'cell_996-TP6-2T', 'cell_997-TP6-2T', 'cell_998-TP6-2T',
       'cell_999-TP6-2T'],
      dtype='object', name='cell_barcode', length=6602)
0                TP6-1T:cell_1
1               TP6-1T:cell_10
2              TP6-1T:cell_100
3             TP6-1T:cell_1000
4             TP6-1T:cell_1001
                 ...          
7820     RA18_18-11_1:cell_742
7821     RA18_18-11_1:cell_824
7822     RA18_18-11_1:cell_885
7823     RA18_18-11_1:cell_539
7824    RA18_18-11_1:cell_1145
Name: cell_barcode, Length: 7825, dtype: object
6    2006
2    1451
1    1373
5    1184
0     828
4     585
3     398
Name: clone_id, dtype: int64
{'2T', '1T'} (7825, 2)
6    2006
2    1451
1    1373
5    1184
4     585
0       3
Name: clone_id, dtype: int64
[6, 4, 1, 5, 2, 0]
