Sender: LSF System <lsfadmin@lt20>
Subject: Job 8217084: <generate_post_condor_sc_heatmaps.patient=RA17_13> in cluster <lila> Done

Job <generate_post_condor_sc_heatmaps.patient=RA17_13> was submitted from host <lt03> by user <zhangh5> in cluster <lila> at Fri Jul 19 13:17:58 2024
Job was executed on host(s) <4*lt20>, in queue <cpuqueue>, as user <zhangh5> in cluster <lila> at Fri Jul 19 13:18:01 2024
</home/zhangh5> was used as the home directory.
</lila/data/iacobuzc/haochen/condor_pipeline_trial> was used as the working directory.
Started at Fri Jul 19 13:18:01 2024
Terminated at Fri Jul 19 13:18:53 2024
Results reported at Fri Jul 19 13:18:53 2024

Your job looked like:

------------------------------------------------------------
# LSBATCH: User input
/lila/data/iacobuzc/haochen/condor_pipeline_trial/.snakemake/tmp.e3awy4tj/snakejob.generate_post_condor_sc_heatmaps.130.sh
------------------------------------------------------------

Successfully completed.

Resource usage summary:

    CPU time :                                   35.00 sec.
    Max Memory :                                 1 GB
    Average Memory :                             0.32 GB
    Total Requested Memory :                     32.00 GB
    Delta Memory :                               31.00 GB
    Max Swap :                                   -
    Max Processes :                              14
    Max Threads :                                72
    Run time :                                   54 sec.
    Turnaround time :                            55 sec.

The output (if any) follows:



PS:

Read file <logs/cluster/generate_post_condor_sc_heatmaps/patient=RA17_13/jobid130_31ca06c2-2ca2-4c42-a567-73c1abb7c151.err> for stderr output of this job.

