Sender: LSF System <lsfadmin@ls17>
Subject: Job 8216983: <generate_pre_condor_sc_heatmaps.patient=RA17_13> in cluster <lila> Done

Job <generate_pre_condor_sc_heatmaps.patient=RA17_13> was submitted from host <lt03> by user <zhangh5> in cluster <lila> at Fri Jul 19 13:14:30 2024
Job was executed on host(s) <4*ls17>, in queue <cpuqueue>, as user <zhangh5> in cluster <lila> at Fri Jul 19 13:14:34 2024
</home/zhangh5> was used as the home directory.
</lila/data/iacobuzc/haochen/condor_pipeline_trial> was used as the working directory.
Started at Fri Jul 19 13:14:34 2024
Terminated at Fri Jul 19 13:16:03 2024
Results reported at Fri Jul 19 13:16:03 2024

Your job looked like:

------------------------------------------------------------
# LSBATCH: User input
/lila/data/iacobuzc/haochen/condor_pipeline_trial/.snakemake/tmp.e3awy4tj/snakejob.generate_pre_condor_sc_heatmaps.106.sh
------------------------------------------------------------

Successfully completed.

Resource usage summary:

    CPU time :                                   41.00 sec.
    Max Memory :                                 1 GB
    Average Memory :                             0.22 GB
    Total Requested Memory :                     32.00 GB
    Delta Memory :                               31.00 GB
    Max Swap :                                   -
    Max Processes :                              14
    Max Threads :                                72
    Run time :                                   90 sec.
    Turnaround time :                            93 sec.

The output (if any) follows:



PS:

Read file <logs/cluster/generate_pre_condor_sc_heatmaps/patient=RA17_13/jobid106_a1d2cadd-62d8-4a43-bece-81cebeddd23a.err> for stderr output of this job.

