Sender: LSF System <lsfadmin@ls13>
Subject: Job 8217182: <generate_pre_condor_sc_heatmaps.patient=RA17_13> in cluster <lila> Done

Job <generate_pre_condor_sc_heatmaps.patient=RA17_13> was submitted from host <lu06> by user <zhangh5> in cluster <lila> at Fri Jul 19 13:23:46 2024
Job was executed on host(s) <4*ls13>, in queue <cpuqueue>, as user <zhangh5> in cluster <lila> at Fri Jul 19 13:23:48 2024
</home/zhangh5> was used as the home directory.
</lila/data/iacobuzc/haochen/condor_pipeline_trial> was used as the working directory.
Started at Fri Jul 19 13:23:48 2024
Terminated at Fri Jul 19 13:24:58 2024
Results reported at Fri Jul 19 13:24:58 2024

Your job looked like:

------------------------------------------------------------
# LSBATCH: User input
/lila/data/iacobuzc/haochen/condor_pipeline_trial/.snakemake/tmp.8wc02eyx/snakejob.generate_pre_condor_sc_heatmaps.106.sh
------------------------------------------------------------

Successfully completed.

Resource usage summary:

    CPU time :                                   43.00 sec.
    Max Memory :                                 1 GB
    Average Memory :                             0.28 GB
    Total Requested Memory :                     32.00 GB
    Delta Memory :                               31.00 GB
    Max Swap :                                   -
    Max Processes :                              14
    Max Threads :                                72
    Run time :                                   71 sec.
    Turnaround time :                            72 sec.

The output (if any) follows:



PS:

Read file <logs/cluster/generate_pre_condor_sc_heatmaps/patient=RA17_13/jobid106_3b4c11a0-b7fb-4466-9838-cd96c4270b98.err> for stderr output of this job.

