[WARNING] subclonal mutations file not found. Proceeding without automatic subclonal mutation selection & refinement.
n = 6796, m = 44, p = 8
Set parameter WLSAccessID
Set parameter WLSSecret
Set parameter LicenseID to value 2416028
Academic license 2416028 - for non-commercial use only - registered to zh___@mskcc.org
Set parameter Threads to value 1
Set parameter Method to value 4
Set parameter IntFeasTol to value 1e-06
Gurobi Optimizer version 10.0.3 build v10.0.3rc0 (linux64)

CPU model: Intel(R) Xeon(R) Platinum 8352Y CPU @ 2.20GHz, instruction set [SSE2|AVX|AVX2|AVX512]
Thread count: 64 physical cores, 128 logical processors, using up to 1 threads

Academic license 2416028 - for non-commercial use only - registered to zh___@mskcc.org
Optimize a model with 214286 rows, 33088 columns and 643814 nonzeros
Model fingerprint: 0x32c6e94f
Variable types: 31680 continuous, 1408 integer (1408 binary)
Coefficient statistics:
  Matrix range     [1e+00, 1e+00]
  Objective range  [2e-01, 6e+04]
  Bounds range     [1e+00, 1e+00]
  RHS range        [1e+00, 2e+00]
Presolve removed 114999 rows and 20481 columns
Presolve time: 0.99s
Presolved: 99287 rows, 12607 columns, 297543 nonzeros
Variable types: 11352 continuous, 1255 integer (1255 binary)
Found heuristic solution: objective -1207817.296
Root relaxation presolved: 12607 rows, 111894 columns, 310150 nonzeros


Root relaxation: objective -1.146465e+06, 10945 iterations, 0.42 seconds (0.39 work units)

    Nodes    |    Current Node    |     Objective Bounds      |     Work
 Expl Unexpl |  Obj  Depth IntInf | Incumbent    BestBd   Gap | It/Node Time

*    0     0               0    -1146465.329 -1146465.3  0.00%     -    1s

Explored 1 nodes (10945 simplex iterations) in 1.65 seconds (1.98 work units)
Thread count was 1 (of 128 available processors)

Solution count 2: -1.14647e+06 -1.20782e+06 
No other solutions better than -1.14647e+06

Optimal solution found (tolerance 1.00e-04)
Best objective -1.146465329400e+06, best bound -1.146465329400e+06, gap 0.0000%
root
chr15:41275014:T/G_3
chr17:7577556:C/A_1
chr12:25398284:C/A_1
chr17:7577407:A/C_2
chr17:7577427:G/A_2
chr7:151935730:T/C_2
chr15:28422026:T/C_3
chr12:49434074:C/A_3
chr17:7579472:G/C_3
chr17:7577407:A/C_3
chr20:57484241:C/T_3
chr4:2210065:C/A_3
chr1:11205058:C/T_3
chr1:46521517:G/A_3
chr17:7577427:G/A_3
chr1:46521559:A/T_3
chr15:28422026:T/C_2
chr17:73627565:A/G_2
chr12:133235865:T/C_3
chr17:7577556:C/A_3
chr12:25398162:A/C_2
0
[]
1
[]
2
[]
3
[]
4
[]
5
[]
6
[]
7
[]
cluster_id
4    2628
5    1254
7    1183
3     618
1     457
6     399
0     254
2       3
Name: count, dtype: int64
subclusters [1, 3, 5, 6]
chr17:7577556:C/A_1 134
chr12:25398284:C/A_1 2594
Node 0: 254
Node 1: 457
Node 2: 3
Node 3: 618
Node 4: 2628
Node 5: 1254
Node 6: 399
Node 7: 1183
Node chr17:7577556:C/A_1: 134
Node chr12:25398284:C/A_1: 2594
total cells 6796
[('root', 0)]
