[WARNING] subclonal mutations file not found. Proceeding without automatic subclonal mutation selection & refinement.
n = 6340, m = 32, p = 5
Set parameter WLSAccessID
Set parameter WLSSecret
Set parameter LicenseID to value 2416028
Academic license 2416028 - for non-commercial use only - registered to zh___@mskcc.org
Set parameter Threads to value 1
Set parameter Method to value 4
Set parameter IntFeasTol to value 1e-06
Gurobi Optimizer version 10.0.3 build v10.0.3rc0 (linux64)

CPU model: Intel(R) Xeon(R) CPU E5-2697 v4 @ 2.30GHz, instruction set [SSE2|AVX|AVX2]
Thread count: 36 physical cores, 72 logical processors, using up to 1 threads

Academic license 2416028 - for non-commercial use only - registered to zh___@mskcc.org
Optimize a model with 72061 rows, 17344 columns and 216637 nonzeros
Model fingerprint: 0x9718be1a
Variable types: 16704 continuous, 640 integer (640 binary)
Coefficient statistics:
  Matrix range     [1e+00, 1e+00]
  Objective range  [3e+01, 4e+04]
  Bounds range     [1e+00, 1e+00]
  RHS range        [1e+00, 2e+00]
Presolve removed 32874 rows and 9669 columns
Presolve time: 1.35s
Presolved: 39187 rows, 7675 columns, 117442 nonzeros
Variable types: 7317 continuous, 358 integer (358 binary)
Found heuristic solution: objective -641988.6486
Root relaxation presolved: 7675 rows, 46859 columns, 125105 nonzeros


Root relaxation: objective -6.418843e+05, 5543 iterations, 0.51 seconds (0.14 work units)

    Nodes    |    Current Node    |     Objective Bounds      |     Work
 Expl Unexpl |  Obj  Depth IntInf | Incumbent    BestBd   Gap | It/Node Time

*    0     0               0    -641884.3257 -641884.33  0.00%     -    2s

Explored 1 nodes (5543 simplex iterations) in 2.16 seconds (0.68 work units)
Thread count was 1 (of 72 available processors)

Solution count 2: -641884 -641989 
No other solutions better than -641884

Optimal solution found (tolerance 1.00e-04)
Best objective -6.418843256819e+05, best bound -6.418843256819e+05, gap 0.0000%
root
chr8:30933859:C/T_3
chr17:7576501:G/A_2
chr18:48604701:G/A_3
chr18:48604701:G/A_1
chr1:6257826:T/C_3
chr17:56448321:A/G_1
chr6:31860118:G/A_3
chr9:8465598:A/G_3
chr1:11205058:C/T_3
chr17:7579472:G/C_2
chr1:11288758:G/A_3
chr1:91859801:A/G_2
chr1:16246018:C/T_3
chr6:80751780:G/A_3
0
[]
1
[]
2
[]
3
[]
4
['chr12:25398284:C/T']
cluster_id
2    2206
3    1822
1    1037
4    1034
0     241
Name: count, dtype: int64
subclusters [4]
chr18:48604701:G/A_1 24
chr17:56448321:A/G_1 1010
Node 0: 241
Node 1: 1037
Node 2: 2206
Node 3: 1822
Node 4: 97
Node chr12:25398284:C/T_4: 937
Node chr18:48604701:G/A_1: 24
Node chr17:56448321:A/G_1: 1010
total cells 6340
[('root', 0)]
