       sample cell_barcode  clone_id
0    BPA-2-IR       cell_1         2
1    BPA-2-IR      cell_10         1
2    BPA-2-IR     cell_100         2
3    BPA-2-IR     cell_101         4
4    BPA-2-IR     cell_102         1
..        ...          ...       ...
324  BPA-2-IR      cell_95         2
325  BPA-2-IR      cell_96         5
326  BPA-2-IR      cell_97         1
327  BPA-2-IR      cell_98         5
328  BPA-2-IR      cell_99         3

[329 rows x 3 columns]
Found H5: BPA-2-IR.mpileup.renamed.h5
Loading, /data/iacobuzc/haochen/Tapestri_batch2/batch2_data_BRCA_compiled/SNV_FILLOUT_results/BPA-2-IR/BPA-2-IR.mpileup.renamed.h5
Loaded in 0.1s.
(329, 353)

    germline: 43
    somatic: 2
    total: 60
(329, 60)
(329, 60)
Index(['cell_1-BPA-2-IR', 'cell_10-BPA-2-IR', 'cell_100-BPA-2-IR',
       'cell_101-BPA-2-IR', 'cell_102-BPA-2-IR', 'cell_103-BPA-2-IR',
       'cell_104-BPA-2-IR', 'cell_105-BPA-2-IR', 'cell_106-BPA-2-IR',
       'cell_107-BPA-2-IR',
       ...
       'cell_90-BPA-2-IR', 'cell_91-BPA-2-IR', 'cell_92-BPA-2-IR',
       'cell_93-BPA-2-IR', 'cell_94-BPA-2-IR', 'cell_95-BPA-2-IR',
       'cell_96-BPA-2-IR', 'cell_97-BPA-2-IR', 'cell_98-BPA-2-IR',
       'cell_99-BPA-2-IR'],
      dtype='object', name='cell_barcode', length=329)
0        BPA-2-IR:cell_1
1       BPA-2-IR:cell_10
2      BPA-2-IR:cell_100
3      BPA-2-IR:cell_101
4      BPA-2-IR:cell_102
             ...        
324     BPA-2-IR:cell_95
325     BPA-2-IR:cell_96
326     BPA-2-IR:cell_97
327     BPA-2-IR:cell_98
328     BPA-2-IR:cell_99
Name: cell_barcode, Length: 329, dtype: object
clone_id
2    86
3    76
1    59
5    59
4    49
Name: count, dtype: int64
{'2'} (329, 2)
clone_id
2    86
3    76
1    59
5    59
4    49
Name: count, dtype: int64
[2, 1, 4, 3, 5]
